info|2019-12-13 13:58:10.332432|[INITIALIZER][initGlobalConfig],enableCompress=true,compatibilityVersion=2.1.0,versionNumber=33619968,chainId=1
info|2019-12-13 13:58:10.572649|[NETWORK][Host]Connecting to node,endpoint=127.0.0.1:30300
info|2019-12-13 13:58:10.572964|[NETWORK][Host]P2P StartAccept,Host=0.0.0.0:30302
info|2019-12-13 13:58:10.588674|[NETWORK][Host]Connecting to node,endpoint=127.0.0.1:30301
info|2019-12-13 13:58:10.588731|[NETWORK][Host]Connecting to node,endpoint=127.0.0.1:30302
info|2019-12-13 13:58:10.588756|[NETWORK][Host]Connecting to node,endpoint=127.0.0.1:30303
info|2019-12-13 13:58:10.588784|[P2P][Service] heartBeat,connected count=0
info|2019-12-13 13:58:10.590236|[NETWORK][ASIO]asyncResolveConnect,endpoint=127.0.0.1:30300
info|2019-12-13 13:58:10.595150|[NETWORK][ASIO]asyncResolveConnect,endpoint=127.0.0.1:30301
info|2019-12-13 13:58:10.595493|[NETWORK][ASIO]asyncResolveConnect,endpoint=127.0.0.1:30302
info|2019-12-13 13:58:10.595664|[NETWORK][ASIO]asyncResolveConnect,endpoint=127.0.0.1:30303
info|2019-12-13 13:58:10.596393|[NETWORK][Host]P2P Recv Connect, From=127.0.0.1:51344
info|2019-12-13 13:58:10.596715|[NETWORK][Host]P2P StartAccept,Host=0.0.0.0:30302
info|2019-12-13 13:58:10.597106|[NETWORK][Host]P2P Recv Connect, From=127.0.0.1:51346
info|2019-12-13 13:58:10.597362|[NETWORK][Host]P2P StartAccept,Host=0.0.0.0:30302
info|2019-12-13 13:58:10.602806|[CHANNEL]ChannelRPCServer started
info|2019-12-13 13:58:10.612994|[NETWORK][Host]P2P Recv Connect, From=127.0.0.1:51348
info|2019-12-13 13:58:10.619139|[INITIALIZER][RPCInitializer]ChannelRPCHttpServer started.
info|2019-12-13 13:58:10.619172|[LedgerInitializer],groupConfigPath=conf/
info|2019-12-13 13:58:10.623603|[NETWORK][Host]P2P StartAccept,Host=0.0.0.0:30302
info|2019-12-13 13:58:10.625253|[NETWORK][Host]P2P Recv Connect, From=127.0.0.1:51350
info|2019-12-13 13:58:10.627444|[NETWORK][Host]P2P StartAccept,Host=0.0.0.0:30302
info|2019-12-13 13:58:10.636435|[INITIALIZER][initSingleLedger] [GroupId]:  1
info|2019-12-13 13:58:10.636462|[g:1][LEDGER]LedgerConstructor,configPath=conf/group.1.genesis,baseDir=data//group1
info|2019-12-13 13:58:10.636467|[g:1][LEDGER][initGenesisConfig]initConsensusConfig/initDBConfig/initTxConfig,configFile=conf/group.1.genesis
info|2019-12-13 13:58:10.636565|[g:1][LEDGER][initConsensusConfig],it.first=32db7d10e2c7fa645891f0943ad88c87f7d0ec66500b45632d53889d72ca80f2077a9280acde028f225f75af346a3fa4f75e37d8b596c2d5eb444c7bc283f925
info|2019-12-13 13:58:10.636580|[g:1][LEDGER][initConsensusConfig],it.first=ad4f985540e2d00110bed5d7a6899358479cb5ebfbb76f922982409b4ae034e1a01cda3dfc6b3ee06ab79ce0872e984ff5f6198fce193ae5d34bf6f296d557c0
info|2019-12-13 13:58:10.636593|[g:1][LEDGER][initConsensusConfig],it.first=0e7418af9a0d8d96383c85f5ee2759c178fe7d45e524080550f4ff007bcc32c69134008f978c786bf0a674e945fdad26a3722c009f92e3a8b60fc8e4e1f191b1
info|2019-12-13 13:58:10.636613|[g:1][LEDGER][initConsensusConfig],it.first=f5b748459b521e61d71a97b70aebee76ef7d18e0f9ef1d603023bcd6e7d6f8c37aaadd04f5c89fc44bef3cb6b220ec05018e2a6f8c2b69fe09026059c8371976
info|2019-12-13 13:58:10.636643|[g:1][LEDGER][initIniConfig]initTxPoolConfig/initSyncConfig/initTxExecuteConfig,configFile=conf/group.1.ini
info|2019-12-13 13:58:10.645839|[g:1][LEDGER][initLedger][DBInitializer]
info|2019-12-13 13:58:10.645852|[g:1][DBINITIALIZER] [initRocksDBStorage]
info|2019-12-13 13:58:10.669806|[g:1][ROCKSDB]open rocksDB handler
info|2019-12-13 13:58:10.739613|[NETWORK][Host]startPeerSession, From=127.0.0.1:51346,nodeID=f5b74845...
info|2019-12-13 13:58:10.741971|[P2P][Service] Connection established,nodeID=f5b74845...,endpoint=127.0.0.1:51346
info|2019-12-13 13:58:10.742011|[P2P][Service] Connection established,nodeID=ad4f9855...,endpoint=127.0.0.1:30301
info|2019-12-13 13:58:10.756048|[NETWORK][Host]startPeerSession, From=127.0.0.1:30301,nodeID=ad4f9855...
info|2019-12-13 13:58:10.777323|[P2P][Service] Connection established,nodeID=32db7d10...,endpoint=127.0.0.1:51348
info|2019-12-13 13:58:10.779250|[NETWORK][Host]startPeerSession, From=127.0.0.1:51348,nodeID=32db7d10...
info|2019-12-13 13:58:10.779615|[NETWORK][Host]startPeerSession, From=127.0.0.1:51350,nodeID=0e7418af...
info|2019-12-13 13:58:10.788369|[NETWORK][Host]startPeerSession, From=127.0.0.1:30302,nodeID=0e7418af...
info|2019-12-13 13:58:10.788549|[NETWORK][Host]startPeerSession, From=127.0.0.1:30303,nodeID=f5b74845...
info|2019-12-13 13:58:10.788616|[NETWORK][Host]startPeerSession, From=127.0.0.1:51344,nodeID=ad4f9855...
info|2019-12-13 13:58:10.788852|[NETWORK][Host]startPeerSession, From=127.0.0.1:30300,nodeID=32db7d10...
info|2019-12-13 13:58:10.915990|[g:1][g:0][STORAGE][CachedStorage]Init flushStorage thread
info|2019-12-13 13:58:10.995246|[g:1][BLOCKCHAIN][#checkAndBuildGenesisBlock]Already have the 0th block, 0th groupMark is equal to file groupMark.
info|2019-12-13 13:58:11.034044|[g:1][CONSENSUS][PBFT]Register handler for PBFTEngine
info|2019-12-13 13:58:11.042677|[g:1][CONSENSUS][PBFT],minBlockGenerationTime=500
info|2019-12-13 13:58:11.042763|[LedgerInitializer init group succ],groupID=1
info|2019-12-13 13:58:11.045398|[INITIALIZER][RPCInitializer]JsonrpcHttpServer started.
info|2019-12-13 13:58:11.045421|[g:1][LEDGER]startAll...
warning|2019-12-13 13:58:11.047950|[SYNC][id:0e7418af...][Status]Peer data not found,nodeId=f5b74845...
warning|2019-12-13 13:58:11.048682|[SYNC][id:0e7418af...][Status]Peer data not found,nodeId=ad4f9855...
info|2019-12-13 13:58:11.049225|[g:1][CONSENSUS][PBFT]^^^^^^^^Report,num=109,sealerIdx=1,hash=017bec1b...,next=110,tx=1,nodeIdx=0
info|2019-12-13 13:58:11.188990|[g:1][CONSENSUS][PBFT][PBFT init env successfully]
info|2019-12-13 13:58:11.189038|[g:1][CONSENSUS][ConsensusEngine][Start ConsensusEngineBase]
info|2019-12-13 13:58:11.189107|[g:1][CONSENSUS][PBFT][Start PBFTEngine...]
info|2019-12-13 13:58:11.189113|[g:1][CONSENSUS][SEALER][Start sealer module]
info|2019-12-13 13:58:11.189331|[g:1][EVENT][EventLogFilterManager]start,m_maxBlockRange=0,m_maxBlockPerLoopFilter=3
info|2019-12-13 13:58:12.190833|[g:1][CONSENSUS]addRawPrepare,height=110,reqIdx=1,hash=918ff0fd...
info|2019-12-13 13:58:12.191101|[g:1][CONSENSUS][PBFT]checkTimeout Succ,view=0,toView=1,nodeIdx=0,changeCycle=0,myNode=0e7418af...,timecost=0.184
info|2019-12-13 13:58:12.194569|[g:1][CONSENSUS][PBFT]checkAndChangeView: Reach consensus,org_view=0,org_changeCycle=0,cur_changeCycle=0,to_view=1
info|2019-12-13 13:58:13.196648|[g:1][CONSENSUS]addRawPrepare,height=110,reqIdx=2,hash=b671c319...
info|2019-12-13 13:58:13.196897|[g:1][CONSENSUS][PBFT]checkTimeout Succ,view=1,toView=2,nodeIdx=0,changeCycle=0,myNode=0e7418af...,timecost=0.178
info|2019-12-13 13:58:13.199690|[g:1][CONSENSUS][PBFT]checkAndChangeView: Reach consensus,org_view=1,org_changeCycle=0,cur_changeCycle=0,to_view=2
info|2019-12-13 13:58:14.199819|[g:1][CONSENSUS]addRawPrepare,height=110,reqIdx=3,hash=756c49d6...
info|2019-12-13 13:58:14.201676|[g:1][CONSENSUS][PBFT]checkTimeout Succ,view=2,toView=3,nodeIdx=0,changeCycle=0,myNode=0e7418af...,timecost=1.792
info|2019-12-13 13:58:14.202221|[g:1][CONSENSUS][PBFT]checkAndChangeView: Reach consensus,org_view=2,org_changeCycle=0,cur_changeCycle=0,to_view=3
info|2019-12-13 13:58:15.202840|[g:1][CONSENSUS][SEALER]++++++++++++++++ Generating seal on,blkNum=110,tx=0,nodeIdx=0,hash=5af53ff2...
info|2019-12-13 13:58:15.205869|[g:1][CONSENSUS][PBFT]checkTimeout Succ,view=3,toView=4,nodeIdx=0,changeCycle=0,myNode=0e7418af...,timecost=0.273
info|2019-12-13 13:58:15.207509|[g:1][CONSENSUS][PBFT]checkAndChangeView: Reach consensus,org_view=3,org_changeCycle=0,cur_changeCycle=0,to_view=4
info|2019-12-13 13:58:16.249579|[g:1][CONSENSUS]addRawPrepare,height=110,reqIdx=1,hash=571286eb...
info|2019-12-13 13:58:16.249843|[g:1][CONSENSUS][PBFT]checkTimeout Succ,view=4,toView=5,nodeIdx=0,changeCycle=0,myNode=0e7418af...,timecost=0.182
info|2019-12-13 13:58:16.253521|[g:1][CONSENSUS][PBFT]checkAndChangeView: Reach consensus,org_view=4,org_changeCycle=0,cur_changeCycle=0,to_view=5
info|2019-12-13 13:58:17.293489|[g:1][CONSENSUS]addRawPrepare,height=110,reqIdx=2,hash=86add95a...
info|2019-12-13 13:58:17.293864|[g:1][CONSENSUS][PBFT]checkTimeout Succ,view=5,toView=6,nodeIdx=0,changeCycle=0,myNode=0e7418af...,timecost=0.184
info|2019-12-13 13:58:17.296687|[g:1][CONSENSUS][PBFT]checkAndChangeView: Reach consensus,org_view=5,org_changeCycle=0,cur_changeCycle=0,to_view=6
info|2019-12-13 13:58:18.298799|[g:1][CONSENSUS]addRawPrepare,height=110,reqIdx=3,hash=cb962c26...
info|2019-12-13 13:58:18.299166|[g:1][CONSENSUS][PBFT]checkTimeout Succ,view=6,toView=7,nodeIdx=0,changeCycle=0,myNode=0e7418af...,timecost=0.201
info|2019-12-13 13:58:18.301918|[g:1][CONSENSUS][PBFT]checkAndChangeView: Reach consensus,org_view=6,org_changeCycle=0,cur_changeCycle=0,to_view=7
info|2019-12-13 13:58:19.303741|[g:1][CONSENSUS][SEALER]++++++++++++++++ Generating seal on,blkNum=110,tx=0,nodeIdx=0,hash=99498b53...
info|2019-12-13 13:58:19.306598|[g:1][CONSENSUS][PBFT]checkTimeout Succ,view=7,toView=8,nodeIdx=0,changeCycle=0,myNode=0e7418af...,timecost=0.203
info|2019-12-13 13:58:19.310178|[g:1][CONSENSUS][PBFT]checkAndChangeView: Reach consensus,org_view=7,org_changeCycle=0,cur_changeCycle=0,to_view=8
info|2019-12-13 13:58:20.349325|[g:1][CONSENSUS]addRawPrepare,height=110,reqIdx=1,hash=e0e996fa...
info|2019-12-13 13:58:20.349577|[g:1][CONSENSUS][PBFT]checkTimeout Succ,view=8,toView=9,nodeIdx=0,changeCycle=0,myNode=0e7418af...,timecost=0.18
info|2019-12-13 13:58:20.352415|[g:1][CONSENSUS][PBFT]checkAndChangeView: Reach consensus,org_view=8,org_changeCycle=0,cur_changeCycle=0,to_view=9
info|2019-12-13 13:58:20.588839|[P2P][Service] heartBeat,connected count=3
info|2019-12-13 13:58:21.355758|[g:1][CONSENSUS]addRawPrepare,height=110,reqIdx=2,hash=b1a236c9...
info|2019-12-13 13:58:21.355962|[g:1][CONSENSUS][PBFT]checkTimeout Succ,view=9,toView=10,nodeIdx=0,changeCycle=0,myNode=0e7418af...,timecost=0.182
info|2019-12-13 13:58:21.357238|[g:1][CONSENSUS][PBFT]checkAndChangeView: Reach consensus,org_view=9,org_changeCycle=0,cur_changeCycle=0,to_view=10
info|2019-12-13 13:58:22.362294|[g:1][CONSENSUS]addRawPrepare,height=110,reqIdx=3,hash=c26dc5fd...
info|2019-12-13 13:58:22.362514|[g:1][CONSENSUS][PBFT]checkTimeout Succ,view=10,toView=11,nodeIdx=0,changeCycle=0,myNode=0e7418af...,timecost=0.194
info|2019-12-13 13:58:22.364299|[g:1][CONSENSUS][PBFT]checkAndChangeView: Reach consensus,org_view=10,org_changeCycle=0,cur_changeCycle=0,to_view=11
info|2019-12-13 13:58:23.365982|[g:1][CONSENSUS][SEALER]++++++++++++++++ Generating seal on,blkNum=110,tx=0,nodeIdx=0,hash=82b678bc...
info|2019-12-13 13:58:23.371619|[g:1][CONSENSUS][PBFT]checkTimeout Succ,view=11,toView=12,nodeIdx=0,changeCycle=0,myNode=0e7418af...,timecost=0.183
info|2019-12-13 13:58:23.372463|[g:1][CONSENSUS][PBFT]checkAndChangeView: Reach consensus,org_view=11,org_changeCycle=0,cur_changeCycle=0,to_view=12
info|2019-12-13 13:58:24.373051|[g:1][CONSENSUS]addRawPrepare,height=110,reqIdx=1,hash=c57b9ce1...
info|2019-12-13 13:58:24.373291|[g:1][CONSENSUS][PBFT]checkTimeout Succ,view=12,toView=13,nodeIdx=0,changeCycle=0,myNode=0e7418af...,timecost=0.221
info|2019-12-13 13:58:24.375829|[g:1][CONSENSUS][PBFT]checkAndChangeView: Reach consensus,org_view=12,org_changeCycle=0,cur_changeCycle=0,to_view=13
info|2019-12-13 13:58:25.378245|[g:1][CONSENSUS]addRawPrepare,height=110,reqIdx=2,hash=b5157377...
info|2019-12-13 13:58:25.378483|[g:1][CONSENSUS][PBFT]checkTimeout Succ,view=13,toView=14,nodeIdx=0,changeCycle=0,myNode=0e7418af...,timecost=0.195
info|2019-12-13 13:58:25.381364|[g:1][CONSENSUS][PBFT]checkAndChangeView: Reach consensus,org_view=13,org_changeCycle=0,cur_changeCycle=0,to_view=14
info|2019-12-13 13:58:26.383247|[g:1][CONSENSUS]addRawPrepare,height=110,reqIdx=3,hash=0b110da7...
info|2019-12-13 13:58:26.383448|[g:1][CONSENSUS][PBFT]checkTimeout Succ,view=14,toView=15,nodeIdx=0,changeCycle=0,myNode=0e7418af...,timecost=0.18
info|2019-12-13 13:58:26.387363|[g:1][CONSENSUS][PBFT]checkAndChangeView: Reach consensus,org_view=14,org_changeCycle=0,cur_changeCycle=0,to_view=15
info|2019-12-13 13:58:27.387751|[g:1][CONSENSUS][SEALER]++++++++++++++++ Generating seal on,blkNum=110,tx=0,nodeIdx=0,hash=9007c45d...
info|2019-12-13 13:58:27.393065|[g:1][CONSENSUS][PBFT]checkTimeout Succ,view=15,toView=16,nodeIdx=0,changeCycle=0,myNode=0e7418af...,timecost=0.182
info|2019-12-13 13:58:27.393957|[g:1][CONSENSUS][PBFT]checkAndChangeView: Reach consensus,org_view=15,org_changeCycle=0,cur_changeCycle=0,to_view=16
info|2019-12-13 13:58:28.394717|[g:1][CONSENSUS]addRawPrepare,height=110,reqIdx=1,hash=962b1eb6...
info|2019-12-13 13:58:28.394958|[g:1][CONSENSUS][PBFT]checkTimeout Succ,view=16,toView=17,nodeIdx=0,changeCycle=0,myNode=0e7418af...,timecost=0.197
info|2019-12-13 13:58:28.401466|[g:1][CONSENSUS][PBFT]checkAndChangeView: Reach consensus,org_view=16,org_changeCycle=0,cur_changeCycle=0,to_view=17
info|2019-12-13 13:58:29.404151|[g:1][CONSENSUS]addRawPrepare,height=110,reqIdx=2,hash=7a0198f6...
info|2019-12-13 13:58:29.404374|[g:1][CONSENSUS][PBFT]checkTimeout Succ,view=17,toView=18,nodeIdx=0,changeCycle=0,myNode=0e7418af...,timecost=0.178
info|2019-12-13 13:58:29.409339|[g:1][CONSENSUS][PBFT]checkAndChangeView: Reach consensus,org_view=17,org_changeCycle=0,cur_changeCycle=0,to_view=18
info|2019-12-13 13:58:30.415242|[g:1][CONSENSUS]addRawPrepare,height=110,reqIdx=3,hash=660209cd...
info|2019-12-13 13:58:30.415731|[g:1][CONSENSUS][PBFT]checkTimeout Succ,view=18,toView=19,nodeIdx=0,changeCycle=0,myNode=0e7418af...,timecost=0.47
info|2019-12-13 13:58:30.417275|[g:1][CONSENSUS][PBFT]checkAndChangeView: Reach consensus,org_view=18,org_changeCycle=0,cur_changeCycle=0,to_view=19
info|2019-12-13 13:58:30.588904|[P2P][Service] heartBeat,connected count=3
info|2019-12-13 13:58:31.417185|[g:1][CONSENSUS][SEALER]++++++++++++++++ Generating seal on,blkNum=110,tx=0,nodeIdx=0,hash=de51d576...
info|2019-12-13 13:58:31.423388|[g:1][CONSENSUS][PBFT]checkTimeout Succ,view=19,toView=20,nodeIdx=0,changeCycle=0,myNode=0e7418af...,timecost=0.184
info|2019-12-13 13:58:31.424560|[g:1][CONSENSUS][PBFT]checkAndChangeView: Reach consensus,org_view=19,org_changeCycle=0,cur_changeCycle=0,to_view=20
info|2019-12-13 13:58:32.425375|[g:1][CONSENSUS]addRawPrepare,height=110,reqIdx=1,hash=7563322a...
info|2019-12-13 13:58:32.425595|[g:1][CONSENSUS][PBFT]checkTimeout Succ,view=20,toView=21,nodeIdx=0,changeCycle=0,myNode=0e7418af...,timecost=0.201
info|2019-12-13 13:58:32.427276|[g:1][CONSENSUS][PBFT]checkAndChangeView: Reach consensus,org_view=20,org_changeCycle=0,cur_changeCycle=0,to_view=21
info|2019-12-13 13:58:33.429643|[g:1][CONSENSUS]addRawPrepare,height=110,reqIdx=2,hash=db36481e...
info|2019-12-13 13:58:33.429836|[g:1][CONSENSUS][PBFT]checkTimeout Succ,view=21,toView=22,nodeIdx=0,changeCycle=0,myNode=0e7418af...,timecost=0.172
info|2019-12-13 13:58:33.431098|[g:1][CONSENSUS][PBFT]checkAndChangeView: Reach consensus,org_view=21,org_changeCycle=0,cur_changeCycle=0,to_view=22
info|2019-12-13 13:58:34.433108|[g:1][CONSENSUS]addRawPrepare,height=110,reqIdx=3,hash=868bc4a6...
info|2019-12-13 13:58:34.433314|[g:1][CONSENSUS][PBFT]checkTimeout Succ,view=22,toView=23,nodeIdx=0,changeCycle=0,myNode=0e7418af...,timecost=0.183
info|2019-12-13 13:58:34.435139|[g:1][CONSENSUS][PBFT]checkAndChangeView: Reach consensus,org_view=22,org_changeCycle=0,cur_changeCycle=0,to_view=23
info|2019-12-13 13:58:35.436118|[g:1][CONSENSUS][SEALER]++++++++++++++++ Generating seal on,blkNum=110,tx=0,nodeIdx=0,hash=3ac60e8b...
info|2019-12-13 13:58:35.442041|[g:1][CONSENSUS][PBFT]checkTimeout Succ,view=23,toView=24,nodeIdx=0,changeCycle=0,myNode=0e7418af...,timecost=0.185
info|2019-12-13 13:58:35.442867|[g:1][CONSENSUS][PBFT]checkAndChangeView: Reach consensus,org_view=23,org_changeCycle=0,cur_changeCycle=0,to_view=24
info|2019-12-13 13:58:36.443852|[g:1][CONSENSUS]addRawPrepare,height=110,reqIdx=1,hash=8723b943...
info|2019-12-13 13:58:36.445728|[g:1][CONSENSUS][PBFT]checkTimeout Succ,view=24,toView=25,nodeIdx=0,changeCycle=0,myNode=0e7418af...,timecost=1.846
info|2019-12-13 13:58:36.446036|[g:1][CONSENSUS][PBFT]checkAndChangeView: Reach consensus,org_view=24,org_changeCycle=0,cur_changeCycle=0,to_view=25
info|2019-12-13 13:58:37.499618|[g:1][CONSENSUS]addRawPrepare,height=110,reqIdx=2,hash=225d764d...
info|2019-12-13 13:58:37.499837|[g:1][CONSENSUS][PBFT]checkTimeout Succ,view=25,toView=26,nodeIdx=0,changeCycle=0,myNode=0e7418af...,timecost=0.19
info|2019-12-13 13:58:37.500200|[g:1][CONSENSUS][PBFT]checkAndChangeView: Reach consensus,org_view=25,org_changeCycle=0,cur_changeCycle=0,to_view=26
info|2019-12-13 13:58:38.508400|[g:1][CONSENSUS]addRawPrepare,height=110,reqIdx=3,hash=2cad2a9d...
info|2019-12-13 13:58:38.508617|[g:1][CONSENSUS][PBFT]checkTimeout Succ,view=26,toView=27,nodeIdx=0,changeCycle=0,myNode=0e7418af...,timecost=0.195
info|2019-12-13 13:58:38.509613|[g:1][CONSENSUS][PBFT]checkAndChangeView: Reach consensus,org_view=26,org_changeCycle=0,cur_changeCycle=0,to_view=27
info|2019-12-13 13:58:39.518008|[g:1][CONSENSUS][SEALER]++++++++++++++++ Generating seal on,blkNum=110,tx=0,nodeIdx=0,hash=f7da1de2...
info|2019-12-13 13:58:39.527841|[g:1][CONSENSUS][PBFT]checkTimeout Succ,view=27,toView=28,nodeIdx=0,changeCycle=0,myNode=0e7418af...,timecost=0.206
info|2019-12-13 13:58:39.528742|[g:1][CONSENSUS][PBFT]checkAndChangeView: Reach consensus,org_view=27,org_changeCycle=0,cur_changeCycle=0,to_view=28
info|2019-12-13 13:58:40.527636|[g:1][CONSENSUS]addRawPrepare,height=110,reqIdx=1,hash=5cc8a385...
info|2019-12-13 13:58:40.527842|[g:1][CONSENSUS][PBFT]checkTimeout Succ,view=28,toView=29,nodeIdx=0,changeCycle=0,myNode=0e7418af...,timecost=0.184
info|2019-12-13 13:58:40.529503|[g:1][CONSENSUS][PBFT]checkAndChangeView: Reach consensus,org_view=28,org_changeCycle=0,cur_changeCycle=0,to_view=29
info|2019-12-13 13:58:40.590932|[P2P][Service] heartBeat,connected count=3
info|2019-12-13 13:58:41.536398|[g:1][CONSENSUS]addRawPrepare,height=110,reqIdx=2,hash=987f3ad5...
info|2019-12-13 13:58:41.536601|[g:1][CONSENSUS][PBFT]checkTimeout Succ,view=29,toView=30,nodeIdx=0,changeCycle=0,myNode=0e7418af...,timecost=0.181
info|2019-12-13 13:58:41.536870|[g:1][CONSENSUS][PBFT]checkAndChangeView: Reach consensus,org_view=29,org_changeCycle=0,cur_changeCycle=0,to_view=30
info|2019-12-13 13:58:42.543618|[g:1][CONSENSUS]addRawPrepare,height=110,reqIdx=3,hash=beacac9e...
info|2019-12-13 13:58:42.543821|[g:1][CONSENSUS][PBFT]checkTimeout Succ,view=30,toView=31,nodeIdx=0,changeCycle=0,myNode=0e7418af...,timecost=0.181
info|2019-12-13 13:58:42.544878|[g:1][CONSENSUS][PBFT]checkAndChangeView: Reach consensus,org_view=30,org_changeCycle=0,cur_changeCycle=0,to_view=31
info|2019-12-13 13:58:43.549420|[g:1][CONSENSUS][SEALER]++++++++++++++++ Generating seal on,blkNum=110,tx=0,nodeIdx=0,hash=fa77c254...
info|2019-12-13 13:58:43.558883|[g:1][CONSENSUS][PBFT]checkTimeout Succ,view=31,toView=32,nodeIdx=0,changeCycle=0,myNode=0e7418af...,timecost=0.202
info|2019-12-13 13:58:43.561209|[g:1][CONSENSUS][PBFT]checkAndChangeView: Reach consensus,org_view=31,org_changeCycle=0,cur_changeCycle=0,to_view=32
info|2019-12-13 13:58:44.558357|[g:1][CONSENSUS]addRawPrepare,height=110,reqIdx=1,hash=49470d31...
info|2019-12-13 13:58:44.558572|[g:1][CONSENSUS][PBFT]checkTimeout Succ,view=32,toView=33,nodeIdx=0,changeCycle=0,myNode=0e7418af...,timecost=0.193
info|2019-12-13 13:58:44.559648|[g:1][CONSENSUS][PBFT]checkAndChangeView: Reach consensus,org_view=32,org_changeCycle=0,cur_changeCycle=0,to_view=33
info|2019-12-13 13:58:45.566624|[g:1][CONSENSUS]addRawPrepare,height=110,reqIdx=2,hash=c5f4f1cf...
info|2019-12-13 13:58:45.566915|[g:1][CONSENSUS][PBFT]checkTimeout Succ,view=33,toView=34,nodeIdx=0,changeCycle=0,myNode=0e7418af...,timecost=0.217
info|2019-12-13 13:58:45.572689|[g:1][CONSENSUS][PBFT]checkAndChangeView: Reach consensus,org_view=33,org_changeCycle=0,cur_changeCycle=0,to_view=34
info|2019-12-13 13:58:46.577043|[g:1][CONSENSUS]addRawPrepare,height=110,reqIdx=3,hash=ebeb8519...
info|2019-12-13 13:58:46.577245|[g:1][CONSENSUS][PBFT]checkTimeout Succ,view=34,toView=35,nodeIdx=0,changeCycle=0,myNode=0e7418af...,timecost=0.178
info|2019-12-13 13:58:46.581588|[g:1][CONSENSUS][PBFT]checkAndChangeView: Reach consensus,org_view=34,org_changeCycle=0,cur_changeCycle=0,to_view=35
info|2019-12-13 13:58:47.581385|[g:1][CONSENSUS][SEALER]++++++++++++++++ Generating seal on,blkNum=110,tx=0,nodeIdx=0,hash=b63a8a9b...
info|2019-12-13 13:58:47.590631|[g:1][CONSENSUS][PBFT]checkTimeout Succ,view=35,toView=36,nodeIdx=0,changeCycle=0,myNode=0e7418af...,timecost=0.238
info|2019-12-13 13:58:47.591621|[g:1][CONSENSUS][PBFT]checkAndChangeView: Reach consensus,org_view=35,org_changeCycle=0,cur_changeCycle=0,to_view=36
info|2019-12-13 13:58:48.595086|[g:1][CONSENSUS]addRawPrepare,height=110,reqIdx=1,hash=7e57af02...
info|2019-12-13 13:58:48.596285|[g:1][CONSENSUS][PBFT]checkTimeout Succ,view=36,toView=37,nodeIdx=0,changeCycle=0,myNode=0e7418af...,timecost=1.139
info|2019-12-13 13:58:48.600542|[g:1][CONSENSUS][PBFT]checkAndChangeView: Reach consensus,org_view=36,org_changeCycle=0,cur_changeCycle=0,to_view=37
info|2019-12-13 13:58:49.602595|[g:1][CONSENSUS]addRawPrepare,height=110,reqIdx=2,hash=4824f560...
info|2019-12-13 13:58:49.602801|[g:1][CONSENSUS][PBFT]checkTimeout Succ,view=37,toView=38,nodeIdx=0,changeCycle=0,myNode=0e7418af...,timecost=0.183
info|2019-12-13 13:58:49.603064|[g:1][CONSENSUS][PBFT]checkAndChangeView: Reach consensus,org_view=37,org_changeCycle=0,cur_changeCycle=0,to_view=38
info|2019-12-13 13:58:50.591519|[P2P][Service] heartBeat,connected count=3
info|2019-12-13 13:58:50.607688|[g:1][CONSENSUS]addRawPrepare,height=110,reqIdx=3,hash=583e413e...
info|2019-12-13 13:58:50.607908|[g:1][CONSENSUS][PBFT]checkTimeout Succ,view=38,toView=39,nodeIdx=0,changeCycle=0,myNode=0e7418af...,timecost=0.183
info|2019-12-13 13:58:50.609793|[g:1][CONSENSUS][PBFT]checkAndChangeView: Reach consensus,org_view=38,org_changeCycle=0,cur_changeCycle=0,to_view=39
info|2019-12-13 13:58:51.617171|[g:1][CONSENSUS][SEALER]++++++++++++++++ Generating seal on,blkNum=110,tx=0,nodeIdx=0,hash=dff4e9ad...
info|2019-12-13 13:58:51.627712|[g:1][CONSENSUS][PBFT]checkTimeout Succ,view=39,toView=40,nodeIdx=0,changeCycle=0,myNode=0e7418af...,timecost=0.206
info|2019-12-13 13:58:51.629913|[g:1][CONSENSUS][PBFT]checkAndChangeView: Reach consensus,org_view=39,org_changeCycle=0,cur_changeCycle=0,to_view=40
info|2019-12-13 13:58:52.627114|[g:1][CONSENSUS]addRawPrepare,height=110,reqIdx=1,hash=246282fd...
info|2019-12-13 13:58:52.643212|[g:1][CONSENSUS][PBFT]checkTimeout Succ,view=40,toView=41,nodeIdx=0,changeCycle=0,myNode=0e7418af...,timecost=15.957
info|2019-12-13 13:58:52.644003|[g:1][CONSENSUS][PBFT]checkAndChangeView: Reach consensus,org_view=40,org_changeCycle=0,cur_changeCycle=0,to_view=41
info|2019-12-13 13:58:53.644261|[g:1][CONSENSUS]addRawPrepare,height=110,reqIdx=2,hash=2b08af45...
info|2019-12-13 13:58:53.644467|[g:1][CONSENSUS][PBFT]checkTimeout Succ,view=41,toView=42,nodeIdx=0,changeCycle=0,myNode=0e7418af...,timecost=0.184
info|2019-12-13 13:58:53.651696|[g:1][CONSENSUS][PBFT]checkAndChangeView: Reach consensus,org_view=41,org_changeCycle=0,cur_changeCycle=0,to_view=42
info|2019-12-13 13:58:54.654196|[g:1][CONSENSUS]addRawPrepare,height=110,reqIdx=3,hash=08c92dd8...
info|2019-12-13 13:58:54.654414|[g:1][CONSENSUS][PBFT]checkTimeout Succ,view=42,toView=43,nodeIdx=0,changeCycle=0,myNode=0e7418af...,timecost=0.196
info|2019-12-13 13:58:54.660795|[g:1][CONSENSUS][PBFT]checkAndChangeView: Reach consensus,org_view=42,org_changeCycle=0,cur_changeCycle=0,to_view=43
info|2019-12-13 13:58:55.661498|[g:1][CONSENSUS][SEALER]++++++++++++++++ Generating seal on,blkNum=110,tx=0,nodeIdx=0,hash=bc2917cd...
info|2019-12-13 13:58:55.673014|[g:1][CONSENSUS][PBFT]checkTimeout Succ,view=43,toView=44,nodeIdx=0,changeCycle=0,myNode=0e7418af...,timecost=0.203
info|2019-12-13 13:58:55.674050|[g:1][CONSENSUS][PBFT]checkAndChangeView: Reach consensus,org_view=43,org_changeCycle=0,cur_changeCycle=0,to_view=44
info|2019-12-13 13:58:56.676689|[g:1][CONSENSUS]addRawPrepare,height=110,reqIdx=1,hash=cc454be3...
info|2019-12-13 13:58:56.676893|[g:1][CONSENSUS][PBFT]checkTimeout Succ,view=44,toView=45,nodeIdx=0,changeCycle=0,myNode=0e7418af...,timecost=0.183
info|2019-12-13 13:58:56.680096|[g:1][CONSENSUS][PBFT]checkAndChangeView: Reach consensus,org_view=44,org_changeCycle=0,cur_changeCycle=0,to_view=45
info|2019-12-13 13:58:57.683788|[g:1][CONSENSUS]addRawPrepare,height=110,reqIdx=2,hash=ddb8750a...
info|2019-12-13 13:58:57.684071|[g:1][CONSENSUS][PBFT]checkTimeout Succ,view=45,toView=46,nodeIdx=0,changeCycle=0,myNode=0e7418af...,timecost=0.255
info|2019-12-13 13:58:57.692268|[g:1][CONSENSUS][PBFT]checkAndChangeView: Reach consensus,org_view=45,org_changeCycle=0,cur_changeCycle=0,to_view=46
info|2019-12-13 13:58:58.702980|[g:1][CONSENSUS]addRawPrepare,height=110,reqIdx=3,hash=7c92cc31...
info|2019-12-13 13:58:58.703221|[g:1][CONSENSUS][PBFT]checkTimeout Succ,view=46,toView=47,nodeIdx=0,changeCycle=0,myNode=0e7418af...,timecost=0.22
info|2019-12-13 13:58:58.706638|[g:1][CONSENSUS][PBFT]checkAndChangeView: Reach consensus,org_view=46,org_changeCycle=0,cur_changeCycle=0,to_view=47
info|2019-12-13 13:58:59.708062|[g:1][CONSENSUS][SEALER]++++++++++++++++ Generating seal on,blkNum=110,tx=0,nodeIdx=0,hash=4255d77f...
info|2019-12-13 13:58:59.722634|[g:1][CONSENSUS][PBFT]checkTimeout Succ,view=47,toView=48,nodeIdx=0,changeCycle=0,myNode=0e7418af...,timecost=0.225
info|2019-12-13 13:58:59.726492|[g:1][CONSENSUS][PBFT]checkAndChangeView: Reach consensus,org_view=47,org_changeCycle=0,cur_changeCycle=0,to_view=48
info|2019-12-13 13:59:00.591761|[P2P][Service] heartBeat,connected count=3
info|2019-12-13 13:59:00.718627|[g:1][CONSENSUS]addRawPrepare,height=110,reqIdx=1,hash=7f189bb1...
info|2019-12-13 13:59:00.718845|[g:1][CONSENSUS][PBFT]checkTimeout Succ,view=48,toView=49,nodeIdx=0,changeCycle=0,myNode=0e7418af...,timecost=0.193
info|2019-12-13 13:59:00.723931|[g:1][CONSENSUS][PBFT]checkAndChangeView: Reach consensus,org_view=48,org_changeCycle=0,cur_changeCycle=0,to_view=49
info|2019-12-13 13:59:01.725569|[g:1][CONSENSUS]addRawPrepare,height=110,reqIdx=2,hash=a243fe51...
info|2019-12-13 13:59:01.726925|[g:1][CONSENSUS][PBFT]checkTimeout Succ,view=49,toView=50,nodeIdx=0,changeCycle=0,myNode=0e7418af...,timecost=1.334
info|2019-12-13 13:59:01.727476|[g:1][CONSENSUS][PBFT]checkAndChangeView: Reach consensus,org_view=49,org_changeCycle=0,cur_changeCycle=0,to_view=50
info|2019-12-13 13:59:02.733530|[g:1][CONSENSUS]addRawPrepare,height=110,reqIdx=3,hash=13054a58...
info|2019-12-13 13:59:02.733755|[g:1][CONSENSUS][PBFT]checkTimeout Succ,view=50,toView=51,nodeIdx=0,changeCycle=0,myNode=0e7418af...,timecost=0.201
info|2019-12-13 13:59:02.742343|[g:1][CONSENSUS][PBFT]checkAndChangeView: Reach consensus,org_view=50,org_changeCycle=0,cur_changeCycle=0,to_view=51
info|2019-12-13 13:59:03.742717|[g:1][CONSENSUS][SEALER]++++++++++++++++ Generating seal on,blkNum=110,tx=0,nodeIdx=0,hash=baeed3db...
info|2019-12-13 13:59:03.755671|[g:1][CONSENSUS][PBFT]checkTimeout Succ,view=51,toView=52,nodeIdx=0,changeCycle=0,myNode=0e7418af...,timecost=0.191
info|2019-12-13 13:59:03.756581|[g:1][CONSENSUS][PBFT]checkAndChangeView: Reach consensus,org_view=51,org_changeCycle=0,cur_changeCycle=0,to_view=52
info|2019-12-13 13:59:04.748117|[g:1][CONSENSUS]addRawPrepare,height=110,reqIdx=1,hash=12c124a3...
info|2019-12-13 13:59:04.748324|[g:1][CONSENSUS][PBFT]checkTimeout Succ,view=52,toView=53,nodeIdx=0,changeCycle=0,myNode=0e7418af...,timecost=0.184
info|2019-12-13 13:59:04.749990|[g:1][CONSENSUS][PBFT]checkAndChangeView: Reach consensus,org_view=52,org_changeCycle=0,cur_changeCycle=0,to_view=53
info|2019-12-13 13:59:05.753498|[g:1][CONSENSUS]addRawPrepare,height=110,reqIdx=2,hash=51aaa33e...
info|2019-12-13 13:59:05.753716|[g:1][CONSENSUS][PBFT]checkTimeout Succ,view=53,toView=54,nodeIdx=0,changeCycle=0,myNode=0e7418af...,timecost=0.194
info|2019-12-13 13:59:05.762126|[g:1][CONSENSUS][PBFT]checkAndChangeView: Reach consensus,org_view=53,org_changeCycle=0,cur_changeCycle=0,to_view=54
info|2019-12-13 13:59:06.757920|[g:1][CONSENSUS]addRawPrepare,height=110,reqIdx=3,hash=fa21292a...
info|2019-12-13 13:59:06.758137|[g:1][CONSENSUS][PBFT]checkTimeout Succ,view=54,toView=55,nodeIdx=0,changeCycle=0,myNode=0e7418af...,timecost=0.194
info|2019-12-13 13:59:06.766870|[g:1][CONSENSUS][PBFT]checkAndChangeView: Reach consensus,org_view=54,org_changeCycle=0,cur_changeCycle=0,to_view=55
info|2019-12-13 13:59:07.773085|[g:1][CONSENSUS][SEALER]++++++++++++++++ Generating seal on,blkNum=110,tx=0,nodeIdx=0,hash=a970762c...
info|2019-12-13 13:59:07.785953|[g:1][CONSENSUS][PBFT]checkTimeout Succ,view=55,toView=56,nodeIdx=0,changeCycle=0,myNode=0e7418af...,timecost=0.197
info|2019-12-13 13:59:07.786891|[g:1][CONSENSUS][PBFT]checkAndChangeView: Reach consensus,org_view=55,org_changeCycle=0,cur_changeCycle=0,to_view=56
info|2019-12-13 13:59:08.782412|[g:1][CONSENSUS]addRawPrepare,height=110,reqIdx=1,hash=0a0e14f7...
info|2019-12-13 13:59:08.782617|[g:1][CONSENSUS][PBFT]checkTimeout Succ,view=56,toView=57,nodeIdx=0,changeCycle=0,myNode=0e7418af...,timecost=0.184
info|2019-12-13 13:59:08.788892|[g:1][CONSENSUS][PBFT]checkAndChangeView: Reach consensus,org_view=56,org_changeCycle=0,cur_changeCycle=0,to_view=57
info|2019-12-13 13:59:09.791741|[g:1][CONSENSUS]addRawPrepare,height=110,reqIdx=2,hash=566c4c3a...
info|2019-12-13 13:59:09.791970|[g:1][CONSENSUS][PBFT]checkTimeout Succ,view=57,toView=58,nodeIdx=0,changeCycle=0,myNode=0e7418af...,timecost=0.202
info|2019-12-13 13:59:09.802041|[g:1][CONSENSUS][PBFT]checkAndChangeView: Reach consensus,org_view=57,org_changeCycle=0,cur_changeCycle=0,to_view=58
info|2019-12-13 13:59:10.592314|[P2P][Service] heartBeat,connected count=3
info|2019-12-13 13:59:10.814894|[g:1][CONSENSUS][PBFT]Trigger fast-viewchange,view=58,toView=58,minView=59,INFO=,reqNum=109,curNum=109,GenIdx=1,Cview=59,view=58,fromIdx=1,fromNode=32db7d10...,fromIp=127.0.0.1:51348,hash=017bec1b...,nodeIdx=0,myNode=0e7418af...
info|2019-12-13 13:59:10.815130|[g:1][CONSENSUS][PBFT]checkAndChangeView: Reach consensus,org_view=58,org_changeCycle=0,cur_changeCycle=0,to_view=59
info|2019-12-13 13:59:10.815137|[g:1][CONSENSUS][PBFT]checkTimeout Succ,view=59,toView=59,nodeIdx=0,changeCycle=0,myNode=0e7418af...,timecost=0.195
info|2019-12-13 13:59:11.821977|[g:1][CONSENSUS][SEALER]++++++++++++++++ Generating seal on,blkNum=110,tx=0,nodeIdx=0,hash=40d95347...
info|2019-12-13 13:59:11.830399|[g:1][CONSENSUS][PBFT]checkTimeout Succ,view=59,toView=60,nodeIdx=0,changeCycle=0,myNode=0e7418af...,timecost=0.262
info|2019-12-13 13:59:11.835928|[g:1][CONSENSUS][PBFT]checkAndChangeView: Reach consensus,org_view=59,org_changeCycle=0,cur_changeCycle=0,to_view=60
info|2019-12-13 13:59:12.834763|[g:1][CONSENSUS]addRawPrepare,height=110,reqIdx=1,hash=d85f2620...
info|2019-12-13 13:59:12.834982|[g:1][CONSENSUS][PBFT]checkTimeout Succ,view=60,toView=61,nodeIdx=0,changeCycle=0,myNode=0e7418af...,timecost=0.194
info|2019-12-13 13:59:12.837505|[g:1][CONSENSUS][PBFT]checkAndChangeView: Reach consensus,org_view=60,org_changeCycle=0,cur_changeCycle=0,to_view=61
info|2019-12-13 13:59:13.842159|[g:1][CONSENSUS]addRawPrepare,height=110,reqIdx=2,hash=a4d55de5...
info|2019-12-13 13:59:13.842482|[g:1][CONSENSUS][PBFT]checkTimeout Succ,view=61,toView=62,nodeIdx=0,changeCycle=0,myNode=0e7418af...,timecost=0.276
info|2019-12-13 13:59:13.847308|[g:1][CONSENSUS][PBFT]checkAndChangeView: Reach consensus,org_view=61,org_changeCycle=0,cur_changeCycle=0,to_view=62
info|2019-12-13 13:59:14.852324|[g:1][CONSENSUS]addRawPrepare,height=110,reqIdx=3,hash=fb9edb45...
info|2019-12-13 13:59:14.855887|[g:1][CONSENSUS][PBFT]checkTimeout Succ,view=62,toView=63,nodeIdx=0,changeCycle=0,myNode=0e7418af...,timecost=3.5
info|2019-12-13 13:59:14.856212|[g:1][CONSENSUS][PBFT]checkAndChangeView: Reach consensus,org_view=62,org_changeCycle=0,cur_changeCycle=0,to_view=63
info|2019-12-13 13:59:15.856569|[g:1][CONSENSUS][SEALER]++++++++++++++++ Generating seal on,blkNum=110,tx=0,nodeIdx=0,hash=95ffbd59...
info|2019-12-13 13:59:15.868450|[g:1][CONSENSUS][PBFT]checkTimeout Succ,view=63,toView=64,nodeIdx=0,changeCycle=0,myNode=0e7418af...,timecost=0.208
info|2019-12-13 13:59:15.869299|[g:1][CONSENSUS][PBFT]checkAndChangeView: Reach consensus,org_view=63,org_changeCycle=0,cur_changeCycle=0,to_view=64
info|2019-12-13 13:59:16.869645|[g:1][CONSENSUS]addRawPrepare,height=110,reqIdx=1,hash=aaf35cc1...
info|2019-12-13 13:59:16.869849|[g:1][CONSENSUS][PBFT]checkTimeout Succ,view=64,toView=65,nodeIdx=0,changeCycle=0,myNode=0e7418af...,timecost=0.183
info|2019-12-13 13:59:16.876341|[g:1][CONSENSUS][PBFT]checkAndChangeView: Reach consensus,org_view=64,org_changeCycle=0,cur_changeCycle=0,to_view=65
info|2019-12-13 13:59:17.879363|[g:1][CONSENSUS]addRawPrepare,height=110,reqIdx=2,hash=31da74f9...
info|2019-12-13 13:59:17.883218|[g:1][CONSENSUS][PBFT]checkTimeout Succ,view=65,toView=66,nodeIdx=0,changeCycle=0,myNode=0e7418af...,timecost=3.685
info|2019-12-13 13:59:17.887149|[g:1][CONSENSUS][PBFT]checkAndChangeView: Reach consensus,org_view=65,org_changeCycle=0,cur_changeCycle=0,to_view=66
info|2019-12-13 13:59:18.885260|[g:1][CONSENSUS]addRawPrepare,height=110,reqIdx=3,hash=ba889a75...
info|2019-12-13 13:59:18.888546|[g:1][CONSENSUS][PBFT]checkTimeout Succ,view=66,toView=67,nodeIdx=0,changeCycle=0,myNode=0e7418af...,timecost=3.266
info|2019-12-13 13:59:18.894691|[g:1][CONSENSUS][PBFT]checkAndChangeView: Reach consensus,org_view=66,org_changeCycle=0,cur_changeCycle=0,to_view=67
info|2019-12-13 13:59:19.894369|[g:1][CONSENSUS][SEALER]++++++++++++++++ Generating seal on,blkNum=110,tx=0,nodeIdx=0,hash=c4b49f73...
info|2019-12-13 13:59:19.903360|[g:1][CONSENSUS][PBFT]checkTimeout Succ,view=67,toView=68,nodeIdx=0,changeCycle=0,myNode=0e7418af...,timecost=0.197
info|2019-12-13 13:59:19.906983|[g:1][CONSENSUS][PBFT]checkAndChangeView: Reach consensus,org_view=67,org_changeCycle=0,cur_changeCycle=0,to_view=68
info|2019-12-13 13:59:20.592818|[P2P][Service] heartBeat,connected count=3
info|2019-12-13 13:59:20.906703|[g:1][CONSENSUS]addRawPrepare,height=110,reqIdx=1,hash=c3866162...
info|2019-12-13 13:59:20.906918|[g:1][CONSENSUS][PBFT]checkTimeout Succ,view=68,toView=69,nodeIdx=0,changeCycle=0,myNode=0e7418af...,timecost=0.193
info|2019-12-13 13:59:20.910754|[g:1][CONSENSUS][PBFT]checkAndChangeView: Reach consensus,org_view=68,org_changeCycle=0,cur_changeCycle=0,to_view=69
info|2019-12-13 13:59:21.913532|[g:1][CONSENSUS]addRawPrepare,height=110,reqIdx=2,hash=6d271617...
info|2019-12-13 13:59:21.913755|[g:1][CONSENSUS][PBFT]checkTimeout Succ,view=69,toView=70,nodeIdx=0,changeCycle=0,myNode=0e7418af...,timecost=0.191
info|2019-12-13 13:59:21.914798|[g:1][CONSENSUS][PBFT]checkAndChangeView: Reach consensus,org_view=69,org_changeCycle=0,cur_changeCycle=0,to_view=70
info|2019-12-13 13:59:22.922854|[g:1][CONSENSUS]addRawPrepare,height=110,reqIdx=3,hash=ddb1e228...
info|2019-12-13 13:59:22.923062|[g:1][CONSENSUS][PBFT]checkTimeout Succ,view=70,toView=71,nodeIdx=0,changeCycle=0,myNode=0e7418af...,timecost=0.185
info|2019-12-13 13:59:22.927854|[g:1][CONSENSUS][PBFT]checkAndChangeView: Reach consensus,org_view=70,org_changeCycle=0,cur_changeCycle=0,to_view=71
info|2019-12-13 13:59:23.929299|[g:1][CONSENSUS][SEALER]++++++++++++++++ Generating seal on,blkNum=110,tx=0,nodeIdx=0,hash=68e41ae5...
info|2019-12-13 13:59:23.939996|[g:1][CONSENSUS][PBFT]checkTimeout Succ,view=71,toView=72,nodeIdx=0,changeCycle=0,myNode=0e7418af...,timecost=0.203
info|2019-12-13 13:59:23.940938|[g:1][CONSENSUS][PBFT]checkAndChangeView: Reach consensus,org_view=71,org_changeCycle=0,cur_changeCycle=0,to_view=72
info|2019-12-13 13:59:24.939367|[g:1][CONSENSUS]addRawPrepare,height=110,reqIdx=1,hash=27b503b7...
info|2019-12-13 13:59:24.939571|[g:1][CONSENSUS][PBFT]checkTimeout Succ,view=72,toView=73,nodeIdx=0,changeCycle=0,myNode=0e7418af...,timecost=0.184
info|2019-12-13 13:59:24.941412|[g:1][CONSENSUS][PBFT]checkAndChangeView: Reach consensus,org_view=72,org_changeCycle=0,cur_changeCycle=0,to_view=73
info|2019-12-13 13:59:25.942853|[g:1][CONSENSUS]addRawPrepare,height=110,reqIdx=2,hash=6a1e73bb...
info|2019-12-13 13:59:25.944393|[g:1][CONSENSUS][PBFT]checkTimeout Succ,view=73,toView=74,nodeIdx=0,changeCycle=0,myNode=0e7418af...,timecost=1.509
info|2019-12-13 13:59:25.945174|[g:1][CONSENSUS][PBFT]checkAndChangeView: Reach consensus,org_view=73,org_changeCycle=0,cur_changeCycle=0,to_view=74
info|2019-12-13 13:59:26.951250|[g:1][CONSENSUS]addRawPrepare,height=110,reqIdx=3,hash=9eb1be4c...
info|2019-12-13 13:59:26.951608|[g:1][CONSENSUS][PBFT]checkTimeout Succ,view=74,toView=75,nodeIdx=0,changeCycle=0,myNode=0e7418af...,timecost=0.239
info|2019-12-13 13:59:26.956621|[g:1][CONSENSUS][PBFT]checkAndChangeView: Reach consensus,org_view=74,org_changeCycle=0,cur_changeCycle=0,to_view=75
info|2019-12-13 13:59:27.957182|[g:1][CONSENSUS][SEALER]++++++++++++++++ Generating seal on,blkNum=110,tx=0,nodeIdx=0,hash=0df673de...
info|2019-12-13 13:59:27.971339|[g:1][CONSENSUS][PBFT]checkTimeout Succ,view=75,toView=76,nodeIdx=0,changeCycle=0,myNode=0e7418af...,timecost=0.202
info|2019-12-13 13:59:27.973571|[g:1][CONSENSUS][PBFT]checkAndChangeView: Reach consensus,org_view=75,org_changeCycle=0,cur_changeCycle=0,to_view=76
info|2019-12-13 13:59:28.970776|[g:1][CONSENSUS]addRawPrepare,height=110,reqIdx=1,hash=cd16bd13...
info|2019-12-13 13:59:28.970995|[g:1][CONSENSUS][PBFT]checkTimeout Succ,view=76,toView=77,nodeIdx=0,changeCycle=0,myNode=0e7418af...,timecost=0.194
info|2019-12-13 13:59:28.974703|[g:1][CONSENSUS][PBFT]checkAndChangeView: Reach consensus,org_view=76,org_changeCycle=0,cur_changeCycle=0,to_view=77
info|2019-12-13 13:59:29.977857|[g:1][CONSENSUS]addRawPrepare,height=110,reqIdx=2,hash=74a39ea9...
info|2019-12-13 13:59:29.978082|[g:1][CONSENSUS][PBFT]checkTimeout Succ,view=77,toView=78,nodeIdx=0,changeCycle=0,myNode=0e7418af...,timecost=0.203
info|2019-12-13 13:59:29.983125|[g:1][CONSENSUS][PBFT]checkAndChangeView: Reach consensus,org_view=77,org_changeCycle=0,cur_changeCycle=0,to_view=78
info|2019-12-13 13:59:30.593202|[P2P][Service] heartBeat,connected count=3
info|2019-12-13 13:59:30.988992|[g:1][CONSENSUS]addRawPrepare,height=110,reqIdx=3,hash=442392f2...
info|2019-12-13 13:59:30.989239|[g:1][CONSENSUS][PBFT]checkTimeout Succ,view=78,toView=79,nodeIdx=0,changeCycle=0,myNode=0e7418af...,timecost=0.222
info|2019-12-13 13:59:30.999300|[g:1][CONSENSUS][PBFT]checkAndChangeView: Reach consensus,org_view=78,org_changeCycle=0,cur_changeCycle=0,to_view=79
info|2019-12-13 13:59:32.004099|[g:1][CONSENSUS][SEALER]++++++++++++++++ Generating seal on,blkNum=110,tx=0,nodeIdx=0,hash=37c3d520...
info|2019-12-13 13:59:32.004623|[g:1][CONSENSUS][PBFT]checkTimeout Succ,view=79,toView=80,nodeIdx=0,changeCycle=0,myNode=0e7418af...,timecost=0.189
info|2019-12-13 13:59:32.020643|[g:1][CONSENSUS][PBFT]checkAndChangeView: Reach consensus,org_view=79,org_changeCycle=0,cur_changeCycle=0,to_view=80
info|2019-12-13 13:59:33.025736|[g:1][CONSENSUS]addRawPrepare,height=110,reqIdx=1,hash=7245e4de...
info|2019-12-13 13:59:33.025955|[g:1][CONSENSUS][PBFT]checkTimeout Succ,view=80,toView=81,nodeIdx=0,changeCycle=0,myNode=0e7418af...,timecost=0.196
info|2019-12-13 13:59:33.031067|[g:1][CONSENSUS][PBFT]checkAndChangeView: Reach consensus,org_view=80,org_changeCycle=0,cur_changeCycle=0,to_view=81
info|2019-12-13 13:59:34.037763|[g:1][CONSENSUS]addRawPrepare,height=110,reqIdx=2,hash=093f76f2...
info|2019-12-13 13:59:34.038008|[g:1][CONSENSUS][PBFT]checkTimeout Succ,view=81,toView=82,nodeIdx=0,changeCycle=0,myNode=0e7418af...,timecost=0.222
info|2019-12-13 13:59:34.041858|[g:1][CONSENSUS][PBFT]checkAndChangeView: Reach consensus,org_view=81,org_changeCycle=0,cur_changeCycle=0,to_view=82
info|2019-12-13 13:59:35.044114|[g:1][CONSENSUS]addRawPrepare,height=110,reqIdx=3,hash=bc8bacc0...
info|2019-12-13 13:59:35.044354|[g:1][CONSENSUS][PBFT]checkTimeout Succ,view=82,toView=83,nodeIdx=0,changeCycle=0,myNode=0e7418af...,timecost=0.205
info|2019-12-13 13:59:35.046374|[g:1][CONSENSUS][PBFT]checkAndChangeView: Reach consensus,org_view=82,org_changeCycle=0,cur_changeCycle=0,to_view=83
info|2019-12-13 13:59:36.049669|[g:1][CONSENSUS][SEALER]++++++++++++++++ Generating seal on,blkNum=110,tx=0,nodeIdx=0,hash=42c239d1...
info|2019-12-13 13:59:36.060191|[g:1][CONSENSUS][PBFT]checkTimeout Succ,view=83,toView=84,nodeIdx=0,changeCycle=0,myNode=0e7418af...,timecost=0.331
info|2019-12-13 13:59:36.061173|[g:1][CONSENSUS][PBFT]checkAndChangeView: Reach consensus,org_view=83,org_changeCycle=0,cur_changeCycle=0,to_view=84
info|2019-12-13 13:59:37.059384|[g:1][CONSENSUS]addRawPrepare,height=110,reqIdx=1,hash=a343378f...
info|2019-12-13 13:59:37.064896|[g:1][CONSENSUS][PBFT]checkTimeout Succ,view=84,toView=85,nodeIdx=0,changeCycle=0,myNode=0e7418af...,timecost=5.491
info|2019-12-13 13:59:37.066460|[g:1][CONSENSUS][PBFT]checkAndChangeView: Reach consensus,org_view=84,org_changeCycle=0,cur_changeCycle=0,to_view=85
info|2019-12-13 13:59:38.070007|[g:1][CONSENSUS]addRawPrepare,height=110,reqIdx=2,hash=442e3420...
info|2019-12-13 13:59:38.070274|[g:1][CONSENSUS][PBFT]checkTimeout Succ,view=85,toView=86,nodeIdx=0,changeCycle=0,myNode=0e7418af...,timecost=0.246
info|2019-12-13 13:59:38.076093|[g:1][CONSENSUS][PBFT]checkAndChangeView: Reach consensus,org_view=85,org_changeCycle=0,cur_changeCycle=0,to_view=86
info|2019-12-13 13:59:39.073367|[g:1][CONSENSUS]addRawPrepare,height=110,reqIdx=3,hash=41baadaf...
info|2019-12-13 13:59:39.073571|[g:1][CONSENSUS][PBFT]checkTimeout Succ,view=86,toView=87,nodeIdx=0,changeCycle=0,myNode=0e7418af...,timecost=0.183
info|2019-12-13 13:59:39.074603|[g:1][CONSENSUS][PBFT]checkAndChangeView: Reach consensus,org_view=86,org_changeCycle=0,cur_changeCycle=0,to_view=87
info|2019-12-13 13:59:40.076606|[g:1][CONSENSUS][SEALER]++++++++++++++++ Generating seal on,blkNum=110,tx=0,nodeIdx=0,hash=6415b352...
info|2019-12-13 13:59:40.086341|[g:1][CONSENSUS][PBFT]checkTimeout Succ,view=87,toView=88,nodeIdx=0,changeCycle=0,myNode=0e7418af...,timecost=0.193
info|2019-12-13 13:59:40.087174|[g:1][CONSENSUS][PBFT]checkAndChangeView: Reach consensus,org_view=87,org_changeCycle=0,cur_changeCycle=0,to_view=88
info|2019-12-13 13:59:40.593885|[P2P][Service] heartBeat,connected count=3
info|2019-12-13 13:59:41.093624|[g:1][CONSENSUS]addRawPrepare,height=110,reqIdx=1,hash=f1ef4566...
info|2019-12-13 13:59:41.095234|[g:1][CONSENSUS][PBFT]checkTimeout Succ,view=88,toView=89,nodeIdx=0,changeCycle=0,myNode=0e7418af...,timecost=1.558
info|2019-12-13 13:59:41.095710|[g:1][CONSENSUS][PBFT]checkAndChangeView: Reach consensus,org_view=88,org_changeCycle=0,cur_changeCycle=0,to_view=89
info|2019-12-13 13:59:42.097524|[g:1][CONSENSUS]addRawPrepare,height=110,reqIdx=2,hash=41567efd...
info|2019-12-13 13:59:42.097726|[g:1][CONSENSUS][PBFT]checkTimeout Succ,view=89,toView=90,nodeIdx=0,changeCycle=0,myNode=0e7418af...,timecost=0.181
info|2019-12-13 13:59:42.104197|[g:1][CONSENSUS][PBFT]checkAndChangeView: Reach consensus,org_view=89,org_changeCycle=0,cur_changeCycle=0,to_view=90
info|2019-12-13 13:59:43.106968|[g:1][CONSENSUS]addRawPrepare,height=110,reqIdx=3,hash=b70bb81d...
info|2019-12-13 13:59:43.107172|[g:1][CONSENSUS][PBFT]checkTimeout Succ,view=90,toView=91,nodeIdx=0,changeCycle=0,myNode=0e7418af...,timecost=0.183
info|2019-12-13 13:59:43.111735|[g:1][CONSENSUS][PBFT]checkAndChangeView: Reach consensus,org_view=90,org_changeCycle=0,cur_changeCycle=0,to_view=91
info|2019-12-13 13:59:44.111246|[g:1][CONSENSUS][SEALER]++++++++++++++++ Generating seal on,blkNum=110,tx=0,nodeIdx=0,hash=7b0492bd...
info|2019-12-13 13:59:44.121580|[g:1][CONSENSUS][PBFT]checkTimeout Succ,view=91,toView=92,nodeIdx=0,changeCycle=0,myNode=0e7418af...,timecost=0.187
info|2019-12-13 13:59:44.122497|[g:1][CONSENSUS][PBFT]checkAndChangeView: Reach consensus,org_view=91,org_changeCycle=0,cur_changeCycle=0,to_view=92
info|2019-12-13 13:59:45.122375|[g:1][CONSENSUS]addRawPrepare,height=110,reqIdx=1,hash=ee8d6d9d...
info|2019-12-13 13:59:45.122582|[g:1][CONSENSUS][PBFT]checkTimeout Succ,view=92,toView=93,nodeIdx=0,changeCycle=0,myNode=0e7418af...,timecost=0.184
info|2019-12-13 13:59:45.124454|[g:1][CONSENSUS][PBFT]checkAndChangeView: Reach consensus,org_view=92,org_changeCycle=0,cur_changeCycle=0,to_view=93
info|2019-12-13 13:59:46.126671|[g:1][CONSENSUS][PBFT]Trigger fast-viewchange,view=93,toView=93,minView=94,INFO=,reqNum=109,curNum=109,GenIdx=3,Cview=94,view=93,fromIdx=3,fromNode=f5b74845...,fromIp=127.0.0.1:51346,hash=017bec1b...,nodeIdx=0,myNode=0e7418af...
info|2019-12-13 13:59:46.126898|[g:1][CONSENSUS][PBFT]checkAndChangeView: Reach consensus,org_view=93,org_changeCycle=0,cur_changeCycle=0,to_view=94
info|2019-12-13 13:59:46.126905|[g:1][CONSENSUS][PBFT]checkTimeout Succ,view=94,toView=94,nodeIdx=0,changeCycle=0,myNode=0e7418af...,timecost=0.195
info|2019-12-13 13:59:47.133246|[g:1][CONSENSUS]addRawPrepare,height=110,reqIdx=3,hash=c0c53782...
info|2019-12-13 13:59:47.133460|[g:1][CONSENSUS][PBFT]checkTimeout Succ,view=94,toView=95,nodeIdx=0,changeCycle=0,myNode=0e7418af...,timecost=0.189
info|2019-12-13 13:59:47.135786|[g:1][CONSENSUS][PBFT]checkAndChangeView: Reach consensus,org_view=94,org_changeCycle=0,cur_changeCycle=0,to_view=95
info|2019-12-13 13:59:48.136537|[g:1][CONSENSUS][SEALER]++++++++++++++++ Generating seal on,blkNum=110,tx=0,nodeIdx=0,hash=60c85351...
info|2019-12-13 13:59:48.142240|[g:1][CONSENSUS][PBFT]checkTimeout Succ,view=95,toView=96,nodeIdx=0,changeCycle=0,myNode=0e7418af...,timecost=0.184
info|2019-12-13 13:59:48.143070|[g:1][CONSENSUS][PBFT]checkAndChangeView: Reach consensus,org_view=95,org_changeCycle=0,cur_changeCycle=0,to_view=96
info|2019-12-13 13:59:49.144124|[g:1][CONSENSUS]addRawPrepare,height=110,reqIdx=1,hash=5336e347...
info|2019-12-13 13:59:49.144391|[g:1][CONSENSUS][PBFT]checkTimeout Succ,view=96,toView=97,nodeIdx=0,changeCycle=0,myNode=0e7418af...,timecost=0.247
info|2019-12-13 13:59:49.146419|[g:1][CONSENSUS][PBFT]checkAndChangeView: Reach consensus,org_view=96,org_changeCycle=0,cur_changeCycle=0,to_view=97
info|2019-12-13 13:59:50.148087|[g:1][CONSENSUS]addRawPrepare,height=110,reqIdx=2,hash=869c987f...
info|2019-12-13 13:59:50.148325|[g:1][CONSENSUS][PBFT]checkTimeout Succ,view=97,toView=98,nodeIdx=0,changeCycle=0,myNode=0e7418af...,timecost=0.182
info|2019-12-13 13:59:50.151199|[g:1][CONSENSUS][PBFT]checkAndChangeView: Reach consensus,org_view=97,org_changeCycle=0,cur_changeCycle=0,to_view=98
info|2019-12-13 13:59:50.594158|[P2P][Service] heartBeat,connected count=3
info|2019-12-13 13:59:51.152464|[g:1][CONSENSUS]addRawPrepare,height=110,reqIdx=3,hash=e2342d86...
info|2019-12-13 13:59:51.152687|[g:1][CONSENSUS][PBFT]checkTimeout Succ,view=98,toView=99,nodeIdx=0,changeCycle=0,myNode=0e7418af...,timecost=0.191
info|2019-12-13 13:59:51.153670|[g:1][CONSENSUS][PBFT]checkAndChangeView: Reach consensus,org_view=98,org_changeCycle=0,cur_changeCycle=0,to_view=99
info|2019-12-13 13:59:52.153435|[g:1][CONSENSUS][SEALER]++++++++++++++++ Generating seal on,blkNum=110,tx=0,nodeIdx=0,hash=c18c1664...
info|2019-12-13 13:59:52.162815|[g:1][CONSENSUS][PBFT]checkTimeout Succ,view=99,toView=100,nodeIdx=0,changeCycle=0,myNode=0e7418af...,timecost=1.302
info|2019-12-13 13:59:52.163978|[g:1][CONSENSUS][PBFT]checkAndChangeView: Reach consensus,org_view=99,org_changeCycle=0,cur_changeCycle=0,to_view=100
info|2019-12-13 13:59:53.163904|[g:1][CONSENSUS]addRawPrepare,height=110,reqIdx=1,hash=e5255207...
info|2019-12-13 13:59:53.164164|[g:1][CONSENSUS][PBFT]checkTimeout Succ,view=100,toView=101,nodeIdx=0,changeCycle=0,myNode=0e7418af...,timecost=0.214
info|2019-12-13 13:59:53.165507|[g:1][CONSENSUS][PBFT]checkAndChangeView: Reach consensus,org_view=100,org_changeCycle=0,cur_changeCycle=0,to_view=101
info|2019-12-13 13:59:54.169363|[g:1][CONSENSUS]addRawPrepare,height=110,reqIdx=2,hash=77fda844...
info|2019-12-13 13:59:54.169662|[g:1][CONSENSUS][PBFT]checkTimeout Succ,view=101,toView=102,nodeIdx=0,changeCycle=0,myNode=0e7418af...,timecost=0.253
info|2019-12-13 13:59:54.175248|[g:1][CONSENSUS][PBFT]checkAndChangeView: Reach consensus,org_view=101,org_changeCycle=0,cur_changeCycle=0,to_view=102
info|2019-12-13 13:59:55.181615|[g:1][CONSENSUS]addRawPrepare,height=110,reqIdx=3,hash=d138feb5...
info|2019-12-13 13:59:55.181853|[g:1][CONSENSUS][PBFT]checkTimeout Succ,view=102,toView=103,nodeIdx=0,changeCycle=0,myNode=0e7418af...,timecost=0.212
info|2019-12-13 13:59:55.189752|[g:1][CONSENSUS][PBFT]checkAndChangeView: Reach consensus,org_view=102,org_changeCycle=0,cur_changeCycle=0,to_view=103
info|2019-12-13 13:59:56.189663|[g:1][CONSENSUS][SEALER]++++++++++++++++ Generating seal on,blkNum=110,tx=0,nodeIdx=0,hash=891f0261...
info|2019-12-13 13:59:56.198758|[g:1][CONSENSUS][PBFT]checkTimeout Succ,view=103,toView=104,nodeIdx=0,changeCycle=0,myNode=0e7418af...,timecost=0.324
info|2019-12-13 13:59:56.199593|[g:1][CONSENSUS][PBFT]checkAndChangeView: Reach consensus,org_view=103,org_changeCycle=0,cur_changeCycle=0,to_view=104
info|2019-12-13 13:59:57.200097|[g:1][CONSENSUS]addRawPrepare,height=110,reqIdx=1,hash=c79f9325...
info|2019-12-13 13:59:57.200376|[g:1][CONSENSUS][PBFT]checkTimeout Succ,view=104,toView=105,nodeIdx=0,changeCycle=0,myNode=0e7418af...,timecost=0.252
info|2019-12-13 13:59:57.205023|[g:1][CONSENSUS][PBFT]checkAndChangeView: Reach consensus,org_view=104,org_changeCycle=0,cur_changeCycle=0,to_view=105
info|2019-12-13 13:59:58.207080|[g:1][CONSENSUS]addRawPrepare,height=110,reqIdx=2,hash=cfe9f993...
info|2019-12-13 13:59:58.207399|[g:1][CONSENSUS][PBFT]checkTimeout Succ,view=105,toView=106,nodeIdx=0,changeCycle=0,myNode=0e7418af...,timecost=0.295
info|2019-12-13 13:59:58.209587|[g:1][CONSENSUS][PBFT]checkAndChangeView: Reach consensus,org_view=105,org_changeCycle=0,cur_changeCycle=0,to_view=106
info|2019-12-13 13:59:59.212094|[g:1][CONSENSUS]addRawPrepare,height=110,reqIdx=3,hash=2d241865...
info|2019-12-13 13:59:59.212374|[g:1][CONSENSUS][PBFT]checkTimeout Succ,view=106,toView=107,nodeIdx=0,changeCycle=0,myNode=0e7418af...,timecost=0.256
info|2019-12-13 13:59:59.217905|[g:1][CONSENSUS][PBFT]checkAndChangeView: Reach consensus,org_view=106,org_changeCycle=0,cur_changeCycle=0,to_view=107
