info|2019-11-15 19:56:18.411086|[INITIALIZER][initGlobalConfig],enableCompress=true,compatibilityVersion=2.1.0,versionNumber=33619968,chainId=1
info|2019-11-15 19:56:18.565974|[NETWORK][Host]Connecting to node,endpoint=127.0.0.1:30300
info|2019-11-15 19:56:18.566241|[NETWORK][Host]P2P StartAccept,Host=0.0.0.0:30302
info|2019-11-15 19:56:18.572541|[NETWORK][Host]Connecting to node,endpoint=127.0.0.1:30301
info|2019-11-15 19:56:18.572593|[NETWORK][Host]Connecting to node,endpoint=127.0.0.1:30302
info|2019-11-15 19:56:18.572629|[NETWORK][Host]Connecting to node,endpoint=127.0.0.1:30303
info|2019-11-15 19:56:18.572665|[P2P][Service] heartBeat,connected count=0
info|2019-11-15 19:56:18.584065|[CHANNEL]ChannelRPCServer started
info|2019-11-15 19:56:18.584089|[INITIALIZER][RPCInitializer]ChannelRPCHttpServer started.
info|2019-11-15 19:56:18.584107|[LedgerInitializer],groupConfigPath=conf/
info|2019-11-15 19:56:18.588368|[INITIALIZER][initSingleLedger] [GroupId]:  1
info|2019-11-15 19:56:18.588443|[g:1][LEDGER]LedgerConstructor,configPath=conf/group.1.genesis,baseDir=data//group1
info|2019-11-15 19:56:18.588449|[g:1][LEDGER][initGenesisConfig]initConsensusConfig/initDBConfig/initTxConfig,configFile=conf/group.1.genesis
info|2019-11-15 19:56:18.588576|[g:1][LEDGER][initConsensusConfig],it.first=32db7d10e2c7fa645891f0943ad88c87f7d0ec66500b45632d53889d72ca80f2077a9280acde028f225f75af346a3fa4f75e37d8b596c2d5eb444c7bc283f925
info|2019-11-15 19:56:18.588593|[g:1][LEDGER][initConsensusConfig],it.first=ad4f985540e2d00110bed5d7a6899358479cb5ebfbb76f922982409b4ae034e1a01cda3dfc6b3ee06ab79ce0872e984ff5f6198fce193ae5d34bf6f296d557c0
info|2019-11-15 19:56:18.588619|[g:1][LEDGER][initConsensusConfig],it.first=0e7418af9a0d8d96383c85f5ee2759c178fe7d45e524080550f4ff007bcc32c69134008f978c786bf0a674e945fdad26a3722c009f92e3a8b60fc8e4e1f191b1
info|2019-11-15 19:56:18.588636|[g:1][LEDGER][initConsensusConfig],it.first=f5b748459b521e61d71a97b70aebee76ef7d18e0f9ef1d603023bcd6e7d6f8c37aaadd04f5c89fc44bef3cb6b220ec05018e2a6f8c2b69fe09026059c8371976
info|2019-11-15 19:56:18.588665|[g:1][LEDGER][initIniConfig]initTxPoolConfig/initSyncConfig/initTxExecuteConfig,configFile=conf/group.1.ini
info|2019-11-15 19:56:18.573013|[NETWORK][ASIO]asyncResolveConnect,endpoint=127.0.0.1:30300
info|2019-11-15 19:56:18.588827|[NETWORK][ASIO]asyncResolveConnect,endpoint=127.0.0.1:30301
info|2019-11-15 19:56:18.588856|[NETWORK][ASIO]asyncResolveConnect,endpoint=127.0.0.1:30302
info|2019-11-15 19:56:18.588882|[NETWORK][ASIO]asyncResolveConnect,endpoint=127.0.0.1:30303
info|2019-11-15 19:56:18.588976|[NETWORK][Host]P2P Recv Connect, From=127.0.0.1:33324
info|2019-11-15 19:56:18.589009|[NETWORK][Host]P2P StartAccept,Host=0.0.0.0:30302
info|2019-11-15 19:56:18.596269|[g:1][LEDGER][initLedger][DBInitializer]
info|2019-11-15 19:56:18.599718|[NETWORK][Host]P2P Recv Connect, From=127.0.0.1:33330
info|2019-11-15 19:56:18.605696|[NETWORK][Host]P2P StartAccept,Host=0.0.0.0:30302
info|2019-11-15 19:56:18.605965|[NETWORK][Host]P2P Recv Connect, From=127.0.0.1:33336
info|2019-11-15 19:56:18.608042|[NETWORK][Host]P2P StartAccept,Host=0.0.0.0:30302
info|2019-11-15 19:56:18.609819|[NETWORK][Host]P2P Recv Connect, From=127.0.0.1:33342
info|2019-11-15 19:56:18.611967|[g:1][DBINITIALIZER] [initRocksDBStorage]
info|2019-11-15 19:56:18.616381|[NETWORK][Host]P2P StartAccept,Host=0.0.0.0:30302
info|2019-11-15 19:56:18.627282|[g:1][ROCKSDB]open rocksDB handler
info|2019-11-15 19:56:18.711657|[NETWORK][Host]startPeerSession, From=127.0.0.1:33330,nodeID=0e7418af...
info|2019-11-15 19:56:18.722206|[NETWORK][Host]startPeerSession, From=127.0.0.1:30302,nodeID=0e7418af...
info|2019-11-15 19:56:18.730806|[P2P][Service] Connection established,nodeID=32db7d10...,endpoint=127.0.0.1:33324
info|2019-11-15 19:56:18.730835|[NETWORK][Host]startPeerSession, From=127.0.0.1:33324,nodeID=32db7d10...
info|2019-11-15 19:56:18.730974|[NETWORK][Host]startPeerSession, From=127.0.0.1:30300,nodeID=32db7d10...
info|2019-11-15 19:56:18.733211|[P2P][Service] Connection established,nodeID=ad4f9855...,endpoint=127.0.0.1:33342
info|2019-11-15 19:56:18.735612|[NETWORK][Host]startPeerSession, From=127.0.0.1:33342,nodeID=ad4f9855...
info|2019-11-15 19:56:18.756846|[P2P][Service] Connection established,nodeID=f5b74845...,endpoint=127.0.0.1:33336
info|2019-11-15 19:56:18.756876|[NETWORK][Host]startPeerSession, From=127.0.0.1:33336,nodeID=f5b74845...
info|2019-11-15 19:56:18.757020|[NETWORK][Host]startPeerSession, From=127.0.0.1:30301,nodeID=ad4f9855...
info|2019-11-15 19:56:18.759054|[NETWORK][Host]startPeerSession, From=127.0.0.1:30303,nodeID=f5b74845...
warning|2019-11-15 19:56:18.759700|[NETWORK][Session]doRead error,endpoint=127.0.0.1:33342,message=stream truncated
info|2019-11-15 19:56:18.759720|[NETWORK][Session]drop, call and erase all callbackFunc in this session!,endpoint=127.0.0.1:33342
warning|2019-11-15 19:56:18.759739|[P2P][Service] disconnect error P2PSession,nodeID=ad4f9855...,endpoint=127.0.0.1:33342,errorCode=3,what=Disconnect
warning|2019-11-15 19:56:18.759750|[P2P][Service] onDisconnect,errorCode=3,what=Dynamic exception type: dev::network::NetworkException
std::exception::what: Disconnect

warning|2019-11-15 19:56:18.759777|[NETWORK][Session][drop] closing remote 127.0.0.1:33342,reason=Low-level TCP communication error.,endpoint=127.0.0.1:33342
warning|2019-11-15 19:56:18.759819|[NETWORK][Session][drop] shutdown failed ,errorValue=9,message=Bad file descriptor
info|2019-11-15 19:56:18.855248|[g:1][g:0][STORAGE][CachedStorage]Init flushStorage thread
info|2019-11-15 19:56:18.892785|[g:1][BLOCKCHAIN][#checkAndBuildGenesisBlock]Already have the 0th block, 0th groupMark is equal to file groupMark.
info|2019-11-15 19:56:18.908134|[g:1][CONSENSUS][PBFT]Register handler for PBFTEngine
info|2019-11-15 19:56:18.909648|[g:1][CONSENSUS][PBFT],minBlockGenerationTime=500
info|2019-11-15 19:56:18.909697|[LedgerInitializer init group succ],groupID=1
info|2019-11-15 19:56:18.909846|[INITIALIZER][RPCInitializer]JsonrpcHttpServer started.
info|2019-11-15 19:56:18.909853|[g:1][LEDGER]startAll...
warning|2019-11-15 19:56:18.910547|[SYNC][id:0e7418af...][Status]Peer data not found,nodeId=f5b74845...
warning|2019-11-15 19:56:18.910952|[SYNC][id:0e7418af...][Status]Peer data not found,nodeId=f5b74845...
warning|2019-11-15 19:56:18.911720|[SYNC][id:0e7418af...][Status]Peer data not found,nodeId=32db7d10...
info|2019-11-15 19:56:18.913432|[g:1][CONSENSUS][PBFT]^^^^^^^^Report,num=7,sealerIdx=0,hash=41ea9ad1...,next=8,tx=1,nodeIdx=0
info|2019-11-15 19:56:19.032232|[g:1][CONSENSUS][PBFT][PBFT init env successfully]
info|2019-11-15 19:56:19.032248|[g:1][CONSENSUS][ConsensusEngine][Start ConsensusEngineBase]
info|2019-11-15 19:56:19.032386|[g:1][CONSENSUS][PBFT][Start PBFTEngine...]
info|2019-11-15 19:56:19.032394|[g:1][CONSENSUS][SEALER][Start sealer module]
info|2019-11-15 19:56:19.032704|[g:1][EVENT][EventLogFilterManager]start,m_maxBlockRange=0,m_maxBlockPerLoopFilter=3
info|2019-11-15 19:56:20.033922|[g:1][CONSENSUS]addRawPrepare,height=8,reqIdx=3,hash=a9be0926...
info|2019-11-15 19:56:20.034191|[g:1][CONSENSUS][PBFT]checkTimeout Succ,view=0,toView=1,nodeIdx=0,changeCycle=0,myNode=0e7418af...,timecost=0.174
info|2019-11-15 19:56:20.038751|[g:1][CONSENSUS][PBFT]checkAndChangeView: Reach consensus,org_view=0,org_changeCycle=0,cur_changeCycle=0,to_view=1
info|2019-11-15 19:56:21.038826|[g:1][CONSENSUS][SEALER]++++++++++++++++ Generating seal on,blkNum=8,tx=0,nodeIdx=0,hash=c4dcf055...
info|2019-11-15 19:56:21.044320|[g:1][CONSENSUS][PBFT]checkTimeout Succ,view=1,toView=2,nodeIdx=0,changeCycle=0,myNode=0e7418af...,timecost=0.193
info|2019-11-15 19:56:21.045065|[g:1][CONSENSUS][PBFT]checkAndChangeView: Reach consensus,org_view=1,org_changeCycle=0,cur_changeCycle=0,to_view=2
info|2019-11-15 19:56:22.043786|[g:1][CONSENSUS]addRawPrepare,height=8,reqIdx=1,hash=c87075e1...
info|2019-11-15 19:56:22.044014|[g:1][CONSENSUS][PBFT]checkTimeout Succ,view=2,toView=3,nodeIdx=0,changeCycle=0,myNode=0e7418af...,timecost=0.206
info|2019-11-15 19:56:22.088149|[g:1][CONSENSUS][PBFT]checkAndChangeView: Reach consensus,org_view=2,org_changeCycle=0,cur_changeCycle=0,to_view=3
info|2019-11-15 19:56:23.049820|[g:1][CONSENSUS]addRawPrepare,height=8,reqIdx=2,hash=60dfa2e8...
info|2019-11-15 19:56:23.050011|[g:1][CONSENSUS][PBFT]checkTimeout Succ,view=3,toView=4,nodeIdx=0,changeCycle=0,myNode=0e7418af...,timecost=0.168
info|2019-11-15 19:56:23.051638|[g:1][CONSENSUS][PBFT]checkAndChangeView: Reach consensus,org_view=3,org_changeCycle=0,cur_changeCycle=0,to_view=4
info|2019-11-15 19:56:24.053073|[g:1][CONSENSUS]addRawPrepare,height=8,reqIdx=3,hash=18ee4784...
info|2019-11-15 19:56:24.053394|[g:1][CONSENSUS][PBFT]checkTimeout Succ,view=4,toView=5,nodeIdx=0,changeCycle=0,myNode=0e7418af...,timecost=0.271
info|2019-11-15 19:56:24.061003|[g:1][CONSENSUS][PBFT]checkAndChangeView: Reach consensus,org_view=4,org_changeCycle=0,cur_changeCycle=0,to_view=5
info|2019-11-15 19:56:25.061840|[g:1][CONSENSUS][SEALER]++++++++++++++++ Generating seal on,blkNum=8,tx=0,nodeIdx=0,hash=a55ce8ad...
info|2019-11-15 19:56:25.071816|[g:1][CONSENSUS][PBFT]checkTimeout Succ,view=5,toView=6,nodeIdx=0,changeCycle=0,myNode=0e7418af...,timecost=0.179
info|2019-11-15 19:56:25.072857|[g:1][CONSENSUS][PBFT]checkAndChangeView: Reach consensus,org_view=5,org_changeCycle=0,cur_changeCycle=0,to_view=6
info|2019-11-15 19:56:26.066786|[g:1][CONSENSUS]addRawPrepare,height=8,reqIdx=1,hash=049ed919...
info|2019-11-15 19:56:26.066985|[g:1][CONSENSUS][PBFT]checkTimeout Succ,view=6,toView=7,nodeIdx=0,changeCycle=0,myNode=0e7418af...,timecost=0.177
info|2019-11-15 19:56:26.108009|[g:1][CONSENSUS][PBFT]checkAndChangeView: Reach consensus,org_view=6,org_changeCycle=0,cur_changeCycle=0,to_view=7
info|2019-11-15 19:56:27.077809|[g:1][CONSENSUS]addRawPrepare,height=8,reqIdx=2,hash=a0c5b69f...
info|2019-11-15 19:56:27.078102|[g:1][CONSENSUS][PBFT]checkTimeout Succ,view=7,toView=8,nodeIdx=0,changeCycle=0,myNode=0e7418af...,timecost=0.271
info|2019-11-15 19:56:27.083389|[g:1][CONSENSUS][PBFT]checkAndChangeView: Reach consensus,org_view=7,org_changeCycle=0,cur_changeCycle=0,to_view=8
info|2019-11-15 19:56:28.084929|[g:1][CONSENSUS]addRawPrepare,height=8,reqIdx=3,hash=22432fae...
info|2019-11-15 19:56:28.085253|[g:1][CONSENSUS][PBFT]checkTimeout Succ,view=8,toView=9,nodeIdx=0,changeCycle=0,myNode=0e7418af...,timecost=0.271
info|2019-11-15 19:56:28.097419|[g:1][CONSENSUS][PBFT]checkAndChangeView: Reach consensus,org_view=8,org_changeCycle=0,cur_changeCycle=0,to_view=9
info|2019-11-15 19:56:28.572664|[NETWORK][Host]P2P Recv Connect, From=127.0.0.1:33346
info|2019-11-15 19:56:28.572706|[NETWORK][Host]P2P StartAccept,Host=0.0.0.0:30302
info|2019-11-15 19:56:28.600201|[NETWORK][Host]Connecting to node,endpoint=127.0.0.1:30301
info|2019-11-15 19:56:28.600280|[P2P][Service] heartBeat,connected count=2
info|2019-11-15 19:56:28.600350|[NETWORK][ASIO]asyncResolveConnect,endpoint=127.0.0.1:30301
info|2019-11-15 19:56:28.632342|[P2P][Service] Connection established,nodeID=ad4f9855...,endpoint=127.0.0.1:33346
info|2019-11-15 19:56:28.632368|[NETWORK][Host]startPeerSession, From=127.0.0.1:33346,nodeID=ad4f9855...
info|2019-11-15 19:56:28.662580|[NETWORK][Host]startPeerSession, From=127.0.0.1:30301,nodeID=ad4f9855...
warning|2019-11-15 19:56:28.693408|[SYNC][id:0e7418af...][Status]Peer data not found,nodeId=ad4f9855...
info|2019-11-15 19:56:29.097586|[g:1][CONSENSUS][SEALER]++++++++++++++++ Generating seal on,blkNum=8,tx=0,nodeIdx=0,hash=dcffb5d4...
info|2019-11-15 19:56:29.109397|[g:1][CONSENSUS][PBFT]checkTimeout Succ,view=9,toView=10,nodeIdx=0,changeCycle=0,myNode=0e7418af...,timecost=0.292
info|2019-11-15 19:56:29.111515|[g:1][CONSENSUS][PBFT]checkAndChangeView: Reach consensus,org_view=9,org_changeCycle=0,cur_changeCycle=0,to_view=10
info|2019-11-15 19:56:30.105858|[g:1][CONSENSUS]addRawPrepare,height=8,reqIdx=1,hash=20988210...
info|2019-11-15 19:56:30.106064|[g:1][CONSENSUS][PBFT]checkTimeout Succ,view=10,toView=11,nodeIdx=0,changeCycle=0,myNode=0e7418af...,timecost=0.184
info|2019-11-15 19:56:30.107642|[g:1][CONSENSUS][PBFT]checkAndChangeView: Reach consensus,org_view=10,org_changeCycle=0,cur_changeCycle=0,to_view=11
info|2019-11-15 19:56:31.109303|[g:1][CONSENSUS]addRawPrepare,height=8,reqIdx=2,hash=fd1a0575...
info|2019-11-15 19:56:31.109554|[g:1][CONSENSUS][PBFT]checkTimeout Succ,view=11,toView=12,nodeIdx=0,changeCycle=0,myNode=0e7418af...,timecost=0.187
info|2019-11-15 19:56:31.112720|[g:1][CONSENSUS][PBFT]checkAndChangeView: Reach consensus,org_view=11,org_changeCycle=0,cur_changeCycle=0,to_view=12
info|2019-11-15 19:56:32.117560|[g:1][CONSENSUS]addRawPrepare,height=8,reqIdx=3,hash=6f2d4adc...
info|2019-11-15 19:56:32.117802|[g:1][CONSENSUS][PBFT]checkTimeout Succ,view=12,toView=13,nodeIdx=0,changeCycle=0,myNode=0e7418af...,timecost=0.177
info|2019-11-15 19:56:32.123375|[g:1][CONSENSUS][PBFT]checkAndChangeView: Reach consensus,org_view=12,org_changeCycle=0,cur_changeCycle=0,to_view=13
info|2019-11-15 19:56:33.135189|[g:1][CONSENSUS][SEALER]++++++++++++++++ Generating seal on,blkNum=8,tx=0,nodeIdx=0,hash=2059217f...
info|2019-11-15 19:56:33.144058|[g:1][CONSENSUS][PBFT]checkTimeout Succ,view=13,toView=14,nodeIdx=0,changeCycle=0,myNode=0e7418af...,timecost=0.186
info|2019-11-15 19:56:33.144918|[g:1][CONSENSUS][PBFT]checkAndChangeView: Reach consensus,org_view=13,org_changeCycle=0,cur_changeCycle=0,to_view=14
info|2019-11-15 19:56:34.145529|[g:1][CONSENSUS][PBFT]Trigger fast-viewchange,view=14,toView=14,minView=15,INFO=,reqNum=7,curNum=7,GenIdx=2,Cview=15,view=14,fromIdx=2,fromNode=ad4f9855...,fromIp=127.0.0.1:33346,hash=41ea9ad1...,nodeIdx=0,myNode=0e7418af...
info|2019-11-15 19:56:34.145774|[g:1][CONSENSUS][PBFT]checkAndChangeView: Reach consensus,org_view=14,org_changeCycle=0,cur_changeCycle=0,to_view=15
info|2019-11-15 19:56:34.145781|[g:1][CONSENSUS][PBFT]checkTimeout Succ,view=15,toView=15,nodeIdx=0,changeCycle=0,myNode=0e7418af...,timecost=0.21
info|2019-11-15 19:56:35.154270|[g:1][CONSENSUS]addRawPrepare,height=8,reqIdx=2,hash=dd604d94...
info|2019-11-15 19:56:35.154575|[g:1][CONSENSUS][PBFT]checkTimeout Succ,view=15,toView=16,nodeIdx=0,changeCycle=0,myNode=0e7418af...,timecost=0.239
info|2019-11-15 19:56:35.158484|[g:1][CONSENSUS][PBFT]checkAndChangeView: Reach consensus,org_view=15,org_changeCycle=0,cur_changeCycle=0,to_view=16
info|2019-11-15 19:56:36.163490|[g:1][CONSENSUS]addRawPrepare,height=8,reqIdx=3,hash=53e7f820...
info|2019-11-15 19:56:36.166253|[g:1][CONSENSUS][PBFT]checkTimeout Succ,view=16,toView=17,nodeIdx=0,changeCycle=0,myNode=0e7418af...,timecost=2.696
info|2019-11-15 19:56:36.166854|[g:1][CONSENSUS][PBFT]checkAndChangeView: Reach consensus,org_view=16,org_changeCycle=0,cur_changeCycle=0,to_view=17
info|2019-11-15 19:56:37.167096|[g:1][CONSENSUS][SEALER]++++++++++++++++ Generating seal on,blkNum=8,tx=0,nodeIdx=0,hash=a00c7106...
info|2019-11-15 19:56:37.178004|[g:1][CONSENSUS][PBFT]checkTimeout Succ,view=17,toView=18,nodeIdx=0,changeCycle=0,myNode=0e7418af...,timecost=0.231
info|2019-11-15 19:56:37.179211|[g:1][CONSENSUS][PBFT]checkAndChangeView: Reach consensus,org_view=17,org_changeCycle=0,cur_changeCycle=0,to_view=18
info|2019-11-15 19:56:38.175069|[g:1][CONSENSUS]addRawPrepare,height=8,reqIdx=1,hash=b1761027...
info|2019-11-15 19:56:38.175282|[g:1][CONSENSUS][PBFT]checkTimeout Succ,view=18,toView=19,nodeIdx=0,changeCycle=0,myNode=0e7418af...,timecost=0.186
info|2019-11-15 19:56:38.177596|[g:1][CONSENSUS][PBFT]checkAndChangeView: Reach consensus,org_view=18,org_changeCycle=0,cur_changeCycle=0,to_view=19
info|2019-11-15 19:56:38.600525|[P2P][Service] heartBeat,connected count=3
info|2019-11-15 19:56:39.179864|[g:1][CONSENSUS]addRawPrepare,height=8,reqIdx=2,hash=17ab02a8...
info|2019-11-15 19:56:39.182312|[g:1][CONSENSUS][PBFT]checkTimeout Succ,view=19,toView=20,nodeIdx=0,changeCycle=0,myNode=0e7418af...,timecost=2.378
info|2019-11-15 19:56:39.184617|[g:1][CONSENSUS][PBFT]checkAndChangeView: Reach consensus,org_view=19,org_changeCycle=0,cur_changeCycle=0,to_view=20
info|2019-11-15 19:56:40.185300|[g:1][CONSENSUS]addRawPrepare,height=8,reqIdx=3,hash=07efeac9...
info|2019-11-15 19:56:40.185559|[g:1][CONSENSUS][PBFT]checkTimeout Succ,view=20,toView=21,nodeIdx=0,changeCycle=0,myNode=0e7418af...,timecost=0.181
info|2019-11-15 19:56:40.189604|[g:1][CONSENSUS][PBFT]checkAndChangeView: Reach consensus,org_view=20,org_changeCycle=0,cur_changeCycle=0,to_view=21
info|2019-11-15 19:56:41.190281|[g:1][CONSENSUS][SEALER]++++++++++++++++ Generating seal on,blkNum=8,tx=0,nodeIdx=0,hash=c457eb80...
info|2019-11-15 19:56:41.196481|[g:1][CONSENSUS][PBFT]checkTimeout Succ,view=21,toView=22,nodeIdx=0,changeCycle=0,myNode=0e7418af...,timecost=0.186
info|2019-11-15 19:56:41.197648|[g:1][CONSENSUS][PBFT]checkAndChangeView: Reach consensus,org_view=21,org_changeCycle=0,cur_changeCycle=0,to_view=22
info|2019-11-15 19:56:42.195445|[g:1][CONSENSUS]addRawPrepare,height=8,reqIdx=1,hash=882b7d33...
info|2019-11-15 19:56:42.197459|[g:1][CONSENSUS][PBFT]checkTimeout Succ,view=22,toView=23,nodeIdx=0,changeCycle=0,myNode=0e7418af...,timecost=1.969
info|2019-11-15 19:56:42.198082|[g:1][CONSENSUS][PBFT]checkAndChangeView: Reach consensus,org_view=22,org_changeCycle=0,cur_changeCycle=0,to_view=23
info|2019-11-15 19:56:43.198664|[g:1][CONSENSUS]addRawPrepare,height=8,reqIdx=2,hash=fd8cb587...
info|2019-11-15 19:56:43.198952|[g:1][CONSENSUS][PBFT]checkTimeout Succ,view=23,toView=24,nodeIdx=0,changeCycle=0,myNode=0e7418af...,timecost=0.201
info|2019-11-15 19:56:43.202329|[g:1][CONSENSUS][PBFT]checkAndChangeView: Reach consensus,org_view=23,org_changeCycle=0,cur_changeCycle=0,to_view=24
info|2019-11-15 19:56:44.204755|[g:1][CONSENSUS]addRawPrepare,height=8,reqIdx=3,hash=69c71400...
info|2019-11-15 19:56:44.204999|[g:1][CONSENSUS][PBFT]checkTimeout Succ,view=24,toView=25,nodeIdx=0,changeCycle=0,myNode=0e7418af...,timecost=0.178
info|2019-11-15 19:56:44.209456|[g:1][CONSENSUS][PBFT]checkAndChangeView: Reach consensus,org_view=24,org_changeCycle=0,cur_changeCycle=0,to_view=25
info|2019-11-15 19:56:45.209325|[g:1][CONSENSUS][SEALER]++++++++++++++++ Generating seal on,blkNum=8,tx=0,nodeIdx=0,hash=51090043...
info|2019-11-15 19:56:45.215154|[g:1][CONSENSUS][PBFT]checkTimeout Succ,view=25,toView=26,nodeIdx=0,changeCycle=0,myNode=0e7418af...,timecost=0.194
info|2019-11-15 19:56:45.216145|[g:1][CONSENSUS][PBFT]checkAndChangeView: Reach consensus,org_view=25,org_changeCycle=0,cur_changeCycle=0,to_view=26
info|2019-11-15 19:56:46.214644|[g:1][CONSENSUS]addRawPrepare,height=8,reqIdx=1,hash=68ea73ed...
info|2019-11-15 19:56:46.214871|[g:1][CONSENSUS][PBFT]checkTimeout Succ,view=26,toView=27,nodeIdx=0,changeCycle=0,myNode=0e7418af...,timecost=0.187
info|2019-11-15 19:56:46.220392|[g:1][CONSENSUS][PBFT]checkAndChangeView: Reach consensus,org_view=26,org_changeCycle=0,cur_changeCycle=0,to_view=27
info|2019-11-15 19:56:47.222111|[g:1][CONSENSUS]addRawPrepare,height=8,reqIdx=2,hash=6c1511a1...
info|2019-11-15 19:56:47.222365|[g:1][CONSENSUS][PBFT]checkTimeout Succ,view=27,toView=28,nodeIdx=0,changeCycle=0,myNode=0e7418af...,timecost=0.186
info|2019-11-15 19:56:47.225944|[g:1][CONSENSUS][PBFT]checkAndChangeView: Reach consensus,org_view=27,org_changeCycle=0,cur_changeCycle=0,to_view=28
info|2019-11-15 19:56:48.227220|[g:1][CONSENSUS]addRawPrepare,height=8,reqIdx=3,hash=957ece48...
info|2019-11-15 19:56:48.227496|[g:1][CONSENSUS][PBFT]checkTimeout Succ,view=28,toView=29,nodeIdx=0,changeCycle=0,myNode=0e7418af...,timecost=0.178
info|2019-11-15 19:56:48.231070|[g:1][CONSENSUS][PBFT]checkAndChangeView: Reach consensus,org_view=28,org_changeCycle=0,cur_changeCycle=0,to_view=29
info|2019-11-15 19:56:48.600661|[P2P][Service] heartBeat,connected count=3
info|2019-11-15 19:56:49.232688|[g:1][CONSENSUS][SEALER]++++++++++++++++ Generating seal on,blkNum=8,tx=0,nodeIdx=0,hash=a7f9fd98...
info|2019-11-15 19:56:49.240142|[g:1][CONSENSUS][PBFT]checkTimeout Succ,view=29,toView=30,nodeIdx=0,changeCycle=0,myNode=0e7418af...,timecost=0.201
info|2019-11-15 19:56:49.242750|[g:1][CONSENSUS][PBFT]checkAndChangeView: Reach consensus,org_view=29,org_changeCycle=0,cur_changeCycle=0,to_view=30
info|2019-11-15 19:56:50.255092|[g:1][CONSENSUS]addRawPrepare,height=8,reqIdx=1,hash=d6068aec...
info|2019-11-15 19:56:50.255375|[g:1][CONSENSUS][PBFT]checkTimeout Succ,view=30,toView=31,nodeIdx=0,changeCycle=0,myNode=0e7418af...,timecost=0.215
info|2019-11-15 19:56:50.262824|[g:1][CONSENSUS][PBFT]checkAndChangeView: Reach consensus,org_view=30,org_changeCycle=0,cur_changeCycle=0,to_view=31
info|2019-11-15 19:56:51.271480|[g:1][CONSENSUS]addRawPrepare,height=8,reqIdx=2,hash=df8c5f2f...
info|2019-11-15 19:56:51.277344|[g:1][CONSENSUS][PBFT]checkTimeout Succ,view=31,toView=32,nodeIdx=0,changeCycle=0,myNode=0e7418af...,timecost=5.789
info|2019-11-15 19:56:51.278008|[g:1][CONSENSUS][PBFT]checkAndChangeView: Reach consensus,org_view=31,org_changeCycle=0,cur_changeCycle=0,to_view=32
info|2019-11-15 19:56:52.284498|[g:1][CONSENSUS]addRawPrepare,height=8,reqIdx=3,hash=32eb67b2...
info|2019-11-15 19:56:52.284781|[g:1][CONSENSUS][PBFT]checkTimeout Succ,view=32,toView=33,nodeIdx=0,changeCycle=0,myNode=0e7418af...,timecost=0.191
info|2019-11-15 19:56:52.287627|[g:1][CONSENSUS][PBFT]checkAndChangeView: Reach consensus,org_view=32,org_changeCycle=0,cur_changeCycle=0,to_view=33
info|2019-11-15 19:56:53.288261|[g:1][CONSENSUS][SEALER]++++++++++++++++ Generating seal on,blkNum=8,tx=0,nodeIdx=0,hash=8aeb8aaa...
info|2019-11-15 19:56:53.294201|[g:1][CONSENSUS][PBFT]checkTimeout Succ,view=33,toView=34,nodeIdx=0,changeCycle=0,myNode=0e7418af...,timecost=0.204
info|2019-11-15 19:56:53.295196|[g:1][CONSENSUS][PBFT]checkAndChangeView: Reach consensus,org_view=33,org_changeCycle=0,cur_changeCycle=0,to_view=34
info|2019-11-15 19:56:54.295536|[g:1][CONSENSUS]addRawPrepare,height=8,reqIdx=1,hash=0b043961...
info|2019-11-15 19:56:54.302397|[g:1][CONSENSUS][PBFT]checkTimeout Succ,view=34,toView=35,nodeIdx=0,changeCycle=0,myNode=0e7418af...,timecost=6.798
info|2019-11-15 19:56:54.307740|[g:1][CONSENSUS][PBFT]checkAndChangeView: Reach consensus,org_view=34,org_changeCycle=0,cur_changeCycle=0,to_view=35
info|2019-11-15 19:56:55.310629|[g:1][CONSENSUS]addRawPrepare,height=8,reqIdx=2,hash=f2c4e9e3...
info|2019-11-15 19:56:55.310870|[g:1][CONSENSUS][PBFT]checkTimeout Succ,view=35,toView=36,nodeIdx=0,changeCycle=0,myNode=0e7418af...,timecost=0.176
info|2019-11-15 19:56:55.318222|[g:1][CONSENSUS][PBFT]checkAndChangeView: Reach consensus,org_view=35,org_changeCycle=0,cur_changeCycle=0,to_view=36
info|2019-11-15 19:56:56.323741|[g:1][CONSENSUS]addRawPrepare,height=8,reqIdx=3,hash=e104edad...
info|2019-11-15 19:56:56.338277|[g:1][CONSENSUS][PBFT]checkTimeout Succ,view=36,toView=37,nodeIdx=0,changeCycle=0,myNode=0e7418af...,timecost=0.631
info|2019-11-15 19:56:56.338971|[g:1][CONSENSUS][PBFT]checkAndChangeView: Reach consensus,org_view=36,org_changeCycle=0,cur_changeCycle=0,to_view=37
info|2019-11-15 19:56:57.340024|[g:1][CONSENSUS][SEALER]++++++++++++++++ Generating seal on,blkNum=8,tx=0,nodeIdx=0,hash=4ebba028...
info|2019-11-15 19:56:57.340717|[g:1][CONSENSUS][PBFT]checkTimeout Succ,view=37,toView=38,nodeIdx=0,changeCycle=0,myNode=0e7418af...,timecost=0.201
info|2019-11-15 19:56:57.347274|[g:1][CONSENSUS][PBFT]checkAndChangeView: Reach consensus,org_view=37,org_changeCycle=0,cur_changeCycle=0,to_view=38
info|2019-11-15 19:56:58.366707|[g:1][CONSENSUS]addRawPrepare,height=8,reqIdx=1,hash=36091c1a...
info|2019-11-15 19:56:58.367083|[g:1][CONSENSUS][PBFT]checkTimeout Succ,view=38,toView=39,nodeIdx=0,changeCycle=0,myNode=0e7418af...,timecost=0.346
info|2019-11-15 19:56:58.387822|[g:1][CONSENSUS][PBFT]checkAndChangeView: Reach consensus,org_view=38,org_changeCycle=0,cur_changeCycle=0,to_view=39
info|2019-11-15 19:56:58.601164|[P2P][Service] heartBeat,connected count=3
info|2019-11-15 19:56:59.389843|[g:1][CONSENSUS]addRawPrepare,height=8,reqIdx=2,hash=ec916979...
info|2019-11-15 19:56:59.390102|[g:1][CONSENSUS][PBFT]checkTimeout Succ,view=39,toView=40,nodeIdx=0,changeCycle=0,myNode=0e7418af...,timecost=0.185
info|2019-11-15 19:56:59.406376|[g:1][CONSENSUS][PBFT]checkAndChangeView: Reach consensus,org_view=39,org_changeCycle=0,cur_changeCycle=0,to_view=40
info|2019-11-15 19:57:00.411680|[g:1][CONSENSUS]addRawPrepare,height=8,reqIdx=3,hash=d0156f83...
info|2019-11-15 19:57:00.411935|[g:1][CONSENSUS][PBFT]checkTimeout Succ,view=40,toView=41,nodeIdx=0,changeCycle=0,myNode=0e7418af...,timecost=0.184
info|2019-11-15 19:57:00.417538|[g:1][CONSENSUS][PBFT]checkAndChangeView: Reach consensus,org_view=40,org_changeCycle=0,cur_changeCycle=0,to_view=41
info|2019-11-15 19:57:01.420523|[g:1][CONSENSUS][SEALER]++++++++++++++++ Generating seal on,blkNum=8,tx=0,nodeIdx=0,hash=94b6e2d7...
info|2019-11-15 19:57:01.426427|[g:1][CONSENSUS][PBFT]checkTimeout Succ,view=41,toView=42,nodeIdx=0,changeCycle=0,myNode=0e7418af...,timecost=0.189
info|2019-11-15 19:57:01.426971|[g:1][CONSENSUS][PBFT]checkAndChangeView: Reach consensus,org_view=41,org_changeCycle=0,cur_changeCycle=0,to_view=42
info|2019-11-15 19:57:02.440547|[g:1][CONSENSUS]addRawPrepare,height=8,reqIdx=1,hash=0194dffc...
info|2019-11-15 19:57:02.440800|[g:1][CONSENSUS][PBFT]checkTimeout Succ,view=42,toView=43,nodeIdx=0,changeCycle=0,myNode=0e7418af...,timecost=0.187
info|2019-11-15 19:57:02.446878|[g:1][CONSENSUS][PBFT]checkAndChangeView: Reach consensus,org_view=42,org_changeCycle=0,cur_changeCycle=0,to_view=43
info|2019-11-15 19:57:03.453530|[g:1][CONSENSUS]addRawPrepare,height=8,reqIdx=2,hash=673bd204...
info|2019-11-15 19:57:03.453772|[g:1][CONSENSUS][PBFT]checkTimeout Succ,view=43,toView=44,nodeIdx=0,changeCycle=0,myNode=0e7418af...,timecost=0.176
info|2019-11-15 19:57:03.462606|[g:1][CONSENSUS][PBFT]checkAndChangeView: Reach consensus,org_view=43,org_changeCycle=0,cur_changeCycle=0,to_view=44
info|2019-11-15 19:57:04.464540|[g:1][CONSENSUS]addRawPrepare,height=8,reqIdx=3,hash=7276fbce...
info|2019-11-15 19:57:04.464825|[g:1][CONSENSUS][PBFT]checkTimeout Succ,view=44,toView=45,nodeIdx=0,changeCycle=0,myNode=0e7418af...,timecost=0.209
info|2019-11-15 19:57:04.478534|[g:1][CONSENSUS][PBFT]checkAndChangeView: Reach consensus,org_view=44,org_changeCycle=0,cur_changeCycle=0,to_view=45
info|2019-11-15 19:57:05.479924|[g:1][CONSENSUS][SEALER]++++++++++++++++ Generating seal on,blkNum=8,tx=0,nodeIdx=0,hash=65dfa88e...
info|2019-11-15 19:57:05.480410|[g:1][CONSENSUS][PBFT]checkTimeout Succ,view=45,toView=46,nodeIdx=0,changeCycle=0,myNode=0e7418af...,timecost=0.185
info|2019-11-15 19:57:05.491307|[g:1][CONSENSUS][PBFT]checkAndChangeView: Reach consensus,org_view=45,org_changeCycle=0,cur_changeCycle=0,to_view=46
info|2019-11-15 19:57:06.499461|[g:1][CONSENSUS]addRawPrepare,height=8,reqIdx=1,hash=1d59e32e...
info|2019-11-15 19:57:06.499694|[g:1][CONSENSUS][PBFT]checkTimeout Succ,view=46,toView=47,nodeIdx=0,changeCycle=0,myNode=0e7418af...,timecost=0.174
info|2019-11-15 19:57:06.511760|[g:1][CONSENSUS][PBFT]checkAndChangeView: Reach consensus,org_view=46,org_changeCycle=0,cur_changeCycle=0,to_view=47
info|2019-11-15 19:57:07.516000|[g:1][CONSENSUS]addRawPrepare,height=8,reqIdx=2,hash=3f1d4f8b...
info|2019-11-15 19:57:07.525788|[g:1][CONSENSUS][PBFT]checkTimeout Succ,view=47,toView=48,nodeIdx=0,changeCycle=0,myNode=0e7418af...,timecost=4.254
info|2019-11-15 19:57:07.526511|[g:1][CONSENSUS][PBFT]checkAndChangeView: Reach consensus,org_view=47,org_changeCycle=0,cur_changeCycle=0,to_view=48
info|2019-11-15 19:57:08.535646|[g:1][CONSENSUS]addRawPrepare,height=8,reqIdx=3,hash=0e7bee8e...
info|2019-11-15 19:57:08.545917|[g:1][CONSENSUS][PBFT]checkTimeout Succ,view=48,toView=49,nodeIdx=0,changeCycle=0,myNode=0e7418af...,timecost=10.205
info|2019-11-15 19:57:08.546491|[g:1][CONSENSUS][PBFT]checkAndChangeView: Reach consensus,org_view=48,org_changeCycle=0,cur_changeCycle=0,to_view=49
info|2019-11-15 19:57:08.603327|[P2P][Service] heartBeat,connected count=3
info|2019-11-15 19:57:09.547244|[g:1][CONSENSUS][SEALER]++++++++++++++++ Generating seal on,blkNum=8,tx=0,nodeIdx=0,hash=136adde4...
info|2019-11-15 19:57:09.558183|[g:1][CONSENSUS][PBFT]checkTimeout Succ,view=49,toView=50,nodeIdx=0,changeCycle=0,myNode=0e7418af...,timecost=0.207
info|2019-11-15 19:57:09.558725|[g:1][CONSENSUS][PBFT]checkAndChangeView: Reach consensus,org_view=49,org_changeCycle=0,cur_changeCycle=0,to_view=50
info|2019-11-15 19:57:10.573551|[g:1][CONSENSUS]addRawPrepare,height=8,reqIdx=1,hash=4397d83c...
info|2019-11-15 19:57:10.573808|[g:1][CONSENSUS][PBFT]checkTimeout Succ,view=50,toView=51,nodeIdx=0,changeCycle=0,myNode=0e7418af...,timecost=0.184
info|2019-11-15 19:57:10.579526|[g:1][CONSENSUS][PBFT]checkAndChangeView: Reach consensus,org_view=50,org_changeCycle=0,cur_changeCycle=0,to_view=51
info|2019-11-15 19:57:11.589106|[g:1][CONSENSUS]addRawPrepare,height=8,reqIdx=2,hash=237b4372...
info|2019-11-15 19:57:11.589349|[g:1][CONSENSUS][PBFT]checkTimeout Succ,view=51,toView=52,nodeIdx=0,changeCycle=0,myNode=0e7418af...,timecost=0.176
info|2019-11-15 19:57:11.599237|[g:1][CONSENSUS][PBFT]checkAndChangeView: Reach consensus,org_view=51,org_changeCycle=0,cur_changeCycle=0,to_view=52
info|2019-11-15 19:57:12.612401|[g:1][CONSENSUS]addRawPrepare,height=8,reqIdx=3,hash=af744cec...
info|2019-11-15 19:57:12.612641|[g:1][CONSENSUS][PBFT]checkTimeout Succ,view=52,toView=53,nodeIdx=0,changeCycle=0,myNode=0e7418af...,timecost=0.175
info|2019-11-15 19:57:12.613259|[g:1][CONSENSUS][PBFT]checkAndChangeView: Reach consensus,org_view=52,org_changeCycle=0,cur_changeCycle=0,to_view=53
info|2019-11-15 19:57:13.614032|[g:1][CONSENSUS][SEALER]++++++++++++++++ Generating seal on,blkNum=8,tx=0,nodeIdx=0,hash=14997788...
info|2019-11-15 19:57:13.617343|[g:1][CONSENSUS][PBFT]checkTimeout Succ,view=53,toView=54,nodeIdx=0,changeCycle=0,myNode=0e7418af...,timecost=0.214
info|2019-11-15 19:57:13.620673|[g:1][CONSENSUS][PBFT]checkAndChangeView: Reach consensus,org_view=53,org_changeCycle=0,cur_changeCycle=0,to_view=54
info|2019-11-15 19:57:14.623315|[g:1][CONSENSUS]addRawPrepare,height=8,reqIdx=1,hash=8a764729...
info|2019-11-15 19:57:14.623529|[g:1][CONSENSUS][PBFT]checkTimeout Succ,view=54,toView=55,nodeIdx=0,changeCycle=0,myNode=0e7418af...,timecost=0.188
info|2019-11-15 19:57:14.626415|[g:1][CONSENSUS][PBFT]checkAndChangeView: Reach consensus,org_view=54,org_changeCycle=0,cur_changeCycle=0,to_view=55
info|2019-11-15 19:57:15.628350|[g:1][CONSENSUS]addRawPrepare,height=8,reqIdx=2,hash=b7140f9b...
info|2019-11-15 19:57:15.628590|[g:1][CONSENSUS][PBFT]checkTimeout Succ,view=55,toView=56,nodeIdx=0,changeCycle=0,myNode=0e7418af...,timecost=0.176
info|2019-11-15 19:57:15.632521|[g:1][CONSENSUS][PBFT]checkAndChangeView: Reach consensus,org_view=55,org_changeCycle=0,cur_changeCycle=0,to_view=56
info|2019-11-15 19:57:16.635970|[g:1][CONSENSUS]addRawPrepare,height=8,reqIdx=3,hash=d9e856cf...
info|2019-11-15 19:57:16.636223|[g:1][CONSENSUS][PBFT]checkTimeout Succ,view=56,toView=57,nodeIdx=0,changeCycle=0,myNode=0e7418af...,timecost=0.187
info|2019-11-15 19:57:16.640489|[g:1][CONSENSUS][PBFT]checkAndChangeView: Reach consensus,org_view=56,org_changeCycle=0,cur_changeCycle=0,to_view=57
info|2019-11-15 19:57:17.641260|[g:1][CONSENSUS][SEALER]++++++++++++++++ Generating seal on,blkNum=8,tx=0,nodeIdx=0,hash=8d016959...
info|2019-11-15 19:57:17.644568|[g:1][CONSENSUS][PBFT]checkTimeout Succ,view=57,toView=58,nodeIdx=0,changeCycle=0,myNode=0e7418af...,timecost=0.187
info|2019-11-15 19:57:17.645139|[g:1][CONSENSUS][PBFT]checkAndChangeView: Reach consensus,org_view=57,org_changeCycle=0,cur_changeCycle=0,to_view=58
info|2019-11-15 19:57:18.603876|[P2P][Service] heartBeat,connected count=3
info|2019-11-15 19:57:18.647893|[g:1][CONSENSUS]addRawPrepare,height=8,reqIdx=1,hash=56cb8801...
info|2019-11-15 19:57:18.648173|[g:1][CONSENSUS][PBFT]checkTimeout Succ,view=58,toView=59,nodeIdx=0,changeCycle=0,myNode=0e7418af...,timecost=0.218
info|2019-11-15 19:57:18.651611|[g:1][CONSENSUS][PBFT]checkAndChangeView: Reach consensus,org_view=58,org_changeCycle=0,cur_changeCycle=0,to_view=59
info|2019-11-15 19:57:19.656341|[g:1][CONSENSUS]addRawPrepare,height=8,reqIdx=2,hash=80741b7a...
info|2019-11-15 19:57:19.656628|[g:1][CONSENSUS][PBFT]checkTimeout Succ,view=59,toView=60,nodeIdx=0,changeCycle=0,myNode=0e7418af...,timecost=0.191
info|2019-11-15 19:57:19.661687|[g:1][CONSENSUS][PBFT]checkAndChangeView: Reach consensus,org_view=59,org_changeCycle=0,cur_changeCycle=0,to_view=60
info|2019-11-15 19:57:20.666224|[g:1][CONSENSUS]addRawPrepare,height=8,reqIdx=3,hash=88d661ce...
info|2019-11-15 19:57:20.666493|[g:1][CONSENSUS][PBFT]checkTimeout Succ,view=60,toView=61,nodeIdx=0,changeCycle=0,myNode=0e7418af...,timecost=0.177
info|2019-11-15 19:57:20.671587|[g:1][CONSENSUS][PBFT]checkAndChangeView: Reach consensus,org_view=60,org_changeCycle=0,cur_changeCycle=0,to_view=61
info|2019-11-15 19:57:21.671781|[g:1][CONSENSUS][SEALER]++++++++++++++++ Generating seal on,blkNum=8,tx=0,nodeIdx=0,hash=a169360e...
info|2019-11-15 19:57:21.675071|[g:1][CONSENSUS][PBFT]checkTimeout Succ,view=61,toView=62,nodeIdx=0,changeCycle=0,myNode=0e7418af...,timecost=0.193
info|2019-11-15 19:57:21.675670|[g:1][CONSENSUS][PBFT]checkAndChangeView: Reach consensus,org_view=61,org_changeCycle=0,cur_changeCycle=0,to_view=62
info|2019-11-15 19:57:22.678915|[g:1][CONSENSUS]addRawPrepare,height=8,reqIdx=1,hash=49c9da53...
info|2019-11-15 19:57:22.679221|[g:1][CONSENSUS][PBFT]checkTimeout Succ,view=62,toView=63,nodeIdx=0,changeCycle=0,myNode=0e7418af...,timecost=0.244
info|2019-11-15 19:57:22.685185|[g:1][CONSENSUS][PBFT]checkAndChangeView: Reach consensus,org_view=62,org_changeCycle=0,cur_changeCycle=0,to_view=63
info|2019-11-15 19:57:23.688217|[g:1][CONSENSUS]addRawPrepare,height=8,reqIdx=2,hash=a5ee4fa7...
info|2019-11-15 19:57:23.688458|[g:1][CONSENSUS][PBFT]checkTimeout Succ,view=63,toView=64,nodeIdx=0,changeCycle=0,myNode=0e7418af...,timecost=0.176
info|2019-11-15 19:57:23.693587|[g:1][CONSENSUS][PBFT]checkAndChangeView: Reach consensus,org_view=63,org_changeCycle=0,cur_changeCycle=0,to_view=64
info|2019-11-15 19:57:24.693815|[g:1][CONSENSUS]addRawPrepare,height=8,reqIdx=3,hash=8c223acb...
info|2019-11-15 19:57:24.694117|[g:1][CONSENSUS][PBFT]checkTimeout Succ,view=64,toView=65,nodeIdx=0,changeCycle=0,myNode=0e7418af...,timecost=0.229
info|2019-11-15 19:57:24.698604|[g:1][CONSENSUS][PBFT]checkAndChangeView: Reach consensus,org_view=64,org_changeCycle=0,cur_changeCycle=0,to_view=65
info|2019-11-15 19:57:25.698914|[g:1][CONSENSUS][SEALER]++++++++++++++++ Generating seal on,blkNum=8,tx=0,nodeIdx=0,hash=e801e8b7...
info|2019-11-15 19:57:25.699734|[g:1][CONSENSUS][PBFT]checkTimeout Succ,view=65,toView=66,nodeIdx=0,changeCycle=0,myNode=0e7418af...,timecost=0.223
info|2019-11-15 19:57:25.704372|[g:1][CONSENSUS][PBFT]checkAndChangeView: Reach consensus,org_view=65,org_changeCycle=0,cur_changeCycle=0,to_view=66
info|2019-11-15 19:57:26.708937|[g:1][CONSENSUS]addRawPrepare,height=8,reqIdx=1,hash=f29e6fb3...
info|2019-11-15 19:57:26.709307|[g:1][CONSENSUS][PBFT]checkTimeout Succ,view=66,toView=67,nodeIdx=0,changeCycle=0,myNode=0e7418af...,timecost=0.301
info|2019-11-15 19:57:26.714715|[g:1][CONSENSUS][PBFT]checkAndChangeView: Reach consensus,org_view=66,org_changeCycle=0,cur_changeCycle=0,to_view=67
info|2019-11-15 19:57:27.716229|[g:1][CONSENSUS]addRawPrepare,height=8,reqIdx=2,hash=a953fc1b...
info|2019-11-15 19:57:27.716471|[g:1][CONSENSUS][PBFT]checkTimeout Succ,view=67,toView=68,nodeIdx=0,changeCycle=0,myNode=0e7418af...,timecost=0.177
info|2019-11-15 19:57:27.720490|[g:1][CONSENSUS][PBFT]checkAndChangeView: Reach consensus,org_view=67,org_changeCycle=0,cur_changeCycle=0,to_view=68
info|2019-11-15 19:57:28.605346|[P2P][Service] heartBeat,connected count=3
info|2019-11-15 19:57:28.723042|[g:1][CONSENSUS]addRawPrepare,height=8,reqIdx=3,hash=b965393a...
info|2019-11-15 19:57:28.723312|[g:1][CONSENSUS][PBFT]checkTimeout Succ,view=68,toView=69,nodeIdx=0,changeCycle=0,myNode=0e7418af...,timecost=0.188
info|2019-11-15 19:57:28.729371|[g:1][CONSENSUS][PBFT]checkAndChangeView: Reach consensus,org_view=68,org_changeCycle=0,cur_changeCycle=0,to_view=69
info|2019-11-15 19:57:29.730355|[g:1][CONSENSUS][SEALER]++++++++++++++++ Generating seal on,blkNum=8,tx=0,nodeIdx=0,hash=4176a7f0...
info|2019-11-15 19:57:29.731004|[g:1][CONSENSUS][PBFT]checkTimeout Succ,view=69,toView=70,nodeIdx=0,changeCycle=0,myNode=0e7418af...,timecost=0.244
info|2019-11-15 19:57:29.735493|[g:1][CONSENSUS][PBFT]checkAndChangeView: Reach consensus,org_view=69,org_changeCycle=0,cur_changeCycle=0,to_view=70
info|2019-11-15 19:57:30.741110|[g:1][CONSENSUS]addRawPrepare,height=8,reqIdx=1,hash=bceac63a...
info|2019-11-15 19:57:30.741450|[g:1][CONSENSUS][PBFT]checkTimeout Succ,view=70,toView=71,nodeIdx=0,changeCycle=0,myNode=0e7418af...,timecost=0.21
info|2019-11-15 19:57:30.747809|[g:1][CONSENSUS][PBFT]checkAndChangeView: Reach consensus,org_view=70,org_changeCycle=0,cur_changeCycle=0,to_view=71
info|2019-11-15 19:57:31.747783|[g:1][CONSENSUS]addRawPrepare,height=8,reqIdx=2,hash=a2e31a6f...
info|2019-11-15 19:57:31.751650|[g:1][CONSENSUS][PBFT]checkTimeout Succ,view=71,toView=72,nodeIdx=0,changeCycle=0,myNode=0e7418af...,timecost=3.79
info|2019-11-15 19:57:31.752394|[g:1][CONSENSUS][PBFT]checkAndChangeView: Reach consensus,org_view=71,org_changeCycle=0,cur_changeCycle=0,to_view=72
info|2019-11-15 19:57:32.760127|[g:1][CONSENSUS]addRawPrepare,height=8,reqIdx=3,hash=74e839e5...
info|2019-11-15 19:57:32.767648|[g:1][CONSENSUS][PBFT]checkTimeout Succ,view=72,toView=73,nodeIdx=0,changeCycle=0,myNode=0e7418af...,timecost=7.461
info|2019-11-15 19:57:32.768219|[g:1][CONSENSUS][PBFT]checkAndChangeView: Reach consensus,org_view=72,org_changeCycle=0,cur_changeCycle=0,to_view=73
info|2019-11-15 19:57:33.769715|[g:1][CONSENSUS][SEALER]++++++++++++++++ Generating seal on,blkNum=8,tx=0,nodeIdx=0,hash=ceae1fde...
info|2019-11-15 19:57:33.773015|[g:1][CONSENSUS][PBFT]checkTimeout Succ,view=73,toView=74,nodeIdx=0,changeCycle=0,myNode=0e7418af...,timecost=0.185
info|2019-11-15 19:57:33.773575|[g:1][CONSENSUS][PBFT]checkAndChangeView: Reach consensus,org_view=73,org_changeCycle=0,cur_changeCycle=0,to_view=74
info|2019-11-15 19:57:33.816875|[NETWORK][Session]Received topic: [2	_block_notify_1] from 32db7d10e2c7fa645891f0943ad88c87f7d0ec66500b45632d53889d72ca80f2077a9280acde028f225f75af346a3fa4f75e37d8b596c2d5eb444c7bc283f925
info|2019-11-15 19:57:34.779983|[g:1][CONSENSUS]addRawPrepare,height=8,reqIdx=1,hash=d042f2f6...
info|2019-11-15 19:57:34.780243|[g:1][CONSENSUS][PBFT]checkTimeout Succ,view=74,toView=75,nodeIdx=0,changeCycle=0,myNode=0e7418af...,timecost=0.187
info|2019-11-15 19:57:34.786030|[g:1][CONSENSUS][PBFT]checkAndChangeView: Reach consensus,org_view=74,org_changeCycle=0,cur_changeCycle=0,to_view=75
info|2019-11-15 19:57:35.786274|[g:1][CONSENSUS]addRawPrepare,height=8,reqIdx=2,hash=828318af...
info|2019-11-15 19:57:35.786513|[g:1][CONSENSUS][PBFT]checkTimeout Succ,view=75,toView=76,nodeIdx=0,changeCycle=0,myNode=0e7418af...,timecost=0.178
info|2019-11-15 19:57:35.798273|[g:1][CONSENSUS][PBFT]checkAndChangeView: Reach consensus,org_view=75,org_changeCycle=0,cur_changeCycle=0,to_view=76
info|2019-11-15 19:57:36.803905|[g:1][CONSENSUS]addRawPrepare,height=8,reqIdx=3,hash=1850639b...
info|2019-11-15 19:57:36.804178|[g:1][CONSENSUS][PBFT]checkTimeout Succ,view=76,toView=77,nodeIdx=0,changeCycle=0,myNode=0e7418af...,timecost=0.196
info|2019-11-15 19:57:36.808331|[g:1][CONSENSUS][PBFT]checkAndChangeView: Reach consensus,org_view=76,org_changeCycle=0,cur_changeCycle=0,to_view=77
info|2019-11-15 19:57:37.813871|[g:1][CONSENSUS][SEALER]++++++++++++++++ Generating seal on,blkNum=8,tx=0,nodeIdx=0,hash=5ee5b3d0...
info|2019-11-15 19:57:37.814536|[g:1][CONSENSUS][PBFT]checkTimeout Succ,view=77,toView=78,nodeIdx=0,changeCycle=0,myNode=0e7418af...,timecost=0.233
info|2019-11-15 19:57:37.822331|[g:1][CONSENSUS][PBFT]checkAndChangeView: Reach consensus,org_view=77,org_changeCycle=0,cur_changeCycle=0,to_view=78
info|2019-11-15 19:57:38.605837|[P2P][Service] heartBeat,connected count=3
info|2019-11-15 19:57:38.832411|[g:1][CONSENSUS]addRawPrepare,height=8,reqIdx=1,hash=636c207c...
info|2019-11-15 19:57:38.832663|[g:1][CONSENSUS][PBFT]checkTimeout Succ,view=78,toView=79,nodeIdx=0,changeCycle=0,myNode=0e7418af...,timecost=0.181
info|2019-11-15 19:57:38.838451|[g:1][CONSENSUS][PBFT]checkAndChangeView: Reach consensus,org_view=78,org_changeCycle=0,cur_changeCycle=0,to_view=79
info|2019-11-15 19:57:39.853020|[g:1][CONSENSUS]addRawPrepare,height=8,reqIdx=2,hash=abe41fc9...
info|2019-11-15 19:57:39.853297|[g:1][CONSENSUS][PBFT]checkTimeout Succ,view=79,toView=80,nodeIdx=0,changeCycle=0,myNode=0e7418af...,timecost=0.215
info|2019-11-15 19:57:39.853823|[g:1][CONSENSUS][PBFT]checkAndChangeView: Reach consensus,org_view=79,org_changeCycle=0,cur_changeCycle=0,to_view=80
info|2019-11-15 19:57:40.867729|[g:1][CONSENSUS]addRawPrepare,height=8,reqIdx=3,hash=af9ebbec...
info|2019-11-15 19:57:40.879323|[g:1][CONSENSUS][PBFT]checkTimeout Succ,view=80,toView=81,nodeIdx=0,changeCycle=0,myNode=0e7418af...,timecost=11.529
info|2019-11-15 19:57:40.879923|[g:1][CONSENSUS][PBFT]checkAndChangeView: Reach consensus,org_view=80,org_changeCycle=0,cur_changeCycle=0,to_view=81
info|2019-11-15 19:57:41.879959|[g:1][CONSENSUS][SEALER]++++++++++++++++ Generating seal on,blkNum=8,tx=0,nodeIdx=0,hash=adcef895...
info|2019-11-15 19:57:41.880692|[g:1][CONSENSUS][PBFT]checkTimeout Succ,view=81,toView=82,nodeIdx=0,changeCycle=0,myNode=0e7418af...,timecost=0.279
info|2019-11-15 19:57:41.897248|[g:1][CONSENSUS][PBFT]checkAndChangeView: Reach consensus,org_view=81,org_changeCycle=0,cur_changeCycle=0,to_view=82
info|2019-11-15 19:57:42.901772|[g:1][CONSENSUS]addRawPrepare,height=8,reqIdx=1,hash=20d171d8...
info|2019-11-15 19:57:42.902069|[g:1][CONSENSUS][PBFT]checkTimeout Succ,view=82,toView=83,nodeIdx=0,changeCycle=0,myNode=0e7418af...,timecost=0.189
info|2019-11-15 19:57:42.914841|[g:1][CONSENSUS][PBFT]checkAndChangeView: Reach consensus,org_view=82,org_changeCycle=0,cur_changeCycle=0,to_view=83
info|2019-11-15 19:57:43.917347|[g:1][CONSENSUS]addRawPrepare,height=8,reqIdx=2,hash=43534b73...
info|2019-11-15 19:57:43.917686|[g:1][CONSENSUS][PBFT]checkTimeout Succ,view=83,toView=84,nodeIdx=0,changeCycle=0,myNode=0e7418af...,timecost=0.253
info|2019-11-15 19:57:43.923129|[g:1][CONSENSUS][PBFT]checkAndChangeView: Reach consensus,org_view=83,org_changeCycle=0,cur_changeCycle=0,to_view=84
info|2019-11-15 19:57:44.924784|[g:1][CONSENSUS]addRawPrepare,height=8,reqIdx=3,hash=5cfd3127...
info|2019-11-15 19:57:44.925121|[g:1][CONSENSUS][PBFT]checkTimeout Succ,view=84,toView=85,nodeIdx=0,changeCycle=0,myNode=0e7418af...,timecost=0.262
info|2019-11-15 19:57:44.929709|[g:1][CONSENSUS][PBFT]checkAndChangeView: Reach consensus,org_view=84,org_changeCycle=0,cur_changeCycle=0,to_view=85
info|2019-11-15 19:57:45.929328|[g:1][CONSENSUS][SEALER]++++++++++++++++ Generating seal on,blkNum=8,tx=0,nodeIdx=0,hash=c29973d7...
info|2019-11-15 19:57:45.935670|[g:1][CONSENSUS][PBFT]checkTimeout Succ,view=85,toView=86,nodeIdx=0,changeCycle=0,myNode=0e7418af...,timecost=0.218
info|2019-11-15 19:57:45.936623|[g:1][CONSENSUS][PBFT]checkAndChangeView: Reach consensus,org_view=85,org_changeCycle=0,cur_changeCycle=0,to_view=86
info|2019-11-15 19:57:46.936229|[g:1][CONSENSUS]addRawPrepare,height=8,reqIdx=1,hash=1bd228aa...
info|2019-11-15 19:57:46.936449|[g:1][CONSENSUS][PBFT]checkTimeout Succ,view=86,toView=87,nodeIdx=0,changeCycle=0,myNode=0e7418af...,timecost=0.197
info|2019-11-15 19:57:46.938605|[g:1][CONSENSUS][PBFT]checkAndChangeView: Reach consensus,org_view=86,org_changeCycle=0,cur_changeCycle=0,to_view=87
info|2019-11-15 19:57:47.945058|[g:1][CONSENSUS]addRawPrepare,height=8,reqIdx=2,hash=6734e945...
info|2019-11-15 19:57:47.945444|[g:1][CONSENSUS][PBFT]checkTimeout Succ,view=87,toView=88,nodeIdx=0,changeCycle=0,myNode=0e7418af...,timecost=0.244
info|2019-11-15 19:57:47.957144|[g:1][CONSENSUS][PBFT]checkAndChangeView: Reach consensus,org_view=87,org_changeCycle=0,cur_changeCycle=0,to_view=88
info|2019-11-15 19:57:48.606054|[P2P][Service] heartBeat,connected count=3
info|2019-11-15 19:57:48.958023|[g:1][CONSENSUS]addRawPrepare,height=8,reqIdx=3,hash=41c30b2a...
info|2019-11-15 19:57:48.958369|[g:1][CONSENSUS][PBFT]checkTimeout Succ,view=88,toView=89,nodeIdx=0,changeCycle=0,myNode=0e7418af...,timecost=0.256
info|2019-11-15 19:57:48.965986|[g:1][CONSENSUS][PBFT]checkAndChangeView: Reach consensus,org_view=88,org_changeCycle=0,cur_changeCycle=0,to_view=89
info|2019-11-15 19:57:49.968324|[g:1][CONSENSUS][SEALER]++++++++++++++++ Generating seal on,blkNum=8,tx=0,nodeIdx=0,hash=48ef3a36...
info|2019-11-15 19:57:49.974052|[g:1][CONSENSUS][PBFT]checkTimeout Succ,view=89,toView=90,nodeIdx=0,changeCycle=0,myNode=0e7418af...,timecost=0.253
info|2019-11-15 19:57:49.982310|[g:1][CONSENSUS][PBFT]checkAndChangeView: Reach consensus,org_view=89,org_changeCycle=0,cur_changeCycle=0,to_view=90
info|2019-11-15 19:57:50.989970|[g:1][CONSENSUS]addRawPrepare,height=8,reqIdx=1,hash=989eee6c...
info|2019-11-15 19:57:50.990181|[g:1][CONSENSUS][PBFT]checkTimeout Succ,view=90,toView=91,nodeIdx=0,changeCycle=0,myNode=0e7418af...,timecost=0.187
info|2019-11-15 19:57:50.992823|[g:1][CONSENSUS][PBFT]checkAndChangeView: Reach consensus,org_view=90,org_changeCycle=0,cur_changeCycle=0,to_view=91
info|2019-11-15 19:57:51.992343|[g:1][CONSENSUS]addRawPrepare,height=8,reqIdx=2,hash=2285d5f6...
info|2019-11-15 19:57:51.992833|[g:1][CONSENSUS][PBFT]checkTimeout Succ,view=91,toView=92,nodeIdx=0,changeCycle=0,myNode=0e7418af...,timecost=0.199
info|2019-11-15 19:57:51.996718|[g:1][CONSENSUS][PBFT]checkAndChangeView: Reach consensus,org_view=91,org_changeCycle=0,cur_changeCycle=0,to_view=92
info|2019-11-15 19:57:52.997867|[g:1][CONSENSUS]addRawPrepare,height=8,reqIdx=3,hash=60df40bb...
info|2019-11-15 19:57:52.998131|[g:1][CONSENSUS][PBFT]checkTimeout Succ,view=92,toView=93,nodeIdx=0,changeCycle=0,myNode=0e7418af...,timecost=0.189
info|2019-11-15 19:57:53.003172|[g:1][CONSENSUS][PBFT]checkAndChangeView: Reach consensus,org_view=92,org_changeCycle=0,cur_changeCycle=0,to_view=93
info|2019-11-15 19:57:54.005506|[g:1][CONSENSUS][SEALER]++++++++++++++++ Generating seal on,blkNum=8,tx=0,nodeIdx=0,hash=5b21a6b5...
info|2019-11-15 19:57:54.013181|[g:1][CONSENSUS][PBFT]checkTimeout Succ,view=93,toView=94,nodeIdx=0,changeCycle=0,myNode=0e7418af...,timecost=0.188
info|2019-11-15 19:57:54.014005|[g:1][CONSENSUS][PBFT]checkAndChangeView: Reach consensus,org_view=93,org_changeCycle=0,cur_changeCycle=0,to_view=94
info|2019-11-15 19:57:55.015746|[g:1][CONSENSUS]addRawPrepare,height=8,reqIdx=1,hash=71524e8c...
info|2019-11-15 19:57:55.021437|[g:1][CONSENSUS][PBFT]checkTimeout Succ,view=94,toView=95,nodeIdx=0,changeCycle=0,myNode=0e7418af...,timecost=0.206
info|2019-11-15 19:57:55.022520|[g:1][CONSENSUS][PBFT]checkAndChangeView: Reach consensus,org_view=94,org_changeCycle=0,cur_changeCycle=0,to_view=95
info|2019-11-15 19:57:56.027034|[g:1][CONSENSUS]addRawPrepare,height=8,reqIdx=2,hash=7ae5c330...
info|2019-11-15 19:57:56.027296|[g:1][CONSENSUS][PBFT]checkTimeout Succ,view=95,toView=96,nodeIdx=0,changeCycle=0,myNode=0e7418af...,timecost=0.189
info|2019-11-15 19:57:56.031036|[g:1][CONSENSUS][PBFT]checkAndChangeView: Reach consensus,org_view=95,org_changeCycle=0,cur_changeCycle=0,to_view=96
info|2019-11-15 19:57:57.029849|[g:1][CONSENSUS]addRawPrepare,height=8,reqIdx=3,hash=e987ec4e...
info|2019-11-15 19:57:57.030128|[g:1][CONSENSUS][PBFT]checkTimeout Succ,view=96,toView=97,nodeIdx=0,changeCycle=0,myNode=0e7418af...,timecost=0.21
info|2019-11-15 19:57:57.036647|[g:1][CONSENSUS][PBFT]checkAndChangeView: Reach consensus,org_view=96,org_changeCycle=0,cur_changeCycle=0,to_view=97
info|2019-11-15 19:57:58.037868|[g:1][CONSENSUS][SEALER]++++++++++++++++ Generating seal on,blkNum=8,tx=0,nodeIdx=0,hash=c6c75203...
info|2019-11-15 19:57:58.046914|[g:1][CONSENSUS][PBFT]checkTimeout Succ,view=97,toView=98,nodeIdx=0,changeCycle=0,myNode=0e7418af...,timecost=0.202
info|2019-11-15 19:57:58.049161|[g:1][CONSENSUS][PBFT]checkAndChangeView: Reach consensus,org_view=97,org_changeCycle=0,cur_changeCycle=0,to_view=98
info|2019-11-15 19:57:58.606153|[P2P][Service] heartBeat,connected count=3
info|2019-11-15 19:57:59.047475|[g:1][CONSENSUS]addRawPrepare,height=8,reqIdx=1,hash=ccd11a7c...
info|2019-11-15 19:57:59.047686|[g:1][CONSENSUS][PBFT]checkTimeout Succ,view=98,toView=99,nodeIdx=0,changeCycle=0,myNode=0e7418af...,timecost=0.186
info|2019-11-15 19:57:59.050355|[g:1][CONSENSUS][PBFT]checkAndChangeView: Reach consensus,org_view=98,org_changeCycle=0,cur_changeCycle=0,to_view=99
info|2019-11-15 19:58:00.053225|[g:1][CONSENSUS]addRawPrepare,height=8,reqIdx=2,hash=c23e5a8c...
info|2019-11-15 19:58:00.053472|[g:1][CONSENSUS][PBFT]checkTimeout Succ,view=99,toView=100,nodeIdx=0,changeCycle=0,myNode=0e7418af...,timecost=0.179
info|2019-11-15 19:58:00.069084|[g:1][CONSENSUS][PBFT]checkAndChangeView: Reach consensus,org_view=99,org_changeCycle=0,cur_changeCycle=0,to_view=100
info|2019-11-15 19:58:01.074852|[g:1][CONSENSUS]addRawPrepare,height=8,reqIdx=3,hash=f70f6923...
info|2019-11-15 19:58:01.075113|[g:1][CONSENSUS][PBFT]checkTimeout Succ,view=100,toView=101,nodeIdx=0,changeCycle=0,myNode=0e7418af...,timecost=0.19
info|2019-11-15 19:58:01.077643|[g:1][CONSENSUS][PBFT]checkAndChangeView: Reach consensus,org_view=100,org_changeCycle=0,cur_changeCycle=0,to_view=101
info|2019-11-15 19:58:02.079909|[g:1][CONSENSUS][SEALER]++++++++++++++++ Generating seal on,blkNum=8,tx=0,nodeIdx=0,hash=680c0da8...
info|2019-11-15 19:58:02.080719|[g:1][CONSENSUS][PBFT]checkTimeout Succ,view=101,toView=102,nodeIdx=0,changeCycle=0,myNode=0e7418af...,timecost=0.209
info|2019-11-15 19:58:02.088824|[g:1][CONSENSUS][PBFT]checkAndChangeView: Reach consensus,org_view=101,org_changeCycle=0,cur_changeCycle=0,to_view=102
info|2019-11-15 19:58:03.092715|[g:1][CONSENSUS]addRawPrepare,height=8,reqIdx=1,hash=dc2d3b9c...
info|2019-11-15 19:58:03.092928|[g:1][CONSENSUS][PBFT]checkTimeout Succ,view=102,toView=103,nodeIdx=0,changeCycle=0,myNode=0e7418af...,timecost=0.188
info|2019-11-15 19:58:03.097303|[g:1][CONSENSUS][PBFT]checkAndChangeView: Reach consensus,org_view=102,org_changeCycle=0,cur_changeCycle=0,to_view=103
info|2019-11-15 19:58:04.098913|[g:1][CONSENSUS]addRawPrepare,height=8,reqIdx=2,hash=74e78abe...
info|2019-11-15 19:58:04.099236|[g:1][CONSENSUS][PBFT]checkTimeout Succ,view=103,toView=104,nodeIdx=0,changeCycle=0,myNode=0e7418af...,timecost=0.191
info|2019-11-15 19:58:04.107422|[g:1][CONSENSUS][PBFT]checkAndChangeView: Reach consensus,org_view=103,org_changeCycle=0,cur_changeCycle=0,to_view=104
info|2019-11-15 19:58:05.109665|[g:1][CONSENSUS]addRawPrepare,height=8,reqIdx=3,hash=f3f5aa98...
info|2019-11-15 19:58:05.109922|[g:1][CONSENSUS][PBFT]checkTimeout Succ,view=104,toView=105,nodeIdx=0,changeCycle=0,myNode=0e7418af...,timecost=0.18
info|2019-11-15 19:58:05.113788|[g:1][CONSENSUS][PBFT]checkAndChangeView: Reach consensus,org_view=104,org_changeCycle=0,cur_changeCycle=0,to_view=105
info|2019-11-15 19:58:06.115572|[g:1][CONSENSUS][SEALER]++++++++++++++++ Generating seal on,blkNum=8,tx=0,nodeIdx=0,hash=33c80b01...
info|2019-11-15 19:58:06.122978|[g:1][CONSENSUS][PBFT]checkTimeout Succ,view=105,toView=106,nodeIdx=0,changeCycle=0,myNode=0e7418af...,timecost=0.23
info|2019-11-15 19:58:06.124644|[g:1][CONSENSUS][PBFT]checkAndChangeView: Reach consensus,org_view=105,org_changeCycle=0,cur_changeCycle=0,to_view=106
info|2019-11-15 19:58:07.120572|[g:1][CONSENSUS]addRawPrepare,height=8,reqIdx=1,hash=887cc97f...
info|2019-11-15 19:58:07.120824|[g:1][CONSENSUS][PBFT]checkTimeout Succ,view=106,toView=107,nodeIdx=0,changeCycle=0,myNode=0e7418af...,timecost=0.23
info|2019-11-15 19:58:07.123060|[g:1][CONSENSUS][PBFT]checkAndChangeView: Reach consensus,org_view=106,org_changeCycle=0,cur_changeCycle=0,to_view=107
info|2019-11-15 19:58:08.123406|[g:1][CONSENSUS]addRawPrepare,height=8,reqIdx=2,hash=afc7f8a5...
info|2019-11-15 19:58:08.123661|[g:1][CONSENSUS][PBFT]checkTimeout Succ,view=107,toView=108,nodeIdx=0,changeCycle=0,myNode=0e7418af...,timecost=0.18
info|2019-11-15 19:58:08.127620|[g:1][CONSENSUS][PBFT]checkAndChangeView: Reach consensus,org_view=107,org_changeCycle=0,cur_changeCycle=0,to_view=108
info|2019-11-15 19:58:08.606251|[P2P][Service] heartBeat,connected count=3
info|2019-11-15 19:58:09.129080|[g:1][CONSENSUS]addRawPrepare,height=8,reqIdx=3,hash=ee2cd8d0...
info|2019-11-15 19:58:09.129437|[g:1][CONSENSUS][PBFT]checkTimeout Succ,view=108,toView=109,nodeIdx=0,changeCycle=0,myNode=0e7418af...,timecost=0.283
info|2019-11-15 19:58:09.134726|[g:1][CONSENSUS][PBFT]checkAndChangeView: Reach consensus,org_view=108,org_changeCycle=0,cur_changeCycle=0,to_view=109
info|2019-11-15 19:58:10.139630|[g:1][CONSENSUS][SEALER]++++++++++++++++ Generating seal on,blkNum=8,tx=0,nodeIdx=0,hash=a485322b...
info|2019-11-15 19:58:10.142930|[g:1][CONSENSUS][PBFT]checkTimeout Succ,view=109,toView=110,nodeIdx=0,changeCycle=0,myNode=0e7418af...,timecost=0.185
info|2019-11-15 19:58:10.144162|[g:1][CONSENSUS][PBFT]checkAndChangeView: Reach consensus,org_view=109,org_changeCycle=0,cur_changeCycle=0,to_view=110
info|2019-11-15 19:58:11.185714|[g:1][CONSENSUS]addRawPrepare,height=8,reqIdx=1,hash=84e7534f...
info|2019-11-15 19:58:11.185925|[g:1][CONSENSUS][PBFT]checkTimeout Succ,view=110,toView=111,nodeIdx=0,changeCycle=0,myNode=0e7418af...,timecost=0.186
info|2019-11-15 19:58:11.187721|[g:1][CONSENSUS][PBFT]checkAndChangeView: Reach consensus,org_view=110,org_changeCycle=0,cur_changeCycle=0,to_view=111
info|2019-11-15 19:58:12.189438|[g:1][CONSENSUS]addRawPrepare,height=8,reqIdx=2,hash=30d60d93...
info|2019-11-15 19:58:12.189700|[g:1][CONSENSUS][PBFT]checkTimeout Succ,view=111,toView=112,nodeIdx=0,changeCycle=0,myNode=0e7418af...,timecost=0.191
info|2019-11-15 19:58:12.194151|[g:1][CONSENSUS][PBFT]checkAndChangeView: Reach consensus,org_view=111,org_changeCycle=0,cur_changeCycle=0,to_view=112
info|2019-11-15 19:58:13.195748|[g:1][CONSENSUS]addRawPrepare,height=8,reqIdx=3,hash=57038b07...
info|2019-11-15 19:58:13.196221|[g:1][CONSENSUS][PBFT]checkTimeout Succ,view=112,toView=113,nodeIdx=0,changeCycle=0,myNode=0e7418af...,timecost=0.289
info|2019-11-15 19:58:13.200204|[g:1][CONSENSUS][PBFT]checkAndChangeView: Reach consensus,org_view=112,org_changeCycle=0,cur_changeCycle=0,to_view=113
info|2019-11-15 19:58:14.200334|[g:1][CONSENSUS][SEALER]++++++++++++++++ Generating seal on,blkNum=8,tx=0,nodeIdx=0,hash=2271bebd...
info|2019-11-15 19:58:14.206213|[g:1][CONSENSUS][PBFT]checkTimeout Succ,view=113,toView=114,nodeIdx=0,changeCycle=0,myNode=0e7418af...,timecost=0.212
info|2019-11-15 19:58:14.207127|[g:1][CONSENSUS][PBFT]checkAndChangeView: Reach consensus,org_view=113,org_changeCycle=0,cur_changeCycle=0,to_view=114
info|2019-11-15 19:58:15.205688|[g:1][CONSENSUS]addRawPrepare,height=8,reqIdx=1,hash=4316065b...
info|2019-11-15 19:58:15.205930|[g:1][CONSENSUS][PBFT]checkTimeout Succ,view=114,toView=115,nodeIdx=0,changeCycle=0,myNode=0e7418af...,timecost=0.22
info|2019-11-15 19:58:15.207991|[g:1][CONSENSUS][PBFT]checkAndChangeView: Reach consensus,org_view=114,org_changeCycle=0,cur_changeCycle=0,to_view=115
info|2019-11-15 19:58:16.210161|[g:1][CONSENSUS]addRawPrepare,height=8,reqIdx=2,hash=f0f8eab9...
info|2019-11-15 19:58:16.210430|[g:1][CONSENSUS][PBFT]checkTimeout Succ,view=115,toView=116,nodeIdx=0,changeCycle=0,myNode=0e7418af...,timecost=0.195
info|2019-11-15 19:58:16.213595|[g:1][CONSENSUS][PBFT]checkAndChangeView: Reach consensus,org_view=115,org_changeCycle=0,cur_changeCycle=0,to_view=116
info|2019-11-15 19:58:17.215502|[g:1][CONSENSUS]addRawPrepare,height=8,reqIdx=3,hash=5fe9c384...
info|2019-11-15 19:58:17.215756|[g:1][CONSENSUS][PBFT]checkTimeout Succ,view=116,toView=117,nodeIdx=0,changeCycle=0,myNode=0e7418af...,timecost=0.179
info|2019-11-15 19:58:17.218835|[g:1][CONSENSUS][PBFT]checkAndChangeView: Reach consensus,org_view=116,org_changeCycle=0,cur_changeCycle=0,to_view=117
info|2019-11-15 19:58:18.219463|[g:1][CONSENSUS][SEALER]++++++++++++++++ Generating seal on,blkNum=8,tx=0,nodeIdx=0,hash=3a72fb2b...
info|2019-11-15 19:58:18.226839|[g:1][CONSENSUS][PBFT]checkTimeout Succ,view=117,toView=118,nodeIdx=0,changeCycle=0,myNode=0e7418af...,timecost=0.185
info|2019-11-15 19:58:18.228115|[g:1][CONSENSUS][PBFT]checkAndChangeView: Reach consensus,org_view=117,org_changeCycle=0,cur_changeCycle=0,to_view=118
info|2019-11-15 19:58:18.606377|[P2P][Service] heartBeat,connected count=3
info|2019-11-15 19:58:19.227611|[g:1][CONSENSUS]addRawPrepare,height=8,reqIdx=1,hash=1abb1886...
info|2019-11-15 19:58:19.227814|[g:1][CONSENSUS][PBFT]checkTimeout Succ,view=118,toView=119,nodeIdx=0,changeCycle=0,myNode=0e7418af...,timecost=0.181
info|2019-11-15 19:58:19.229432|[g:1][CONSENSUS][PBFT]checkAndChangeView: Reach consensus,org_view=118,org_changeCycle=0,cur_changeCycle=0,to_view=119
info|2019-11-15 19:58:20.231403|[g:1][CONSENSUS]addRawPrepare,height=8,reqIdx=2,hash=afc0c05f...
info|2019-11-15 19:58:20.231690|[g:1][CONSENSUS][PBFT]checkTimeout Succ,view=119,toView=120,nodeIdx=0,changeCycle=0,myNode=0e7418af...,timecost=0.18
info|2019-11-15 19:58:20.235161|[g:1][CONSENSUS][PBFT]checkAndChangeView: Reach consensus,org_view=119,org_changeCycle=0,cur_changeCycle=0,to_view=120
info|2019-11-15 19:58:21.279236|[g:1][CONSENSUS]addRawPrepare,height=8,reqIdx=3,hash=0ddaacce...
info|2019-11-15 19:58:21.279489|[g:1][CONSENSUS][PBFT]checkTimeout Succ,view=120,toView=121,nodeIdx=0,changeCycle=0,myNode=0e7418af...,timecost=0.18
info|2019-11-15 19:58:21.283367|[g:1][CONSENSUS][PBFT]checkAndChangeView: Reach consensus,org_view=120,org_changeCycle=0,cur_changeCycle=0,to_view=121
info|2019-11-15 19:58:22.283628|[g:1][CONSENSUS][SEALER]++++++++++++++++ Generating seal on,blkNum=8,tx=0,nodeIdx=0,hash=8b778931...
info|2019-11-15 19:58:22.289667|[g:1][CONSENSUS][PBFT]checkTimeout Succ,view=121,toView=122,nodeIdx=0,changeCycle=0,myNode=0e7418af...,timecost=0.186
info|2019-11-15 19:58:22.290732|[g:1][CONSENSUS][PBFT]checkAndChangeView: Reach consensus,org_view=121,org_changeCycle=0,cur_changeCycle=0,to_view=122
info|2019-11-15 19:58:23.293199|[g:1][CONSENSUS]addRawPrepare,height=8,reqIdx=1,hash=df7942e2...
info|2019-11-15 19:58:23.293422|[g:1][CONSENSUS][PBFT]checkTimeout Succ,view=122,toView=123,nodeIdx=0,changeCycle=0,myNode=0e7418af...,timecost=0.194
info|2019-11-15 19:58:23.295658|[g:1][CONSENSUS][PBFT]checkAndChangeView: Reach consensus,org_view=122,org_changeCycle=0,cur_changeCycle=0,to_view=123
info|2019-11-15 19:58:24.298018|[g:1][CONSENSUS]addRawPrepare,height=8,reqIdx=2,hash=3f04b59e...
info|2019-11-15 19:58:24.298299|[g:1][CONSENSUS][PBFT]checkTimeout Succ,view=123,toView=124,nodeIdx=0,changeCycle=0,myNode=0e7418af...,timecost=0.216
info|2019-11-15 19:58:24.303170|[g:1][CONSENSUS][PBFT]checkAndChangeView: Reach consensus,org_view=123,org_changeCycle=0,cur_changeCycle=0,to_view=124
info|2019-11-15 19:58:25.302633|[g:1][CONSENSUS]addRawPrepare,height=8,reqIdx=3,hash=fd9e0a19...
info|2019-11-15 19:58:25.302891|[g:1][CONSENSUS][PBFT]checkTimeout Succ,view=124,toView=125,nodeIdx=0,changeCycle=0,myNode=0e7418af...,timecost=0.181
info|2019-11-15 19:58:25.306526|[g:1][CONSENSUS][PBFT]checkAndChangeView: Reach consensus,org_view=124,org_changeCycle=0,cur_changeCycle=0,to_view=125
info|2019-11-15 19:58:26.306595|[g:1][CONSENSUS][SEALER]++++++++++++++++ Generating seal on,blkNum=8,tx=0,nodeIdx=0,hash=0ba4e930...
info|2019-11-15 19:58:26.313835|[g:1][CONSENSUS][PBFT]checkTimeout Succ,view=125,toView=126,nodeIdx=0,changeCycle=0,myNode=0e7418af...,timecost=0.202
info|2019-11-15 19:58:26.314705|[g:1][CONSENSUS][PBFT]checkAndChangeView: Reach consensus,org_view=125,org_changeCycle=0,cur_changeCycle=0,to_view=126
info|2019-11-15 19:58:27.313629|[g:1][CONSENSUS]addRawPrepare,height=8,reqIdx=1,hash=b3a98285...
info|2019-11-15 19:58:27.313904|[g:1][CONSENSUS][PBFT]checkTimeout Succ,view=126,toView=127,nodeIdx=0,changeCycle=0,myNode=0e7418af...,timecost=0.253
info|2019-11-15 19:58:27.316220|[g:1][CONSENSUS][PBFT]checkAndChangeView: Reach consensus,org_view=126,org_changeCycle=0,cur_changeCycle=0,to_view=127
info|2019-11-15 19:58:28.316637|[g:1][CONSENSUS]addRawPrepare,height=8,reqIdx=2,hash=aee317b4...
info|2019-11-15 19:58:28.316882|[g:1][CONSENSUS][PBFT]checkTimeout Succ,view=127,toView=128,nodeIdx=0,changeCycle=0,myNode=0e7418af...,timecost=0.179
info|2019-11-15 19:58:28.320746|[g:1][CONSENSUS][PBFT]checkAndChangeView: Reach consensus,org_view=127,org_changeCycle=0,cur_changeCycle=0,to_view=128
info|2019-11-15 19:58:28.606881|[P2P][Service] heartBeat,connected count=3
info|2019-11-15 19:58:29.320558|[g:1][CONSENSUS]addRawPrepare,height=8,reqIdx=3,hash=1820dad7...
info|2019-11-15 19:58:29.320817|[g:1][CONSENSUS][PBFT]checkTimeout Succ,view=128,toView=129,nodeIdx=0,changeCycle=0,myNode=0e7418af...,timecost=0.182
info|2019-11-15 19:58:29.324435|[g:1][CONSENSUS][PBFT]checkAndChangeView: Reach consensus,org_view=128,org_changeCycle=0,cur_changeCycle=0,to_view=129
info|2019-11-15 19:58:30.324972|[g:1][CONSENSUS][SEALER]++++++++++++++++ Generating seal on,blkNum=8,tx=0,nodeIdx=0,hash=0b346280...
info|2019-11-15 19:58:30.331337|[g:1][CONSENSUS][PBFT]checkTimeout Succ,view=129,toView=130,nodeIdx=0,changeCycle=0,myNode=0e7418af...,timecost=0.186
info|2019-11-15 19:58:30.332190|[g:1][CONSENSUS][PBFT]checkAndChangeView: Reach consensus,org_view=129,org_changeCycle=0,cur_changeCycle=0,to_view=130
info|2019-11-15 19:58:31.331984|[g:1][CONSENSUS]addRawPrepare,height=8,reqIdx=1,hash=f157f831...
info|2019-11-15 19:58:31.332347|[g:1][CONSENSUS][PBFT]checkTimeout Succ,view=130,toView=131,nodeIdx=0,changeCycle=0,myNode=0e7418af...,timecost=0.287
info|2019-11-15 19:58:31.336167|[g:1][CONSENSUS][PBFT]checkAndChangeView: Reach consensus,org_view=130,org_changeCycle=0,cur_changeCycle=0,to_view=131
info|2019-11-15 19:58:32.337455|[g:1][CONSENSUS]addRawPrepare,height=8,reqIdx=2,hash=35c261f4...
info|2019-11-15 19:58:32.337714|[g:1][CONSENSUS][PBFT]checkTimeout Succ,view=131,toView=132,nodeIdx=0,changeCycle=0,myNode=0e7418af...,timecost=0.181
info|2019-11-15 19:58:32.342001|[g:1][CONSENSUS][PBFT]checkAndChangeView: Reach consensus,org_view=131,org_changeCycle=0,cur_changeCycle=0,to_view=132
info|2019-11-15 19:58:33.342790|[g:1][CONSENSUS]addRawPrepare,height=8,reqIdx=3,hash=0b2ecb56...
info|2019-11-15 19:58:33.343088|[g:1][CONSENSUS][PBFT]checkTimeout Succ,view=132,toView=133,nodeIdx=0,changeCycle=0,myNode=0e7418af...,timecost=0.227
info|2019-11-15 19:58:33.347266|[g:1][CONSENSUS][PBFT]checkAndChangeView: Reach consensus,org_view=132,org_changeCycle=0,cur_changeCycle=0,to_view=133
info|2019-11-15 19:58:34.347113|[g:1][CONSENSUS][SEALER]++++++++++++++++ Generating seal on,blkNum=8,tx=0,nodeIdx=0,hash=7886e48b...
info|2019-11-15 19:58:34.353074|[g:1][CONSENSUS][PBFT]checkTimeout Succ,view=133,toView=134,nodeIdx=0,changeCycle=0,myNode=0e7418af...,timecost=0.195
info|2019-11-15 19:58:34.353852|[g:1][CONSENSUS][PBFT]checkAndChangeView: Reach consensus,org_view=133,org_changeCycle=0,cur_changeCycle=0,to_view=134
info|2019-11-15 19:58:35.357001|[g:1][CONSENSUS][PBFT]Trigger fast-viewchange,view=134,toView=134,minView=135,INFO=,reqNum=7,curNum=7,GenIdx=2,Cview=135,view=134,fromIdx=2,fromNode=ad4f9855...,fromIp=127.0.0.1:33346,hash=41ea9ad1...,nodeIdx=0,myNode=0e7418af...
info|2019-11-15 19:58:35.357211|[g:1][CONSENSUS][PBFT]checkAndChangeView: Reach consensus,org_view=134,org_changeCycle=0,cur_changeCycle=0,to_view=135
info|2019-11-15 19:58:35.357218|[g:1][CONSENSUS][PBFT]checkTimeout Succ,view=135,toView=135,nodeIdx=0,changeCycle=0,myNode=0e7418af...,timecost=0.18
info|2019-11-15 19:58:36.361049|[g:1][CONSENSUS]addRawPrepare,height=8,reqIdx=2,hash=2cb8ebed...
info|2019-11-15 19:58:36.361315|[g:1][CONSENSUS][PBFT]checkTimeout Succ,view=135,toView=136,nodeIdx=0,changeCycle=0,myNode=0e7418af...,timecost=0.19
info|2019-11-15 19:58:36.370895|[g:1][CONSENSUS][PBFT]checkAndChangeView: Reach consensus,org_view=135,org_changeCycle=0,cur_changeCycle=0,to_view=136
info|2019-11-15 19:58:37.372102|[g:1][CONSENSUS]addRawPrepare,height=8,reqIdx=3,hash=fe51e885...
info|2019-11-15 19:58:37.372345|[g:1][CONSENSUS][PBFT]checkTimeout Succ,view=136,toView=137,nodeIdx=0,changeCycle=0,myNode=0e7418af...,timecost=0.177
info|2019-11-15 19:58:37.375698|[g:1][CONSENSUS][PBFT]checkAndChangeView: Reach consensus,org_view=136,org_changeCycle=0,cur_changeCycle=0,to_view=137
info|2019-11-15 19:58:38.376822|[g:1][CONSENSUS][SEALER]++++++++++++++++ Generating seal on,blkNum=8,tx=0,nodeIdx=0,hash=0be6fcaa...
info|2019-11-15 19:58:38.380367|[g:1][CONSENSUS][PBFT]checkTimeout Succ,view=137,toView=138,nodeIdx=0,changeCycle=0,myNode=0e7418af...,timecost=0.195
info|2019-11-15 19:58:38.380681|[g:1][CONSENSUS][PBFT]checkAndChangeView: Reach consensus,org_view=137,org_changeCycle=0,cur_changeCycle=0,to_view=138
info|2019-11-15 19:58:38.606964|[P2P][Service] heartBeat,connected count=3
info|2019-11-15 19:58:39.385919|[g:1][CONSENSUS][PBFT]Trigger fast-viewchange,view=138,toView=138,minView=139,INFO=,reqNum=7,curNum=7,GenIdx=2,Cview=139,view=138,fromIdx=2,fromNode=ad4f9855...,fromIp=127.0.0.1:33346,hash=41ea9ad1...,nodeIdx=0,myNode=0e7418af...
info|2019-11-15 19:58:39.386131|[g:1][CONSENSUS][PBFT]checkAndChangeView: Reach consensus,org_view=138,org_changeCycle=0,cur_changeCycle=0,to_view=139
info|2019-11-15 19:58:39.386138|[g:1][CONSENSUS][PBFT]checkTimeout Succ,view=139,toView=139,nodeIdx=0,changeCycle=0,myNode=0e7418af...,timecost=0.181
info|2019-11-15 19:58:40.388365|[g:1][CONSENSUS]addRawPrepare,height=8,reqIdx=2,hash=ac72ccdc...
info|2019-11-15 19:58:40.388603|[g:1][CONSENSUS][PBFT]checkTimeout Succ,view=139,toView=140,nodeIdx=0,changeCycle=0,myNode=0e7418af...,timecost=0.176
info|2019-11-15 19:58:40.432150|[g:1][CONSENSUS][PBFT]checkAndChangeView: Reach consensus,org_view=139,org_changeCycle=0,cur_changeCycle=0,to_view=140
info|2019-11-15 19:58:41.394234|[g:1][CONSENSUS]addRawPrepare,height=8,reqIdx=3,hash=d46ac5ca...
info|2019-11-15 19:58:41.394649|[g:1][CONSENSUS][PBFT]checkTimeout Succ,view=140,toView=141,nodeIdx=0,changeCycle=0,myNode=0e7418af...,timecost=0.23
info|2019-11-15 19:58:41.399275|[g:1][CONSENSUS][PBFT]checkAndChangeView: Reach consensus,org_view=140,org_changeCycle=0,cur_changeCycle=0,to_view=141
info|2019-11-15 19:58:42.399255|[g:1][CONSENSUS][SEALER]++++++++++++++++ Generating seal on,blkNum=8,tx=0,nodeIdx=0,hash=69a9f413...
info|2019-11-15 19:58:42.405241|[g:1][CONSENSUS][PBFT]checkTimeout Succ,view=141,toView=142,nodeIdx=0,changeCycle=0,myNode=0e7418af...,timecost=0.186
info|2019-11-15 19:58:42.406157|[g:1][CONSENSUS][PBFT]checkAndChangeView: Reach consensus,org_view=141,org_changeCycle=0,cur_changeCycle=0,to_view=142
info|2019-11-15 19:58:43.404455|[g:1][CONSENSUS]addRawPrepare,height=8,reqIdx=1,hash=bdc9ab30...
info|2019-11-15 19:58:43.404664|[g:1][CONSENSUS][PBFT]checkTimeout Succ,view=142,toView=143,nodeIdx=0,changeCycle=0,myNode=0e7418af...,timecost=0.184
info|2019-11-15 19:58:43.406902|[g:1][CONSENSUS][PBFT]checkAndChangeView: Reach consensus,org_view=142,org_changeCycle=0,cur_changeCycle=0,to_view=143
info|2019-11-15 19:58:44.439086|[g:1][CONSENSUS]addRawPrepare,height=8,reqIdx=2,hash=4e258ef6...
info|2019-11-15 19:58:44.439442|[g:1][CONSENSUS][PBFT]checkTimeout Succ,view=143,toView=144,nodeIdx=0,changeCycle=0,myNode=0e7418af...,timecost=0.264
info|2019-11-15 19:58:44.442326|[g:1][CONSENSUS][PBFT]checkAndChangeView: Reach consensus,org_view=143,org_changeCycle=0,cur_changeCycle=0,to_view=144
info|2019-11-15 19:58:45.446679|[g:1][CONSENSUS]addRawPrepare,height=8,reqIdx=3,hash=5e3ae96c...
info|2019-11-15 19:58:45.447230|[g:1][CONSENSUS][PBFT]checkTimeout Succ,view=144,toView=145,nodeIdx=0,changeCycle=0,myNode=0e7418af...,timecost=0.482
info|2019-11-15 19:58:45.451306|[g:1][CONSENSUS][PBFT]checkAndChangeView: Reach consensus,org_view=144,org_changeCycle=0,cur_changeCycle=0,to_view=145
info|2019-11-15 19:58:46.451190|[g:1][CONSENSUS][SEALER]++++++++++++++++ Generating seal on,blkNum=8,tx=0,nodeIdx=0,hash=cb3c7c85...
info|2019-11-15 19:58:46.458081|[g:1][CONSENSUS][PBFT]checkTimeout Succ,view=145,toView=146,nodeIdx=0,changeCycle=0,myNode=0e7418af...,timecost=0.186
info|2019-11-15 19:58:46.458977|[g:1][CONSENSUS][PBFT]checkAndChangeView: Reach consensus,org_view=145,org_changeCycle=0,cur_changeCycle=0,to_view=146
info|2019-11-15 19:58:47.458404|[g:1][CONSENSUS]addRawPrepare,height=8,reqIdx=1,hash=2120edce...
info|2019-11-15 19:58:47.458616|[g:1][CONSENSUS][PBFT]checkTimeout Succ,view=146,toView=147,nodeIdx=0,changeCycle=0,myNode=0e7418af...,timecost=0.187
info|2019-11-15 19:58:47.460920|[g:1][CONSENSUS][PBFT]checkAndChangeView: Reach consensus,org_view=146,org_changeCycle=0,cur_changeCycle=0,to_view=147
info|2019-11-15 19:58:48.460897|[g:1][CONSENSUS]addRawPrepare,height=8,reqIdx=2,hash=f5cb76fc...
info|2019-11-15 19:58:48.461194|[g:1][CONSENSUS][PBFT]checkTimeout Succ,view=147,toView=148,nodeIdx=0,changeCycle=0,myNode=0e7418af...,timecost=0.183
info|2019-11-15 19:58:48.464598|[g:1][CONSENSUS][PBFT]checkAndChangeView: Reach consensus,org_view=147,org_changeCycle=0,cur_changeCycle=0,to_view=148
info|2019-11-15 19:58:48.607032|[P2P][Service] heartBeat,connected count=3
info|2019-11-15 19:58:49.466377|[g:1][CONSENSUS]addRawPrepare,height=8,reqIdx=3,hash=47123966...
info|2019-11-15 19:58:49.466640|[g:1][CONSENSUS][PBFT]checkTimeout Succ,view=148,toView=149,nodeIdx=0,changeCycle=0,myNode=0e7418af...,timecost=0.182
info|2019-11-15 19:58:49.470453|[g:1][CONSENSUS][PBFT]checkAndChangeView: Reach consensus,org_view=148,org_changeCycle=0,cur_changeCycle=0,to_view=149
info|2019-11-15 19:58:50.471569|[g:1][CONSENSUS][SEALER]++++++++++++++++ Generating seal on,blkNum=8,tx=0,nodeIdx=0,hash=d5f5f685...
info|2019-11-15 19:58:50.478144|[g:1][CONSENSUS][PBFT]checkTimeout Succ,view=149,toView=150,nodeIdx=0,changeCycle=0,myNode=0e7418af...,timecost=0.272
info|2019-11-15 19:58:50.478997|[g:1][CONSENSUS][PBFT]checkAndChangeView: Reach consensus,org_view=149,org_changeCycle=0,cur_changeCycle=0,to_view=150
info|2019-11-15 19:58:51.478637|[g:1][CONSENSUS]addRawPrepare,height=8,reqIdx=1,hash=cff26591...
info|2019-11-15 19:58:51.478878|[g:1][CONSENSUS][PBFT]checkTimeout Succ,view=150,toView=151,nodeIdx=0,changeCycle=0,myNode=0e7418af...,timecost=0.186
info|2019-11-15 19:58:51.481266|[g:1][CONSENSUS][PBFT]checkAndChangeView: Reach consensus,org_view=150,org_changeCycle=0,cur_changeCycle=0,to_view=151
info|2019-11-15 19:58:52.482571|[g:1][CONSENSUS]addRawPrepare,height=8,reqIdx=2,hash=dacee9ea...
info|2019-11-15 19:58:52.482836|[g:1][CONSENSUS][PBFT]checkTimeout Succ,view=151,toView=152,nodeIdx=0,changeCycle=0,myNode=0e7418af...,timecost=0.183
info|2019-11-15 19:58:52.486718|[g:1][CONSENSUS][PBFT]checkAndChangeView: Reach consensus,org_view=151,org_changeCycle=0,cur_changeCycle=0,to_view=152
info|2019-11-15 19:58:53.486288|[g:1][CONSENSUS]addRawPrepare,height=8,reqIdx=3,hash=57fa1d11...
info|2019-11-15 19:58:53.486582|[g:1][CONSENSUS][PBFT]checkTimeout Succ,view=152,toView=153,nodeIdx=0,changeCycle=0,myNode=0e7418af...,timecost=0.221
info|2019-11-15 19:58:53.491729|[g:1][CONSENSUS][PBFT]checkAndChangeView: Reach consensus,org_view=152,org_changeCycle=0,cur_changeCycle=0,to_view=153
info|2019-11-15 19:58:54.492534|[g:1][CONSENSUS][SEALER]++++++++++++++++ Generating seal on,blkNum=8,tx=0,nodeIdx=0,hash=894712cd...
info|2019-11-15 19:58:54.500549|[g:1][CONSENSUS][PBFT]checkTimeout Succ,view=153,toView=154,nodeIdx=0,changeCycle=0,myNode=0e7418af...,timecost=0.191
info|2019-11-15 19:58:54.502333|[g:1][CONSENSUS][PBFT]checkAndChangeView: Reach consensus,org_view=153,org_changeCycle=0,cur_changeCycle=0,to_view=154
info|2019-11-15 19:58:55.503510|[g:1][CONSENSUS]addRawPrepare,height=8,reqIdx=1,hash=be7f8839...
info|2019-11-15 19:58:55.503815|[g:1][CONSENSUS][PBFT]checkTimeout Succ,view=154,toView=155,nodeIdx=0,changeCycle=0,myNode=0e7418af...,timecost=0.283
info|2019-11-15 19:58:55.505758|[g:1][CONSENSUS][PBFT]checkAndChangeView: Reach consensus,org_view=154,org_changeCycle=0,cur_changeCycle=0,to_view=155
info|2019-11-15 19:58:56.505843|[g:1][CONSENSUS]addRawPrepare,height=8,reqIdx=2,hash=d4ef02d8...
info|2019-11-15 19:58:56.506106|[g:1][CONSENSUS][PBFT]checkTimeout Succ,view=155,toView=156,nodeIdx=0,changeCycle=0,myNode=0e7418af...,timecost=0.19
info|2019-11-15 19:58:56.522738|[g:1][CONSENSUS][PBFT]checkAndChangeView: Reach consensus,org_view=155,org_changeCycle=0,cur_changeCycle=0,to_view=156
info|2019-11-15 19:58:57.524652|[g:1][CONSENSUS]addRawPrepare,height=8,reqIdx=3,hash=c4a8aa29...
info|2019-11-15 19:58:57.524911|[g:1][CONSENSUS][PBFT]checkTimeout Succ,view=156,toView=157,nodeIdx=0,changeCycle=0,myNode=0e7418af...,timecost=0.188
info|2019-11-15 19:58:57.529132|[g:1][CONSENSUS][PBFT]checkAndChangeView: Reach consensus,org_view=156,org_changeCycle=0,cur_changeCycle=0,to_view=157
info|2019-11-15 19:58:58.529997|[g:1][CONSENSUS][SEALER]++++++++++++++++ Generating seal on,blkNum=8,tx=0,nodeIdx=0,hash=2493a57b...
info|2019-11-15 19:58:58.536372|[g:1][CONSENSUS][PBFT]checkTimeout Succ,view=157,toView=158,nodeIdx=0,changeCycle=0,myNode=0e7418af...,timecost=0.189
info|2019-11-15 19:58:58.537210|[g:1][CONSENSUS][PBFT]checkAndChangeView: Reach consensus,org_view=157,org_changeCycle=0,cur_changeCycle=0,to_view=158
info|2019-11-15 19:58:58.607558|[P2P][Service] heartBeat,connected count=3
info|2019-11-15 19:58:59.537088|[g:1][CONSENSUS]addRawPrepare,height=8,reqIdx=1,hash=21784fe7...
info|2019-11-15 19:58:59.537292|[g:1][CONSENSUS][PBFT]checkTimeout Succ,view=158,toView=159,nodeIdx=0,changeCycle=0,myNode=0e7418af...,timecost=0.18
info|2019-11-15 19:58:59.537556|[g:1][CONSENSUS][PBFT]checkAndChangeView: Reach consensus,org_view=158,org_changeCycle=0,cur_changeCycle=0,to_view=159
info|2019-11-15 19:59:00.544583|[g:1][CONSENSUS]addRawPrepare,height=8,reqIdx=2,hash=2ca93248...
info|2019-11-15 19:59:00.544791|[g:1][CONSENSUS][PBFT]checkTimeout Succ,view=159,toView=160,nodeIdx=0,changeCycle=0,myNode=0e7418af...,timecost=0.186
info|2019-11-15 19:59:00.546389|[g:1][CONSENSUS][PBFT]checkAndChangeView: Reach consensus,org_view=159,org_changeCycle=0,cur_changeCycle=0,to_view=160
info|2019-11-15 19:59:01.550294|[g:1][CONSENSUS]addRawPrepare,height=8,reqIdx=3,hash=290b2375...
info|2019-11-15 19:59:01.550608|[g:1][CONSENSUS][PBFT]checkTimeout Succ,view=160,toView=161,nodeIdx=0,changeCycle=0,myNode=0e7418af...,timecost=0.22
info|2019-11-15 19:59:01.556101|[g:1][CONSENSUS][PBFT]checkAndChangeView: Reach consensus,org_view=160,org_changeCycle=0,cur_changeCycle=0,to_view=161
info|2019-11-15 19:59:02.558650|[g:1][CONSENSUS][SEALER]++++++++++++++++ Generating seal on,blkNum=8,tx=0,nodeIdx=0,hash=95c0deb4...
info|2019-11-15 19:59:02.562223|[g:1][CONSENSUS][PBFT]checkTimeout Succ,view=161,toView=162,nodeIdx=0,changeCycle=0,myNode=0e7418af...,timecost=0.239
info|2019-11-15 19:59:02.565933|[g:1][CONSENSUS][PBFT]checkAndChangeView: Reach consensus,org_view=161,org_changeCycle=0,cur_changeCycle=0,to_view=162
info|2019-11-15 19:59:03.572718|[g:1][CONSENSUS]addRawPrepare,height=8,reqIdx=1,hash=e3cafbf0...
info|2019-11-15 19:59:03.572962|[g:1][CONSENSUS][PBFT]checkTimeout Succ,view=162,toView=163,nodeIdx=0,changeCycle=0,myNode=0e7418af...,timecost=0.178
info|2019-11-15 19:59:03.578419|[g:1][CONSENSUS][PBFT]checkAndChangeView: Reach consensus,org_view=162,org_changeCycle=0,cur_changeCycle=0,to_view=163
info|2019-11-15 19:59:04.579000|[g:1][CONSENSUS]addRawPrepare,height=8,reqIdx=2,hash=157bfb46...
info|2019-11-15 19:59:04.579249|[g:1][CONSENSUS][PBFT]checkTimeout Succ,view=163,toView=164,nodeIdx=0,changeCycle=0,myNode=0e7418af...,timecost=0.181
info|2019-11-15 19:59:04.589319|[g:1][CONSENSUS][PBFT]checkAndChangeView: Reach consensus,org_view=163,org_changeCycle=0,cur_changeCycle=0,to_view=164
info|2019-11-15 19:59:05.584428|[g:1][CONSENSUS]addRawPrepare,height=8,reqIdx=3,hash=0fe96970...
info|2019-11-15 19:59:05.584675|[g:1][CONSENSUS][PBFT]checkTimeout Succ,view=164,toView=165,nodeIdx=0,changeCycle=0,myNode=0e7418af...,timecost=0.18
info|2019-11-15 19:59:05.590340|[g:1][CONSENSUS][PBFT]checkAndChangeView: Reach consensus,org_view=164,org_changeCycle=0,cur_changeCycle=0,to_view=165
info|2019-11-15 19:59:06.590923|[g:1][CONSENSUS][SEALER]++++++++++++++++ Generating seal on,blkNum=8,tx=0,nodeIdx=0,hash=05fd9bef...
info|2019-11-15 19:59:06.598560|[g:1][CONSENSUS][PBFT]checkTimeout Succ,view=165,toView=166,nodeIdx=0,changeCycle=0,myNode=0e7418af...,timecost=0.195
info|2019-11-15 19:59:06.599384|[g:1][CONSENSUS][PBFT]checkAndChangeView: Reach consensus,org_view=165,org_changeCycle=0,cur_changeCycle=0,to_view=166
info|2019-11-15 19:59:07.599086|[g:1][CONSENSUS]addRawPrepare,height=8,reqIdx=1,hash=b1373850...
info|2019-11-15 19:59:07.599297|[g:1][CONSENSUS][PBFT]checkTimeout Succ,view=166,toView=167,nodeIdx=0,changeCycle=0,myNode=0e7418af...,timecost=0.186
info|2019-11-15 19:59:07.601709|[g:1][CONSENSUS][PBFT]checkAndChangeView: Reach consensus,org_view=166,org_changeCycle=0,cur_changeCycle=0,to_view=167
info|2019-11-15 19:59:08.600914|[g:1][CONSENSUS]addRawPrepare,height=8,reqIdx=2,hash=36110918...
info|2019-11-15 19:59:08.601354|[g:1][CONSENSUS][PBFT]checkTimeout Succ,view=167,toView=168,nodeIdx=0,changeCycle=0,myNode=0e7418af...,timecost=0.238
info|2019-11-15 19:59:08.606976|[g:1][CONSENSUS][PBFT]checkAndChangeView: Reach consensus,org_view=167,org_changeCycle=0,cur_changeCycle=0,to_view=168
info|2019-11-15 19:59:08.607902|[P2P][Service] heartBeat,connected count=3
info|2019-11-15 19:59:09.608345|[g:1][CONSENSUS]addRawPrepare,height=8,reqIdx=3,hash=02145459...
info|2019-11-15 19:59:09.608592|[g:1][CONSENSUS][PBFT]checkTimeout Succ,view=168,toView=169,nodeIdx=0,changeCycle=0,myNode=0e7418af...,timecost=0.178
info|2019-11-15 19:59:09.612315|[g:1][CONSENSUS][PBFT]checkAndChangeView: Reach consensus,org_view=168,org_changeCycle=0,cur_changeCycle=0,to_view=169
info|2019-11-15 19:59:10.612847|[g:1][CONSENSUS][SEALER]++++++++++++++++ Generating seal on,blkNum=8,tx=0,nodeIdx=0,hash=b89e6def...
info|2019-11-15 19:59:10.620636|[g:1][CONSENSUS][PBFT]checkTimeout Succ,view=169,toView=170,nodeIdx=0,changeCycle=0,myNode=0e7418af...,timecost=0.194
info|2019-11-15 19:59:10.621528|[g:1][CONSENSUS][PBFT]checkAndChangeView: Reach consensus,org_view=169,org_changeCycle=0,cur_changeCycle=0,to_view=170
info|2019-11-15 19:59:11.621586|[g:1][CONSENSUS]addRawPrepare,height=8,reqIdx=1,hash=9c413c76...
info|2019-11-15 19:59:11.622638|[g:1][CONSENSUS][PBFT]checkTimeout Succ,view=170,toView=171,nodeIdx=0,changeCycle=0,myNode=0e7418af...,timecost=0.202
info|2019-11-15 19:59:11.625057|[g:1][CONSENSUS][PBFT]checkAndChangeView: Reach consensus,org_view=170,org_changeCycle=0,cur_changeCycle=0,to_view=171
info|2019-11-15 19:59:12.633850|[g:1][CONSENSUS]addRawPrepare,height=8,reqIdx=2,hash=7c1744aa...
info|2019-11-15 19:59:12.638473|[g:1][CONSENSUS][PBFT]checkTimeout Succ,view=171,toView=172,nodeIdx=0,changeCycle=0,myNode=0e7418af...,timecost=1.281
info|2019-11-15 19:59:12.639128|[g:1][CONSENSUS][PBFT]checkAndChangeView: Reach consensus,org_view=171,org_changeCycle=0,cur_changeCycle=0,to_view=172
info|2019-11-15 19:59:13.637803|[g:1][CONSENSUS]addRawPrepare,height=8,reqIdx=3,hash=d757a9b9...
info|2019-11-15 19:59:13.638047|[g:1][CONSENSUS][PBFT]checkTimeout Succ,view=172,toView=173,nodeIdx=0,changeCycle=0,myNode=0e7418af...,timecost=0.18
info|2019-11-15 19:59:13.641533|[g:1][CONSENSUS][PBFT]checkAndChangeView: Reach consensus,org_view=172,org_changeCycle=0,cur_changeCycle=0,to_view=173
info|2019-11-15 19:59:14.642775|[g:1][CONSENSUS][SEALER]++++++++++++++++ Generating seal on,blkNum=8,tx=0,nodeIdx=0,hash=25a081c8...
info|2019-11-15 19:59:14.648614|[g:1][CONSENSUS][PBFT]checkTimeout Succ,view=173,toView=174,nodeIdx=0,changeCycle=0,myNode=0e7418af...,timecost=0.184
info|2019-11-15 19:59:14.649553|[g:1][CONSENSUS][PBFT]checkAndChangeView: Reach consensus,org_view=173,org_changeCycle=0,cur_changeCycle=0,to_view=174
info|2019-11-15 19:59:15.650031|[g:1][CONSENSUS]addRawPrepare,height=8,reqIdx=1,hash=1d442ee4...
info|2019-11-15 19:59:15.650268|[g:1][CONSENSUS][PBFT]checkTimeout Succ,view=174,toView=175,nodeIdx=0,changeCycle=0,myNode=0e7418af...,timecost=0.198
info|2019-11-15 19:59:15.654761|[g:1][CONSENSUS][PBFT]checkAndChangeView: Reach consensus,org_view=174,org_changeCycle=0,cur_changeCycle=0,to_view=175
info|2019-11-15 19:59:16.655954|[g:1][CONSENSUS]addRawPrepare,height=8,reqIdx=2,hash=9257af34...
info|2019-11-15 19:59:16.656213|[g:1][CONSENSUS][PBFT]checkTimeout Succ,view=175,toView=176,nodeIdx=0,changeCycle=0,myNode=0e7418af...,timecost=0.181
info|2019-11-15 19:59:16.660839|[g:1][CONSENSUS][PBFT]checkAndChangeView: Reach consensus,org_view=175,org_changeCycle=0,cur_changeCycle=0,to_view=176
info|2019-11-15 19:59:17.662018|[g:1][CONSENSUS]addRawPrepare,height=8,reqIdx=3,hash=c0b808f7...
info|2019-11-15 19:59:17.662276|[g:1][CONSENSUS][PBFT]checkTimeout Succ,view=176,toView=177,nodeIdx=0,changeCycle=0,myNode=0e7418af...,timecost=0.181
info|2019-11-15 19:59:17.665892|[g:1][CONSENSUS][PBFT]checkAndChangeView: Reach consensus,org_view=176,org_changeCycle=0,cur_changeCycle=0,to_view=177
info|2019-11-15 19:59:18.607972|[P2P][Service] heartBeat,connected count=3
info|2019-11-15 19:59:18.667777|[g:1][CONSENSUS][SEALER]++++++++++++++++ Generating seal on,blkNum=8,tx=0,nodeIdx=0,hash=71ca7474...
info|2019-11-15 19:59:18.674250|[g:1][CONSENSUS][PBFT]checkTimeout Succ,view=177,toView=178,nodeIdx=0,changeCycle=0,myNode=0e7418af...,timecost=0.189
info|2019-11-15 19:59:18.675111|[g:1][CONSENSUS][PBFT]checkAndChangeView: Reach consensus,org_view=177,org_changeCycle=0,cur_changeCycle=0,to_view=178
info|2019-11-15 19:59:19.674954|[g:1][CONSENSUS]addRawPrepare,height=8,reqIdx=1,hash=a8d1c470...
info|2019-11-15 19:59:19.675232|[g:1][CONSENSUS][PBFT]checkTimeout Succ,view=178,toView=179,nodeIdx=0,changeCycle=0,myNode=0e7418af...,timecost=0.257
info|2019-11-15 19:59:19.677822|[g:1][CONSENSUS][PBFT]checkAndChangeView: Reach consensus,org_view=178,org_changeCycle=0,cur_changeCycle=0,to_view=179
info|2019-11-15 19:59:20.679439|[g:1][CONSENSUS]addRawPrepare,height=8,reqIdx=2,hash=58a5546f...
info|2019-11-15 19:59:20.679686|[g:1][CONSENSUS][PBFT]checkTimeout Succ,view=179,toView=180,nodeIdx=0,changeCycle=0,myNode=0e7418af...,timecost=0.177
info|2019-11-15 19:59:20.683783|[g:1][CONSENSUS][PBFT]checkAndChangeView: Reach consensus,org_view=179,org_changeCycle=0,cur_changeCycle=0,to_view=180
info|2019-11-15 19:59:21.685120|[g:1][CONSENSUS]addRawPrepare,height=8,reqIdx=3,hash=143ff9e3...
info|2019-11-15 19:59:21.685372|[g:1][CONSENSUS][PBFT]checkTimeout Succ,view=180,toView=181,nodeIdx=0,changeCycle=0,myNode=0e7418af...,timecost=0.181
info|2019-11-15 19:59:21.690245|[g:1][CONSENSUS][PBFT]checkAndChangeView: Reach consensus,org_view=180,org_changeCycle=0,cur_changeCycle=0,to_view=181
info|2019-11-15 19:59:22.692519|[g:1][CONSENSUS][SEALER]++++++++++++++++ Generating seal on,blkNum=8,tx=0,nodeIdx=0,hash=aa2d1ad4...
info|2019-11-15 19:59:22.701494|[g:1][CONSENSUS][PBFT]checkTimeout Succ,view=181,toView=182,nodeIdx=0,changeCycle=0,myNode=0e7418af...,timecost=0.192
info|2019-11-15 19:59:22.704567|[g:1][CONSENSUS][PBFT]checkAndChangeView: Reach consensus,org_view=181,org_changeCycle=0,cur_changeCycle=0,to_view=182
info|2019-11-15 19:59:23.702544|[g:1][CONSENSUS]addRawPrepare,height=8,reqIdx=1,hash=5d0c50c6...
info|2019-11-15 19:59:23.702786|[g:1][CONSENSUS][PBFT]checkTimeout Succ,view=182,toView=183,nodeIdx=0,changeCycle=0,myNode=0e7418af...,timecost=0.222
info|2019-11-15 19:59:23.705679|[g:1][CONSENSUS][PBFT]checkAndChangeView: Reach consensus,org_view=182,org_changeCycle=0,cur_changeCycle=0,to_view=183
info|2019-11-15 19:59:24.704519|[g:1][CONSENSUS]addRawPrepare,height=8,reqIdx=2,hash=f798c247...
info|2019-11-15 19:59:24.704766|[g:1][CONSENSUS][PBFT]checkTimeout Succ,view=183,toView=184,nodeIdx=0,changeCycle=0,myNode=0e7418af...,timecost=0.181
info|2019-11-15 19:59:24.712120|[g:1][CONSENSUS][PBFT]checkAndChangeView: Reach consensus,org_view=183,org_changeCycle=0,cur_changeCycle=0,to_view=184
info|2019-11-15 19:59:25.708460|[g:1][CONSENSUS]addRawPrepare,height=8,reqIdx=3,hash=83724316...
info|2019-11-15 19:59:25.708811|[g:1][CONSENSUS][PBFT]checkTimeout Succ,view=184,toView=185,nodeIdx=0,changeCycle=0,myNode=0e7418af...,timecost=0.285
info|2019-11-15 19:59:25.716261|[g:1][CONSENSUS][PBFT]checkAndChangeView: Reach consensus,org_view=184,org_changeCycle=0,cur_changeCycle=0,to_view=185
info|2019-11-15 19:59:26.716788|[g:1][CONSENSUS][SEALER]++++++++++++++++ Generating seal on,blkNum=8,tx=0,nodeIdx=0,hash=d03ddc29...
info|2019-11-15 19:59:26.723284|[g:1][CONSENSUS][PBFT]checkTimeout Succ,view=185,toView=186,nodeIdx=0,changeCycle=0,myNode=0e7418af...,timecost=0.206
info|2019-11-15 19:59:26.724105|[g:1][CONSENSUS][PBFT]checkAndChangeView: Reach consensus,org_view=185,org_changeCycle=0,cur_changeCycle=0,to_view=186
info|2019-11-15 19:59:27.722994|[g:1][CONSENSUS]addRawPrepare,height=8,reqIdx=1,hash=cff65b60...
info|2019-11-15 19:59:27.723207|[g:1][CONSENSUS][PBFT]checkTimeout Succ,view=186,toView=187,nodeIdx=0,changeCycle=0,myNode=0e7418af...,timecost=0.188
info|2019-11-15 19:59:27.725860|[g:1][CONSENSUS][PBFT]checkAndChangeView: Reach consensus,org_view=186,org_changeCycle=0,cur_changeCycle=0,to_view=187
info|2019-11-15 19:59:28.608042|[P2P][Service] heartBeat,connected count=3
info|2019-11-15 19:59:28.725192|[g:1][CONSENSUS]addRawPrepare,height=8,reqIdx=2,hash=7524eeeb...
info|2019-11-15 19:59:28.725440|[g:1][CONSENSUS][PBFT]checkTimeout Succ,view=187,toView=188,nodeIdx=0,changeCycle=0,myNode=0e7418af...,timecost=0.181
info|2019-11-15 19:59:28.728679|[g:1][CONSENSUS][PBFT]checkAndChangeView: Reach consensus,org_view=187,org_changeCycle=0,cur_changeCycle=0,to_view=188
info|2019-11-15 19:59:29.731311|[g:1][CONSENSUS]addRawPrepare,height=8,reqIdx=3,hash=50e8f22e...
info|2019-11-15 19:59:29.731567|[g:1][CONSENSUS][PBFT]checkTimeout Succ,view=188,toView=189,nodeIdx=0,changeCycle=0,myNode=0e7418af...,timecost=0.182
info|2019-11-15 19:59:29.734731|[g:1][CONSENSUS][PBFT]checkAndChangeView: Reach consensus,org_view=188,org_changeCycle=0,cur_changeCycle=0,to_view=189
info|2019-11-15 19:59:30.736534|[g:1][CONSENSUS][SEALER]++++++++++++++++ Generating seal on,blkNum=8,tx=0,nodeIdx=0,hash=106b966c...
info|2019-11-15 19:59:30.742848|[g:1][CONSENSUS][PBFT]checkTimeout Succ,view=189,toView=190,nodeIdx=0,changeCycle=0,myNode=0e7418af...,timecost=0.185
info|2019-11-15 19:59:30.743667|[g:1][CONSENSUS][PBFT]checkAndChangeView: Reach consensus,org_view=189,org_changeCycle=0,cur_changeCycle=0,to_view=190
info|2019-11-15 19:59:31.742674|[g:1][CONSENSUS]addRawPrepare,height=8,reqIdx=1,hash=6666a765...
info|2019-11-15 19:59:31.742917|[g:1][CONSENSUS][PBFT]checkTimeout Succ,view=190,toView=191,nodeIdx=0,changeCycle=0,myNode=0e7418af...,timecost=0.222
info|2019-11-15 19:59:31.744955|[g:1][CONSENSUS][PBFT]checkAndChangeView: Reach consensus,org_view=190,org_changeCycle=0,cur_changeCycle=0,to_view=191
info|2019-11-15 19:59:32.746902|[g:1][CONSENSUS]addRawPrepare,height=8,reqIdx=2,hash=e2085074...
info|2019-11-15 19:59:32.747169|[g:1][CONSENSUS][PBFT]checkTimeout Succ,view=191,toView=192,nodeIdx=0,changeCycle=0,myNode=0e7418af...,timecost=0.192
info|2019-11-15 19:59:32.751420|[g:1][CONSENSUS][PBFT]checkAndChangeView: Reach consensus,org_view=191,org_changeCycle=0,cur_changeCycle=0,to_view=192
info|2019-11-15 19:59:33.752592|[g:1][CONSENSUS]addRawPrepare,height=8,reqIdx=3,hash=4b9351f7...
info|2019-11-15 19:59:33.752845|[g:1][CONSENSUS][PBFT]checkTimeout Succ,view=192,toView=193,nodeIdx=0,changeCycle=0,myNode=0e7418af...,timecost=0.182
info|2019-11-15 19:59:33.756766|[g:1][CONSENSUS][PBFT]checkAndChangeView: Reach consensus,org_view=192,org_changeCycle=0,cur_changeCycle=0,to_view=193
info|2019-11-15 19:59:34.758243|[g:1][CONSENSUS][SEALER]++++++++++++++++ Generating seal on,blkNum=8,tx=0,nodeIdx=0,hash=d993cada...
info|2019-11-15 19:59:34.764041|[g:1][CONSENSUS][PBFT]checkTimeout Succ,view=193,toView=194,nodeIdx=0,changeCycle=0,myNode=0e7418af...,timecost=0.188
info|2019-11-15 19:59:34.764973|[g:1][CONSENSUS][PBFT]checkAndChangeView: Reach consensus,org_view=193,org_changeCycle=0,cur_changeCycle=0,to_view=194
info|2019-11-15 19:59:35.764848|[g:1][CONSENSUS]addRawPrepare,height=8,reqIdx=1,hash=fbbb030c...
info|2019-11-15 19:59:35.765057|[g:1][CONSENSUS][PBFT]checkTimeout Succ,view=194,toView=195,nodeIdx=0,changeCycle=0,myNode=0e7418af...,timecost=0.186
info|2019-11-15 19:59:35.767248|[g:1][CONSENSUS][PBFT]checkAndChangeView: Reach consensus,org_view=194,org_changeCycle=0,cur_changeCycle=0,to_view=195
info|2019-11-15 19:59:36.767549|[g:1][CONSENSUS]addRawPrepare,height=8,reqIdx=2,hash=2b778cf6...
info|2019-11-15 19:59:36.767808|[g:1][CONSENSUS][PBFT]checkTimeout Succ,view=195,toView=196,nodeIdx=0,changeCycle=0,myNode=0e7418af...,timecost=0.183
info|2019-11-15 19:59:36.771591|[g:1][CONSENSUS][PBFT]checkAndChangeView: Reach consensus,org_view=195,org_changeCycle=0,cur_changeCycle=0,to_view=196
info|2019-11-15 19:59:37.771930|[g:1][CONSENSUS]addRawPrepare,height=8,reqIdx=3,hash=ac281919...
info|2019-11-15 19:59:37.772205|[g:1][CONSENSUS][PBFT]checkTimeout Succ,view=196,toView=197,nodeIdx=0,changeCycle=0,myNode=0e7418af...,timecost=0.196
info|2019-11-15 19:59:37.776040|[g:1][CONSENSUS][PBFT]checkAndChangeView: Reach consensus,org_view=196,org_changeCycle=0,cur_changeCycle=0,to_view=197
info|2019-11-15 19:59:38.608111|[P2P][Service] heartBeat,connected count=3
info|2019-11-15 19:59:38.776910|[g:1][CONSENSUS][SEALER]++++++++++++++++ Generating seal on,blkNum=8,tx=0,nodeIdx=0,hash=2a3ac373...
info|2019-11-15 19:59:38.782942|[g:1][CONSENSUS][PBFT]checkTimeout Succ,view=197,toView=198,nodeIdx=0,changeCycle=0,myNode=0e7418af...,timecost=0.184
info|2019-11-15 19:59:38.783685|[g:1][CONSENSUS][PBFT]checkAndChangeView: Reach consensus,org_view=197,org_changeCycle=0,cur_changeCycle=0,to_view=198
info|2019-11-15 19:59:39.783114|[g:1][CONSENSUS]addRawPrepare,height=8,reqIdx=1,hash=65787fda...
info|2019-11-15 19:59:39.783353|[g:1][CONSENSUS][PBFT]checkTimeout Succ,view=198,toView=199,nodeIdx=0,changeCycle=0,myNode=0e7418af...,timecost=0.217
info|2019-11-15 19:59:39.785033|[g:1][CONSENSUS][PBFT]checkAndChangeView: Reach consensus,org_view=198,org_changeCycle=0,cur_changeCycle=0,to_view=199
info|2019-11-15 19:59:40.788038|[g:1][CONSENSUS]addRawPrepare,height=8,reqIdx=2,hash=d7bed02e...
info|2019-11-15 19:59:40.788341|[g:1][CONSENSUS][PBFT]checkTimeout Succ,view=199,toView=200,nodeIdx=0,changeCycle=0,myNode=0e7418af...,timecost=0.195
info|2019-11-15 19:59:40.794190|[g:1][CONSENSUS][PBFT]checkAndChangeView: Reach consensus,org_view=199,org_changeCycle=0,cur_changeCycle=0,to_view=200
info|2019-11-15 19:59:41.793515|[g:1][CONSENSUS]addRawPrepare,height=8,reqIdx=3,hash=5d8f5ad9...
info|2019-11-15 19:59:41.793810|[g:1][CONSENSUS][PBFT]checkTimeout Succ,view=200,toView=201,nodeIdx=0,changeCycle=0,myNode=0e7418af...,timecost=0.194
info|2019-11-15 19:59:41.797506|[g:1][CONSENSUS][PBFT]checkAndChangeView: Reach consensus,org_view=200,org_changeCycle=0,cur_changeCycle=0,to_view=201
info|2019-11-15 19:59:42.797956|[g:1][CONSENSUS][SEALER]++++++++++++++++ Generating seal on,blkNum=8,tx=0,nodeIdx=0,hash=5d54b43d...
info|2019-11-15 19:59:42.806459|[g:1][CONSENSUS][PBFT]checkTimeout Succ,view=201,toView=202,nodeIdx=0,changeCycle=0,myNode=0e7418af...,timecost=0.191
info|2019-11-15 19:59:42.807391|[g:1][CONSENSUS][PBFT]checkAndChangeView: Reach consensus,org_view=201,org_changeCycle=0,cur_changeCycle=0,to_view=202
info|2019-11-15 19:59:43.807046|[g:1][CONSENSUS]addRawPrepare,height=8,reqIdx=1,hash=06920acf...
info|2019-11-15 19:59:43.807257|[g:1][CONSENSUS][PBFT]checkTimeout Succ,view=202,toView=203,nodeIdx=0,changeCycle=0,myNode=0e7418af...,timecost=0.188
info|2019-11-15 19:59:43.808844|[g:1][CONSENSUS][PBFT]checkAndChangeView: Reach consensus,org_view=202,org_changeCycle=0,cur_changeCycle=0,to_view=203
info|2019-11-15 19:59:44.810380|[g:1][CONSENSUS]addRawPrepare,height=8,reqIdx=2,hash=2da691d3...
info|2019-11-15 19:59:44.810787|[g:1][CONSENSUS][PBFT]checkTimeout Succ,view=203,toView=204,nodeIdx=0,changeCycle=0,myNode=0e7418af...,timecost=0.336
info|2019-11-15 19:59:44.814567|[g:1][CONSENSUS][PBFT]checkAndChangeView: Reach consensus,org_view=203,org_changeCycle=0,cur_changeCycle=0,to_view=204
info|2019-11-15 19:59:45.816679|[g:1][CONSENSUS]addRawPrepare,height=8,reqIdx=3,hash=3bd6e745...
info|2019-11-15 19:59:45.816924|[g:1][CONSENSUS][PBFT]checkTimeout Succ,view=204,toView=205,nodeIdx=0,changeCycle=0,myNode=0e7418af...,timecost=0.18
info|2019-11-15 19:59:45.860929|[g:1][CONSENSUS][PBFT]checkAndChangeView: Reach consensus,org_view=204,org_changeCycle=0,cur_changeCycle=0,to_view=205
info|2019-11-15 19:59:46.861462|[g:1][CONSENSUS][SEALER]++++++++++++++++ Generating seal on,blkNum=8,tx=0,nodeIdx=0,hash=8f4b07ae...
info|2019-11-15 19:59:46.867274|[g:1][CONSENSUS][PBFT]checkTimeout Succ,view=205,toView=206,nodeIdx=0,changeCycle=0,myNode=0e7418af...,timecost=0.199
info|2019-11-15 19:59:46.868001|[g:1][CONSENSUS][PBFT]checkAndChangeView: Reach consensus,org_view=205,org_changeCycle=0,cur_changeCycle=0,to_view=206
info|2019-11-15 19:59:47.868385|[g:1][CONSENSUS]addRawPrepare,height=8,reqIdx=1,hash=f27a3f84...
info|2019-11-15 19:59:47.868603|[g:1][CONSENSUS][PBFT]checkTimeout Succ,view=206,toView=207,nodeIdx=0,changeCycle=0,myNode=0e7418af...,timecost=0.191
info|2019-11-15 19:59:47.872105|[g:1][CONSENSUS][PBFT]checkAndChangeView: Reach consensus,org_view=206,org_changeCycle=0,cur_changeCycle=0,to_view=207
info|2019-11-15 19:59:48.608179|[P2P][Service] heartBeat,connected count=3
info|2019-11-15 19:59:48.873692|[g:1][CONSENSUS]addRawPrepare,height=8,reqIdx=2,hash=86dce708...
info|2019-11-15 19:59:48.873940|[g:1][CONSENSUS][PBFT]checkTimeout Succ,view=207,toView=208,nodeIdx=0,changeCycle=0,myNode=0e7418af...,timecost=0.178
info|2019-11-15 19:59:48.877650|[g:1][CONSENSUS][PBFT]checkAndChangeView: Reach consensus,org_view=207,org_changeCycle=0,cur_changeCycle=0,to_view=208
info|2019-11-15 19:59:49.878196|[g:1][CONSENSUS]addRawPrepare,height=8,reqIdx=3,hash=bcf543ba...
info|2019-11-15 19:59:49.878476|[g:1][CONSENSUS][PBFT]checkTimeout Succ,view=208,toView=209,nodeIdx=0,changeCycle=0,myNode=0e7418af...,timecost=0.183
info|2019-11-15 19:59:49.881544|[g:1][CONSENSUS][PBFT]checkAndChangeView: Reach consensus,org_view=208,org_changeCycle=0,cur_changeCycle=0,to_view=209
info|2019-11-15 19:59:50.883758|[g:1][CONSENSUS][SEALER]++++++++++++++++ Generating seal on,blkNum=8,tx=0,nodeIdx=0,hash=e7ba370d...
info|2019-11-15 19:59:50.891620|[g:1][CONSENSUS][PBFT]checkTimeout Succ,view=209,toView=210,nodeIdx=0,changeCycle=0,myNode=0e7418af...,timecost=0.189
info|2019-11-15 19:59:50.892430|[g:1][CONSENSUS][PBFT]checkAndChangeView: Reach consensus,org_view=209,org_changeCycle=0,cur_changeCycle=0,to_view=210
info|2019-11-15 19:59:51.892526|[g:1][CONSENSUS]addRawPrepare,height=8,reqIdx=1,hash=abb87852...
info|2019-11-15 19:59:51.892738|[g:1][CONSENSUS][PBFT]checkTimeout Succ,view=210,toView=211,nodeIdx=0,changeCycle=0,myNode=0e7418af...,timecost=0.187
info|2019-11-15 19:59:51.894608|[g:1][CONSENSUS][PBFT]checkAndChangeView: Reach consensus,org_view=210,org_changeCycle=0,cur_changeCycle=0,to_view=211
info|2019-11-15 19:59:52.897106|[g:1][CONSENSUS]addRawPrepare,height=8,reqIdx=2,hash=a5cc403b...
info|2019-11-15 19:59:52.897590|[g:1][CONSENSUS][PBFT]checkTimeout Succ,view=211,toView=212,nodeIdx=0,changeCycle=0,myNode=0e7418af...,timecost=0.289
info|2019-11-15 19:59:52.903410|[g:1][CONSENSUS][PBFT]checkAndChangeView: Reach consensus,org_view=211,org_changeCycle=0,cur_changeCycle=0,to_view=212
info|2019-11-15 19:59:53.904144|[g:1][CONSENSUS]addRawPrepare,height=8,reqIdx=3,hash=4e3fd760...
info|2019-11-15 19:59:53.904394|[g:1][CONSENSUS][PBFT]checkTimeout Succ,view=212,toView=213,nodeIdx=0,changeCycle=0,myNode=0e7418af...,timecost=0.179
info|2019-11-15 19:59:53.907739|[g:1][CONSENSUS][PBFT]checkAndChangeView: Reach consensus,org_view=212,org_changeCycle=0,cur_changeCycle=0,to_view=213
info|2019-11-15 19:59:54.908167|[g:1][CONSENSUS][SEALER]++++++++++++++++ Generating seal on,blkNum=8,tx=0,nodeIdx=0,hash=156e0a46...
info|2019-11-15 19:59:54.914013|[g:1][CONSENSUS][PBFT]checkTimeout Succ,view=213,toView=214,nodeIdx=0,changeCycle=0,myNode=0e7418af...,timecost=0.186
info|2019-11-15 19:59:54.914960|[g:1][CONSENSUS][PBFT]checkAndChangeView: Reach consensus,org_view=213,org_changeCycle=0,cur_changeCycle=0,to_view=214
info|2019-11-15 19:59:55.914600|[g:1][CONSENSUS]addRawPrepare,height=8,reqIdx=1,hash=0e052c6a...
info|2019-11-15 19:59:55.914827|[g:1][CONSENSUS][PBFT]checkTimeout Succ,view=214,toView=215,nodeIdx=0,changeCycle=0,myNode=0e7418af...,timecost=0.205
info|2019-11-15 19:59:55.916963|[g:1][CONSENSUS][PBFT]checkAndChangeView: Reach consensus,org_view=214,org_changeCycle=0,cur_changeCycle=0,to_view=215
info|2019-11-15 19:59:56.920352|[g:1][CONSENSUS]addRawPrepare,height=8,reqIdx=2,hash=93e48f93...
info|2019-11-15 19:59:56.920653|[g:1][CONSENSUS][PBFT]checkTimeout Succ,view=215,toView=216,nodeIdx=0,changeCycle=0,myNode=0e7418af...,timecost=0.213
info|2019-11-15 19:59:56.923744|[g:1][CONSENSUS][PBFT]checkAndChangeView: Reach consensus,org_view=215,org_changeCycle=0,cur_changeCycle=0,to_view=216
info|2019-11-15 19:59:57.927783|[g:1][CONSENSUS]addRawPrepare,height=8,reqIdx=3,hash=90e03476...
info|2019-11-15 19:59:57.928211|[g:1][CONSENSUS][PBFT]checkTimeout Succ,view=216,toView=217,nodeIdx=0,changeCycle=0,myNode=0e7418af...,timecost=0.185
info|2019-11-15 19:59:57.932396|[g:1][CONSENSUS][PBFT]checkAndChangeView: Reach consensus,org_view=216,org_changeCycle=0,cur_changeCycle=0,to_view=217
info|2019-11-15 19:59:58.608242|[P2P][Service] heartBeat,connected count=3
info|2019-11-15 19:59:58.932402|[g:1][CONSENSUS][SEALER]++++++++++++++++ Generating seal on,blkNum=8,tx=0,nodeIdx=0,hash=51cc2d31...
info|2019-11-15 19:59:58.934320|[g:1][CONSENSUS][PBFT]checkTimeout Succ,view=217,toView=218,nodeIdx=0,changeCycle=0,myNode=0e7418af...,timecost=0.176
info|2019-11-15 19:59:58.938897|[g:1][CONSENSUS][PBFT]checkAndChangeView: Reach consensus,org_view=217,org_changeCycle=0,cur_changeCycle=0,to_view=218
info|2019-11-15 19:59:59.940757|[g:1][CONSENSUS]addRawPrepare,height=8,reqIdx=1,hash=5f5ada6c...
info|2019-11-15 19:59:59.942204|[g:1][CONSENSUS][PBFT]checkTimeout Succ,view=218,toView=219,nodeIdx=0,changeCycle=0,myNode=0e7418af...,timecost=1.424
info|2019-11-15 19:59:59.943699|[g:1][CONSENSUS][PBFT]checkAndChangeView: Reach consensus,org_view=218,org_changeCycle=0,cur_changeCycle=0,to_view=219
