info|2019-12-13 01:00:00.468744|[g:1][CONSENSUS]addRawPrepare,height=96,reqIdx=2,hash=be4f6506...
info|2019-12-13 01:00:00.468963|[g:1][CONSENSUS][PBFT]checkTimeout Succ,view=915,toView=916,nodeIdx=0,changeCycle=0,myNode=0e7418af...,timecost=0.193
info|2019-12-13 01:00:00.474423|[g:1][CONSENSUS][PBFT]checkAndChangeView: Reach consensus,org_view=915,org_changeCycle=0,cur_changeCycle=0,to_view=916
info|2019-12-13 01:00:01.477714|[g:1][CONSENSUS]addRawPrepare,height=96,reqIdx=3,hash=5f2aa4d7...
info|2019-12-13 01:00:01.477969|[g:1][CONSENSUS][PBFT]checkTimeout Succ,view=916,toView=917,nodeIdx=0,changeCycle=0,myNode=0e7418af...,timecost=0.233
info|2019-12-13 01:00:01.479773|[g:1][CONSENSUS][PBFT]checkAndChangeView: Reach consensus,org_view=916,org_changeCycle=0,cur_changeCycle=0,to_view=917
info|2019-12-13 01:00:02.482215|[g:1][CONSENSUS][SEALER]++++++++++++++++ Generating seal on,blkNum=96,tx=0,nodeIdx=0,hash=1de7e9b3...
info|2019-12-13 01:00:02.496005|[g:1][CONSENSUS][PBFT]checkTimeout Succ,view=917,toView=918,nodeIdx=0,changeCycle=0,myNode=0e7418af...,timecost=0.254
info|2019-12-13 01:00:02.497099|[g:1][CONSENSUS][PBFT]checkAndChangeView: Reach consensus,org_view=917,org_changeCycle=0,cur_changeCycle=0,to_view=918
info|2019-12-13 01:00:03.497181|[g:1][CONSENSUS]addRawPrepare,height=96,reqIdx=1,hash=9c1a2193...
info|2019-12-13 01:00:03.497447|[g:1][CONSENSUS][PBFT]checkTimeout Succ,view=918,toView=919,nodeIdx=0,changeCycle=0,myNode=0e7418af...,timecost=0.239
info|2019-12-13 01:00:03.499332|[g:1][CONSENSUS][PBFT]checkAndChangeView: Reach consensus,org_view=918,org_changeCycle=0,cur_changeCycle=0,to_view=919
info|2019-12-13 01:00:04.507158|[g:1][CONSENSUS]addRawPrepare,height=96,reqIdx=2,hash=07237e00...
info|2019-12-13 01:00:04.507440|[g:1][CONSENSUS][PBFT]checkTimeout Succ,view=919,toView=920,nodeIdx=0,changeCycle=0,myNode=0e7418af...,timecost=0.25
info|2019-12-13 01:00:04.513029|[g:1][CONSENSUS][PBFT]checkAndChangeView: Reach consensus,org_view=919,org_changeCycle=0,cur_changeCycle=0,to_view=920
info|2019-12-13 01:00:05.513715|[g:1][CONSENSUS]addRawPrepare,height=96,reqIdx=3,hash=9f9a9a65...
info|2019-12-13 01:00:05.513936|[g:1][CONSENSUS][PBFT]checkTimeout Succ,view=920,toView=921,nodeIdx=0,changeCycle=0,myNode=0e7418af...,timecost=0.196
info|2019-12-13 01:00:05.517115|[g:1][CONSENSUS][PBFT]checkAndChangeView: Reach consensus,org_view=920,org_changeCycle=0,cur_changeCycle=0,to_view=921
info|2019-12-13 01:00:06.518519|[g:1][CONSENSUS][SEALER]++++++++++++++++ Generating seal on,blkNum=96,tx=0,nodeIdx=0,hash=ebf960b0...
info|2019-12-13 01:00:06.534506|[g:1][CONSENSUS][PBFT]checkTimeout Succ,view=921,toView=922,nodeIdx=0,changeCycle=0,myNode=0e7418af...,timecost=0.216
info|2019-12-13 01:00:06.536091|[g:1][CONSENSUS][PBFT]checkAndChangeView: Reach consensus,org_view=921,org_changeCycle=0,cur_changeCycle=0,to_view=922
info|2019-12-13 01:00:07.535126|[g:1][CONSENSUS]addRawPrepare,height=96,reqIdx=1,hash=448bb037...
info|2019-12-13 01:00:07.535360|[g:1][CONSENSUS][PBFT]checkTimeout Succ,view=922,toView=923,nodeIdx=0,changeCycle=0,myNode=0e7418af...,timecost=0.206
info|2019-12-13 01:00:07.542682|[g:1][CONSENSUS][PBFT]checkAndChangeView: Reach consensus,org_view=922,org_changeCycle=0,cur_changeCycle=0,to_view=923
info|2019-12-13 01:00:08.546063|[g:1][CONSENSUS]addRawPrepare,height=96,reqIdx=2,hash=6e8a83e1...
info|2019-12-13 01:00:08.546275|[g:1][CONSENSUS][PBFT]checkTimeout Succ,view=923,toView=924,nodeIdx=0,changeCycle=0,myNode=0e7418af...,timecost=0.19
info|2019-12-13 01:00:08.548178|[g:1][CONSENSUS][PBFT]checkAndChangeView: Reach consensus,org_view=923,org_changeCycle=0,cur_changeCycle=0,to_view=924
info|2019-12-13 01:00:09.352384|[P2P][Service] heartBeat,connected count=3
info|2019-12-13 01:00:09.551553|[g:1][CONSENSUS]addRawPrepare,height=96,reqIdx=3,hash=e1b75454...
info|2019-12-13 01:00:09.551793|[g:1][CONSENSUS][PBFT]checkTimeout Succ,view=924,toView=925,nodeIdx=0,changeCycle=0,myNode=0e7418af...,timecost=0.213
info|2019-12-13 01:00:09.555271|[g:1][CONSENSUS][PBFT]checkAndChangeView: Reach consensus,org_view=924,org_changeCycle=0,cur_changeCycle=0,to_view=925
info|2019-12-13 01:00:10.556350|[g:1][CONSENSUS][SEALER]++++++++++++++++ Generating seal on,blkNum=96,tx=0,nodeIdx=0,hash=148fac56...
info|2019-12-13 01:00:10.563186|[g:1][CONSENSUS][PBFT]checkTimeout Succ,view=925,toView=926,nodeIdx=0,changeCycle=0,myNode=0e7418af...,timecost=0.302
info|2019-12-13 01:00:10.564716|[g:1][CONSENSUS][PBFT]checkAndChangeView: Reach consensus,org_view=925,org_changeCycle=0,cur_changeCycle=0,to_view=926
info|2019-12-13 01:00:11.564497|[g:1][CONSENSUS]addRawPrepare,height=96,reqIdx=1,hash=24615815...
info|2019-12-13 01:00:11.564877|[g:1][CONSENSUS][PBFT]checkTimeout Succ,view=926,toView=927,nodeIdx=0,changeCycle=0,myNode=0e7418af...,timecost=0.321
info|2019-12-13 01:00:11.567954|[g:1][CONSENSUS][PBFT]checkAndChangeView: Reach consensus,org_view=926,org_changeCycle=0,cur_changeCycle=0,to_view=927
info|2019-12-13 01:00:12.573796|[g:1][CONSENSUS]addRawPrepare,height=96,reqIdx=2,hash=ada68655...
info|2019-12-13 01:00:12.574218|[g:1][CONSENSUS][PBFT]checkTimeout Succ,view=927,toView=928,nodeIdx=0,changeCycle=0,myNode=0e7418af...,timecost=0.264
info|2019-12-13 01:00:12.580096|[g:1][CONSENSUS][PBFT]checkAndChangeView: Reach consensus,org_view=927,org_changeCycle=0,cur_changeCycle=0,to_view=928
info|2019-12-13 01:00:13.584028|[g:1][CONSENSUS]addRawPrepare,height=96,reqIdx=3,hash=8ce0c97b...
info|2019-12-13 01:00:13.584300|[g:1][CONSENSUS][PBFT]checkTimeout Succ,view=928,toView=929,nodeIdx=0,changeCycle=0,myNode=0e7418af...,timecost=0.249
info|2019-12-13 01:00:13.590158|[g:1][CONSENSUS][PBFT]checkAndChangeView: Reach consensus,org_view=928,org_changeCycle=0,cur_changeCycle=0,to_view=929
info|2019-12-13 01:00:14.590753|[g:1][CONSENSUS][SEALER]++++++++++++++++ Generating seal on,blkNum=96,tx=0,nodeIdx=0,hash=a47fd85c...
info|2019-12-13 01:00:14.598428|[g:1][CONSENSUS][PBFT]checkTimeout Succ,view=929,toView=930,nodeIdx=0,changeCycle=0,myNode=0e7418af...,timecost=0.272
info|2019-12-13 01:00:14.599425|[g:1][CONSENSUS][PBFT]checkAndChangeView: Reach consensus,org_view=929,org_changeCycle=0,cur_changeCycle=0,to_view=930
info|2019-12-13 01:00:15.600298|[g:1][CONSENSUS]addRawPrepare,height=96,reqIdx=1,hash=945020de...
info|2019-12-13 01:00:15.600646|[g:1][CONSENSUS][PBFT]checkTimeout Succ,view=930,toView=931,nodeIdx=0,changeCycle=0,myNode=0e7418af...,timecost=0.308
info|2019-12-13 01:00:15.604439|[g:1][CONSENSUS][PBFT]checkAndChangeView: Reach consensus,org_view=930,org_changeCycle=0,cur_changeCycle=0,to_view=931
info|2019-12-13 01:00:16.610519|[g:1][CONSENSUS]addRawPrepare,height=96,reqIdx=2,hash=0de7a1dd...
info|2019-12-13 01:00:16.611548|[g:1][CONSENSUS][PBFT]checkTimeout Succ,view=931,toView=932,nodeIdx=0,changeCycle=0,myNode=0e7418af...,timecost=1.005
info|2019-12-13 01:00:16.613923|[g:1][CONSENSUS][PBFT]checkAndChangeView: Reach consensus,org_view=931,org_changeCycle=0,cur_changeCycle=0,to_view=932
info|2019-12-13 01:00:17.616894|[g:1][CONSENSUS]addRawPrepare,height=96,reqIdx=3,hash=3df36cb7...
info|2019-12-13 01:00:17.617131|[g:1][CONSENSUS][PBFT]checkTimeout Succ,view=932,toView=933,nodeIdx=0,changeCycle=0,myNode=0e7418af...,timecost=0.196
info|2019-12-13 01:00:17.619612|[g:1][CONSENSUS][PBFT]checkAndChangeView: Reach consensus,org_view=932,org_changeCycle=0,cur_changeCycle=0,to_view=933
info|2019-12-13 01:00:18.626616|[g:1][CONSENSUS][SEALER]++++++++++++++++ Generating seal on,blkNum=96,tx=0,nodeIdx=0,hash=00b9b904...
info|2019-12-13 01:00:18.633252|[g:1][CONSENSUS][PBFT]checkTimeout Succ,view=933,toView=934,nodeIdx=0,changeCycle=0,myNode=0e7418af...,timecost=0.301
info|2019-12-13 01:00:18.634285|[g:1][CONSENSUS][PBFT]checkAndChangeView: Reach consensus,org_view=933,org_changeCycle=0,cur_changeCycle=0,to_view=934
info|2019-12-13 01:00:19.353109|[P2P][Service] heartBeat,connected count=3
info|2019-12-13 01:00:19.634683|[g:1][CONSENSUS]addRawPrepare,height=96,reqIdx=1,hash=61e52b9f...
info|2019-12-13 01:00:19.634980|[g:1][CONSENSUS][PBFT]checkTimeout Succ,view=934,toView=935,nodeIdx=0,changeCycle=0,myNode=0e7418af...,timecost=0.268
info|2019-12-13 01:00:19.638013|[g:1][CONSENSUS][PBFT]checkAndChangeView: Reach consensus,org_view=934,org_changeCycle=0,cur_changeCycle=0,to_view=935
info|2019-12-13 01:00:20.641125|[g:1][CONSENSUS]addRawPrepare,height=96,reqIdx=2,hash=cdc4811b...
info|2019-12-13 01:00:20.641444|[g:1][CONSENSUS][PBFT]checkTimeout Succ,view=935,toView=936,nodeIdx=0,changeCycle=0,myNode=0e7418af...,timecost=0.297
info|2019-12-13 01:00:20.643501|[g:1][CONSENSUS][PBFT]checkAndChangeView: Reach consensus,org_view=935,org_changeCycle=0,cur_changeCycle=0,to_view=936
info|2019-12-13 01:00:21.646435|[g:1][CONSENSUS]addRawPrepare,height=96,reqIdx=3,hash=0fe52638...
info|2019-12-13 01:00:21.646649|[g:1][CONSENSUS][PBFT]checkTimeout Succ,view=936,toView=937,nodeIdx=0,changeCycle=0,myNode=0e7418af...,timecost=0.193
info|2019-12-13 01:00:21.648553|[g:1][CONSENSUS][PBFT]checkAndChangeView: Reach consensus,org_view=936,org_changeCycle=0,cur_changeCycle=0,to_view=937
info|2019-12-13 01:00:22.649216|[g:1][CONSENSUS][SEALER]++++++++++++++++ Generating seal on,blkNum=96,tx=0,nodeIdx=0,hash=1d73fc47...
info|2019-12-13 01:00:22.665622|[g:1][CONSENSUS][PBFT]checkTimeout Succ,view=937,toView=938,nodeIdx=0,changeCycle=0,myNode=0e7418af...,timecost=0.336
info|2019-12-13 01:00:22.675957|[g:1][CONSENSUS][PBFT]checkAndChangeView: Reach consensus,org_view=937,org_changeCycle=0,cur_changeCycle=0,to_view=938
info|2019-12-13 01:00:23.675781|[g:1][CONSENSUS]addRawPrepare,height=96,reqIdx=1,hash=c40bb565...
info|2019-12-13 01:00:23.676055|[g:1][CONSENSUS][PBFT]checkTimeout Succ,view=938,toView=939,nodeIdx=0,changeCycle=0,myNode=0e7418af...,timecost=0.224
info|2019-12-13 01:00:23.680919|[g:1][CONSENSUS][PBFT]checkAndChangeView: Reach consensus,org_view=938,org_changeCycle=0,cur_changeCycle=0,to_view=939
info|2019-12-13 01:00:24.689547|[g:1][CONSENSUS]addRawPrepare,height=96,reqIdx=2,hash=f0b2027b...
info|2019-12-13 01:00:24.689773|[g:1][CONSENSUS][PBFT]checkTimeout Succ,view=939,toView=940,nodeIdx=0,changeCycle=0,myNode=0e7418af...,timecost=0.203
info|2019-12-13 01:00:24.695076|[g:1][CONSENSUS][PBFT]checkAndChangeView: Reach consensus,org_view=939,org_changeCycle=0,cur_changeCycle=0,to_view=940
info|2019-12-13 01:00:25.697261|[g:1][CONSENSUS]addRawPrepare,height=96,reqIdx=3,hash=9e3d873f...
info|2019-12-13 01:00:25.697479|[g:1][CONSENSUS][PBFT]checkTimeout Succ,view=940,toView=941,nodeIdx=0,changeCycle=0,myNode=0e7418af...,timecost=0.192
info|2019-12-13 01:00:25.699352|[g:1][CONSENSUS][PBFT]checkAndChangeView: Reach consensus,org_view=940,org_changeCycle=0,cur_changeCycle=0,to_view=941
info|2019-12-13 01:00:26.700535|[g:1][CONSENSUS][SEALER]++++++++++++++++ Generating seal on,blkNum=96,tx=0,nodeIdx=0,hash=fcb171a5...
info|2019-12-13 01:00:26.707283|[g:1][CONSENSUS][PBFT]checkTimeout Succ,view=941,toView=942,nodeIdx=0,changeCycle=0,myNode=0e7418af...,timecost=0.24
info|2019-12-13 01:00:26.708307|[g:1][CONSENSUS][PBFT]checkAndChangeView: Reach consensus,org_view=941,org_changeCycle=0,cur_changeCycle=0,to_view=942
info|2019-12-13 01:00:27.709934|[g:1][CONSENSUS]addRawPrepare,height=96,reqIdx=1,hash=aff789b5...
info|2019-12-13 01:00:27.710212|[g:1][CONSENSUS][PBFT]checkTimeout Succ,view=942,toView=943,nodeIdx=0,changeCycle=0,myNode=0e7418af...,timecost=0.243
info|2019-12-13 01:00:27.716129|[g:1][CONSENSUS][PBFT]checkAndChangeView: Reach consensus,org_view=942,org_changeCycle=0,cur_changeCycle=0,to_view=943
info|2019-12-13 01:00:28.719240|[g:1][CONSENSUS]addRawPrepare,height=96,reqIdx=2,hash=7fcf9cba...
info|2019-12-13 01:00:28.719472|[g:1][CONSENSUS][PBFT]checkTimeout Succ,view=943,toView=944,nodeIdx=0,changeCycle=0,myNode=0e7418af...,timecost=0.207
info|2019-12-13 01:00:28.722819|[g:1][CONSENSUS][PBFT]checkAndChangeView: Reach consensus,org_view=943,org_changeCycle=0,cur_changeCycle=0,to_view=944
info|2019-12-13 01:00:29.353220|[P2P][Service] heartBeat,connected count=3
info|2019-12-13 01:00:29.725884|[g:1][CONSENSUS]addRawPrepare,height=96,reqIdx=3,hash=5d910c3f...
info|2019-12-13 01:00:29.726096|[g:1][CONSENSUS][PBFT]checkTimeout Succ,view=944,toView=945,nodeIdx=0,changeCycle=0,myNode=0e7418af...,timecost=0.185
info|2019-12-13 01:00:29.728473|[g:1][CONSENSUS][PBFT]checkAndChangeView: Reach consensus,org_view=944,org_changeCycle=0,cur_changeCycle=0,to_view=945
info|2019-12-13 01:00:30.729299|[g:1][CONSENSUS][SEALER]++++++++++++++++ Generating seal on,blkNum=96,tx=0,nodeIdx=0,hash=eaf414a2...
info|2019-12-13 01:00:30.735221|[g:1][CONSENSUS][PBFT]checkTimeout Succ,view=945,toView=946,nodeIdx=0,changeCycle=0,myNode=0e7418af...,timecost=0.194
info|2019-12-13 01:00:30.736151|[g:1][CONSENSUS][PBFT]checkAndChangeView: Reach consensus,org_view=945,org_changeCycle=0,cur_changeCycle=0,to_view=946
info|2019-12-13 01:00:31.737217|[g:1][CONSENSUS]addRawPrepare,height=96,reqIdx=1,hash=40670da1...
info|2019-12-13 01:00:31.737433|[g:1][CONSENSUS][PBFT]checkTimeout Succ,view=946,toView=947,nodeIdx=0,changeCycle=0,myNode=0e7418af...,timecost=0.194
info|2019-12-13 01:00:31.739169|[g:1][CONSENSUS][PBFT]checkAndChangeView: Reach consensus,org_view=946,org_changeCycle=0,cur_changeCycle=0,to_view=947
info|2019-12-13 01:00:32.744101|[g:1][CONSENSUS]addRawPrepare,height=96,reqIdx=2,hash=e23bd512...
info|2019-12-13 01:00:32.744341|[g:1][CONSENSUS][PBFT]checkTimeout Succ,view=947,toView=948,nodeIdx=0,changeCycle=0,myNode=0e7418af...,timecost=0.21
info|2019-12-13 01:00:32.749101|[g:1][CONSENSUS][PBFT]checkAndChangeView: Reach consensus,org_view=947,org_changeCycle=0,cur_changeCycle=0,to_view=948
info|2019-12-13 01:00:33.752146|[g:1][CONSENSUS]addRawPrepare,height=96,reqIdx=3,hash=ae9230e8...
info|2019-12-13 01:00:33.752440|[g:1][CONSENSUS][PBFT]checkTimeout Succ,view=948,toView=949,nodeIdx=0,changeCycle=0,myNode=0e7418af...,timecost=0.261
info|2019-12-13 01:00:33.769881|[g:1][CONSENSUS][PBFT]checkAndChangeView: Reach consensus,org_view=948,org_changeCycle=0,cur_changeCycle=0,to_view=949
info|2019-12-13 01:00:34.769424|[g:1][CONSENSUS][SEALER]++++++++++++++++ Generating seal on,blkNum=96,tx=0,nodeIdx=0,hash=2f061777...
info|2019-12-13 01:00:34.775953|[g:1][CONSENSUS][PBFT]checkTimeout Succ,view=949,toView=950,nodeIdx=0,changeCycle=0,myNode=0e7418af...,timecost=0.224
info|2019-12-13 01:00:34.776669|[g:1][CONSENSUS][PBFT]checkAndChangeView: Reach consensus,org_view=949,org_changeCycle=0,cur_changeCycle=0,to_view=950
info|2019-12-13 01:00:35.777128|[g:1][CONSENSUS]addRawPrepare,height=96,reqIdx=1,hash=208ac4ce...
info|2019-12-13 01:00:35.777339|[g:1][CONSENSUS][PBFT]checkTimeout Succ,view=950,toView=951,nodeIdx=0,changeCycle=0,myNode=0e7418af...,timecost=0.184
info|2019-12-13 01:00:35.778808|[g:1][CONSENSUS][PBFT]checkAndChangeView: Reach consensus,org_view=950,org_changeCycle=0,cur_changeCycle=0,to_view=951
info|2019-12-13 01:00:36.782459|[g:1][CONSENSUS]addRawPrepare,height=96,reqIdx=2,hash=ff76857c...
info|2019-12-13 01:00:36.782769|[g:1][CONSENSUS][PBFT]checkTimeout Succ,view=951,toView=952,nodeIdx=0,changeCycle=0,myNode=0e7418af...,timecost=0.225
info|2019-12-13 01:00:36.784410|[g:1][CONSENSUS][PBFT]checkAndChangeView: Reach consensus,org_view=951,org_changeCycle=0,cur_changeCycle=0,to_view=952
info|2019-12-13 01:00:37.787543|[g:1][CONSENSUS]addRawPrepare,height=96,reqIdx=3,hash=5cd60a06...
info|2019-12-13 01:00:37.787774|[g:1][CONSENSUS][PBFT]checkTimeout Succ,view=952,toView=953,nodeIdx=0,changeCycle=0,myNode=0e7418af...,timecost=0.204
info|2019-12-13 01:00:37.791076|[g:1][CONSENSUS][PBFT]checkAndChangeView: Reach consensus,org_view=952,org_changeCycle=0,cur_changeCycle=0,to_view=953
info|2019-12-13 01:00:38.793109|[g:1][CONSENSUS][SEALER]++++++++++++++++ Generating seal on,blkNum=96,tx=0,nodeIdx=0,hash=16c64f80...
info|2019-12-13 01:00:38.806066|[g:1][CONSENSUS][PBFT]checkTimeout Succ,view=953,toView=954,nodeIdx=0,changeCycle=0,myNode=0e7418af...,timecost=2.868
info|2019-12-13 01:00:38.807054|[g:1][CONSENSUS][PBFT]checkAndChangeView: Reach consensus,org_view=953,org_changeCycle=0,cur_changeCycle=0,to_view=954
info|2019-12-13 01:00:39.353690|[P2P][Service] heartBeat,connected count=3
info|2019-12-13 01:00:39.812434|[g:1][CONSENSUS]addRawPrepare,height=96,reqIdx=1,hash=08b6a7f9...
info|2019-12-13 01:00:39.812703|[g:1][CONSENSUS][PBFT]checkTimeout Succ,view=954,toView=955,nodeIdx=0,changeCycle=0,myNode=0e7418af...,timecost=0.195
info|2019-12-13 01:00:39.814749|[g:1][CONSENSUS][PBFT]checkAndChangeView: Reach consensus,org_view=954,org_changeCycle=0,cur_changeCycle=0,to_view=955
info|2019-12-13 01:00:40.846776|[g:1][CONSENSUS]addRawPrepare,height=96,reqIdx=2,hash=bc9f4e10...
info|2019-12-13 01:00:40.851259|[g:1][CONSENSUS][PBFT]checkTimeout Succ,view=955,toView=956,nodeIdx=0,changeCycle=0,myNode=0e7418af...,timecost=4.46
info|2019-12-13 01:00:40.852899|[g:1][CONSENSUS][PBFT]checkAndChangeView: Reach consensus,org_view=955,org_changeCycle=0,cur_changeCycle=0,to_view=956
info|2019-12-13 01:00:41.854898|[g:1][CONSENSUS]addRawPrepare,height=96,reqIdx=3,hash=26fd547c...
info|2019-12-13 01:00:41.855119|[g:1][CONSENSUS][PBFT]checkTimeout Succ,view=956,toView=957,nodeIdx=0,changeCycle=0,myNode=0e7418af...,timecost=0.194
info|2019-12-13 01:00:41.857377|[g:1][CONSENSUS][PBFT]checkAndChangeView: Reach consensus,org_view=956,org_changeCycle=0,cur_changeCycle=0,to_view=957
info|2019-12-13 01:00:42.858796|[g:1][CONSENSUS][SEALER]++++++++++++++++ Generating seal on,blkNum=96,tx=0,nodeIdx=0,hash=675a0347...
info|2019-12-13 01:00:42.872066|[g:1][CONSENSUS][PBFT]checkTimeout Succ,view=957,toView=958,nodeIdx=0,changeCycle=0,myNode=0e7418af...,timecost=0.23
info|2019-12-13 01:00:42.876054|[g:1][CONSENSUS][PBFT]checkAndChangeView: Reach consensus,org_view=957,org_changeCycle=0,cur_changeCycle=0,to_view=958
info|2019-12-13 01:00:43.874829|[g:1][CONSENSUS]addRawPrepare,height=96,reqIdx=1,hash=cd070a40...
info|2019-12-13 01:00:43.875107|[g:1][CONSENSUS][PBFT]checkTimeout Succ,view=958,toView=959,nodeIdx=0,changeCycle=0,myNode=0e7418af...,timecost=0.25
info|2019-12-13 01:00:43.876140|[g:1][CONSENSUS][PBFT]checkAndChangeView: Reach consensus,org_view=958,org_changeCycle=0,cur_changeCycle=0,to_view=959
info|2019-12-13 01:00:44.884308|[g:1][CONSENSUS]addRawPrepare,height=96,reqIdx=2,hash=04b840ed...
info|2019-12-13 01:00:44.888603|[g:1][CONSENSUS][PBFT]checkTimeout Succ,view=959,toView=960,nodeIdx=0,changeCycle=0,myNode=0e7418af...,timecost=4.272
info|2019-12-13 01:00:44.888909|[g:1][CONSENSUS][PBFT]checkAndChangeView: Reach consensus,org_view=959,org_changeCycle=0,cur_changeCycle=0,to_view=960
info|2019-12-13 01:00:45.892596|[g:1][CONSENSUS]addRawPrepare,height=96,reqIdx=3,hash=0ea62137...
info|2019-12-13 01:00:45.893144|[g:1][CONSENSUS][PBFT]checkTimeout Succ,view=960,toView=961,nodeIdx=0,changeCycle=0,myNode=0e7418af...,timecost=0.211
info|2019-12-13 01:00:45.895671|[g:1][CONSENSUS][PBFT]checkAndChangeView: Reach consensus,org_view=960,org_changeCycle=0,cur_changeCycle=0,to_view=961
info|2019-12-13 01:00:46.896136|[g:1][CONSENSUS][SEALER]++++++++++++++++ Generating seal on,blkNum=96,tx=0,nodeIdx=0,hash=c9614477...
info|2019-12-13 01:00:46.902703|[g:1][CONSENSUS][PBFT]checkTimeout Succ,view=961,toView=962,nodeIdx=0,changeCycle=0,myNode=0e7418af...,timecost=0.192
info|2019-12-13 01:00:46.903800|[g:1][CONSENSUS][PBFT]checkAndChangeView: Reach consensus,org_view=961,org_changeCycle=0,cur_changeCycle=0,to_view=962
info|2019-12-13 01:00:47.916281|[g:1][CONSENSUS]addRawPrepare,height=96,reqIdx=1,hash=070db739...
info|2019-12-13 01:00:47.916510|[g:1][CONSENSUS][PBFT]checkTimeout Succ,view=962,toView=963,nodeIdx=0,changeCycle=0,myNode=0e7418af...,timecost=0.205
info|2019-12-13 01:00:47.918233|[g:1][CONSENSUS][PBFT]checkAndChangeView: Reach consensus,org_view=962,org_changeCycle=0,cur_changeCycle=0,to_view=963
info|2019-12-13 01:00:48.922497|[g:1][CONSENSUS]addRawPrepare,height=96,reqIdx=2,hash=4f1271ea...
info|2019-12-13 01:00:48.922722|[g:1][CONSENSUS][PBFT]checkTimeout Succ,view=963,toView=964,nodeIdx=0,changeCycle=0,myNode=0e7418af...,timecost=0.201
info|2019-12-13 01:00:48.926673|[g:1][CONSENSUS][PBFT]checkAndChangeView: Reach consensus,org_view=963,org_changeCycle=0,cur_changeCycle=0,to_view=964
info|2019-12-13 01:00:49.353767|[P2P][Service] heartBeat,connected count=3
info|2019-12-13 01:00:49.937921|[g:1][CONSENSUS]addRawPrepare,height=96,reqIdx=3,hash=96235764...
info|2019-12-13 01:00:49.942561|[g:1][CONSENSUS][PBFT]checkTimeout Succ,view=964,toView=965,nodeIdx=0,changeCycle=0,myNode=0e7418af...,timecost=0.948
info|2019-12-13 01:00:49.943449|[g:1][CONSENSUS][PBFT]checkAndChangeView: Reach consensus,org_view=964,org_changeCycle=0,cur_changeCycle=0,to_view=965
info|2019-12-13 01:00:50.943393|[g:1][CONSENSUS][SEALER]++++++++++++++++ Generating seal on,blkNum=96,tx=0,nodeIdx=0,hash=eec674a7...
info|2019-12-13 01:00:50.953967|[g:1][CONSENSUS][PBFT]checkTimeout Succ,view=965,toView=966,nodeIdx=0,changeCycle=0,myNode=0e7418af...,timecost=0.245
info|2019-12-13 01:00:50.955240|[g:1][CONSENSUS][PBFT]checkAndChangeView: Reach consensus,org_view=965,org_changeCycle=0,cur_changeCycle=0,to_view=966
info|2019-12-13 01:00:51.951985|[g:1][CONSENSUS]addRawPrepare,height=96,reqIdx=1,hash=29ccb226...
info|2019-12-13 01:00:51.952212|[g:1][CONSENSUS][PBFT]checkTimeout Succ,view=966,toView=967,nodeIdx=0,changeCycle=0,myNode=0e7418af...,timecost=0.203
info|2019-12-13 01:00:51.955395|[g:1][CONSENSUS][PBFT]checkAndChangeView: Reach consensus,org_view=966,org_changeCycle=0,cur_changeCycle=0,to_view=967
info|2019-12-13 01:00:52.956635|[g:1][CONSENSUS]addRawPrepare,height=96,reqIdx=2,hash=c0fa8fe4...
info|2019-12-13 01:00:52.956852|[g:1][CONSENSUS][PBFT]checkTimeout Succ,view=967,toView=968,nodeIdx=0,changeCycle=0,myNode=0e7418af...,timecost=0.193
info|2019-12-13 01:00:52.959505|[g:1][CONSENSUS][PBFT]checkAndChangeView: Reach consensus,org_view=967,org_changeCycle=0,cur_changeCycle=0,to_view=968
info|2019-12-13 01:00:53.965024|[g:1][CONSENSUS]addRawPrepare,height=96,reqIdx=3,hash=a596bd3b...
info|2019-12-13 01:00:53.965281|[g:1][CONSENSUS][PBFT]checkTimeout Succ,view=968,toView=969,nodeIdx=0,changeCycle=0,myNode=0e7418af...,timecost=0.234
info|2019-12-13 01:00:53.967022|[g:1][CONSENSUS][PBFT]checkAndChangeView: Reach consensus,org_view=968,org_changeCycle=0,cur_changeCycle=0,to_view=969
info|2019-12-13 01:00:54.968844|[g:1][CONSENSUS][SEALER]++++++++++++++++ Generating seal on,blkNum=96,tx=0,nodeIdx=0,hash=6c1806a5...
info|2019-12-13 01:00:54.980511|[g:1][CONSENSUS][PBFT]checkTimeout Succ,view=969,toView=970,nodeIdx=0,changeCycle=0,myNode=0e7418af...,timecost=0.272
info|2019-12-13 01:00:54.981476|[g:1][CONSENSUS][PBFT]checkAndChangeView: Reach consensus,org_view=969,org_changeCycle=0,cur_changeCycle=0,to_view=970
info|2019-12-13 01:00:55.979227|[g:1][CONSENSUS]addRawPrepare,height=96,reqIdx=1,hash=d462ad55...
info|2019-12-13 01:00:55.979457|[g:1][CONSENSUS][PBFT]checkTimeout Succ,view=970,toView=971,nodeIdx=0,changeCycle=0,myNode=0e7418af...,timecost=0.205
info|2019-12-13 01:00:55.983632|[g:1][CONSENSUS][PBFT]checkAndChangeView: Reach consensus,org_view=970,org_changeCycle=0,cur_changeCycle=0,to_view=971
info|2019-12-13 01:00:56.982813|[g:1][CONSENSUS]addRawPrepare,height=96,reqIdx=2,hash=1b5eec83...
info|2019-12-13 01:00:56.983027|[g:1][CONSENSUS][PBFT]checkTimeout Succ,view=971,toView=972,nodeIdx=0,changeCycle=0,myNode=0e7418af...,timecost=0.191
info|2019-12-13 01:00:56.985008|[g:1][CONSENSUS][PBFT]checkAndChangeView: Reach consensus,org_view=971,org_changeCycle=0,cur_changeCycle=0,to_view=972
info|2019-12-13 01:00:57.988910|[g:1][CONSENSUS]addRawPrepare,height=96,reqIdx=3,hash=af68ce87...
info|2019-12-13 01:00:57.989232|[g:1][CONSENSUS][PBFT]checkTimeout Succ,view=972,toView=973,nodeIdx=0,changeCycle=0,myNode=0e7418af...,timecost=0.299
info|2019-12-13 01:00:57.992255|[g:1][CONSENSUS][PBFT]checkAndChangeView: Reach consensus,org_view=972,org_changeCycle=0,cur_changeCycle=0,to_view=973
info|2019-12-13 01:00:58.993238|[g:1][CONSENSUS][SEALER]++++++++++++++++ Generating seal on,blkNum=96,tx=0,nodeIdx=0,hash=adbdce75...
info|2019-12-13 01:00:59.004867|[g:1][CONSENSUS][PBFT]checkTimeout Succ,view=973,toView=974,nodeIdx=0,changeCycle=0,myNode=0e7418af...,timecost=0.297
info|2019-12-13 01:00:59.006004|[g:1][CONSENSUS][PBFT]checkAndChangeView: Reach consensus,org_view=973,org_changeCycle=0,cur_changeCycle=0,to_view=974
info|2019-12-13 01:00:59.353871|[P2P][Service] heartBeat,connected count=3
info|2019-12-13 01:01:00.007759|[g:1][CONSENSUS]addRawPrepare,height=96,reqIdx=1,hash=6a588155...
info|2019-12-13 01:01:00.007974|[g:1][CONSENSUS][PBFT]checkTimeout Succ,view=974,toView=975,nodeIdx=0,changeCycle=0,myNode=0e7418af...,timecost=0.192
info|2019-12-13 01:01:00.011643|[g:1][CONSENSUS][PBFT]checkAndChangeView: Reach consensus,org_view=974,org_changeCycle=0,cur_changeCycle=0,to_view=975
info|2019-12-13 01:01:01.015488|[g:1][CONSENSUS]addRawPrepare,height=96,reqIdx=2,hash=565218b8...
info|2019-12-13 01:01:01.015718|[g:1][CONSENSUS][PBFT]checkTimeout Succ,view=975,toView=976,nodeIdx=0,changeCycle=0,myNode=0e7418af...,timecost=0.205
info|2019-12-13 01:01:01.019978|[g:1][CONSENSUS][PBFT]checkAndChangeView: Reach consensus,org_view=975,org_changeCycle=0,cur_changeCycle=0,to_view=976
info|2019-12-13 01:01:02.029864|[g:1][CONSENSUS]addRawPrepare,height=96,reqIdx=3,hash=5e59a422...
info|2019-12-13 01:01:02.030116|[g:1][CONSENSUS][PBFT]checkTimeout Succ,view=976,toView=977,nodeIdx=0,changeCycle=0,myNode=0e7418af...,timecost=0.2
info|2019-12-13 01:01:02.033218|[g:1][CONSENSUS][PBFT]checkAndChangeView: Reach consensus,org_view=976,org_changeCycle=0,cur_changeCycle=0,to_view=977
info|2019-12-13 01:01:03.033921|[g:1][CONSENSUS][SEALER]++++++++++++++++ Generating seal on,blkNum=96,tx=0,nodeIdx=0,hash=88e565d2...
info|2019-12-13 01:01:03.040564|[g:1][CONSENSUS][PBFT]checkTimeout Succ,view=977,toView=978,nodeIdx=0,changeCycle=0,myNode=0e7418af...,timecost=0.324
info|2019-12-13 01:01:03.041660|[g:1][CONSENSUS][PBFT]checkAndChangeView: Reach consensus,org_view=977,org_changeCycle=0,cur_changeCycle=0,to_view=978
info|2019-12-13 01:01:04.041991|[g:1][CONSENSUS]addRawPrepare,height=96,reqIdx=1,hash=554eced1...
info|2019-12-13 01:01:04.042673|[g:1][CONSENSUS][PBFT]checkTimeout Succ,view=978,toView=979,nodeIdx=0,changeCycle=0,myNode=0e7418af...,timecost=0.619
info|2019-12-13 01:01:04.051675|[g:1][CONSENSUS][PBFT]checkAndChangeView: Reach consensus,org_view=978,org_changeCycle=0,cur_changeCycle=0,to_view=979
info|2019-12-13 01:01:05.053628|[g:1][CONSENSUS]addRawPrepare,height=96,reqIdx=2,hash=b257d887...
info|2019-12-13 01:01:05.054496|[g:1][CONSENSUS][PBFT]checkTimeout Succ,view=979,toView=980,nodeIdx=0,changeCycle=0,myNode=0e7418af...,timecost=0.843
info|2019-12-13 01:01:05.057295|[g:1][CONSENSUS][PBFT]checkAndChangeView: Reach consensus,org_view=979,org_changeCycle=0,cur_changeCycle=0,to_view=980
info|2019-12-13 01:01:06.065430|[g:1][CONSENSUS]addRawPrepare,height=96,reqIdx=3,hash=7c726c4c...
info|2019-12-13 01:01:06.065910|[g:1][CONSENSUS][PBFT]checkTimeout Succ,view=980,toView=981,nodeIdx=0,changeCycle=0,myNode=0e7418af...,timecost=0.379
info|2019-12-13 01:01:06.070165|[g:1][CONSENSUS][PBFT]checkAndChangeView: Reach consensus,org_view=980,org_changeCycle=0,cur_changeCycle=0,to_view=981
info|2019-12-13 01:01:07.072335|[g:1][CONSENSUS][SEALER]++++++++++++++++ Generating seal on,blkNum=96,tx=0,nodeIdx=0,hash=32988e30...
info|2019-12-13 01:01:07.084021|[g:1][CONSENSUS][PBFT]checkTimeout Succ,view=981,toView=982,nodeIdx=0,changeCycle=0,myNode=0e7418af...,timecost=0.276
info|2019-12-13 01:01:07.084994|[g:1][CONSENSUS][PBFT]checkAndChangeView: Reach consensus,org_view=981,org_changeCycle=0,cur_changeCycle=0,to_view=982
info|2019-12-13 01:01:08.084048|[g:1][CONSENSUS]addRawPrepare,height=96,reqIdx=1,hash=65e1153c...
info|2019-12-13 01:01:08.084278|[g:1][CONSENSUS][PBFT]checkTimeout Succ,view=982,toView=983,nodeIdx=0,changeCycle=0,myNode=0e7418af...,timecost=0.206
info|2019-12-13 01:01:08.086201|[g:1][CONSENSUS][PBFT]checkAndChangeView: Reach consensus,org_view=982,org_changeCycle=0,cur_changeCycle=0,to_view=983
info|2019-12-13 01:01:09.089846|[g:1][CONSENSUS]addRawPrepare,height=96,reqIdx=2,hash=8a71aff0...
info|2019-12-13 01:01:09.090061|[g:1][CONSENSUS][PBFT]checkTimeout Succ,view=983,toView=984,nodeIdx=0,changeCycle=0,myNode=0e7418af...,timecost=0.192
info|2019-12-13 01:01:09.109016|[g:1][CONSENSUS][PBFT]checkAndChangeView: Reach consensus,org_view=983,org_changeCycle=0,cur_changeCycle=0,to_view=984
info|2019-12-13 01:01:09.354030|[P2P][Service] heartBeat,connected count=3
info|2019-12-13 01:01:10.115478|[g:1][CONSENSUS]addRawPrepare,height=96,reqIdx=3,hash=3bb5af2f...
info|2019-12-13 01:01:10.115751|[g:1][CONSENSUS][PBFT]checkTimeout Succ,view=984,toView=985,nodeIdx=0,changeCycle=0,myNode=0e7418af...,timecost=0.25
info|2019-12-13 01:01:10.124196|[g:1][CONSENSUS][PBFT]checkAndChangeView: Reach consensus,org_view=984,org_changeCycle=0,cur_changeCycle=0,to_view=985
info|2019-12-13 01:01:11.125931|[g:1][CONSENSUS][SEALER]++++++++++++++++ Generating seal on,blkNum=96,tx=0,nodeIdx=0,hash=12d2376d...
info|2019-12-13 01:01:11.143173|[g:1][CONSENSUS][PBFT]checkTimeout Succ,view=985,toView=986,nodeIdx=0,changeCycle=0,myNode=0e7418af...,timecost=0.259
info|2019-12-13 01:01:11.146002|[g:1][CONSENSUS][PBFT]checkAndChangeView: Reach consensus,org_view=985,org_changeCycle=0,cur_changeCycle=0,to_view=986
info|2019-12-13 01:01:12.141652|[g:1][CONSENSUS]addRawPrepare,height=96,reqIdx=1,hash=d40edd91...
info|2019-12-13 01:01:12.141868|[g:1][CONSENSUS][PBFT]checkTimeout Succ,view=986,toView=987,nodeIdx=0,changeCycle=0,myNode=0e7418af...,timecost=0.193
info|2019-12-13 01:01:12.146026|[g:1][CONSENSUS][PBFT]checkAndChangeView: Reach consensus,org_view=986,org_changeCycle=0,cur_changeCycle=0,to_view=987
info|2019-12-13 01:01:13.150159|[g:1][CONSENSUS]addRawPrepare,height=96,reqIdx=2,hash=844f36ff...
info|2019-12-13 01:01:13.150434|[g:1][CONSENSUS][PBFT]checkTimeout Succ,view=987,toView=988,nodeIdx=0,changeCycle=0,myNode=0e7418af...,timecost=0.206
info|2019-12-13 01:01:13.159599|[g:1][CONSENSUS][PBFT]checkAndChangeView: Reach consensus,org_view=987,org_changeCycle=0,cur_changeCycle=0,to_view=988
info|2019-12-13 01:01:14.163038|[g:1][CONSENSUS]addRawPrepare,height=96,reqIdx=3,hash=9500bc0c...
info|2019-12-13 01:01:14.163268|[g:1][CONSENSUS][PBFT]checkTimeout Succ,view=988,toView=989,nodeIdx=0,changeCycle=0,myNode=0e7418af...,timecost=0.204
info|2019-12-13 01:01:14.166164|[g:1][CONSENSUS][PBFT]checkAndChangeView: Reach consensus,org_view=988,org_changeCycle=0,cur_changeCycle=0,to_view=989
info|2019-12-13 01:01:15.166153|[g:1][CONSENSUS][SEALER]++++++++++++++++ Generating seal on,blkNum=96,tx=0,nodeIdx=0,hash=e9a8e13d...
info|2019-12-13 01:01:15.172953|[g:1][CONSENSUS][PBFT]checkTimeout Succ,view=989,toView=990,nodeIdx=0,changeCycle=0,myNode=0e7418af...,timecost=0.225
info|2019-12-13 01:01:15.173812|[g:1][CONSENSUS][PBFT]checkAndChangeView: Reach consensus,org_view=989,org_changeCycle=0,cur_changeCycle=0,to_view=990
info|2019-12-13 01:01:16.173450|[g:1][CONSENSUS]addRawPrepare,height=96,reqIdx=1,hash=8cdb6cb9...
info|2019-12-13 01:01:16.173711|[g:1][CONSENSUS][PBFT]checkTimeout Succ,view=990,toView=991,nodeIdx=0,changeCycle=0,myNode=0e7418af...,timecost=0.238
info|2019-12-13 01:01:16.175729|[g:1][CONSENSUS][PBFT]checkAndChangeView: Reach consensus,org_view=990,org_changeCycle=0,cur_changeCycle=0,to_view=991
info|2019-12-13 01:01:17.179787|[g:1][CONSENSUS]addRawPrepare,height=96,reqIdx=2,hash=bfe129eb...
info|2019-12-13 01:01:17.180012|[g:1][CONSENSUS][PBFT]checkTimeout Succ,view=991,toView=992,nodeIdx=0,changeCycle=0,myNode=0e7418af...,timecost=0.202
info|2019-12-13 01:01:17.187384|[g:1][CONSENSUS][PBFT]checkAndChangeView: Reach consensus,org_view=991,org_changeCycle=0,cur_changeCycle=0,to_view=992
info|2019-12-13 01:01:18.190489|[g:1][CONSENSUS]addRawPrepare,height=96,reqIdx=3,hash=8add0f17...
info|2019-12-13 01:01:18.190790|[g:1][CONSENSUS][PBFT]checkTimeout Succ,view=992,toView=993,nodeIdx=0,changeCycle=0,myNode=0e7418af...,timecost=0.253
info|2019-12-13 01:01:18.193773|[g:1][CONSENSUS][PBFT]checkAndChangeView: Reach consensus,org_view=992,org_changeCycle=0,cur_changeCycle=0,to_view=993
info|2019-12-13 01:01:19.194775|[g:1][CONSENSUS][SEALER]++++++++++++++++ Generating seal on,blkNum=96,tx=0,nodeIdx=0,hash=48d9d4f9...
info|2019-12-13 01:01:19.203993|[g:1][CONSENSUS][PBFT]checkTimeout Succ,view=993,toView=994,nodeIdx=0,changeCycle=0,myNode=0e7418af...,timecost=0.211
info|2019-12-13 01:01:19.204970|[g:1][CONSENSUS][PBFT]checkAndChangeView: Reach consensus,org_view=993,org_changeCycle=0,cur_changeCycle=0,to_view=994
info|2019-12-13 01:01:19.354578|[P2P][Service] heartBeat,connected count=3
info|2019-12-13 01:01:20.205769|[g:1][CONSENSUS]addRawPrepare,height=96,reqIdx=1,hash=791902db...
info|2019-12-13 01:01:20.205987|[g:1][CONSENSUS][PBFT]checkTimeout Succ,view=994,toView=995,nodeIdx=0,changeCycle=0,myNode=0e7418af...,timecost=0.192
info|2019-12-13 01:01:20.208007|[g:1][CONSENSUS][PBFT]checkAndChangeView: Reach consensus,org_view=994,org_changeCycle=0,cur_changeCycle=0,to_view=995
info|2019-12-13 01:01:21.210406|[g:1][CONSENSUS]addRawPrepare,height=96,reqIdx=2,hash=887d3288...
info|2019-12-13 01:01:21.210626|[g:1][CONSENSUS][PBFT]checkTimeout Succ,view=995,toView=996,nodeIdx=0,changeCycle=0,myNode=0e7418af...,timecost=0.197
info|2019-12-13 01:01:21.212928|[g:1][CONSENSUS][PBFT]checkAndChangeView: Reach consensus,org_view=995,org_changeCycle=0,cur_changeCycle=0,to_view=996
info|2019-12-13 01:01:22.219106|[g:1][CONSENSUS][PBFT]Trigger fast-viewchange,view=996,toView=996,minView=997,INFO=,reqNum=95,curNum=95,GenIdx=2,Cview=997,view=996,fromIdx=2,fromNode=ad4f9855...,fromIp=127.0.0.1:45510,hash=ef150529...,nodeIdx=0,myNode=0e7418af...
info|2019-12-13 01:01:22.219434|[g:1][CONSENSUS][PBFT]checkAndChangeView: Reach consensus,org_view=996,org_changeCycle=0,cur_changeCycle=0,to_view=997
info|2019-12-13 01:01:22.219442|[g:1][CONSENSUS][PBFT]checkTimeout Succ,view=997,toView=997,nodeIdx=0,changeCycle=0,myNode=0e7418af...,timecost=0.286
info|2019-12-13 01:01:23.219726|[g:1][CONSENSUS][SEALER]++++++++++++++++ Generating seal on,blkNum=96,tx=0,nodeIdx=0,hash=23cb8bd0...
info|2019-12-13 01:01:23.227377|[g:1][CONSENSUS][PBFT]checkTimeout Succ,view=997,toView=998,nodeIdx=0,changeCycle=0,myNode=0e7418af...,timecost=0.32
info|2019-12-13 01:01:23.228475|[g:1][CONSENSUS][PBFT]checkAndChangeView: Reach consensus,org_view=997,org_changeCycle=0,cur_changeCycle=0,to_view=998
info|2019-12-13 01:01:24.226928|[g:1][CONSENSUS]addRawPrepare,height=96,reqIdx=1,hash=e459602f...
info|2019-12-13 01:01:24.227180|[g:1][CONSENSUS][PBFT]checkTimeout Succ,view=998,toView=999,nodeIdx=0,changeCycle=0,myNode=0e7418af...,timecost=0.23
info|2019-12-13 01:01:24.230512|[g:1][CONSENSUS][PBFT]checkAndChangeView: Reach consensus,org_view=998,org_changeCycle=0,cur_changeCycle=0,to_view=999
info|2019-12-13 01:01:25.232493|[g:1][CONSENSUS]addRawPrepare,height=96,reqIdx=2,hash=09b44a4e...
info|2019-12-13 01:01:25.232770|[g:1][CONSENSUS][PBFT]checkTimeout Succ,view=999,toView=1000,nodeIdx=0,changeCycle=0,myNode=0e7418af...,timecost=0.257
info|2019-12-13 01:01:25.235576|[g:1][CONSENSUS][PBFT]checkAndChangeView: Reach consensus,org_view=999,org_changeCycle=0,cur_changeCycle=0,to_view=1000
info|2019-12-13 01:01:26.238308|[g:1][CONSENSUS]addRawPrepare,height=96,reqIdx=3,hash=ed510493...
info|2019-12-13 01:01:26.238523|[g:1][CONSENSUS][PBFT]checkTimeout Succ,view=1000,toView=1001,nodeIdx=0,changeCycle=0,myNode=0e7418af...,timecost=0.191
info|2019-12-13 01:01:26.240259|[g:1][CONSENSUS][PBFT]checkAndChangeView: Reach consensus,org_view=1000,org_changeCycle=0,cur_changeCycle=0,to_view=1001
info|2019-12-13 01:01:27.240587|[g:1][CONSENSUS][SEALER]++++++++++++++++ Generating seal on,blkNum=96,tx=0,nodeIdx=0,hash=9f067ffd...
info|2019-12-13 01:01:27.249410|[g:1][CONSENSUS][PBFT]checkTimeout Succ,view=1001,toView=1002,nodeIdx=0,changeCycle=0,myNode=0e7418af...,timecost=0.217
info|2019-12-13 01:01:27.252135|[g:1][CONSENSUS][PBFT]checkAndChangeView: Reach consensus,org_view=1001,org_changeCycle=0,cur_changeCycle=0,to_view=1002
info|2019-12-13 01:01:28.251097|[g:1][CONSENSUS]addRawPrepare,height=96,reqIdx=1,hash=5fc54c1b...
info|2019-12-13 01:01:28.251326|[g:1][CONSENSUS][PBFT]checkTimeout Succ,view=1002,toView=1003,nodeIdx=0,changeCycle=0,myNode=0e7418af...,timecost=0.204
info|2019-12-13 01:01:28.253237|[g:1][CONSENSUS][PBFT]checkAndChangeView: Reach consensus,org_view=1002,org_changeCycle=0,cur_changeCycle=0,to_view=1003
info|2019-12-13 01:01:29.255204|[g:1][CONSENSUS]addRawPrepare,height=96,reqIdx=2,hash=302bb024...
info|2019-12-13 01:01:29.255421|[g:1][CONSENSUS][PBFT]checkTimeout Succ,view=1003,toView=1004,nodeIdx=0,changeCycle=0,myNode=0e7418af...,timecost=0.191
info|2019-12-13 01:01:29.255941|[g:1][CONSENSUS][PBFT]checkAndChangeView: Reach consensus,org_view=1003,org_changeCycle=0,cur_changeCycle=0,to_view=1004
info|2019-12-13 01:01:29.355086|[P2P][Service] heartBeat,connected count=3
info|2019-12-13 01:01:30.260081|[g:1][CONSENSUS]addRawPrepare,height=96,reqIdx=3,hash=d7a0f30d...
info|2019-12-13 01:01:30.260420|[g:1][CONSENSUS][PBFT]checkTimeout Succ,view=1004,toView=1005,nodeIdx=0,changeCycle=0,myNode=0e7418af...,timecost=0.318
info|2019-12-13 01:01:30.266382|[g:1][CONSENSUS][PBFT]checkAndChangeView: Reach consensus,org_view=1004,org_changeCycle=0,cur_changeCycle=0,to_view=1005
info|2019-12-13 01:01:31.267614|[g:1][CONSENSUS][SEALER]++++++++++++++++ Generating seal on,blkNum=96,tx=0,nodeIdx=0,hash=618ecd9e...
info|2019-12-13 01:01:31.282452|[g:1][CONSENSUS][PBFT]checkTimeout Succ,view=1005,toView=1006,nodeIdx=0,changeCycle=0,myNode=0e7418af...,timecost=0.216
info|2019-12-13 01:01:31.283533|[g:1][CONSENSUS][PBFT]checkAndChangeView: Reach consensus,org_view=1005,org_changeCycle=0,cur_changeCycle=0,to_view=1006
info|2019-12-13 01:01:32.280288|[g:1][CONSENSUS]addRawPrepare,height=96,reqIdx=1,hash=b664fd1a...
info|2019-12-13 01:01:32.280517|[g:1][CONSENSUS][PBFT]checkTimeout Succ,view=1006,toView=1007,nodeIdx=0,changeCycle=0,myNode=0e7418af...,timecost=0.204
info|2019-12-13 01:01:32.288807|[g:1][CONSENSUS][PBFT]checkAndChangeView: Reach consensus,org_view=1006,org_changeCycle=0,cur_changeCycle=0,to_view=1007
info|2019-12-13 01:01:33.292451|[g:1][CONSENSUS]addRawPrepare,height=96,reqIdx=2,hash=5eb081c5...
info|2019-12-13 01:01:33.292762|[g:1][CONSENSUS][PBFT]checkTimeout Succ,view=1007,toView=1008,nodeIdx=0,changeCycle=0,myNode=0e7418af...,timecost=0.288
info|2019-12-13 01:01:33.299108|[g:1][CONSENSUS][PBFT]checkAndChangeView: Reach consensus,org_view=1007,org_changeCycle=0,cur_changeCycle=0,to_view=1008
info|2019-12-13 01:01:34.300961|[g:1][CONSENSUS]addRawPrepare,height=96,reqIdx=3,hash=8987c375...
info|2019-12-13 01:01:34.301219|[g:1][CONSENSUS][PBFT]checkTimeout Succ,view=1008,toView=1009,nodeIdx=0,changeCycle=0,myNode=0e7418af...,timecost=0.234
info|2019-12-13 01:01:34.308571|[g:1][CONSENSUS][PBFT]checkAndChangeView: Reach consensus,org_view=1008,org_changeCycle=0,cur_changeCycle=0,to_view=1009
info|2019-12-13 01:01:35.309463|[g:1][CONSENSUS][SEALER]++++++++++++++++ Generating seal on,blkNum=96,tx=0,nodeIdx=0,hash=8564b097...
info|2019-12-13 01:01:35.321891|[g:1][CONSENSUS][PBFT]checkTimeout Succ,view=1009,toView=1010,nodeIdx=0,changeCycle=0,myNode=0e7418af...,timecost=0.23
info|2019-12-13 01:01:35.329056|[g:1][CONSENSUS][PBFT]checkAndChangeView: Reach consensus,org_view=1009,org_changeCycle=0,cur_changeCycle=0,to_view=1010
info|2019-12-13 01:01:36.325231|[g:1][CONSENSUS]addRawPrepare,height=96,reqIdx=1,hash=46e9a7ad...
info|2019-12-13 01:01:36.325496|[g:1][CONSENSUS][PBFT]checkTimeout Succ,view=1010,toView=1011,nodeIdx=0,changeCycle=0,myNode=0e7418af...,timecost=0.241
info|2019-12-13 01:01:36.326832|[g:1][CONSENSUS][PBFT]checkAndChangeView: Reach consensus,org_view=1010,org_changeCycle=0,cur_changeCycle=0,to_view=1011
info|2019-12-13 01:01:37.335603|[g:1][CONSENSUS]addRawPrepare,height=96,reqIdx=2,hash=dcfe9c1b...
info|2019-12-13 01:01:37.335822|[g:1][CONSENSUS][PBFT]checkTimeout Succ,view=1011,toView=1012,nodeIdx=0,changeCycle=0,myNode=0e7418af...,timecost=0.193
info|2019-12-13 01:01:37.340537|[g:1][CONSENSUS][PBFT]checkAndChangeView: Reach consensus,org_view=1011,org_changeCycle=0,cur_changeCycle=0,to_view=1012
info|2019-12-13 01:01:38.344701|[g:1][CONSENSUS]addRawPrepare,height=96,reqIdx=3,hash=0fcd660a...
info|2019-12-13 01:01:38.350350|[g:1][CONSENSUS][PBFT]checkTimeout Succ,view=1012,toView=1013,nodeIdx=0,changeCycle=0,myNode=0e7418af...,timecost=5.572
info|2019-12-13 01:01:38.355841|[g:1][CONSENSUS][PBFT]checkAndChangeView: Reach consensus,org_view=1012,org_changeCycle=0,cur_changeCycle=0,to_view=1013
info|2019-12-13 01:01:39.356137|[P2P][Service] heartBeat,connected count=3
info|2019-12-13 01:01:39.356358|[g:1][CONSENSUS][SEALER]++++++++++++++++ Generating seal on,blkNum=96,tx=0,nodeIdx=0,hash=77fecba6...
info|2019-12-13 01:01:39.369546|[g:1][CONSENSUS][PBFT]checkTimeout Succ,view=1013,toView=1014,nodeIdx=0,changeCycle=0,myNode=0e7418af...,timecost=0.214
info|2019-12-13 01:01:39.370636|[g:1][CONSENSUS][PBFT]checkAndChangeView: Reach consensus,org_view=1013,org_changeCycle=0,cur_changeCycle=0,to_view=1014
info|2019-12-13 01:01:40.368321|[g:1][CONSENSUS]addRawPrepare,height=96,reqIdx=1,hash=d2013b4c...
info|2019-12-13 01:01:40.368535|[g:1][CONSENSUS][PBFT]checkTimeout Succ,view=1014,toView=1015,nodeIdx=0,changeCycle=0,myNode=0e7418af...,timecost=0.192
info|2019-12-13 01:01:40.375614|[g:1][CONSENSUS][PBFT]checkAndChangeView: Reach consensus,org_view=1014,org_changeCycle=0,cur_changeCycle=0,to_view=1015
info|2019-12-13 01:01:41.376368|[g:1][CONSENSUS]addRawPrepare,height=96,reqIdx=2,hash=1a5f27fc...
info|2019-12-13 01:01:41.376600|[g:1][CONSENSUS][PBFT]checkTimeout Succ,view=1015,toView=1016,nodeIdx=0,changeCycle=0,myNode=0e7418af...,timecost=0.205
info|2019-12-13 01:01:41.377754|[g:1][CONSENSUS][PBFT]checkAndChangeView: Reach consensus,org_view=1015,org_changeCycle=0,cur_changeCycle=0,to_view=1016
info|2019-12-13 01:01:42.386042|[g:1][CONSENSUS]addRawPrepare,height=96,reqIdx=3,hash=c07d31b5...
info|2019-12-13 01:01:42.386606|[g:1][CONSENSUS][PBFT]checkTimeout Succ,view=1016,toView=1017,nodeIdx=0,changeCycle=0,myNode=0e7418af...,timecost=0.518
info|2019-12-13 01:01:42.393179|[g:1][CONSENSUS][PBFT]checkAndChangeView: Reach consensus,org_view=1016,org_changeCycle=0,cur_changeCycle=0,to_view=1017
info|2019-12-13 01:01:43.394845|[g:1][CONSENSUS][SEALER]++++++++++++++++ Generating seal on,blkNum=96,tx=0,nodeIdx=0,hash=146e986c...
info|2019-12-13 01:01:43.407818|[g:1][CONSENSUS][PBFT]checkTimeout Succ,view=1017,toView=1018,nodeIdx=0,changeCycle=0,myNode=0e7418af...,timecost=0.2
info|2019-12-13 01:01:43.408805|[g:1][CONSENSUS][PBFT]checkAndChangeView: Reach consensus,org_view=1017,org_changeCycle=0,cur_changeCycle=0,to_view=1018
info|2019-12-13 01:01:44.405482|[g:1][CONSENSUS]addRawPrepare,height=96,reqIdx=1,hash=41e3fcc4...
info|2019-12-13 01:01:44.405713|[g:1][CONSENSUS][PBFT]checkTimeout Succ,view=1018,toView=1019,nodeIdx=0,changeCycle=0,myNode=0e7418af...,timecost=0.203
info|2019-12-13 01:01:44.406923|[g:1][CONSENSUS][PBFT]checkAndChangeView: Reach consensus,org_view=1018,org_changeCycle=0,cur_changeCycle=0,to_view=1019
info|2019-12-13 01:01:45.413531|[g:1][CONSENSUS]addRawPrepare,height=96,reqIdx=2,hash=c9025c2a...
info|2019-12-13 01:01:45.413759|[g:1][CONSENSUS][PBFT]checkTimeout Succ,view=1019,toView=1020,nodeIdx=0,changeCycle=0,myNode=0e7418af...,timecost=0.203
info|2019-12-13 01:01:45.418432|[g:1][CONSENSUS][PBFT]checkAndChangeView: Reach consensus,org_view=1019,org_changeCycle=0,cur_changeCycle=0,to_view=1020
info|2019-12-13 01:01:46.419939|[g:1][CONSENSUS]addRawPrepare,height=96,reqIdx=3,hash=b06094fa...
info|2019-12-13 01:01:46.420155|[g:1][CONSENSUS][PBFT]checkTimeout Succ,view=1020,toView=1021,nodeIdx=0,changeCycle=0,myNode=0e7418af...,timecost=0.193
info|2019-12-13 01:01:46.422680|[g:1][CONSENSUS][PBFT]checkAndChangeView: Reach consensus,org_view=1020,org_changeCycle=0,cur_changeCycle=0,to_view=1021
info|2019-12-13 01:01:47.429598|[g:1][CONSENSUS][SEALER]++++++++++++++++ Generating seal on,blkNum=96,tx=0,nodeIdx=0,hash=0426beff...
info|2019-12-13 01:01:47.445206|[g:1][CONSENSUS][PBFT]checkTimeout Succ,view=1021,toView=1022,nodeIdx=0,changeCycle=0,myNode=0e7418af...,timecost=0.428
info|2019-12-13 01:01:47.448210|[g:1][CONSENSUS][PBFT]checkAndChangeView: Reach consensus,org_view=1021,org_changeCycle=0,cur_changeCycle=0,to_view=1022
info|2019-12-13 01:01:48.447434|[g:1][CONSENSUS]addRawPrepare,height=96,reqIdx=1,hash=6ea18d45...
info|2019-12-13 01:01:48.447686|[g:1][CONSENSUS][PBFT]checkTimeout Succ,view=1022,toView=1023,nodeIdx=0,changeCycle=0,myNode=0e7418af...,timecost=0.219
info|2019-12-13 01:01:48.451969|[g:1][CONSENSUS][PBFT]checkAndChangeView: Reach consensus,org_view=1022,org_changeCycle=0,cur_changeCycle=0,to_view=1023
info|2019-12-13 01:01:49.357095|[P2P][Service] heartBeat,connected count=3
info|2019-12-13 01:01:49.457972|[g:1][CONSENSUS]addRawPrepare,height=96,reqIdx=2,hash=b582c678...
info|2019-12-13 01:01:49.458198|[g:1][CONSENSUS][PBFT]checkTimeout Succ,view=1023,toView=1024,nodeIdx=0,changeCycle=0,myNode=0e7418af...,timecost=0.203
info|2019-12-13 01:01:49.464439|[g:1][CONSENSUS][PBFT]checkAndChangeView: Reach consensus,org_view=1023,org_changeCycle=0,cur_changeCycle=0,to_view=1024
info|2019-12-13 01:01:50.466235|[g:1][CONSENSUS]addRawPrepare,height=96,reqIdx=3,hash=f4a826b0...
info|2019-12-13 01:01:50.467781|[g:1][CONSENSUS][PBFT]checkTimeout Succ,view=1024,toView=1025,nodeIdx=0,changeCycle=0,myNode=0e7418af...,timecost=1.524
info|2019-12-13 01:01:50.468306|[g:1][CONSENSUS][PBFT]checkAndChangeView: Reach consensus,org_view=1024,org_changeCycle=0,cur_changeCycle=0,to_view=1025
info|2019-12-13 01:01:51.468886|[g:1][CONSENSUS][SEALER]++++++++++++++++ Generating seal on,blkNum=96,tx=0,nodeIdx=0,hash=c951c609...
info|2019-12-13 01:01:51.477715|[g:1][CONSENSUS][PBFT]checkTimeout Succ,view=1025,toView=1026,nodeIdx=0,changeCycle=0,myNode=0e7418af...,timecost=0.219
info|2019-12-13 01:01:51.481636|[g:1][CONSENSUS][PBFT]checkAndChangeView: Reach consensus,org_view=1025,org_changeCycle=0,cur_changeCycle=0,to_view=1026
info|2019-12-13 01:01:52.485034|[g:1][CONSENSUS]addRawPrepare,height=96,reqIdx=1,hash=5097692f...
info|2019-12-13 01:01:52.485298|[g:1][CONSENSUS][PBFT]checkTimeout Succ,view=1026,toView=1027,nodeIdx=0,changeCycle=0,myNode=0e7418af...,timecost=0.227
info|2019-12-13 01:01:52.487601|[g:1][CONSENSUS][PBFT]checkAndChangeView: Reach consensus,org_view=1026,org_changeCycle=0,cur_changeCycle=0,to_view=1027
info|2019-12-13 01:01:53.496529|[g:1][CONSENSUS]addRawPrepare,height=96,reqIdx=2,hash=b757f8b4...
info|2019-12-13 01:01:53.496758|[g:1][CONSENSUS][PBFT]checkTimeout Succ,view=1027,toView=1028,nodeIdx=0,changeCycle=0,myNode=0e7418af...,timecost=0.197
info|2019-12-13 01:01:53.504024|[g:1][CONSENSUS][PBFT]checkAndChangeView: Reach consensus,org_view=1027,org_changeCycle=0,cur_changeCycle=0,to_view=1028
info|2019-12-13 01:01:54.503819|[g:1][CONSENSUS]addRawPrepare,height=96,reqIdx=3,hash=1d12a2f2...
info|2019-12-13 01:01:54.504048|[g:1][CONSENSUS][PBFT]checkTimeout Succ,view=1028,toView=1029,nodeIdx=0,changeCycle=0,myNode=0e7418af...,timecost=0.205
info|2019-12-13 01:01:54.506430|[g:1][CONSENSUS][PBFT]checkAndChangeView: Reach consensus,org_view=1028,org_changeCycle=0,cur_changeCycle=0,to_view=1029
info|2019-12-13 01:01:55.512499|[g:1][CONSENSUS][SEALER]++++++++++++++++ Generating seal on,blkNum=96,tx=0,nodeIdx=0,hash=3e9d66b6...
info|2019-12-13 01:01:55.520509|[g:1][CONSENSUS][PBFT]checkTimeout Succ,view=1029,toView=1030,nodeIdx=0,changeCycle=0,myNode=0e7418af...,timecost=0.208
info|2019-12-13 01:01:55.522423|[g:1][CONSENSUS][PBFT]checkAndChangeView: Reach consensus,org_view=1029,org_changeCycle=0,cur_changeCycle=0,to_view=1030
info|2019-12-13 01:01:56.524554|[g:1][CONSENSUS]addRawPrepare,height=96,reqIdx=1,hash=9cc8fea8...
info|2019-12-13 01:01:56.524785|[g:1][CONSENSUS][PBFT]checkTimeout Succ,view=1030,toView=1031,nodeIdx=0,changeCycle=0,myNode=0e7418af...,timecost=0.204
info|2019-12-13 01:01:56.525898|[g:1][CONSENSUS][PBFT]checkAndChangeView: Reach consensus,org_view=1030,org_changeCycle=0,cur_changeCycle=0,to_view=1031
info|2019-12-13 01:01:57.532533|[g:1][CONSENSUS]addRawPrepare,height=96,reqIdx=2,hash=28399f6d...
info|2019-12-13 01:01:57.532808|[g:1][CONSENSUS][PBFT]checkTimeout Succ,view=1031,toView=1032,nodeIdx=0,changeCycle=0,myNode=0e7418af...,timecost=0.253
info|2019-12-13 01:01:57.540797|[g:1][CONSENSUS][PBFT]checkAndChangeView: Reach consensus,org_view=1031,org_changeCycle=0,cur_changeCycle=0,to_view=1032
info|2019-12-13 01:01:58.545921|[g:1][CONSENSUS]addRawPrepare,height=96,reqIdx=3,hash=2e203c13...
info|2019-12-13 01:01:58.546158|[g:1][CONSENSUS][PBFT]checkTimeout Succ,view=1032,toView=1033,nodeIdx=0,changeCycle=0,myNode=0e7418af...,timecost=0.209
info|2019-12-13 01:01:58.551197|[g:1][CONSENSUS][PBFT]checkAndChangeView: Reach consensus,org_view=1032,org_changeCycle=0,cur_changeCycle=0,to_view=1033
info|2019-12-13 01:01:59.357862|[P2P][Service] heartBeat,connected count=3
info|2019-12-13 01:01:59.552112|[g:1][CONSENSUS][SEALER]++++++++++++++++ Generating seal on,blkNum=96,tx=0,nodeIdx=0,hash=85dd6884...
info|2019-12-13 01:01:59.561536|[g:1][CONSENSUS][PBFT]checkTimeout Succ,view=1033,toView=1034,nodeIdx=0,changeCycle=0,myNode=0e7418af...,timecost=0.194
info|2019-12-13 01:01:59.562368|[g:1][CONSENSUS][PBFT]checkAndChangeView: Reach consensus,org_view=1033,org_changeCycle=0,cur_changeCycle=0,to_view=1034
info|2019-12-13 01:02:00.563411|[g:1][CONSENSUS]addRawPrepare,height=96,reqIdx=1,hash=9526b5e8...
info|2019-12-13 01:02:00.563638|[g:1][CONSENSUS][PBFT]checkTimeout Succ,view=1034,toView=1035,nodeIdx=0,changeCycle=0,myNode=0e7418af...,timecost=0.203
info|2019-12-13 01:02:00.570441|[g:1][CONSENSUS][PBFT]checkAndChangeView: Reach consensus,org_view=1034,org_changeCycle=0,cur_changeCycle=0,to_view=1035
info|2019-12-13 01:02:01.568126|[g:1][CONSENSUS]addRawPrepare,height=96,reqIdx=2,hash=2374b33a...
info|2019-12-13 01:02:01.568481|[g:1][CONSENSUS][PBFT]checkTimeout Succ,view=1035,toView=1036,nodeIdx=0,changeCycle=0,myNode=0e7418af...,timecost=0.346
info|2019-12-13 01:02:01.579671|[g:1][CONSENSUS][PBFT]checkAndChangeView: Reach consensus,org_view=1035,org_changeCycle=0,cur_changeCycle=0,to_view=1036
info|2019-12-13 01:02:02.584135|[g:1][CONSENSUS]addRawPrepare,height=96,reqIdx=3,hash=2707cdc6...
info|2019-12-13 01:02:02.584350|[g:1][CONSENSUS][PBFT]checkTimeout Succ,view=1036,toView=1037,nodeIdx=0,changeCycle=0,myNode=0e7418af...,timecost=0.192
info|2019-12-13 01:02:02.592423|[g:1][CONSENSUS][PBFT]checkAndChangeView: Reach consensus,org_view=1036,org_changeCycle=0,cur_changeCycle=0,to_view=1037
info|2019-12-13 01:02:03.592782|[g:1][CONSENSUS][SEALER]++++++++++++++++ Generating seal on,blkNum=96,tx=0,nodeIdx=0,hash=a617674c...
info|2019-12-13 01:02:03.620467|[g:1][CONSENSUS][PBFT]checkTimeout Succ,view=1037,toView=1038,nodeIdx=0,changeCycle=0,myNode=0e7418af...,timecost=0.216
info|2019-12-13 01:02:03.621470|[g:1][CONSENSUS][PBFT]checkAndChangeView: Reach consensus,org_view=1037,org_changeCycle=0,cur_changeCycle=0,to_view=1038
info|2019-12-13 01:02:04.613186|[g:1][CONSENSUS]addRawPrepare,height=96,reqIdx=1,hash=f537192e...
info|2019-12-13 01:02:04.613406|[g:1][CONSENSUS][PBFT]checkTimeout Succ,view=1038,toView=1039,nodeIdx=0,changeCycle=0,myNode=0e7418af...,timecost=0.197
info|2019-12-13 01:02:04.614609|[g:1][CONSENSUS][PBFT]checkAndChangeView: Reach consensus,org_view=1038,org_changeCycle=0,cur_changeCycle=0,to_view=1039
info|2019-12-13 01:02:05.623114|[g:1][CONSENSUS]addRawPrepare,height=96,reqIdx=2,hash=4335fe2e...
info|2019-12-13 01:02:05.623341|[g:1][CONSENSUS][PBFT]checkTimeout Succ,view=1039,toView=1040,nodeIdx=0,changeCycle=0,myNode=0e7418af...,timecost=0.203
info|2019-12-13 01:02:05.628441|[g:1][CONSENSUS][PBFT]checkAndChangeView: Reach consensus,org_view=1039,org_changeCycle=0,cur_changeCycle=0,to_view=1040
info|2019-12-13 01:02:06.632049|[g:1][CONSENSUS]addRawPrepare,height=96,reqIdx=3,hash=ca23f0fe...
info|2019-12-13 01:02:06.632281|[g:1][CONSENSUS][PBFT]checkTimeout Succ,view=1040,toView=1041,nodeIdx=0,changeCycle=0,myNode=0e7418af...,timecost=0.205
info|2019-12-13 01:02:06.632832|[g:1][CONSENSUS][PBFT]checkAndChangeView: Reach consensus,org_view=1040,org_changeCycle=0,cur_changeCycle=0,to_view=1041
info|2019-12-13 01:02:07.632909|[g:1][CONSENSUS][SEALER]++++++++++++++++ Generating seal on,blkNum=96,tx=0,nodeIdx=0,hash=ec83ae6a...
info|2019-12-13 01:02:07.642203|[g:1][CONSENSUS][PBFT]checkTimeout Succ,view=1041,toView=1042,nodeIdx=0,changeCycle=0,myNode=0e7418af...,timecost=0.196
info|2019-12-13 01:02:07.645172|[g:1][CONSENSUS][PBFT]checkAndChangeView: Reach consensus,org_view=1041,org_changeCycle=0,cur_changeCycle=0,to_view=1042
info|2019-12-13 01:02:08.651138|[g:1][CONSENSUS]addRawPrepare,height=96,reqIdx=1,hash=cd76710e...
info|2019-12-13 01:02:08.651366|[g:1][CONSENSUS][PBFT]checkTimeout Succ,view=1042,toView=1043,nodeIdx=0,changeCycle=0,myNode=0e7418af...,timecost=0.203
info|2019-12-13 01:02:08.659985|[g:1][CONSENSUS][PBFT]checkAndChangeView: Reach consensus,org_view=1042,org_changeCycle=0,cur_changeCycle=0,to_view=1043
info|2019-12-13 01:02:09.358450|[P2P][Service] heartBeat,connected count=3
info|2019-12-13 01:02:09.664604|[g:1][CONSENSUS]addRawPrepare,height=96,reqIdx=2,hash=c5b3eccc...
info|2019-12-13 01:02:09.664986|[g:1][CONSENSUS][PBFT]checkTimeout Succ,view=1043,toView=1044,nodeIdx=0,changeCycle=0,myNode=0e7418af...,timecost=0.36
info|2019-12-13 01:02:09.665339|[g:1][CONSENSUS][PBFT]checkAndChangeView: Reach consensus,org_view=1043,org_changeCycle=0,cur_changeCycle=0,to_view=1044
info|2019-12-13 01:02:10.678456|[g:1][CONSENSUS]addRawPrepare,height=96,reqIdx=3,hash=570fc4d5...
info|2019-12-13 01:02:10.678842|[g:1][CONSENSUS][PBFT]checkTimeout Succ,view=1044,toView=1045,nodeIdx=0,changeCycle=0,myNode=0e7418af...,timecost=0.322
info|2019-12-13 01:02:10.689986|[g:1][CONSENSUS][PBFT]checkAndChangeView: Reach consensus,org_view=1044,org_changeCycle=0,cur_changeCycle=0,to_view=1045
info|2019-12-13 01:02:11.690148|[g:1][CONSENSUS][SEALER]++++++++++++++++ Generating seal on,blkNum=96,tx=0,nodeIdx=0,hash=c77aa2af...
info|2019-12-13 01:02:11.699960|[g:1][CONSENSUS][PBFT]checkTimeout Succ,view=1045,toView=1046,nodeIdx=0,changeCycle=0,myNode=0e7418af...,timecost=0.272
info|2019-12-13 01:02:11.700924|[g:1][CONSENSUS][PBFT]checkAndChangeView: Reach consensus,org_view=1045,org_changeCycle=0,cur_changeCycle=0,to_view=1046
info|2019-12-13 01:02:12.700863|[g:1][CONSENSUS]addRawPrepare,height=96,reqIdx=1,hash=c7085fc2...
info|2019-12-13 01:02:12.701083|[g:1][CONSENSUS][PBFT]checkTimeout Succ,view=1046,toView=1047,nodeIdx=0,changeCycle=0,myNode=0e7418af...,timecost=0.197
info|2019-12-13 01:02:12.708011|[g:1][CONSENSUS][PBFT]checkAndChangeView: Reach consensus,org_view=1046,org_changeCycle=0,cur_changeCycle=0,to_view=1047
info|2019-12-13 01:02:13.712767|[g:1][CONSENSUS]addRawPrepare,height=96,reqIdx=2,hash=1e6b4cf4...
info|2019-12-13 01:02:13.713184|[g:1][CONSENSUS][PBFT]checkTimeout Succ,view=1047,toView=1048,nodeIdx=0,changeCycle=0,myNode=0e7418af...,timecost=0.358
info|2019-12-13 01:02:13.721932|[g:1][CONSENSUS][PBFT]checkAndChangeView: Reach consensus,org_view=1047,org_changeCycle=0,cur_changeCycle=0,to_view=1048
info|2019-12-13 01:02:14.725423|[g:1][CONSENSUS]addRawPrepare,height=96,reqIdx=3,hash=7663256d...
info|2019-12-13 01:02:14.725720|[g:1][CONSENSUS][PBFT]checkTimeout Succ,view=1048,toView=1049,nodeIdx=0,changeCycle=0,myNode=0e7418af...,timecost=0.27
info|2019-12-13 01:02:14.731822|[g:1][CONSENSUS][PBFT]checkAndChangeView: Reach consensus,org_view=1048,org_changeCycle=0,cur_changeCycle=0,to_view=1049
info|2019-12-13 01:02:15.732837|[g:1][CONSENSUS][SEALER]++++++++++++++++ Generating seal on,blkNum=96,tx=0,nodeIdx=0,hash=7b88bcac...
info|2019-12-13 01:02:15.741213|[g:1][CONSENSUS][PBFT]checkTimeout Succ,view=1049,toView=1050,nodeIdx=0,changeCycle=0,myNode=0e7418af...,timecost=0.194
info|2019-12-13 01:02:15.742120|[g:1][CONSENSUS][PBFT]checkAndChangeView: Reach consensus,org_view=1049,org_changeCycle=0,cur_changeCycle=0,to_view=1050
info|2019-12-13 01:02:16.743438|[g:1][CONSENSUS]addRawPrepare,height=96,reqIdx=1,hash=2e6a3ed6...
info|2019-12-13 01:02:16.743664|[g:1][CONSENSUS][PBFT]checkTimeout Succ,view=1050,toView=1051,nodeIdx=0,changeCycle=0,myNode=0e7418af...,timecost=0.203
info|2019-12-13 01:02:16.744830|[g:1][CONSENSUS][PBFT]checkAndChangeView: Reach consensus,org_view=1050,org_changeCycle=0,cur_changeCycle=0,to_view=1051
info|2019-12-13 01:02:17.750486|[g:1][CONSENSUS]addRawPrepare,height=96,reqIdx=2,hash=5abd5353...
info|2019-12-13 01:02:17.750701|[g:1][CONSENSUS][PBFT]checkTimeout Succ,view=1051,toView=1052,nodeIdx=0,changeCycle=0,myNode=0e7418af...,timecost=0.192
info|2019-12-13 01:02:17.755060|[g:1][CONSENSUS][PBFT]checkAndChangeView: Reach consensus,org_view=1051,org_changeCycle=0,cur_changeCycle=0,to_view=1052
info|2019-12-13 01:02:18.757860|[g:1][CONSENSUS]addRawPrepare,height=96,reqIdx=3,hash=135c600a...
info|2019-12-13 01:02:18.758078|[g:1][CONSENSUS][PBFT]checkTimeout Succ,view=1052,toView=1053,nodeIdx=0,changeCycle=0,myNode=0e7418af...,timecost=0.194
info|2019-12-13 01:02:18.764790|[g:1][CONSENSUS][PBFT]checkAndChangeView: Reach consensus,org_view=1052,org_changeCycle=0,cur_changeCycle=0,to_view=1053
info|2019-12-13 01:02:19.358696|[P2P][Service] heartBeat,connected count=3
info|2019-12-13 01:02:19.766812|[g:1][CONSENSUS][SEALER]++++++++++++++++ Generating seal on,blkNum=96,tx=0,nodeIdx=0,hash=af306739...
info|2019-12-13 01:02:19.785682|[g:1][CONSENSUS][PBFT]checkTimeout Succ,view=1053,toView=1054,nodeIdx=0,changeCycle=0,myNode=0e7418af...,timecost=0.219
info|2019-12-13 01:02:19.787188|[g:1][CONSENSUS][PBFT]checkAndChangeView: Reach consensus,org_view=1053,org_changeCycle=0,cur_changeCycle=0,to_view=1054
info|2019-12-13 01:02:20.800027|[g:1][CONSENSUS]addRawPrepare,height=96,reqIdx=1,hash=3ca68ea5...
info|2019-12-13 01:02:20.800322|[g:1][CONSENSUS][PBFT]checkTimeout Succ,view=1054,toView=1055,nodeIdx=0,changeCycle=0,myNode=0e7418af...,timecost=0.273
info|2019-12-13 01:02:20.800608|[g:1][CONSENSUS][PBFT]checkAndChangeView: Reach consensus,org_view=1054,org_changeCycle=0,cur_changeCycle=0,to_view=1055
info|2019-12-13 01:02:21.808777|[g:1][CONSENSUS]addRawPrepare,height=96,reqIdx=2,hash=ef0d9642...
info|2019-12-13 01:02:21.809000|[g:1][CONSENSUS][PBFT]checkTimeout Succ,view=1055,toView=1056,nodeIdx=0,changeCycle=0,myNode=0e7418af...,timecost=0.197
info|2019-12-13 01:02:21.812503|[g:1][CONSENSUS][PBFT]checkAndChangeView: Reach consensus,org_view=1055,org_changeCycle=0,cur_changeCycle=0,to_view=1056
info|2019-12-13 01:02:22.822608|[g:1][CONSENSUS]addRawPrepare,height=96,reqIdx=3,hash=4b02adc9...
info|2019-12-13 01:02:22.822826|[g:1][CONSENSUS][PBFT]checkTimeout Succ,view=1056,toView=1057,nodeIdx=0,changeCycle=0,myNode=0e7418af...,timecost=0.195
info|2019-12-13 01:02:22.828549|[g:1][CONSENSUS][PBFT]checkAndChangeView: Reach consensus,org_view=1056,org_changeCycle=0,cur_changeCycle=0,to_view=1057
info|2019-12-13 01:02:23.828755|[g:1][CONSENSUS][SEALER]++++++++++++++++ Generating seal on,blkNum=96,tx=0,nodeIdx=0,hash=367724cd...
info|2019-12-13 01:02:23.840055|[g:1][CONSENSUS][PBFT]checkTimeout Succ,view=1057,toView=1058,nodeIdx=0,changeCycle=0,myNode=0e7418af...,timecost=0.196
info|2019-12-13 01:02:23.841026|[g:1][CONSENSUS][PBFT]checkAndChangeView: Reach consensus,org_view=1057,org_changeCycle=0,cur_changeCycle=0,to_view=1058
info|2019-12-13 01:02:24.841274|[g:1][CONSENSUS]addRawPrepare,height=96,reqIdx=1,hash=16e7d6f4...
info|2019-12-13 01:02:24.841488|[g:1][CONSENSUS][PBFT]checkTimeout Succ,view=1058,toView=1059,nodeIdx=0,changeCycle=0,myNode=0e7418af...,timecost=0.191
info|2019-12-13 01:02:24.845953|[g:1][CONSENSUS][PBFT]checkAndChangeView: Reach consensus,org_view=1058,org_changeCycle=0,cur_changeCycle=0,to_view=1059
info|2019-12-13 01:02:25.846439|[g:1][CONSENSUS]addRawPrepare,height=96,reqIdx=2,hash=31389829...
info|2019-12-13 01:02:25.846693|[g:1][CONSENSUS][PBFT]checkTimeout Succ,view=1059,toView=1060,nodeIdx=0,changeCycle=0,myNode=0e7418af...,timecost=0.203
info|2019-12-13 01:02:25.850552|[g:1][CONSENSUS][PBFT]checkAndChangeView: Reach consensus,org_view=1059,org_changeCycle=0,cur_changeCycle=0,to_view=1060
info|2019-12-13 01:02:26.852071|[g:1][CONSENSUS]addRawPrepare,height=96,reqIdx=3,hash=b5c79820...
info|2019-12-13 01:02:26.852388|[g:1][CONSENSUS][PBFT]checkTimeout Succ,view=1060,toView=1061,nodeIdx=0,changeCycle=0,myNode=0e7418af...,timecost=0.295
info|2019-12-13 01:02:26.856725|[g:1][CONSENSUS][PBFT]checkAndChangeView: Reach consensus,org_view=1060,org_changeCycle=0,cur_changeCycle=0,to_view=1061
info|2019-12-13 01:02:27.857700|[g:1][CONSENSUS][SEALER]++++++++++++++++ Generating seal on,blkNum=96,tx=0,nodeIdx=0,hash=4cd345e2...
info|2019-12-13 01:02:27.866608|[g:1][CONSENSUS][PBFT]checkTimeout Succ,view=1061,toView=1062,nodeIdx=0,changeCycle=0,myNode=0e7418af...,timecost=0.209
info|2019-12-13 01:02:27.867641|[g:1][CONSENSUS][PBFT]checkAndChangeView: Reach consensus,org_view=1061,org_changeCycle=0,cur_changeCycle=0,to_view=1062
info|2019-12-13 01:02:28.867438|[g:1][CONSENSUS]addRawPrepare,height=96,reqIdx=1,hash=2bb2c4aa...
info|2019-12-13 01:02:28.867741|[g:1][CONSENSUS][PBFT]checkTimeout Succ,view=1062,toView=1063,nodeIdx=0,changeCycle=0,myNode=0e7418af...,timecost=0.294
info|2019-12-13 01:02:28.870056|[g:1][CONSENSUS][PBFT]checkAndChangeView: Reach consensus,org_view=1062,org_changeCycle=0,cur_changeCycle=0,to_view=1063
info|2019-12-13 01:02:29.359775|[P2P][Service] heartBeat,connected count=3
info|2019-12-13 01:02:29.871275|[g:1][CONSENSUS]addRawPrepare,height=96,reqIdx=2,hash=335193b1...
info|2019-12-13 01:02:29.871490|[g:1][CONSENSUS][PBFT]checkTimeout Succ,view=1063,toView=1064,nodeIdx=0,changeCycle=0,myNode=0e7418af...,timecost=0.192
info|2019-12-13 01:02:29.876296|[g:1][CONSENSUS][PBFT]checkAndChangeView: Reach consensus,org_view=1063,org_changeCycle=0,cur_changeCycle=0,to_view=1064
info|2019-12-13 01:02:30.878991|[g:1][CONSENSUS]addRawPrepare,height=96,reqIdx=3,hash=7d460a12...
info|2019-12-13 01:02:30.879244|[g:1][CONSENSUS][PBFT]checkTimeout Succ,view=1064,toView=1065,nodeIdx=0,changeCycle=0,myNode=0e7418af...,timecost=0.229
info|2019-12-13 01:02:30.887694|[g:1][CONSENSUS][PBFT]checkAndChangeView: Reach consensus,org_view=1064,org_changeCycle=0,cur_changeCycle=0,to_view=1065
info|2019-12-13 01:02:31.888578|[g:1][CONSENSUS][SEALER]++++++++++++++++ Generating seal on,blkNum=96,tx=0,nodeIdx=0,hash=73dcfe69...
info|2019-12-13 01:02:31.899903|[g:1][CONSENSUS][PBFT]checkTimeout Succ,view=1065,toView=1066,nodeIdx=0,changeCycle=0,myNode=0e7418af...,timecost=0.197
info|2019-12-13 01:02:31.900934|[g:1][CONSENSUS][PBFT]checkAndChangeView: Reach consensus,org_view=1065,org_changeCycle=0,cur_changeCycle=0,to_view=1066
info|2019-12-13 01:02:32.902690|[g:1][CONSENSUS]addRawPrepare,height=96,reqIdx=1,hash=bee57022...
info|2019-12-13 01:02:32.902910|[g:1][CONSENSUS][PBFT]checkTimeout Succ,view=1066,toView=1067,nodeIdx=0,changeCycle=0,myNode=0e7418af...,timecost=0.193
info|2019-12-13 01:02:32.905983|[g:1][CONSENSUS][PBFT]checkAndChangeView: Reach consensus,org_view=1066,org_changeCycle=0,cur_changeCycle=0,to_view=1067
info|2019-12-13 01:02:33.909573|[g:1][CONSENSUS]addRawPrepare,height=96,reqIdx=2,hash=a0b23250...
info|2019-12-13 01:02:33.909869|[g:1][CONSENSUS][PBFT]checkTimeout Succ,view=1067,toView=1068,nodeIdx=0,changeCycle=0,myNode=0e7418af...,timecost=0.272
info|2019-12-13 01:02:33.910725|[g:1][CONSENSUS][PBFT]checkAndChangeView: Reach consensus,org_view=1067,org_changeCycle=0,cur_changeCycle=0,to_view=1068
info|2019-12-13 01:02:34.916638|[g:1][CONSENSUS]addRawPrepare,height=96,reqIdx=3,hash=fe7d8b99...
info|2019-12-13 01:02:34.916855|[g:1][CONSENSUS][PBFT]checkTimeout Succ,view=1068,toView=1069,nodeIdx=0,changeCycle=0,myNode=0e7418af...,timecost=0.193
info|2019-12-13 01:02:34.927226|[g:1][CONSENSUS][PBFT]checkAndChangeView: Reach consensus,org_view=1068,org_changeCycle=0,cur_changeCycle=0,to_view=1069
info|2019-12-13 01:02:35.927316|[g:1][CONSENSUS][SEALER]++++++++++++++++ Generating seal on,blkNum=96,tx=0,nodeIdx=0,hash=4cfae29c...
info|2019-12-13 01:02:35.938511|[g:1][CONSENSUS][PBFT]checkTimeout Succ,view=1069,toView=1070,nodeIdx=0,changeCycle=0,myNode=0e7418af...,timecost=0.194
info|2019-12-13 01:02:35.939309|[g:1][CONSENSUS][PBFT]checkAndChangeView: Reach consensus,org_view=1069,org_changeCycle=0,cur_changeCycle=0,to_view=1070
info|2019-12-13 01:02:36.942273|[g:1][CONSENSUS]addRawPrepare,height=96,reqIdx=1,hash=c7847eb5...
info|2019-12-13 01:02:36.944838|[g:1][CONSENSUS][PBFT]checkTimeout Succ,view=1070,toView=1071,nodeIdx=0,changeCycle=0,myNode=0e7418af...,timecost=2.523
info|2019-12-13 01:02:36.950051|[g:1][CONSENSUS][PBFT]checkAndChangeView: Reach consensus,org_view=1070,org_changeCycle=0,cur_changeCycle=0,to_view=1071
info|2019-12-13 01:02:37.954204|[g:1][CONSENSUS]addRawPrepare,height=96,reqIdx=2,hash=611d9176...
info|2019-12-13 01:02:37.976133|[g:1][CONSENSUS][PBFT]checkTimeout Succ,view=1071,toView=1072,nodeIdx=0,changeCycle=0,myNode=0e7418af...,timecost=21.907
info|2019-12-13 01:02:37.976497|[g:1][CONSENSUS][PBFT]checkAndChangeView: Reach consensus,org_view=1071,org_changeCycle=0,cur_changeCycle=0,to_view=1072
info|2019-12-13 01:02:38.976287|[g:1][CONSENSUS]addRawPrepare,height=96,reqIdx=3,hash=6bee2908...
info|2019-12-13 01:02:38.976524|[g:1][CONSENSUS][PBFT]checkTimeout Succ,view=1072,toView=1073,nodeIdx=0,changeCycle=0,myNode=0e7418af...,timecost=0.203
info|2019-12-13 01:02:38.978475|[g:1][CONSENSUS][PBFT]checkAndChangeView: Reach consensus,org_view=1072,org_changeCycle=0,cur_changeCycle=0,to_view=1073
info|2019-12-13 01:02:39.360756|[P2P][Service] heartBeat,connected count=3
info|2019-12-13 01:02:39.984483|[g:1][CONSENSUS][SEALER]++++++++++++++++ Generating seal on,blkNum=96,tx=0,nodeIdx=0,hash=11160ed1...
info|2019-12-13 01:02:39.996587|[g:1][CONSENSUS][PBFT]checkTimeout Succ,view=1073,toView=1074,nodeIdx=0,changeCycle=0,myNode=0e7418af...,timecost=0.209
info|2019-12-13 01:02:39.997629|[g:1][CONSENSUS][PBFT]checkAndChangeView: Reach consensus,org_view=1073,org_changeCycle=0,cur_changeCycle=0,to_view=1074
info|2019-12-13 01:02:40.998238|[g:1][CONSENSUS]addRawPrepare,height=96,reqIdx=1,hash=ec567f8e...
info|2019-12-13 01:02:40.998519|[g:1][CONSENSUS][PBFT]checkTimeout Succ,view=1074,toView=1075,nodeIdx=0,changeCycle=0,myNode=0e7418af...,timecost=0.258
info|2019-12-13 01:02:41.003819|[g:1][CONSENSUS][PBFT]checkAndChangeView: Reach consensus,org_view=1074,org_changeCycle=0,cur_changeCycle=0,to_view=1075
info|2019-12-13 01:02:42.010896|[g:1][CONSENSUS]addRawPrepare,height=96,reqIdx=2,hash=2cf5b023...
info|2019-12-13 01:02:42.011116|[g:1][CONSENSUS][PBFT]checkTimeout Succ,view=1075,toView=1076,nodeIdx=0,changeCycle=0,myNode=0e7418af...,timecost=0.193
info|2019-12-13 01:02:42.015166|[g:1][CONSENSUS][PBFT]checkAndChangeView: Reach consensus,org_view=1075,org_changeCycle=0,cur_changeCycle=0,to_view=1076
info|2019-12-13 01:02:43.018265|[g:1][CONSENSUS]addRawPrepare,height=96,reqIdx=3,hash=734a558b...
info|2019-12-13 01:02:43.018497|[g:1][CONSENSUS][PBFT]checkTimeout Succ,view=1076,toView=1077,nodeIdx=0,changeCycle=0,myNode=0e7418af...,timecost=0.206
info|2019-12-13 01:02:43.021740|[g:1][CONSENSUS][PBFT]checkAndChangeView: Reach consensus,org_view=1076,org_changeCycle=0,cur_changeCycle=0,to_view=1077
info|2019-12-13 01:02:44.028179|[g:1][CONSENSUS][SEALER]++++++++++++++++ Generating seal on,blkNum=96,tx=0,nodeIdx=0,hash=15ceae3c...
info|2019-12-13 01:02:44.038629|[g:1][CONSENSUS][PBFT]checkTimeout Succ,view=1077,toView=1078,nodeIdx=0,changeCycle=0,myNode=0e7418af...,timecost=0.208
info|2019-12-13 01:02:44.039560|[g:1][CONSENSUS][PBFT]checkAndChangeView: Reach consensus,org_view=1077,org_changeCycle=0,cur_changeCycle=0,to_view=1078
info|2019-12-13 01:02:45.039764|[g:1][CONSENSUS]addRawPrepare,height=96,reqIdx=1,hash=20894fb4...
info|2019-12-13 01:02:45.039991|[g:1][CONSENSUS][PBFT]checkTimeout Succ,view=1078,toView=1079,nodeIdx=0,changeCycle=0,myNode=0e7418af...,timecost=0.203
info|2019-12-13 01:02:45.044357|[g:1][CONSENSUS][PBFT]checkAndChangeView: Reach consensus,org_view=1078,org_changeCycle=0,cur_changeCycle=0,to_view=1079
info|2019-12-13 01:02:46.049693|[g:1][CONSENSUS]addRawPrepare,height=96,reqIdx=2,hash=5fd8ed03...
info|2019-12-13 01:02:46.049946|[g:1][CONSENSUS][PBFT]checkTimeout Succ,view=1079,toView=1080,nodeIdx=0,changeCycle=0,myNode=0e7418af...,timecost=0.22
info|2019-12-13 01:02:46.058595|[g:1][CONSENSUS][PBFT]checkAndChangeView: Reach consensus,org_view=1079,org_changeCycle=0,cur_changeCycle=0,to_view=1080
info|2019-12-13 01:02:47.068393|[g:1][CONSENSUS][PBFT]Trigger fast-viewchange,view=1080,toView=1080,minView=1081,INFO=,reqNum=95,curNum=95,GenIdx=2,Cview=1081,view=1080,fromIdx=2,fromNode=ad4f9855...,fromIp=127.0.0.1:45510,hash=ef150529...,nodeIdx=0,myNode=0e7418af...
info|2019-12-13 01:02:47.068652|[g:1][CONSENSUS][PBFT]checkAndChangeView: Reach consensus,org_view=1080,org_changeCycle=0,cur_changeCycle=0,to_view=1081
info|2019-12-13 01:02:47.068659|[g:1][CONSENSUS][PBFT]checkTimeout Succ,view=1081,toView=1081,nodeIdx=0,changeCycle=0,myNode=0e7418af...,timecost=0.209
info|2019-12-13 01:02:48.069854|[g:1][CONSENSUS][SEALER]++++++++++++++++ Generating seal on,blkNum=96,tx=0,nodeIdx=0,hash=12cd2eb5...
info|2019-12-13 01:02:48.083016|[g:1][CONSENSUS][PBFT]checkTimeout Succ,view=1081,toView=1082,nodeIdx=0,changeCycle=0,myNode=0e7418af...,timecost=0.212
info|2019-12-13 01:02:48.084084|[g:1][CONSENSUS][PBFT]checkAndChangeView: Reach consensus,org_view=1081,org_changeCycle=0,cur_changeCycle=0,to_view=1082
info|2019-12-13 01:02:49.082596|[g:1][CONSENSUS]addRawPrepare,height=96,reqIdx=1,hash=4a3e9ac5...
info|2019-12-13 01:02:49.082855|[g:1][CONSENSUS][PBFT]checkTimeout Succ,view=1082,toView=1083,nodeIdx=0,changeCycle=0,myNode=0e7418af...,timecost=0.235
info|2019-12-13 01:02:49.087870|[g:1][CONSENSUS][PBFT]checkAndChangeView: Reach consensus,org_view=1082,org_changeCycle=0,cur_changeCycle=0,to_view=1083
info|2019-12-13 01:02:49.361113|[P2P][Service] heartBeat,connected count=3
info|2019-12-13 01:02:50.090453|[g:1][CONSENSUS]addRawPrepare,height=96,reqIdx=2,hash=17843a59...
info|2019-12-13 01:02:50.090694|[g:1][CONSENSUS][PBFT]checkTimeout Succ,view=1083,toView=1084,nodeIdx=0,changeCycle=0,myNode=0e7418af...,timecost=0.22
info|2019-12-13 01:02:50.095983|[g:1][CONSENSUS][PBFT]checkAndChangeView: Reach consensus,org_view=1083,org_changeCycle=0,cur_changeCycle=0,to_view=1084
info|2019-12-13 01:02:51.100404|[g:1][CONSENSUS]addRawPrepare,height=96,reqIdx=3,hash=688753ad...
info|2019-12-13 01:02:51.100623|[g:1][CONSENSUS][PBFT]checkTimeout Succ,view=1084,toView=1085,nodeIdx=0,changeCycle=0,myNode=0e7418af...,timecost=0.195
info|2019-12-13 01:02:51.105071|[g:1][CONSENSUS][PBFT]checkAndChangeView: Reach consensus,org_view=1084,org_changeCycle=0,cur_changeCycle=0,to_view=1085
info|2019-12-13 01:02:52.108513|[g:1][CONSENSUS][SEALER]++++++++++++++++ Generating seal on,blkNum=96,tx=0,nodeIdx=0,hash=7c2a327d...
info|2019-12-13 01:02:52.121366|[g:1][CONSENSUS][PBFT]checkTimeout Succ,view=1085,toView=1086,nodeIdx=0,changeCycle=0,myNode=0e7418af...,timecost=0.225
info|2019-12-13 01:02:52.122438|[g:1][CONSENSUS][PBFT]checkAndChangeView: Reach consensus,org_view=1085,org_changeCycle=0,cur_changeCycle=0,to_view=1086
info|2019-12-13 01:02:53.121901|[g:1][CONSENSUS]addRawPrepare,height=96,reqIdx=1,hash=e722182c...
info|2019-12-13 01:02:53.122144|[g:1][CONSENSUS][PBFT]checkTimeout Succ,view=1086,toView=1087,nodeIdx=0,changeCycle=0,myNode=0e7418af...,timecost=0.21
info|2019-12-13 01:02:53.123324|[g:1][CONSENSUS][PBFT]checkAndChangeView: Reach consensus,org_view=1086,org_changeCycle=0,cur_changeCycle=0,to_view=1087
info|2019-12-13 01:02:54.133128|[g:1][CONSENSUS]addRawPrepare,height=96,reqIdx=2,hash=ac4e6af8...
info|2019-12-13 01:02:54.133364|[g:1][CONSENSUS][PBFT]checkTimeout Succ,view=1087,toView=1088,nodeIdx=0,changeCycle=0,myNode=0e7418af...,timecost=0.211
info|2019-12-13 01:02:54.138493|[g:1][CONSENSUS][PBFT]checkAndChangeView: Reach consensus,org_view=1087,org_changeCycle=0,cur_changeCycle=0,to_view=1088
info|2019-12-13 01:02:55.140095|[g:1][CONSENSUS]addRawPrepare,height=96,reqIdx=3,hash=388ddc5e...
info|2019-12-13 01:02:55.140368|[g:1][CONSENSUS][PBFT]checkTimeout Succ,view=1088,toView=1089,nodeIdx=0,changeCycle=0,myNode=0e7418af...,timecost=0.249
info|2019-12-13 01:02:55.145345|[g:1][CONSENSUS][PBFT]checkAndChangeView: Reach consensus,org_view=1088,org_changeCycle=0,cur_changeCycle=0,to_view=1089
info|2019-12-13 01:02:56.147566|[g:1][CONSENSUS][SEALER]++++++++++++++++ Generating seal on,blkNum=96,tx=0,nodeIdx=0,hash=adaf0a01...
info|2019-12-13 01:02:56.160856|[g:1][CONSENSUS][PBFT]checkTimeout Succ,view=1089,toView=1090,nodeIdx=0,changeCycle=0,myNode=0e7418af...,timecost=0.207
info|2019-12-13 01:02:56.161632|[g:1][CONSENSUS][PBFT]checkAndChangeView: Reach consensus,org_view=1089,org_changeCycle=0,cur_changeCycle=0,to_view=1090
info|2019-12-13 01:02:57.159025|[g:1][CONSENSUS]addRawPrepare,height=96,reqIdx=1,hash=518fba05...
info|2019-12-13 01:02:57.159253|[g:1][CONSENSUS][PBFT]checkTimeout Succ,view=1090,toView=1091,nodeIdx=0,changeCycle=0,myNode=0e7418af...,timecost=0.204
info|2019-12-13 01:02:57.160398|[g:1][CONSENSUS][PBFT]checkAndChangeView: Reach consensus,org_view=1090,org_changeCycle=0,cur_changeCycle=0,to_view=1091
info|2019-12-13 01:02:58.169537|[g:1][CONSENSUS]addRawPrepare,height=96,reqIdx=2,hash=618bdfa6...
info|2019-12-13 01:02:58.169822|[g:1][CONSENSUS][PBFT]checkTimeout Succ,view=1091,toView=1092,nodeIdx=0,changeCycle=0,myNode=0e7418af...,timecost=0.255
info|2019-12-13 01:02:58.171573|[g:1][CONSENSUS][PBFT]checkAndChangeView: Reach consensus,org_view=1091,org_changeCycle=0,cur_changeCycle=0,to_view=1092
info|2019-12-13 01:02:59.180393|[g:1][CONSENSUS]addRawPrepare,height=96,reqIdx=3,hash=e065e22c...
info|2019-12-13 01:02:59.180621|[g:1][CONSENSUS][PBFT]checkTimeout Succ,view=1092,toView=1093,nodeIdx=0,changeCycle=0,myNode=0e7418af...,timecost=0.203
info|2019-12-13 01:02:59.186001|[g:1][CONSENSUS][PBFT]checkAndChangeView: Reach consensus,org_view=1092,org_changeCycle=0,cur_changeCycle=0,to_view=1093
info|2019-12-13 01:02:59.361609|[P2P][Service] heartBeat,connected count=3
info|2019-12-13 01:03:00.187181|[g:1][CONSENSUS][SEALER]++++++++++++++++ Generating seal on,blkNum=96,tx=0,nodeIdx=0,hash=138079a1...
info|2019-12-13 01:03:00.199720|[g:1][CONSENSUS][PBFT]checkTimeout Succ,view=1093,toView=1094,nodeIdx=0,changeCycle=0,myNode=0e7418af...,timecost=0.245
info|2019-12-13 01:03:00.200704|[g:1][CONSENSUS][PBFT]checkAndChangeView: Reach consensus,org_view=1093,org_changeCycle=0,cur_changeCycle=0,to_view=1094
info|2019-12-13 01:03:01.202032|[g:1][CONSENSUS]addRawPrepare,height=96,reqIdx=1,hash=5dcf3a40...
info|2019-12-13 01:03:01.202327|[g:1][CONSENSUS][PBFT]checkTimeout Succ,view=1094,toView=1095,nodeIdx=0,changeCycle=0,myNode=0e7418af...,timecost=0.268
info|2019-12-13 01:03:01.207164|[g:1][CONSENSUS][PBFT]checkAndChangeView: Reach consensus,org_view=1094,org_changeCycle=0,cur_changeCycle=0,to_view=1095
info|2019-12-13 01:03:02.215397|[g:1][CONSENSUS]addRawPrepare,height=96,reqIdx=2,hash=bf454f7e...
info|2019-12-13 01:03:02.215837|[g:1][CONSENSUS][PBFT]checkTimeout Succ,view=1095,toView=1096,nodeIdx=0,changeCycle=0,myNode=0e7418af...,timecost=0.321
info|2019-12-13 01:03:02.226974|[g:1][CONSENSUS][PBFT]checkAndChangeView: Reach consensus,org_view=1095,org_changeCycle=0,cur_changeCycle=0,to_view=1096
info|2019-12-13 01:03:03.231165|[g:1][CONSENSUS]addRawPrepare,height=96,reqIdx=3,hash=c417e0d2...
info|2019-12-13 01:03:03.231423|[g:1][CONSENSUS][PBFT]checkTimeout Succ,view=1096,toView=1097,nodeIdx=0,changeCycle=0,myNode=0e7418af...,timecost=0.23
info|2019-12-13 01:03:03.242569|[g:1][CONSENSUS][PBFT]checkAndChangeView: Reach consensus,org_view=1096,org_changeCycle=0,cur_changeCycle=0,to_view=1097
info|2019-12-13 01:03:04.244108|[g:1][CONSENSUS][SEALER]++++++++++++++++ Generating seal on,blkNum=96,tx=0,nodeIdx=0,hash=6b0fe86c...
info|2019-12-13 01:03:04.257215|[g:1][CONSENSUS][PBFT]checkTimeout Succ,view=1097,toView=1098,nodeIdx=0,changeCycle=0,myNode=0e7418af...,timecost=0.222
info|2019-12-13 01:03:04.260792|[g:1][CONSENSUS][PBFT]checkAndChangeView: Reach consensus,org_view=1097,org_changeCycle=0,cur_changeCycle=0,to_view=1098
info|2019-12-13 01:03:05.259363|[g:1][CONSENSUS][PBFT]Trigger fast-viewchange,view=1098,toView=1098,minView=1099,INFO=,reqNum=95,curNum=95,GenIdx=2,Cview=1099,view=1098,fromIdx=2,fromNode=ad4f9855...,fromIp=127.0.0.1:45510,hash=ef150529...,nodeIdx=0,myNode=0e7418af...
info|2019-12-13 01:03:05.259591|[g:1][CONSENSUS][PBFT]checkAndChangeView: Reach consensus,org_view=1098,org_changeCycle=0,cur_changeCycle=0,to_view=1099
info|2019-12-13 01:03:05.259598|[g:1][CONSENSUS][PBFT]checkTimeout Succ,view=1099,toView=1099,nodeIdx=0,changeCycle=0,myNode=0e7418af...,timecost=0.187
info|2019-12-13 01:03:06.267398|[g:1][CONSENSUS]addRawPrepare,height=96,reqIdx=2,hash=0c9cdde8...
info|2019-12-13 01:03:06.267657|[g:1][CONSENSUS][PBFT]checkTimeout Succ,view=1099,toView=1100,nodeIdx=0,changeCycle=0,myNode=0e7418af...,timecost=0.236
info|2019-12-13 01:03:06.272119|[g:1][CONSENSUS][PBFT]checkAndChangeView: Reach consensus,org_view=1099,org_changeCycle=0,cur_changeCycle=0,to_view=1100
info|2019-12-13 01:03:07.275288|[g:1][CONSENSUS]addRawPrepare,height=96,reqIdx=3,hash=3242a69c...
info|2019-12-13 01:03:07.275517|[g:1][CONSENSUS][PBFT]checkTimeout Succ,view=1100,toView=1101,nodeIdx=0,changeCycle=0,myNode=0e7418af...,timecost=0.197
info|2019-12-13 01:03:07.283770|[g:1][CONSENSUS][PBFT]checkAndChangeView: Reach consensus,org_view=1100,org_changeCycle=0,cur_changeCycle=0,to_view=1101
info|2019-12-13 01:03:08.284384|[g:1][CONSENSUS][SEALER]++++++++++++++++ Generating seal on,blkNum=96,tx=0,nodeIdx=0,hash=2da33b76...
info|2019-12-13 01:03:08.297693|[g:1][CONSENSUS][PBFT]checkTimeout Succ,view=1101,toView=1102,nodeIdx=0,changeCycle=0,myNode=0e7418af...,timecost=0.277
info|2019-12-13 01:03:08.300528|[g:1][CONSENSUS][PBFT]checkAndChangeView: Reach consensus,org_view=1101,org_changeCycle=0,cur_changeCycle=0,to_view=1102
info|2019-12-13 01:03:09.299276|[g:1][CONSENSUS]addRawPrepare,height=96,reqIdx=1,hash=0a14917a...
info|2019-12-13 01:03:09.299543|[g:1][CONSENSUS][PBFT]checkTimeout Succ,view=1102,toView=1103,nodeIdx=0,changeCycle=0,myNode=0e7418af...,timecost=0.206
info|2019-12-13 01:03:09.305785|[g:1][CONSENSUS][PBFT]checkAndChangeView: Reach consensus,org_view=1102,org_changeCycle=0,cur_changeCycle=0,to_view=1103
info|2019-12-13 01:03:09.361851|[P2P][Service] heartBeat,connected count=3
info|2019-12-13 01:03:10.312262|[g:1][CONSENSUS][PBFT]Trigger fast-viewchange,view=1103,toView=1103,minView=1104,INFO=,reqNum=95,curNum=95,GenIdx=1,Cview=1104,view=1103,fromIdx=1,fromNode=32db7d10...,fromIp=127.0.0.1:30300,hash=ef150529...,nodeIdx=0,myNode=0e7418af...
info|2019-12-13 01:03:10.312541|[g:1][CONSENSUS][PBFT]checkAndChangeView: Reach consensus,org_view=1103,org_changeCycle=0,cur_changeCycle=0,to_view=1104
info|2019-12-13 01:03:10.312550|[g:1][CONSENSUS][PBFT]checkTimeout Succ,view=1104,toView=1104,nodeIdx=0,changeCycle=0,myNode=0e7418af...,timecost=0.229
info|2019-12-13 01:03:11.323927|[g:1][CONSENSUS]addRawPrepare,height=96,reqIdx=3,hash=fd234371...
info|2019-12-13 01:03:11.324241|[g:1][CONSENSUS][PBFT]checkTimeout Succ,view=1104,toView=1105,nodeIdx=0,changeCycle=0,myNode=0e7418af...,timecost=0.278
info|2019-12-13 01:03:11.325625|[g:1][CONSENSUS][PBFT]checkAndChangeView: Reach consensus,org_view=1104,org_changeCycle=0,cur_changeCycle=0,to_view=1105
info|2019-12-13 01:03:12.329548|[g:1][CONSENSUS][SEALER]++++++++++++++++ Generating seal on,blkNum=96,tx=0,nodeIdx=0,hash=82ecb630...
info|2019-12-13 01:03:12.345866|[g:1][CONSENSUS][PBFT]checkTimeout Succ,view=1105,toView=1106,nodeIdx=0,changeCycle=0,myNode=0e7418af...,timecost=0.213
info|2019-12-13 01:03:12.346837|[g:1][CONSENSUS][PBFT]checkAndChangeView: Reach consensus,org_view=1105,org_changeCycle=0,cur_changeCycle=0,to_view=1106
info|2019-12-13 01:03:13.346193|[g:1][CONSENSUS]addRawPrepare,height=96,reqIdx=1,hash=570e1600...
info|2019-12-13 01:03:13.346709|[g:1][CONSENSUS][PBFT]checkTimeout Succ,view=1106,toView=1107,nodeIdx=0,changeCycle=0,myNode=0e7418af...,timecost=0.481
info|2019-12-13 01:03:13.355054|[g:1][CONSENSUS][PBFT]checkAndChangeView: Reach consensus,org_view=1106,org_changeCycle=0,cur_changeCycle=0,to_view=1107
info|2019-12-13 01:03:14.357272|[g:1][CONSENSUS]addRawPrepare,height=96,reqIdx=2,hash=c2bd79cf...
info|2019-12-13 01:03:14.357506|[g:1][CONSENSUS][PBFT]checkTimeout Succ,view=1107,toView=1108,nodeIdx=0,changeCycle=0,myNode=0e7418af...,timecost=0.208
info|2019-12-13 01:03:14.362696|[g:1][CONSENSUS][PBFT]checkAndChangeView: Reach consensus,org_view=1107,org_changeCycle=0,cur_changeCycle=0,to_view=1108
info|2019-12-13 01:03:15.364523|[g:1][CONSENSUS]addRawPrepare,height=96,reqIdx=3,hash=ee74f44b...
info|2019-12-13 01:03:15.364887|[g:1][CONSENSUS][PBFT]checkTimeout Succ,view=1108,toView=1109,nodeIdx=0,changeCycle=0,myNode=0e7418af...,timecost=0.34
info|2019-12-13 01:03:15.372055|[g:1][CONSENSUS][PBFT]checkAndChangeView: Reach consensus,org_view=1108,org_changeCycle=0,cur_changeCycle=0,to_view=1109
info|2019-12-13 01:03:16.372270|[g:1][CONSENSUS][SEALER]++++++++++++++++ Generating seal on,blkNum=96,tx=0,nodeIdx=0,hash=6be55d04...
info|2019-12-13 01:03:16.384363|[g:1][CONSENSUS][PBFT]checkTimeout Succ,view=1109,toView=1110,nodeIdx=0,changeCycle=0,myNode=0e7418af...,timecost=0.221
info|2019-12-13 01:03:16.385358|[g:1][CONSENSUS][PBFT]checkAndChangeView: Reach consensus,org_view=1109,org_changeCycle=0,cur_changeCycle=0,to_view=1110
info|2019-12-13 01:03:17.382543|[g:1][CONSENSUS]addRawPrepare,height=96,reqIdx=1,hash=3c35fc43...
info|2019-12-13 01:03:17.382769|[g:1][CONSENSUS][PBFT]checkTimeout Succ,view=1110,toView=1111,nodeIdx=0,changeCycle=0,myNode=0e7418af...,timecost=0.198
info|2019-12-13 01:03:17.387522|[g:1][CONSENSUS][PBFT]checkAndChangeView: Reach consensus,org_view=1110,org_changeCycle=0,cur_changeCycle=0,to_view=1111
info|2019-12-13 01:03:18.388105|[g:1][CONSENSUS]addRawPrepare,height=96,reqIdx=2,hash=8b060c47...
info|2019-12-13 01:03:18.388327|[g:1][CONSENSUS][PBFT]checkTimeout Succ,view=1111,toView=1112,nodeIdx=0,changeCycle=0,myNode=0e7418af...,timecost=0.195
info|2019-12-13 01:03:18.391090|[g:1][CONSENSUS][PBFT]checkAndChangeView: Reach consensus,org_view=1111,org_changeCycle=0,cur_changeCycle=0,to_view=1112
info|2019-12-13 01:03:19.362743|[P2P][Service] heartBeat,connected count=3
info|2019-12-13 01:03:19.393446|[g:1][CONSENSUS]addRawPrepare,height=96,reqIdx=3,hash=61ed9e13...
info|2019-12-13 01:03:19.393737|[g:1][CONSENSUS][PBFT]checkTimeout Succ,view=1112,toView=1113,nodeIdx=0,changeCycle=0,myNode=0e7418af...,timecost=0.262
info|2019-12-13 01:03:19.400280|[g:1][CONSENSUS][PBFT]checkAndChangeView: Reach consensus,org_view=1112,org_changeCycle=0,cur_changeCycle=0,to_view=1113
info|2019-12-13 01:03:20.401165|[g:1][CONSENSUS][SEALER]++++++++++++++++ Generating seal on,blkNum=96,tx=0,nodeIdx=0,hash=5b8cf93d...
info|2019-12-13 01:03:20.414322|[g:1][CONSENSUS][PBFT]checkTimeout Succ,view=1113,toView=1114,nodeIdx=0,changeCycle=0,myNode=0e7418af...,timecost=0.217
info|2019-12-13 01:03:20.415751|[g:1][CONSENSUS][PBFT]checkAndChangeView: Reach consensus,org_view=1113,org_changeCycle=0,cur_changeCycle=0,to_view=1114
info|2019-12-13 01:03:21.411608|[g:1][CONSENSUS]addRawPrepare,height=96,reqIdx=1,hash=aa9e6222...
info|2019-12-13 01:03:21.411846|[g:1][CONSENSUS][PBFT]checkTimeout Succ,view=1114,toView=1115,nodeIdx=0,changeCycle=0,myNode=0e7418af...,timecost=0.211
info|2019-12-13 01:03:21.416333|[g:1][CONSENSUS][PBFT]checkAndChangeView: Reach consensus,org_view=1114,org_changeCycle=0,cur_changeCycle=0,to_view=1115
info|2019-12-13 01:03:22.421683|[g:1][CONSENSUS]addRawPrepare,height=96,reqIdx=2,hash=ec41325b...
info|2019-12-13 01:03:22.423920|[g:1][CONSENSUS][PBFT]checkTimeout Succ,view=1115,toView=1116,nodeIdx=0,changeCycle=0,myNode=0e7418af...,timecost=2.201
info|2019-12-13 01:03:22.432422|[g:1][CONSENSUS][PBFT]checkAndChangeView: Reach consensus,org_view=1115,org_changeCycle=0,cur_changeCycle=0,to_view=1116
info|2019-12-13 01:03:23.433777|[g:1][CONSENSUS]addRawPrepare,height=96,reqIdx=3,hash=289a07d7...
info|2019-12-13 01:03:23.434023|[g:1][CONSENSUS][PBFT]checkTimeout Succ,view=1116,toView=1117,nodeIdx=0,changeCycle=0,myNode=0e7418af...,timecost=0.215
info|2019-12-13 01:03:23.448095|[g:1][CONSENSUS][PBFT]checkAndChangeView: Reach consensus,org_view=1116,org_changeCycle=0,cur_changeCycle=0,to_view=1117
                                                                                                                                                                                                                                                                                                                                                                                                                                                                                                                                                                                                                                                                                                                                                                                                                                                                                                                                                                                                                              