info|2019-12-13 01:23:02.718577|[INITIALIZER][initGlobalConfig],enableCompress=true,compatibilityVersion=2.1.0,versionNumber=33619968,chainId=1
info|2019-12-13 01:23:02.992154|[NETWORK][Host]Connecting to node,endpoint=127.0.0.1:30300
info|2019-12-13 01:23:02.992234|[NETWORK][Host]Connecting to node,endpoint=127.0.0.1:30301
info|2019-12-13 01:23:02.992267|[NETWORK][Host]Connecting to node,endpoint=127.0.0.1:30302
info|2019-12-13 01:23:02.992294|[NETWORK][Host]Connecting to node,endpoint=127.0.0.1:30303
info|2019-12-13 01:23:02.992322|[P2P][Service] heartBeat,connected count=0
info|2019-12-13 01:23:02.993695|[NETWORK][Host]P2P StartAccept,Host=0.0.0.0:30300
info|2019-12-13 01:23:02.993933|[NETWORK][ASIO]asyncResolveConnect,endpoint=127.0.0.1:30300
info|2019-12-13 01:23:03.000124|[NETWORK][ASIO]asyncResolveConnect,endpoint=127.0.0.1:30301
info|2019-12-13 01:23:03.000174|[NETWORK][ASIO]asyncResolveConnect,endpoint=127.0.0.1:30302
info|2019-12-13 01:23:03.000213|[NETWORK][ASIO]asyncResolveConnect,endpoint=127.0.0.1:30303
info|2019-12-13 01:23:03.000241|[NETWORK][Host]P2P Recv Connect, From=127.0.0.1:33942
info|2019-12-13 01:23:03.000286|[NETWORK][Host]P2P StartAccept,Host=0.0.0.0:30300
info|2019-12-13 01:23:03.029841|[NETWORK][Host]P2P Recv Connect, From=127.0.0.1:33944
info|2019-12-13 01:23:03.029909|[NETWORK][Host]P2P StartAccept,Host=0.0.0.0:30300
warning|2019-12-13 01:23:03.030119|[NETWORK][Host]TCP Connection refused by node,endpoint=127.0.0.1:30303,message=Connection refused
warning|2019-12-13 01:23:03.030176|[P2P][Service] onConnect,errorCode=5,what=Connect failed
info|2019-12-13 01:23:03.030226|[NETWORK][Host]P2P Recv Connect, From=127.0.0.1:33946
info|2019-12-13 01:23:03.030268|[NETWORK][Host]P2P StartAccept,Host=0.0.0.0:30300
info|2019-12-13 01:23:03.039311|[CHANNEL]ChannelRPCServer started
info|2019-12-13 01:23:03.039337|[INITIALIZER][RPCInitializer]ChannelRPCHttpServer started.
info|2019-12-13 01:23:03.039358|[LedgerInitializer],groupConfigPath=conf/
info|2019-12-13 01:23:03.052029|[INITIALIZER][initSingleLedger] [GroupId]:  1
info|2019-12-13 01:23:03.052058|[g:1][LEDGER]LedgerConstructor,configPath=conf/group.1.genesis,baseDir=data//group1
info|2019-12-13 01:23:03.052073|[g:1][LEDGER][initGenesisConfig]initConsensusConfig/initDBConfig/initTxConfig,configFile=conf/group.1.genesis
info|2019-12-13 01:23:03.052155|[g:1][LEDGER][initConsensusConfig],it.first=32db7d10e2c7fa645891f0943ad88c87f7d0ec66500b45632d53889d72ca80f2077a9280acde028f225f75af346a3fa4f75e37d8b596c2d5eb444c7bc283f925
info|2019-12-13 01:23:03.052187|[g:1][LEDGER][initConsensusConfig],it.first=ad4f985540e2d00110bed5d7a6899358479cb5ebfbb76f922982409b4ae034e1a01cda3dfc6b3ee06ab79ce0872e984ff5f6198fce193ae5d34bf6f296d557c0
info|2019-12-13 01:23:03.052265|[g:1][LEDGER][initConsensusConfig],it.first=0e7418af9a0d8d96383c85f5ee2759c178fe7d45e524080550f4ff007bcc32c69134008f978c786bf0a674e945fdad26a3722c009f92e3a8b60fc8e4e1f191b1
info|2019-12-13 01:23:03.052291|[g:1][LEDGER][initConsensusConfig],it.first=f5b748459b521e61d71a97b70aebee76ef7d18e0f9ef1d603023bcd6e7d6f8c37aaadd04f5c89fc44bef3cb6b220ec05018e2a6f8c2b69fe09026059c8371976
info|2019-12-13 01:23:03.052345|[g:1][LEDGER][initIniConfig]initTxPoolConfig/initSyncConfig/initTxExecuteConfig,configFile=conf/group.1.ini
info|2019-12-13 01:23:03.056666|[NETWORK][Host]P2P Recv Connect, From=127.0.0.1:33966
info|2019-12-13 01:23:03.057615|[NETWORK][Host]P2P StartAccept,Host=0.0.0.0:30300
info|2019-12-13 01:23:03.061851|[g:1][LEDGER][initLedger][DBInitializer]
info|2019-12-13 01:23:03.061863|[g:1][DBINITIALIZER] [initRocksDBStorage]
info|2019-12-13 01:23:03.072761|[g:1][ROCKSDB]open rocksDB handler
info|2019-12-13 01:23:03.134000|[NETWORK][Host]startPeerSession, From=127.0.0.1:33942,nodeID=ad4f9855...
info|2019-12-13 01:23:03.134074|[NETWORK][Host]startPeerSession, From=127.0.0.1:33944,nodeID=32db7d10...
info|2019-12-13 01:23:03.139688|[P2P][Service] Connection established,nodeID=ad4f9855...,endpoint=127.0.0.1:33942
info|2019-12-13 01:23:03.199466|[NETWORK][Host]startPeerSession, From=127.0.0.1:30300,nodeID=32db7d10...
info|2019-12-13 01:23:03.199838|[P2P][Service] Connection established,nodeID=0e7418af...,endpoint=127.0.0.1:33946
info|2019-12-13 01:23:03.201997|[NETWORK][Host]startPeerSession, From=127.0.0.1:33946,nodeID=0e7418af...
info|2019-12-13 01:23:03.223187|[NETWORK][Host]startPeerSession, From=127.0.0.1:30301,nodeID=ad4f9855...
info|2019-12-13 01:23:03.223299|[P2P][Service] Connection established,nodeID=f5b74845...,endpoint=127.0.0.1:33966
info|2019-12-13 01:23:03.223322|[NETWORK][Host]startPeerSession, From=127.0.0.1:33966,nodeID=f5b74845...
info|2019-12-13 01:23:03.223417|[NETWORK][Host]startPeerSession, From=127.0.0.1:30302,nodeID=0e7418af...
info|2019-12-13 01:23:03.512838|[g:1][g:0][STORAGE][CachedStorage]Init flushStorage thread
info|2019-12-13 01:23:03.559577|[g:1][BLOCKCHAIN][#checkAndBuildGenesisBlock]Already have the 0th block, 0th groupMark is equal to file groupMark.
info|2019-12-13 01:23:03.582101|[g:1][CONSENSUS][PBFT]Register handler for PBFTEngine
info|2019-12-13 01:23:03.582131|[g:1][CONSENSUS][PBFT],minBlockGenerationTime=500
info|2019-12-13 01:23:03.582152|[LedgerInitializer init group succ],groupID=1
info|2019-12-13 01:23:03.582324|[INITIALIZER][RPCInitializer]JsonrpcHttpServer started.
info|2019-12-13 01:23:03.582344|[g:1][LEDGER]startAll...
warning|2019-12-13 01:23:03.583190|[SYNC][id:32db7d10...][Status]Peer data not found,nodeId=0e7418af...
warning|2019-12-13 01:23:03.583642|[SYNC][id:32db7d10...][Status]Peer data not found,nodeId=0e7418af...
warning|2019-12-13 01:23:03.584547|[SYNC][id:32db7d10...][Status]Peer data not found,nodeId=ad4f9855...
info|2019-12-13 01:23:03.585357|[g:1][CONSENSUS][PBFT]^^^^^^^^Report,num=98,sealerIdx=1,hash=f5afbec7...,next=99,tx=1,nodeIdx=1
info|2019-12-13 01:23:03.817071|[g:1][CONSENSUS][PBFT][PBFT init env successfully]
info|2019-12-13 01:23:03.817128|[g:1][CONSENSUS][ConsensusEngine][Start ConsensusEngineBase]
info|2019-12-13 01:23:03.817244|[g:1][CONSENSUS][PBFT][Start PBFTEngine...]
info|2019-12-13 01:23:03.817252|[g:1][CONSENSUS][SEALER][Start sealer module]
info|2019-12-13 01:23:03.817519|[g:1][EVENT][EventLogFilterManager]start,m_maxBlockRange=0,m_maxBlockPerLoopFilter=3
info|2019-12-13 01:23:04.846028|[g:1][CONSENSUS]addRawPrepare,height=99,reqIdx=2,hash=90f7b593...
info|2019-12-13 01:23:04.846300|[g:1][CONSENSUS][PBFT]checkTimeout Succ,view=0,toView=1,nodeIdx=1,changeCycle=0,myNode=32db7d10...,timecost=0.251
info|2019-12-13 01:23:04.850473|[g:1][CONSENSUS][PBFT]checkAndChangeView: Reach consensus,org_view=0,org_changeCycle=0,cur_changeCycle=0,to_view=1
info|2019-12-13 01:23:05.853140|[g:1][CONSENSUS]addRawPrepare,height=99,reqIdx=3,hash=205be0ae...
info|2019-12-13 01:23:05.853396|[g:1][CONSENSUS][PBFT]checkTimeout Succ,view=1,toView=2,nodeIdx=1,changeCycle=0,myNode=32db7d10...,timecost=0.188
info|2019-12-13 01:23:05.856129|[g:1][CONSENSUS][PBFT]checkAndChangeView: Reach consensus,org_view=1,org_changeCycle=0,cur_changeCycle=0,to_view=2
info|2019-12-13 01:23:06.859319|[g:1][CONSENSUS]addRawPrepare,height=99,reqIdx=0,hash=5700d5f7...
info|2019-12-13 01:23:06.864463|[g:1][CONSENSUS][PBFT]checkTimeout Succ,view=2,toView=3,nodeIdx=1,changeCycle=0,myNode=32db7d10...,timecost=5.132
info|2019-12-13 01:23:06.869749|[g:1][CONSENSUS][PBFT]checkAndChangeView: Reach consensus,org_view=2,org_changeCycle=0,cur_changeCycle=0,to_view=3
info|2019-12-13 01:23:07.870740|[g:1][CONSENSUS][SEALER]++++++++++++++++ Generating seal on,blkNum=99,tx=0,nodeIdx=1,hash=c8698fad...
info|2019-12-13 01:23:07.879075|[g:1][CONSENSUS][PBFT]checkTimeout Succ,view=3,toView=4,nodeIdx=1,changeCycle=0,myNode=32db7d10...,timecost=0.22
info|2019-12-13 01:23:07.883736|[g:1][CONSENSUS][PBFT]checkAndChangeView: Reach consensus,org_view=3,org_changeCycle=0,cur_changeCycle=0,to_view=4
info|2019-12-13 01:23:08.879836|[g:1][CONSENSUS]addRawPrepare,height=99,reqIdx=2,hash=8642441c...
info|2019-12-13 01:23:08.880064|[g:1][CONSENSUS][PBFT]checkTimeout Succ,view=4,toView=5,nodeIdx=1,changeCycle=0,myNode=32db7d10...,timecost=0.206
info|2019-12-13 01:23:08.885175|[g:1][CONSENSUS][PBFT]checkAndChangeView: Reach consensus,org_view=4,org_changeCycle=0,cur_changeCycle=0,to_view=5
info|2019-12-13 01:23:09.888069|[g:1][CONSENSUS]addRawPrepare,height=99,reqIdx=3,hash=d482552d...
info|2019-12-13 01:23:09.888418|[g:1][CONSENSUS][PBFT]checkTimeout Succ,view=5,toView=6,nodeIdx=1,changeCycle=0,myNode=32db7d10...,timecost=0.271
info|2019-12-13 01:23:09.895467|[g:1][CONSENSUS][PBFT]checkAndChangeView: Reach consensus,org_view=5,org_changeCycle=0,cur_changeCycle=0,to_view=6
info|2019-12-13 01:23:10.896759|[g:1][CONSENSUS]addRawPrepare,height=99,reqIdx=0,hash=d2a6af8b...
info|2019-12-13 01:23:10.896984|[g:1][CONSENSUS][PBFT]checkTimeout Succ,view=6,toView=7,nodeIdx=1,changeCycle=0,myNode=32db7d10...,timecost=0.203
info|2019-12-13 01:23:10.904657|[g:1][CONSENSUS][PBFT]checkAndChangeView: Reach consensus,org_view=6,org_changeCycle=0,cur_changeCycle=0,to_view=7
info|2019-12-13 01:23:11.904647|[g:1][CONSENSUS][SEALER]++++++++++++++++ Generating seal on,blkNum=99,tx=0,nodeIdx=1,hash=72bfbc48...
info|2019-12-13 01:23:11.922691|[g:1][CONSENSUS][PBFT]checkTimeout Succ,view=7,toView=8,nodeIdx=1,changeCycle=0,myNode=32db7d10...,timecost=0.204
info|2019-12-13 01:23:11.923552|[g:1][CONSENSUS][PBFT]checkAndChangeView: Reach consensus,org_view=7,org_changeCycle=0,cur_changeCycle=0,to_view=8
info|2019-12-13 01:23:12.910616|[g:1][CONSENSUS]addRawPrepare,height=99,reqIdx=2,hash=a598f914...
info|2019-12-13 01:23:12.910824|[g:1][CONSENSUS][PBFT]checkTimeout Succ,view=8,toView=9,nodeIdx=1,changeCycle=0,myNode=32db7d10...,timecost=0.187
info|2019-12-13 01:23:12.912854|[g:1][CONSENSUS][PBFT]checkAndChangeView: Reach consensus,org_view=8,org_changeCycle=0,cur_changeCycle=0,to_view=9
info|2019-12-13 01:23:12.993220|[NETWORK][Host]Connecting to node,endpoint=127.0.0.1:30303
info|2019-12-13 01:23:12.993255|[P2P][Service] heartBeat,connected count=3
info|2019-12-13 01:23:12.993545|[NETWORK][ASIO]asyncResolveConnect,endpoint=127.0.0.1:30303
info|2019-12-13 01:23:13.044656|[NETWORK][Host]startPeerSession, From=127.0.0.1:30303,nodeID=f5b74845...
info|2019-12-13 01:23:13.914701|[g:1][CONSENSUS]addRawPrepare,height=99,reqIdx=3,hash=1a45f5d5...
info|2019-12-13 01:23:13.921246|[g:1][CONSENSUS][PBFT]checkTimeout Succ,view=9,toView=10,nodeIdx=1,changeCycle=0,myNode=32db7d10...,timecost=6.422
info|2019-12-13 01:23:13.925034|[g:1][CONSENSUS][PBFT]checkAndChangeView: Reach consensus,org_view=9,org_changeCycle=0,cur_changeCycle=0,to_view=10
info|2019-12-13 01:23:14.923720|[g:1][CONSENSUS]addRawPrepare,height=99,reqIdx=0,hash=a42313f1...
info|2019-12-13 01:23:14.923937|[g:1][CONSENSUS][PBFT]checkTimeout Succ,view=10,toView=11,nodeIdx=1,changeCycle=0,myNode=32db7d10...,timecost=0.195
info|2019-12-13 01:23:14.925779|[g:1][CONSENSUS][PBFT]checkAndChangeView: Reach consensus,org_view=10,org_changeCycle=0,cur_changeCycle=0,to_view=11
info|2019-12-13 01:23:15.932859|[g:1][CONSENSUS][SEALER]++++++++++++++++ Generating seal on,blkNum=99,tx=0,nodeIdx=1,hash=7ebc9a0f...
info|2019-12-13 01:23:15.946269|[g:1][CONSENSUS][PBFT]checkTimeout Succ,view=11,toView=12,nodeIdx=1,changeCycle=0,myNode=32db7d10...,timecost=0.2
info|2019-12-13 01:23:15.947260|[g:1][CONSENSUS][PBFT]checkAndChangeView: Reach consensus,org_view=11,org_changeCycle=0,cur_changeCycle=0,to_view=12
info|2019-12-13 01:23:16.945995|[g:1][CONSENSUS]addRawPrepare,height=99,reqIdx=2,hash=e00d113d...
info|2019-12-13 01:23:16.946197|[g:1][CONSENSUS][PBFT]checkTimeout Succ,view=12,toView=13,nodeIdx=1,changeCycle=0,myNode=32db7d10...,timecost=0.182
info|2019-12-13 01:23:16.948257|[g:1][CONSENSUS][PBFT]checkAndChangeView: Reach consensus,org_view=12,org_changeCycle=0,cur_changeCycle=0,to_view=13
info|2019-12-13 01:23:17.954543|[g:1][CONSENSUS]addRawPrepare,height=99,reqIdx=3,hash=bb422588...
info|2019-12-13 01:23:17.954816|[g:1][CONSENSUS][PBFT]checkTimeout Succ,view=13,toView=14,nodeIdx=1,changeCycle=0,myNode=32db7d10...,timecost=0.209
info|2019-12-13 01:23:17.957886|[g:1][CONSENSUS][PBFT]checkAndChangeView: Reach consensus,org_view=13,org_changeCycle=0,cur_changeCycle=0,to_view=14
info|2019-12-13 01:23:18.962036|[g:1][CONSENSUS]addRawPrepare,height=99,reqIdx=0,hash=c3d43f13...
info|2019-12-13 01:23:18.962396|[g:1][CONSENSUS][PBFT]checkTimeout Succ,view=14,toView=15,nodeIdx=1,changeCycle=0,myNode=32db7d10...,timecost=0.375
info|2019-12-13 01:23:18.972672|[g:1][CONSENSUS][PBFT]checkAndChangeView: Reach consensus,org_view=14,org_changeCycle=0,cur_changeCycle=0,to_view=15
info|2019-12-13 01:23:19.973299|[g:1][CONSENSUS][SEALER]++++++++++++++++ Generating seal on,blkNum=99,tx=0,nodeIdx=1,hash=700ab40c...
info|2019-12-13 01:23:19.984616|[g:1][CONSENSUS][PBFT]checkTimeout Succ,view=15,toView=16,nodeIdx=1,changeCycle=0,myNode=32db7d10...,timecost=0.207
info|2019-12-13 01:23:19.985624|[g:1][CONSENSUS][PBFT]checkAndChangeView: Reach consensus,org_view=15,org_changeCycle=0,cur_changeCycle=0,to_view=16
info|2019-12-13 01:23:20.983205|[g:1][CONSENSUS]addRawPrepare,height=99,reqIdx=2,hash=175034e2...
info|2019-12-13 01:23:20.985995|[g:1][CONSENSUS][PBFT]checkTimeout Succ,view=16,toView=17,nodeIdx=1,changeCycle=0,myNode=32db7d10...,timecost=0.198
info|2019-12-13 01:23:20.987670|[g:1][CONSENSUS][PBFT]checkAndChangeView: Reach consensus,org_view=16,org_changeCycle=0,cur_changeCycle=0,to_view=17
info|2019-12-13 01:23:21.989710|[g:1][CONSENSUS]addRawPrepare,height=99,reqIdx=3,hash=666e40a5...
info|2019-12-13 01:23:21.989963|[g:1][CONSENSUS][PBFT]checkTimeout Succ,view=17,toView=18,nodeIdx=1,changeCycle=0,myNode=32db7d10...,timecost=0.186
info|2019-12-13 01:23:21.999849|[g:1][CONSENSUS][PBFT]checkAndChangeView: Reach consensus,org_view=17,org_changeCycle=0,cur_changeCycle=0,to_view=18
info|2019-12-13 01:23:22.993425|[P2P][Service] heartBeat,connected count=3
info|2019-12-13 01:23:23.003294|[g:1][CONSENSUS]addRawPrepare,height=99,reqIdx=0,hash=0f0c0227...
info|2019-12-13 01:23:23.003502|[g:1][CONSENSUS][PBFT]checkTimeout Succ,view=18,toView=19,nodeIdx=1,changeCycle=0,myNode=32db7d10...,timecost=0.184
info|2019-12-13 01:23:23.006684|[g:1][CONSENSUS][PBFT]checkAndChangeView: Reach consensus,org_view=18,org_changeCycle=0,cur_changeCycle=0,to_view=19
info|2019-12-13 01:23:24.008069|[g:1][CONSENSUS][SEALER]++++++++++++++++ Generating seal on,blkNum=99,tx=0,nodeIdx=1,hash=5e14b24e...
info|2019-12-13 01:23:24.019372|[g:1][CONSENSUS][PBFT]checkTimeout Succ,view=19,toView=20,nodeIdx=1,changeCycle=0,myNode=32db7d10...,timecost=0.289
info|2019-12-13 01:23:24.020466|[g:1][CONSENSUS][PBFT]checkAndChangeView: Reach consensus,org_view=19,org_changeCycle=0,cur_changeCycle=0,to_view=20
info|2019-12-13 01:23:25.014649|[g:1][CONSENSUS]addRawPrepare,height=99,reqIdx=2,hash=a8142a6e...
info|2019-12-13 01:23:25.014855|[g:1][CONSENSUS][PBFT]checkTimeout Succ,view=20,toView=21,nodeIdx=1,changeCycle=0,myNode=32db7d10...,timecost=0.182
info|2019-12-13 01:23:25.019704|[g:1][CONSENSUS][PBFT]checkAndChangeView: Reach consensus,org_view=20,org_changeCycle=0,cur_changeCycle=0,to_view=21
info|2019-12-13 01:23:26.019049|[g:1][CONSENSUS]addRawPrepare,height=99,reqIdx=3,hash=5dba66c2...
info|2019-12-13 01:23:26.019315|[g:1][CONSENSUS][PBFT]checkTimeout Succ,view=21,toView=22,nodeIdx=1,changeCycle=0,myNode=32db7d10...,timecost=0.192
info|2019-12-13 01:23:26.024809|[g:1][CONSENSUS][PBFT]checkAndChangeView: Reach consensus,org_view=21,org_changeCycle=0,cur_changeCycle=0,to_view=22
info|2019-12-13 01:23:27.029668|[g:1][CONSENSUS]addRawPrepare,height=99,reqIdx=0,hash=8b74f768...
info|2019-12-13 01:23:27.029862|[g:1][CONSENSUS][PBFT]checkTimeout Succ,view=22,toView=23,nodeIdx=1,changeCycle=0,myNode=32db7d10...,timecost=0.174
info|2019-12-13 01:23:27.031436|[g:1][CONSENSUS][PBFT]checkAndChangeView: Reach consensus,org_view=22,org_changeCycle=0,cur_changeCycle=0,to_view=23
info|2019-12-13 01:23:28.032197|[g:1][CONSENSUS][SEALER]++++++++++++++++ Generating seal on,blkNum=99,tx=0,nodeIdx=1,hash=002345a7...
info|2019-12-13 01:23:28.045906|[g:1][CONSENSUS][PBFT]checkTimeout Succ,view=23,toView=24,nodeIdx=1,changeCycle=0,myNode=32db7d10...,timecost=0.201
info|2019-12-13 01:23:28.046875|[g:1][CONSENSUS][PBFT]checkAndChangeView: Reach consensus,org_view=23,org_changeCycle=0,cur_changeCycle=0,to_view=24
info|2019-12-13 01:23:29.046849|[g:1][CONSENSUS]addRawPrepare,height=99,reqIdx=2,hash=8c44c9e6...
info|2019-12-13 01:23:29.047068|[g:1][CONSENSUS][PBFT]checkTimeout Succ,view=24,toView=25,nodeIdx=1,changeCycle=0,myNode=32db7d10...,timecost=0.194
info|2019-12-13 01:23:29.048945|[g:1][CONSENSUS][PBFT]checkAndChangeView: Reach consensus,org_view=24,org_changeCycle=0,cur_changeCycle=0,to_view=25
info|2019-12-13 01:23:30.055912|[g:1][CONSENSUS]addRawPrepare,height=99,reqIdx=3,hash=f564d40b...
info|2019-12-13 01:23:30.056252|[g:1][CONSENSUS][PBFT]checkTimeout Succ,view=25,toView=26,nodeIdx=1,changeCycle=0,myNode=32db7d10...,timecost=0.245
info|2019-12-13 01:23:30.060117|[g:1][CONSENSUS][PBFT]checkAndChangeView: Reach consensus,org_view=25,org_changeCycle=0,cur_changeCycle=0,to_view=26
info|2019-12-13 01:23:31.062354|[g:1][CONSENSUS]addRawPrepare,height=99,reqIdx=0,hash=8d45753f...
info|2019-12-13 01:23:31.062573|[g:1][CONSENSUS][PBFT]checkTimeout Succ,view=26,toView=27,nodeIdx=1,changeCycle=0,myNode=32db7d10...,timecost=0.195
info|2019-12-13 01:23:31.065919|[g:1][CONSENSUS][PBFT]checkAndChangeView: Reach consensus,org_view=26,org_changeCycle=0,cur_changeCycle=0,to_view=27
info|2019-12-13 01:23:32.066996|[g:1][CONSENSUS][SEALER]++++++++++++++++ Generating seal on,blkNum=99,tx=0,nodeIdx=1,hash=dd94bc0e...
info|2019-12-13 01:23:32.074421|[g:1][CONSENSUS][PBFT]checkTimeout Succ,view=27,toView=28,nodeIdx=1,changeCycle=0,myNode=32db7d10...,timecost=0.205
info|2019-12-13 01:23:32.075236|[g:1][CONSENSUS][PBFT]checkAndChangeView: Reach consensus,org_view=27,org_changeCycle=0,cur_changeCycle=0,to_view=28
info|2019-12-13 01:23:32.993489|[P2P][Service] heartBeat,connected count=3
info|2019-12-13 01:23:33.073029|[g:1][CONSENSUS]addRawPrepare,height=99,reqIdx=2,hash=fb5ada09...
info|2019-12-13 01:23:33.073311|[g:1][CONSENSUS][PBFT]checkTimeout Succ,view=28,toView=29,nodeIdx=1,changeCycle=0,myNode=32db7d10...,timecost=0.261
info|2019-12-13 01:23:33.076216|[g:1][CONSENSUS][PBFT]checkAndChangeView: Reach consensus,org_view=28,org_changeCycle=0,cur_changeCycle=0,to_view=29
info|2019-12-13 01:23:34.077049|[g:1][CONSENSUS]addRawPrepare,height=99,reqIdx=3,hash=226bfd70...
info|2019-12-13 01:23:34.077333|[g:1][CONSENSUS][PBFT]checkTimeout Succ,view=29,toView=30,nodeIdx=1,changeCycle=0,myNode=32db7d10...,timecost=0.19
info|2019-12-13 01:23:34.085747|[g:1][CONSENSUS][PBFT]checkAndChangeView: Reach consensus,org_view=29,org_changeCycle=0,cur_changeCycle=0,to_view=30
info|2019-12-13 01:23:35.088212|[g:1][CONSENSUS]addRawPrepare,height=99,reqIdx=0,hash=5b2048d8...
info|2019-12-13 01:23:35.088449|[g:1][CONSENSUS][PBFT]checkTimeout Succ,view=30,toView=31,nodeIdx=1,changeCycle=0,myNode=32db7d10...,timecost=0.215
info|2019-12-13 01:23:35.094713|[g:1][CONSENSUS][PBFT]checkAndChangeView: Reach consensus,org_view=30,org_changeCycle=0,cur_changeCycle=0,to_view=31
info|2019-12-13 01:23:36.095742|[g:1][CONSENSUS][SEALER]++++++++++++++++ Generating seal on,blkNum=99,tx=0,nodeIdx=1,hash=10c0edd8...
info|2019-12-13 01:23:36.105384|[g:1][CONSENSUS][PBFT]checkTimeout Succ,view=31,toView=32,nodeIdx=1,changeCycle=0,myNode=32db7d10...,timecost=0.198
info|2019-12-13 01:23:36.108345|[g:1][CONSENSUS][PBFT]checkAndChangeView: Reach consensus,org_view=31,org_changeCycle=0,cur_changeCycle=0,to_view=32
info|2019-12-13 01:23:37.105957|[g:1][CONSENSUS]addRawPrepare,height=99,reqIdx=2,hash=a278d2ab...
info|2019-12-13 01:23:37.106169|[g:1][CONSENSUS][PBFT]checkTimeout Succ,view=32,toView=33,nodeIdx=1,changeCycle=0,myNode=32db7d10...,timecost=0.191
info|2019-12-13 01:23:37.112903|[g:1][CONSENSUS][PBFT]checkAndChangeView: Reach consensus,org_view=32,org_changeCycle=0,cur_changeCycle=0,to_view=33
info|2019-12-13 01:23:38.114734|[g:1][CONSENSUS]addRawPrepare,height=99,reqIdx=3,hash=75065213...
info|2019-12-13 01:23:38.115014|[g:1][CONSENSUS][PBFT]checkTimeout Succ,view=33,toView=34,nodeIdx=1,changeCycle=0,myNode=32db7d10...,timecost=0.212
info|2019-12-13 01:23:38.123455|[g:1][CONSENSUS][PBFT]checkAndChangeView: Reach consensus,org_view=33,org_changeCycle=0,cur_changeCycle=0,to_view=34
info|2019-12-13 01:23:39.129504|[g:1][CONSENSUS]addRawPrepare,height=99,reqIdx=0,hash=eb4ef279...
info|2019-12-13 01:23:39.129783|[g:1][CONSENSUS][PBFT]checkTimeout Succ,view=34,toView=35,nodeIdx=1,changeCycle=0,myNode=32db7d10...,timecost=0.259
info|2019-12-13 01:23:39.133454|[g:1][CONSENSUS][PBFT]checkAndChangeView: Reach consensus,org_view=34,org_changeCycle=0,cur_changeCycle=0,to_view=35
info|2019-12-13 01:23:40.136422|[g:1][CONSENSUS][SEALER]++++++++++++++++ Generating seal on,blkNum=99,tx=0,nodeIdx=1,hash=832c4d63...
info|2019-12-13 01:23:40.144101|[g:1][CONSENSUS][PBFT]checkTimeout Succ,view=35,toView=36,nodeIdx=1,changeCycle=0,myNode=32db7d10...,timecost=0.236
info|2019-12-13 01:23:40.148452|[g:1][CONSENSUS][PBFT]checkAndChangeView: Reach consensus,org_view=35,org_changeCycle=0,cur_changeCycle=0,to_view=36
info|2019-12-13 01:23:41.144581|[g:1][CONSENSUS]addRawPrepare,height=99,reqIdx=2,hash=45505a73...
info|2019-12-13 01:23:41.144797|[g:1][CONSENSUS][PBFT]checkTimeout Succ,view=36,toView=37,nodeIdx=1,changeCycle=0,myNode=32db7d10...,timecost=0.195
info|2019-12-13 01:23:41.149391|[g:1][CONSENSUS][PBFT]checkAndChangeView: Reach consensus,org_view=36,org_changeCycle=0,cur_changeCycle=0,to_view=37
info|2019-12-13 01:23:42.154264|[g:1][CONSENSUS]addRawPrepare,height=99,reqIdx=3,hash=8786886d...
info|2019-12-13 01:23:42.165128|[g:1][CONSENSUS][PBFT]checkTimeout Succ,view=37,toView=38,nodeIdx=1,changeCycle=0,myNode=32db7d10...,timecost=10.734
info|2019-12-13 01:23:42.177638|[g:1][CONSENSUS][PBFT]checkAndChangeView: Reach consensus,org_view=37,org_changeCycle=0,cur_changeCycle=0,to_view=38
info|2019-12-13 01:23:42.993829|[P2P][Service] heartBeat,connected count=3
info|2019-12-13 01:23:43.178485|[g:1][CONSENSUS]addRawPrepare,height=99,reqIdx=0,hash=3626c095...
info|2019-12-13 01:23:43.178698|[g:1][CONSENSUS][PBFT]checkTimeout Succ,view=38,toView=39,nodeIdx=1,changeCycle=0,myNode=32db7d10...,timecost=0.192
info|2019-12-13 01:23:43.178992|[g:1][CONSENSUS][PBFT]checkAndChangeView: Reach consensus,org_view=38,org_changeCycle=0,cur_changeCycle=0,to_view=39
info|2019-12-13 01:23:44.194338|[g:1][CONSENSUS][SEALER]++++++++++++++++ Generating seal on,blkNum=99,tx=0,nodeIdx=1,hash=8deca62a...
info|2019-12-13 01:23:44.205691|[g:1][CONSENSUS][PBFT]checkTimeout Succ,view=39,toView=40,nodeIdx=1,changeCycle=0,myNode=32db7d10...,timecost=0.199
info|2019-12-13 01:23:44.206555|[g:1][CONSENSUS][PBFT]checkAndChangeView: Reach consensus,org_view=39,org_changeCycle=0,cur_changeCycle=0,to_view=40
info|2019-12-13 01:23:45.207425|[g:1][CONSENSUS]addRawPrepare,height=99,reqIdx=2,hash=5abecb68...
info|2019-12-13 01:23:45.207647|[g:1][CONSENSUS][PBFT]checkTimeout Succ,view=40,toView=41,nodeIdx=1,changeCycle=0,myNode=32db7d10...,timecost=0.2
info|2019-12-13 01:23:45.219174|[g:1][CONSENSUS][PBFT]checkAndChangeView: Reach consensus,org_view=40,org_changeCycle=0,cur_changeCycle=0,to_view=41
info|2019-12-13 01:23:46.223926|[g:1][CONSENSUS]addRawPrepare,height=99,reqIdx=3,hash=b04efe19...
info|2019-12-13 01:23:46.225979|[g:1][CONSENSUS][PBFT]checkTimeout Succ,view=41,toView=42,nodeIdx=1,changeCycle=0,myNode=32db7d10...,timecost=1.986
info|2019-12-13 01:23:46.226581|[g:1][CONSENSUS][PBFT]checkAndChangeView: Reach consensus,org_view=41,org_changeCycle=0,cur_changeCycle=0,to_view=42
info|2019-12-13 01:23:47.239708|[g:1][CONSENSUS]addRawPrepare,height=99,reqIdx=0,hash=b02804d6...
info|2019-12-13 01:23:47.239930|[g:1][CONSENSUS][PBFT]checkTimeout Succ,view=42,toView=43,nodeIdx=1,changeCycle=0,myNode=32db7d10...,timecost=0.2
info|2019-12-13 01:23:47.241805|[g:1][CONSENSUS][PBFT]checkAndChangeView: Reach consensus,org_view=42,org_changeCycle=0,cur_changeCycle=0,to_view=43
info|2019-12-13 01:23:48.242805|[g:1][CONSENSUS][SEALER]++++++++++++++++ Generating seal on,blkNum=99,tx=0,nodeIdx=1,hash=d335789a...
info|2019-12-13 01:23:48.262792|[g:1][CONSENSUS][PBFT]checkTimeout Succ,view=43,toView=44,nodeIdx=1,changeCycle=0,myNode=32db7d10...,timecost=0.236
info|2019-12-13 01:23:48.266561|[g:1][CONSENSUS][PBFT]checkAndChangeView: Reach consensus,org_view=43,org_changeCycle=0,cur_changeCycle=0,to_view=44
info|2019-12-13 01:23:49.249716|[g:1][CONSENSUS]addRawPrepare,height=99,reqIdx=2,hash=2ca2d62d...
info|2019-12-13 01:23:49.250036|[g:1][CONSENSUS][PBFT]checkTimeout Succ,view=44,toView=45,nodeIdx=1,changeCycle=0,myNode=32db7d10...,timecost=0.273
info|2019-12-13 01:23:49.265126|[g:1][CONSENSUS][PBFT]checkAndChangeView: Reach consensus,org_view=44,org_changeCycle=0,cur_changeCycle=0,to_view=45
info|2019-12-13 01:23:50.266475|[g:1][CONSENSUS]addRawPrepare,height=99,reqIdx=3,hash=64a571fe...
info|2019-12-13 01:23:50.267025|[g:1][CONSENSUS][PBFT]checkTimeout Succ,view=45,toView=46,nodeIdx=1,changeCycle=0,myNode=32db7d10...,timecost=0.328
info|2019-12-13 01:23:50.288289|[g:1][CONSENSUS][PBFT]checkAndChangeView: Reach consensus,org_view=45,org_changeCycle=0,cur_changeCycle=0,to_view=46
info|2019-12-13 01:23:51.292095|[g:1][CONSENSUS]addRawPrepare,height=99,reqIdx=0,hash=1abfa7bf...
info|2019-12-13 01:23:51.292311|[g:1][CONSENSUS][PBFT]checkTimeout Succ,view=46,toView=47,nodeIdx=1,changeCycle=0,myNode=32db7d10...,timecost=0.194
info|2019-12-13 01:23:51.292603|[g:1][CONSENSUS][PBFT]checkAndChangeView: Reach consensus,org_view=46,org_changeCycle=0,cur_changeCycle=0,to_view=47
info|2019-12-13 01:23:52.296327|[g:1][CONSENSUS][SEALER]++++++++++++++++ Generating seal on,blkNum=99,tx=0,nodeIdx=1,hash=0e1f0174...
info|2019-12-13 01:23:52.302488|[g:1][CONSENSUS][PBFT]checkTimeout Succ,view=47,toView=48,nodeIdx=1,changeCycle=0,myNode=32db7d10...,timecost=0.218
info|2019-12-13 01:23:52.302788|[g:1][CONSENSUS][PBFT]checkAndChangeView: Reach consensus,org_view=47,org_changeCycle=0,cur_changeCycle=0,to_view=48
info|2019-12-13 01:23:52.994119|[P2P][Service] heartBeat,connected count=3
info|2019-12-13 01:23:53.322108|[g:1][CONSENSUS]addRawPrepare,height=99,reqIdx=2,hash=4b3b30a6...
info|2019-12-13 01:23:53.322351|[g:1][CONSENSUS][PBFT]checkTimeout Succ,view=48,toView=49,nodeIdx=1,changeCycle=0,myNode=32db7d10...,timecost=0.218
info|2019-12-13 01:23:53.325701|[g:1][CONSENSUS][PBFT]checkAndChangeView: Reach consensus,org_view=48,org_changeCycle=0,cur_changeCycle=0,to_view=49
info|2019-12-13 01:23:54.329943|[g:1][CONSENSUS]addRawPrepare,height=99,reqIdx=3,hash=97060770...
info|2019-12-13 01:23:54.330272|[g:1][CONSENSUS][PBFT]checkTimeout Succ,view=49,toView=50,nodeIdx=1,changeCycle=0,myNode=32db7d10...,timecost=0.252
info|2019-12-13 01:23:54.340254|[g:1][CONSENSUS][PBFT]checkAndChangeView: Reach consensus,org_view=49,org_changeCycle=0,cur_changeCycle=0,to_view=50
info|2019-12-13 01:23:55.353063|[g:1][CONSENSUS]addRawPrepare,height=99,reqIdx=0,hash=8705d88d...
info|2019-12-13 01:23:55.356258|[g:1][CONSENSUS][PBFT]checkTimeout Succ,view=50,toView=51,nodeIdx=1,changeCycle=0,myNode=32db7d10...,timecost=3.138
info|2019-12-13 01:23:55.360169|[g:1][CONSENSUS][PBFT]checkAndChangeView: Reach consensus,org_view=50,org_changeCycle=0,cur_changeCycle=0,to_view=51
info|2019-12-13 01:23:56.360838|[g:1][CONSENSUS][SEALER]++++++++++++++++ Generating seal on,blkNum=99,tx=0,nodeIdx=1,hash=54516a03...
info|2019-12-13 01:23:56.402886|[g:1][CONSENSUS][PBFT]checkTimeout Succ,view=51,toView=52,nodeIdx=1,changeCycle=0,myNode=32db7d10...,timecost=0.271
info|2019-12-13 01:23:56.408278|[g:1][CONSENSUS][PBFT]checkAndChangeView: Reach consensus,org_view=51,org_changeCycle=0,cur_changeCycle=0,to_view=52
info|2019-12-13 01:23:57.399520|[g:1][CONSENSUS]addRawPrepare,height=99,reqIdx=2,hash=33714680...
info|2019-12-13 01:23:57.417927|[g:1][CONSENSUS][PBFT]checkTimeout Succ,view=52,toView=53,nodeIdx=1,changeCycle=0,myNode=32db7d10...,timecost=18.347
info|2019-12-13 01:23:57.421344|[g:1][CONSENSUS][PBFT]checkAndChangeView: Reach consensus,org_view=52,org_changeCycle=0,cur_changeCycle=0,to_view=53
info|2019-12-13 01:23:58.421903|[g:1][CONSENSUS]addRawPrepare,height=99,reqIdx=3,hash=b284f393...
info|2019-12-13 01:23:58.422191|[g:1][CONSENSUS][PBFT]checkTimeout Succ,view=53,toView=54,nodeIdx=1,changeCycle=0,myNode=32db7d10...,timecost=0.224
info|2019-12-13 01:23:58.425689|[g:1][CONSENSUS][PBFT]checkAndChangeView: Reach consensus,org_view=53,org_changeCycle=0,cur_changeCycle=0,to_view=54
info|2019-12-13 01:23:59.426210|[g:1][CONSENSUS]addRawPrepare,height=99,reqIdx=0,hash=75d76f7b...
info|2019-12-13 01:23:59.426412|[g:1][CONSENSUS][PBFT]checkTimeout Succ,view=54,toView=55,nodeIdx=1,changeCycle=0,myNode=32db7d10...,timecost=0.18
info|2019-12-13 01:23:59.431219|[g:1][CONSENSUS][PBFT]checkAndChangeView: Reach consensus,org_view=54,org_changeCycle=0,cur_changeCycle=0,to_view=55
info|2019-12-13 01:24:00.456392|[g:1][CONSENSUS][SEALER]++++++++++++++++ Generating seal on,blkNum=99,tx=0,nodeIdx=1,hash=d4181ade...
info|2019-12-13 01:24:00.465975|[g:1][CONSENSUS][PBFT]checkTimeout Succ,view=55,toView=56,nodeIdx=1,changeCycle=0,myNode=32db7d10...,timecost=6.915
info|2019-12-13 01:24:00.466318|[g:1][CONSENSUS][PBFT]checkAndChangeView: Reach consensus,org_view=55,org_changeCycle=0,cur_changeCycle=0,to_view=56
info|2019-12-13 01:24:01.498406|[g:1][CONSENSUS]addRawPrepare,height=99,reqIdx=2,hash=74189318...
info|2019-12-13 01:24:01.498666|[g:1][CONSENSUS][PBFT]checkTimeout Succ,view=56,toView=57,nodeIdx=1,changeCycle=0,myNode=32db7d10...,timecost=0.198
info|2019-12-13 01:24:01.509725|[g:1][CONSENSUS][PBFT]checkAndChangeView: Reach consensus,org_view=56,org_changeCycle=0,cur_changeCycle=0,to_view=57
info|2019-12-13 01:24:02.520168|[g:1][CONSENSUS]addRawPrepare,height=99,reqIdx=3,hash=42510ec4...
info|2019-12-13 01:24:02.520431|[g:1][CONSENSUS][PBFT]checkTimeout Succ,view=57,toView=58,nodeIdx=1,changeCycle=0,myNode=32db7d10...,timecost=0.195
info|2019-12-13 01:24:02.528045|[g:1][CONSENSUS][PBFT]checkAndChangeView: Reach consensus,org_view=57,org_changeCycle=0,cur_changeCycle=0,to_view=58
info|2019-12-13 01:24:02.994422|[P2P][Service] heartBeat,connected count=3
info|2019-12-13 01:24:03.553589|[g:1][CONSENSUS]addRawPrepare,height=99,reqIdx=0,hash=fe2348f1...
info|2019-12-13 01:24:03.553861|[g:1][CONSENSUS][PBFT]checkTimeout Succ,view=58,toView=59,nodeIdx=1,changeCycle=0,myNode=32db7d10...,timecost=0.219
info|2019-12-13 01:24:03.560434|[g:1][CONSENSUS][PBFT]checkAndChangeView: Reach consensus,org_view=58,org_changeCycle=0,cur_changeCycle=0,to_view=59
info|2019-12-13 01:24:04.563246|[g:1][CONSENSUS][SEALER]++++++++++++++++ Generating seal on,blkNum=99,tx=0,nodeIdx=1,hash=3b7457f5...
info|2019-12-13 01:24:04.579881|[g:1][CONSENSUS][PBFT]checkTimeout Succ,view=59,toView=60,nodeIdx=1,changeCycle=0,myNode=32db7d10...,timecost=0.273
info|2019-12-13 01:24:04.580855|[g:1][CONSENSUS][PBFT]checkAndChangeView: Reach consensus,org_view=59,org_changeCycle=0,cur_changeCycle=0,to_view=60
info|2019-12-13 01:24:05.579550|[g:1][CONSENSUS]addRawPrepare,height=99,reqIdx=2,hash=fc0c9793...
info|2019-12-13 01:24:05.579781|[g:1][CONSENSUS][PBFT]checkTimeout Succ,view=60,toView=61,nodeIdx=1,changeCycle=0,myNode=32db7d10...,timecost=0.205
info|2019-12-13 01:24:05.587596|[g:1][CONSENSUS][PBFT]checkAndChangeView: Reach consensus,org_view=60,org_changeCycle=0,cur_changeCycle=0,to_view=61
info|2019-12-13 01:24:06.589190|[g:1][CONSENSUS]addRawPrepare,height=99,reqIdx=3,hash=9d0a96b6...
info|2019-12-13 01:24:06.589487|[g:1][CONSENSUS][PBFT]checkTimeout Succ,view=61,toView=62,nodeIdx=1,changeCycle=0,myNode=32db7d10...,timecost=0.236
info|2019-12-13 01:24:06.592484|[g:1][CONSENSUS][PBFT]checkAndChangeView: Reach consensus,org_view=61,org_changeCycle=0,cur_changeCycle=0,to_view=62
info|2019-12-13 01:24:07.598196|[g:1][CONSENSUS]addRawPrepare,height=99,reqIdx=0,hash=6f53dadb...
info|2019-12-13 01:24:07.598447|[g:1][CONSENSUS][PBFT]checkTimeout Succ,view=62,toView=63,nodeIdx=1,changeCycle=0,myNode=32db7d10...,timecost=0.229
info|2019-12-13 01:24:07.600010|[g:1][CONSENSUS][PBFT]checkAndChangeView: Reach consensus,org_view=62,org_changeCycle=0,cur_changeCycle=0,to_view=63
info|2019-12-13 01:24:08.602258|[g:1][CONSENSUS][SEALER]++++++++++++++++ Generating seal on,blkNum=99,tx=0,nodeIdx=1,hash=6a8034e0...
info|2019-12-13 01:24:08.613993|[g:1][CONSENSUS][PBFT]checkTimeout Succ,view=63,toView=64,nodeIdx=1,changeCycle=0,myNode=32db7d10...,timecost=0.254
info|2019-12-13 01:24:08.616408|[g:1][CONSENSUS][PBFT]checkAndChangeView: Reach consensus,org_view=63,org_changeCycle=0,cur_changeCycle=0,to_view=64
info|2019-12-13 01:24:09.614951|[g:1][CONSENSUS]addRawPrepare,height=99,reqIdx=2,hash=ba512f3d...
info|2019-12-13 01:24:09.615176|[g:1][CONSENSUS][PBFT]checkTimeout Succ,view=64,toView=65,nodeIdx=1,changeCycle=0,myNode=32db7d10...,timecost=0.201
info|2019-12-13 01:24:09.620237|[g:1][CONSENSUS][PBFT]checkAndChangeView: Reach consensus,org_view=64,org_changeCycle=0,cur_changeCycle=0,to_view=65
info|2019-12-13 01:24:10.623506|[g:1][CONSENSUS]addRawPrepare,height=99,reqIdx=3,hash=743cc60c...
info|2019-12-13 01:24:10.624085|[g:1][CONSENSUS][PBFT]checkTimeout Succ,view=65,toView=66,nodeIdx=1,changeCycle=0,myNode=32db7d10...,timecost=0.35
info|2019-12-13 01:24:10.629093|[g:1][CONSENSUS][PBFT]checkAndChangeView: Reach consensus,org_view=65,org_changeCycle=0,cur_changeCycle=0,to_view=66
info|2019-12-13 01:24:11.631397|[g:1][CONSENSUS]addRawPrepare,height=99,reqIdx=0,hash=7fae9ba1...
info|2019-12-13 01:24:11.631601|[g:1][CONSENSUS][PBFT]checkTimeout Succ,view=66,toView=67,nodeIdx=1,changeCycle=0,myNode=32db7d10...,timecost=0.183
info|2019-12-13 01:24:11.636103|[g:1][CONSENSUS][PBFT]checkAndChangeView: Reach consensus,org_view=66,org_changeCycle=0,cur_changeCycle=0,to_view=67
info|2019-12-13 01:24:12.636479|[g:1][CONSENSUS][SEALER]++++++++++++++++ Generating seal on,blkNum=99,tx=0,nodeIdx=1,hash=8878d040...
info|2019-12-13 01:24:12.642293|[g:1][CONSENSUS][PBFT]checkTimeout Succ,view=67,toView=68,nodeIdx=1,changeCycle=0,myNode=32db7d10...,timecost=0.184
info|2019-12-13 01:24:12.643134|[g:1][CONSENSUS][PBFT]checkAndChangeView: Reach consensus,org_view=67,org_changeCycle=0,cur_changeCycle=0,to_view=68
info|2019-12-13 01:24:12.994525|[P2P][Service] heartBeat,connected count=3
info|2019-12-13 01:24:13.643604|[g:1][CONSENSUS][PBFT]Trigger fast-viewchange,view=68,toView=68,minView=69,INFO=,reqNum=98,curNum=98,GenIdx=0,Cview=69,view=68,fromIdx=0,fromNode=0e7418af...,fromIp=127.0.0.1:33946,hash=f5afbec7...,nodeIdx=1,myNode=32db7d10...
info|2019-12-13 01:24:13.643833|[g:1][CONSENSUS][PBFT]checkAndChangeView: Reach consensus,org_view=68,org_changeCycle=0,cur_changeCycle=0,to_view=69
info|2019-12-13 01:24:13.643839|[g:1][CONSENSUS][PBFT]checkTimeout Succ,view=69,toView=69,nodeIdx=1,changeCycle=0,myNode=32db7d10...,timecost=0.186
info|2019-12-13 01:24:14.646119|[g:1][CONSENSUS]addRawPrepare,height=99,reqIdx=3,hash=ff22e8c3...
info|2019-12-13 01:24:14.646357|[g:1][CONSENSUS][PBFT]checkTimeout Succ,view=69,toView=70,nodeIdx=1,changeCycle=0,myNode=32db7d10...,timecost=0.177
info|2019-12-13 01:24:14.649473|[g:1][CONSENSUS][PBFT]checkAndChangeView: Reach consensus,org_view=69,org_changeCycle=0,cur_changeCycle=0,to_view=70
info|2019-12-13 01:24:15.656530|[g:1][CONSENSUS]addRawPrepare,height=99,reqIdx=0,hash=654857eb...
info|2019-12-13 01:24:15.656848|[g:1][CONSENSUS][PBFT]checkTimeout Succ,view=70,toView=71,nodeIdx=1,changeCycle=0,myNode=32db7d10...,timecost=0.296
info|2019-12-13 01:24:15.658398|[g:1][CONSENSUS][PBFT]checkAndChangeView: Reach consensus,org_view=70,org_changeCycle=0,cur_changeCycle=0,to_view=71
info|2019-12-13 01:24:16.659591|[g:1][CONSENSUS][SEALER]++++++++++++++++ Generating seal on,blkNum=99,tx=0,nodeIdx=1,hash=8ca3822f...
info|2019-12-13 01:24:16.668220|[g:1][CONSENSUS][PBFT]checkTimeout Succ,view=71,toView=72,nodeIdx=1,changeCycle=0,myNode=32db7d10...,timecost=1.199
info|2019-12-13 01:24:16.672268|[g:1][CONSENSUS][PBFT]checkAndChangeView: Reach consensus,org_view=71,org_changeCycle=0,cur_changeCycle=0,to_view=72
info|2019-12-13 01:24:17.671052|[g:1][CONSENSUS]addRawPrepare,height=99,reqIdx=2,hash=450e95bb...
info|2019-12-13 01:24:17.671278|[g:1][CONSENSUS][PBFT]checkTimeout Succ,view=72,toView=73,nodeIdx=1,changeCycle=0,myNode=32db7d10...,timecost=0.204
info|2019-12-13 01:24:17.673527|[g:1][CONSENSUS][PBFT]checkAndChangeView: Reach consensus,org_view=72,org_changeCycle=0,cur_changeCycle=0,to_view=73
info|2019-12-13 01:24:18.676663|[g:1][CONSENSUS]addRawPrepare,height=99,reqIdx=3,hash=29655cb2...
info|2019-12-13 01:24:18.676919|[g:1][CONSENSUS][PBFT]checkTimeout Succ,view=73,toView=74,nodeIdx=1,changeCycle=0,myNode=32db7d10...,timecost=0.176
info|2019-12-13 01:24:18.690547|[g:1][CONSENSUS][PBFT]checkAndChangeView: Reach consensus,org_view=73,org_changeCycle=0,cur_changeCycle=0,to_view=74
info|2019-12-13 01:24:19.691932|[g:1][CONSENSUS]addRawPrepare,height=99,reqIdx=0,hash=04458712...
info|2019-12-13 01:24:19.693332|[g:1][CONSENSUS][PBFT]checkTimeout Succ,view=74,toView=75,nodeIdx=1,changeCycle=0,myNode=32db7d10...,timecost=1.378
info|2019-12-13 01:24:19.696775|[g:1][CONSENSUS][PBFT]checkAndChangeView: Reach consensus,org_view=74,org_changeCycle=0,cur_changeCycle=0,to_view=75
info|2019-12-13 01:24:20.697110|[g:1][CONSENSUS][SEALER]++++++++++++++++ Generating seal on,blkNum=99,tx=0,nodeIdx=1,hash=68d03402...
info|2019-12-13 01:24:20.707807|[g:1][CONSENSUS][PBFT]checkTimeout Succ,view=75,toView=76,nodeIdx=1,changeCycle=0,myNode=32db7d10...,timecost=0.25
info|2019-12-13 01:24:20.711671|[g:1][CONSENSUS][PBFT]checkAndChangeView: Reach consensus,org_view=75,org_changeCycle=0,cur_changeCycle=0,to_view=76
info|2019-12-13 01:24:21.702910|[g:1][CONSENSUS]addRawPrepare,height=99,reqIdx=2,hash=18abf21c...
info|2019-12-13 01:24:21.704824|[g:1][CONSENSUS][PBFT]checkTimeout Succ,view=76,toView=77,nodeIdx=1,changeCycle=0,myNode=32db7d10...,timecost=1.892
info|2019-12-13 01:24:21.706170|[g:1][CONSENSUS][PBFT]checkAndChangeView: Reach consensus,org_view=76,org_changeCycle=0,cur_changeCycle=0,to_view=77
info|2019-12-13 01:24:22.708512|[g:1][CONSENSUS]addRawPrepare,height=99,reqIdx=3,hash=45748215...
info|2019-12-13 01:24:22.708825|[g:1][CONSENSUS][PBFT]checkTimeout Succ,view=77,toView=78,nodeIdx=1,changeCycle=0,myNode=32db7d10...,timecost=0.264
info|2019-12-13 01:24:22.715448|[g:1][CONSENSUS][PBFT]checkAndChangeView: Reach consensus,org_view=77,org_changeCycle=0,cur_changeCycle=0,to_view=78
info|2019-12-13 01:24:22.994739|[P2P][Service] heartBeat,connected count=3
info|2019-12-13 01:24:23.717169|[g:1][CONSENSUS]addRawPrepare,height=99,reqIdx=0,hash=d659af47...
info|2019-12-13 01:24:23.717409|[g:1][CONSENSUS][PBFT]checkTimeout Succ,view=78,toView=79,nodeIdx=1,changeCycle=0,myNode=32db7d10...,timecost=0.22
info|2019-12-13 01:24:23.725429|[g:1][CONSENSUS][PBFT]checkAndChangeView: Reach consensus,org_view=78,org_changeCycle=0,cur_changeCycle=0,to_view=79
info|2019-12-13 01:24:24.727845|[g:1][CONSENSUS][SEALER]++++++++++++++++ Generating seal on,blkNum=99,tx=0,nodeIdx=1,hash=2b80b4f7...
info|2019-12-13 01:24:24.744925|[g:1][CONSENSUS][PBFT]checkTimeout Succ,view=79,toView=80,nodeIdx=1,changeCycle=0,myNode=32db7d10...,timecost=0.239
info|2019-12-13 01:24:24.745787|[g:1][CONSENSUS][PBFT]checkAndChangeView: Reach consensus,org_view=79,org_changeCycle=0,cur_changeCycle=0,to_view=80
info|2019-12-13 01:24:25.741231|[g:1][CONSENSUS]addRawPrepare,height=99,reqIdx=2,hash=3d3b09b8...
info|2019-12-13 01:24:25.741433|[g:1][CONSENSUS][PBFT]checkTimeout Succ,view=80,toView=81,nodeIdx=1,changeCycle=0,myNode=32db7d10...,timecost=0.182
info|2019-12-13 01:24:25.748136|[g:1][CONSENSUS][PBFT]checkAndChangeView: Reach consensus,org_view=80,org_changeCycle=0,cur_changeCycle=0,to_view=81
info|2019-12-13 01:24:26.750454|[g:1][CONSENSUS]addRawPrepare,height=99,reqIdx=3,hash=074b3d36...
info|2019-12-13 01:24:26.750791|[g:1][CONSENSUS][PBFT]checkTimeout Succ,view=81,toView=82,nodeIdx=1,changeCycle=0,myNode=32db7d10...,timecost=0.274
info|2019-12-13 01:24:26.757045|[g:1][CONSENSUS][PBFT]checkAndChangeView: Reach consensus,org_view=81,org_changeCycle=0,cur_changeCycle=0,to_view=82
info|2019-12-13 01:24:27.763250|[g:1][CONSENSUS]addRawPrepare,height=99,reqIdx=0,hash=c78c9027...
info|2019-12-13 01:24:27.763534|[g:1][CONSENSUS][PBFT]checkTimeout Succ,view=82,toView=83,nodeIdx=1,changeCycle=0,myNode=32db7d10...,timecost=0.264
info|2019-12-13 01:24:27.768266|[g:1][CONSENSUS][PBFT]checkAndChangeView: Reach consensus,org_view=82,org_changeCycle=0,cur_changeCycle=0,to_view=83
info|2019-12-13 01:24:28.769115|[g:1][CONSENSUS][SEALER]++++++++++++++++ Generating seal on,blkNum=99,tx=0,nodeIdx=1,hash=56dbfaa4...
info|2019-12-13 01:24:28.777854|[g:1][CONSENSUS][PBFT]checkTimeout Succ,view=83,toView=84,nodeIdx=1,changeCycle=0,myNode=32db7d10...,timecost=0.226
info|2019-12-13 01:24:28.780148|[g:1][CONSENSUS][PBFT]checkAndChangeView: Reach consensus,org_view=83,org_changeCycle=0,cur_changeCycle=0,to_view=84
info|2019-12-13 01:24:29.779340|[g:1][CONSENSUS]addRawPrepare,height=99,reqIdx=2,hash=58adfaa3...
info|2019-12-13 01:24:29.779569|[g:1][CONSENSUS][PBFT]checkTimeout Succ,view=84,toView=85,nodeIdx=1,changeCycle=0,myNode=32db7d10...,timecost=0.207
info|2019-12-13 01:24:29.781426|[g:1][CONSENSUS][PBFT]checkAndChangeView: Reach consensus,org_view=84,org_changeCycle=0,cur_changeCycle=0,to_view=85
info|2019-12-13 01:24:30.788613|[g:1][CONSENSUS]addRawPrepare,height=99,reqIdx=3,hash=8ce9cfac...
info|2019-12-13 01:24:30.788972|[g:1][CONSENSUS][PBFT]checkTimeout Succ,view=85,toView=86,nodeIdx=1,changeCycle=0,myNode=32db7d10...,timecost=0.29
info|2019-12-13 01:24:30.798875|[g:1][CONSENSUS][PBFT]checkAndChangeView: Reach consensus,org_view=85,org_changeCycle=0,cur_changeCycle=0,to_view=86
info|2019-12-13 01:24:31.806661|[g:1][CONSENSUS]addRawPrepare,height=99,reqIdx=0,hash=68e3b3ec...
info|2019-12-13 01:24:31.806878|[g:1][CONSENSUS][PBFT]checkTimeout Succ,view=86,toView=87,nodeIdx=1,changeCycle=0,myNode=32db7d10...,timecost=0.191
info|2019-12-13 01:24:31.808173|[g:1][CONSENSUS][PBFT]checkAndChangeView: Reach consensus,org_view=86,org_changeCycle=0,cur_changeCycle=0,to_view=87
info|2019-12-13 01:24:32.812755|[g:1][CONSENSUS][SEALER]++++++++++++++++ Generating seal on,blkNum=99,tx=0,nodeIdx=1,hash=78bd7100...
info|2019-12-13 01:24:32.825709|[g:1][CONSENSUS][PBFT]checkTimeout Succ,view=87,toView=88,nodeIdx=1,changeCycle=0,myNode=32db7d10...,timecost=0.198
info|2019-12-13 01:24:32.826662|[g:1][CONSENSUS][PBFT]checkAndChangeView: Reach consensus,org_view=87,org_changeCycle=0,cur_changeCycle=0,to_view=88
info|2019-12-13 01:24:32.995198|[P2P][Service] heartBeat,connected count=3
info|2019-12-13 01:24:33.825948|[g:1][CONSENSUS]addRawPrepare,height=99,reqIdx=2,hash=96e5d36e...
info|2019-12-13 01:24:33.826157|[g:1][CONSENSUS][PBFT]checkTimeout Succ,view=88,toView=89,nodeIdx=1,changeCycle=0,myNode=32db7d10...,timecost=0.189
info|2019-12-13 01:24:33.827927|[g:1][CONSENSUS][PBFT]checkAndChangeView: Reach consensus,org_view=88,org_changeCycle=0,cur_changeCycle=0,to_view=89
info|2019-12-13 01:24:34.833865|[g:1][CONSENSUS]addRawPrepare,height=99,reqIdx=3,hash=afcac046...
info|2019-12-13 01:24:34.834169|[g:1][CONSENSUS][PBFT]checkTimeout Succ,view=89,toView=90,nodeIdx=1,changeCycle=0,myNode=32db7d10...,timecost=0.245
info|2019-12-13 01:24:34.844653|[g:1][CONSENSUS][PBFT]checkAndChangeView: Reach consensus,org_view=89,org_changeCycle=0,cur_changeCycle=0,to_view=90
info|2019-12-13 01:24:35.851006|[g:1][CONSENSUS]addRawPrepare,height=99,reqIdx=0,hash=55607279...
info|2019-12-13 01:24:35.851337|[g:1][CONSENSUS][PBFT]checkTimeout Succ,view=90,toView=91,nodeIdx=1,changeCycle=0,myNode=32db7d10...,timecost=0.308
info|2019-12-13 01:24:35.857622|[g:1][CONSENSUS][PBFT]checkAndChangeView: Reach consensus,org_view=90,org_changeCycle=0,cur_changeCycle=0,to_view=91
info|2019-12-13 01:24:36.858454|[g:1][CONSENSUS][SEALER]++++++++++++++++ Generating seal on,blkNum=99,tx=0,nodeIdx=1,hash=94be68e1...
info|2019-12-13 01:24:36.892911|[g:1][CONSENSUS][PBFT]checkTimeout Succ,view=91,toView=92,nodeIdx=1,changeCycle=0,myNode=32db7d10...,timecost=0.257
info|2019-12-13 01:24:36.893915|[g:1][CONSENSUS][PBFT]checkAndChangeView: Reach consensus,org_view=91,org_changeCycle=0,cur_changeCycle=0,to_view=92
info|2019-12-13 01:24:37.888004|[g:1][CONSENSUS]addRawPrepare,height=99,reqIdx=2,hash=07d3f70b...
info|2019-12-13 01:24:37.888222|[g:1][CONSENSUS][PBFT]checkTimeout Succ,view=92,toView=93,nodeIdx=1,changeCycle=0,myNode=32db7d10...,timecost=0.196
info|2019-12-13 01:24:37.892840|[g:1][CONSENSUS][PBFT]checkAndChangeView: Reach consensus,org_view=92,org_changeCycle=0,cur_changeCycle=0,to_view=93
info|2019-12-13 01:24:38.920243|[g:1][CONSENSUS]addRawPrepare,height=99,reqIdx=3,hash=7abfb105...
info|2019-12-13 01:24:38.920763|[g:1][CONSENSUS][PBFT]checkTimeout Succ,view=93,toView=94,nodeIdx=1,changeCycle=0,myNode=32db7d10...,timecost=0.322
info|2019-12-13 01:24:38.929866|[g:1][CONSENSUS][PBFT]checkAndChangeView: Reach consensus,org_view=93,org_changeCycle=0,cur_changeCycle=0,to_view=94
info|2019-12-13 01:24:39.932317|[g:1][CONSENSUS]addRawPrepare,height=99,reqIdx=0,hash=f59caf81...
info|2019-12-13 01:24:39.932535|[g:1][CONSENSUS][PBFT]checkTimeout Succ,view=94,toView=95,nodeIdx=1,changeCycle=0,myNode=32db7d10...,timecost=0.194
info|2019-12-13 01:24:39.940158|[g:1][CONSENSUS][PBFT]checkAndChangeView: Reach consensus,org_view=94,org_changeCycle=0,cur_changeCycle=0,to_view=95
info|2019-12-13 01:24:40.940265|[g:1][CONSENSUS][SEALER]++++++++++++++++ Generating seal on,blkNum=99,tx=0,nodeIdx=1,hash=2b6c72d4...
info|2019-12-13 01:24:40.952204|[g:1][CONSENSUS][PBFT]checkTimeout Succ,view=95,toView=96,nodeIdx=1,changeCycle=0,myNode=32db7d10...,timecost=0.563
info|2019-12-13 01:24:40.953459|[g:1][CONSENSUS][PBFT]checkAndChangeView: Reach consensus,org_view=95,org_changeCycle=0,cur_changeCycle=0,to_view=96
info|2019-12-13 01:24:41.950789|[g:1][CONSENSUS]addRawPrepare,height=99,reqIdx=2,hash=d682bf61...
info|2019-12-13 01:24:41.950998|[g:1][CONSENSUS][PBFT]checkTimeout Succ,view=96,toView=97,nodeIdx=1,changeCycle=0,myNode=32db7d10...,timecost=0.186
info|2019-12-13 01:24:41.957031|[g:1][CONSENSUS][PBFT]checkAndChangeView: Reach consensus,org_view=96,org_changeCycle=0,cur_changeCycle=0,to_view=97
info|2019-12-13 01:24:42.958129|[g:1][CONSENSUS]addRawPrepare,height=99,reqIdx=3,hash=f74b52e4...
info|2019-12-13 01:24:42.958434|[g:1][CONSENSUS][PBFT]checkTimeout Succ,view=97,toView=98,nodeIdx=1,changeCycle=0,myNode=32db7d10...,timecost=0.22
info|2019-12-13 01:24:42.965817|[g:1][CONSENSUS][PBFT]checkAndChangeView: Reach consensus,org_view=97,org_changeCycle=0,cur_changeCycle=0,to_view=98
info|2019-12-13 01:24:42.995560|[P2P][Service] heartBeat,connected count=3
info|2019-12-13 01:24:43.969092|[g:1][CONSENSUS]addRawPrepare,height=99,reqIdx=0,hash=72a0b271...
info|2019-12-13 01:24:43.969563|[g:1][CONSENSUS][PBFT]checkTimeout Succ,view=98,toView=99,nodeIdx=1,changeCycle=0,myNode=32db7d10...,timecost=0.439
info|2019-12-13 01:24:43.979075|[g:1][CONSENSUS][PBFT]checkAndChangeView: Reach consensus,org_view=98,org_changeCycle=0,cur_changeCycle=0,to_view=99
info|2019-12-13 01:24:44.980407|[g:1][CONSENSUS][SEALER]++++++++++++++++ Generating seal on,blkNum=99,tx=0,nodeIdx=1,hash=6a00d07c...
info|2019-12-13 01:24:44.993287|[g:1][CONSENSUS][PBFT]checkTimeout Succ,view=99,toView=100,nodeIdx=1,changeCycle=0,myNode=32db7d10...,timecost=0.207
info|2019-12-13 01:24:44.994288|[g:1][CONSENSUS][PBFT]checkAndChangeView: Reach consensus,org_view=99,org_changeCycle=0,cur_changeCycle=0,to_view=100
info|2019-12-13 01:24:45.991638|[g:1][CONSENSUS]addRawPrepare,height=99,reqIdx=2,hash=a2edc990...
info|2019-12-13 01:24:45.991866|[g:1][CONSENSUS][PBFT]checkTimeout Succ,view=100,toView=101,nodeIdx=1,changeCycle=0,myNode=32db7d10...,timecost=0.194
info|2019-12-13 01:24:45.993336|[g:1][CONSENSUS][PBFT]checkAndChangeView: Reach consensus,org_view=100,org_changeCycle=0,cur_changeCycle=0,to_view=101
info|2019-12-13 01:24:47.026811|[g:1][CONSENSUS]addRawPrepare,height=99,reqIdx=3,hash=f3e2f162...
info|2019-12-13 01:24:47.027102|[g:1][CONSENSUS][PBFT]checkTimeout Succ,view=101,toView=102,nodeIdx=1,changeCycle=0,myNode=32db7d10...,timecost=0.224
info|2019-12-13 01:24:47.037063|[g:1][CONSENSUS][PBFT]checkAndChangeView: Reach consensus,org_view=101,org_changeCycle=0,cur_changeCycle=0,to_view=102
info|2019-12-13 01:24:48.039879|[g:1][CONSENSUS]addRawPrepare,height=99,reqIdx=0,hash=b66e3bf9...
info|2019-12-13 01:24:48.040097|[g:1][CONSENSUS][PBFT]checkTimeout Succ,view=102,toView=103,nodeIdx=1,changeCycle=0,myNode=32db7d10...,timecost=0.197
info|2019-12-13 01:24:48.044761|[g:1][CONSENSUS][PBFT]checkAndChangeView: Reach consensus,org_view=102,org_changeCycle=0,cur_changeCycle=0,to_view=103
info|2019-12-13 01:24:49.047846|[g:1][CONSENSUS][SEALER]++++++++++++++++ Generating seal on,blkNum=99,tx=0,nodeIdx=1,hash=fe34e367...
info|2019-12-13 01:24:49.060865|[g:1][CONSENSUS][PBFT]checkTimeout Succ,view=103,toView=104,nodeIdx=1,changeCycle=0,myNode=32db7d10...,timecost=0.199
info|2019-12-13 01:24:49.061822|[g:1][CONSENSUS][PBFT]checkAndChangeView: Reach consensus,org_view=103,org_changeCycle=0,cur_changeCycle=0,to_view=104
info|2019-12-13 01:24:50.060312|[g:1][CONSENSUS]addRawPrepare,height=99,reqIdx=2,hash=54d1cb3f...
info|2019-12-13 01:24:50.060583|[g:1][CONSENSUS][PBFT]checkTimeout Succ,view=104,toView=105,nodeIdx=1,changeCycle=0,myNode=32db7d10...,timecost=0.249
info|2019-12-13 01:24:50.068673|[g:1][CONSENSUS][PBFT]checkAndChangeView: Reach consensus,org_view=104,org_changeCycle=0,cur_changeCycle=0,to_view=105
info|2019-12-13 01:24:51.068064|[g:1][CONSENSUS]addRawPrepare,height=99,reqIdx=3,hash=1adf5a17...
info|2019-12-13 01:24:51.068341|[g:1][CONSENSUS][PBFT]checkTimeout Succ,view=105,toView=106,nodeIdx=1,changeCycle=0,myNode=32db7d10...,timecost=0.216
info|2019-12-13 01:24:51.075677|[g:1][CONSENSUS][PBFT]checkAndChangeView: Reach consensus,org_view=105,org_changeCycle=0,cur_changeCycle=0,to_view=106
info|2019-12-13 01:24:52.079357|[g:1][CONSENSUS]addRawPrepare,height=99,reqIdx=0,hash=7b617402...
info|2019-12-13 01:24:52.079649|[g:1][CONSENSUS][PBFT]checkTimeout Succ,view=106,toView=107,nodeIdx=1,changeCycle=0,myNode=32db7d10...,timecost=0.271
info|2019-12-13 01:24:52.081615|[g:1][CONSENSUS][PBFT]checkAndChangeView: Reach consensus,org_view=106,org_changeCycle=0,cur_changeCycle=0,to_view=107
info|2019-12-13 01:24:52.996485|[P2P][Service] heartBeat,connected count=3
info|2019-12-13 01:24:53.101630|[g:1][CONSENSUS][SEALER]++++++++++++++++ Generating seal on,blkNum=99,tx=0,nodeIdx=1,hash=106b5952...
info|2019-12-13 01:24:53.114762|[g:1][CONSENSUS][PBFT]checkTimeout Succ,view=107,toView=108,nodeIdx=1,changeCycle=0,myNode=32db7d10...,timecost=0.242
info|2019-12-13 01:24:53.115725|[g:1][CONSENSUS][PBFT]checkAndChangeView: Reach consensus,org_view=107,org_changeCycle=0,cur_changeCycle=0,to_view=108
info|2019-12-13 01:24:54.151596|[g:1][CONSENSUS]addRawPrepare,height=99,reqIdx=2,hash=23eae81c...
info|2019-12-13 01:24:54.153052|[g:1][CONSENSUS][PBFT]checkTimeout Succ,view=108,toView=109,nodeIdx=1,changeCycle=0,myNode=32db7d10...,timecost=1.435
info|2019-12-13 01:24:54.160589|[g:1][CONSENSUS][PBFT]checkAndChangeView: Reach consensus,org_view=108,org_changeCycle=0,cur_changeCycle=0,to_view=109
info|2019-12-13 01:24:55.163036|[g:1][CONSENSUS]addRawPrepare,height=99,reqIdx=3,hash=a3fec76f...
info|2019-12-13 01:24:55.163281|[g:1][CONSENSUS][PBFT]checkTimeout Succ,view=109,toView=110,nodeIdx=1,changeCycle=0,myNode=32db7d10...,timecost=0.184
info|2019-12-13 01:24:55.172220|[g:1][CONSENSUS][PBFT]checkAndChangeView: Reach consensus,org_view=109,org_changeCycle=0,cur_changeCycle=0,to_view=110
info|2019-12-13 01:24:56.194369|[g:1][CONSENSUS]addRawPrepare,height=99,reqIdx=0,hash=f1b99472...
info|2019-12-13 01:24:56.194595|[g:1][CONSENSUS][PBFT]checkTimeout Succ,view=110,toView=111,nodeIdx=1,changeCycle=0,myNode=32db7d10...,timecost=0.2
info|2019-12-13 01:24:56.201235|[g:1][CONSENSUS][PBFT]checkAndChangeView: Reach consensus,org_view=110,org_changeCycle=0,cur_changeCycle=0,to_view=111
info|2019-12-13 01:24:57.233421|[g:1][CONSENSUS][SEALER]++++++++++++++++ Generating seal on,blkNum=99,tx=0,nodeIdx=1,hash=87d2f2a8...
info|2019-12-13 01:24:57.246080|[g:1][CONSENSUS][PBFT]checkTimeout Succ,view=111,toView=112,nodeIdx=1,changeCycle=0,myNode=32db7d10...,timecost=0.219
info|2019-12-13 01:24:57.246983|[g:1][CONSENSUS][PBFT]checkAndChangeView: Reach consensus,org_view=111,org_changeCycle=0,cur_changeCycle=0,to_view=112
info|2019-12-13 01:24:58.298462|[g:1][CONSENSUS][PBFT]Trigger fast-viewchange,view=112,toView=112,minView=113,INFO=,reqNum=98,curNum=98,GenIdx=0,Cview=113,view=112,fromIdx=0,fromNode=0e7418af...,fromIp=127.0.0.1:33946,hash=f5afbec7...,nodeIdx=1,myNode=32db7d10...
info|2019-12-13 01:24:58.298744|[g:1][CONSENSUS][PBFT]checkAndChangeView: Reach consensus,org_view=112,org_changeCycle=0,cur_changeCycle=0,to_view=113
info|2019-12-13 01:24:58.298753|[g:1][CONSENSUS][PBFT]checkTimeout Succ,view=113,toView=113,nodeIdx=1,changeCycle=0,myNode=32db7d10...,timecost=0.251
info|2019-12-13 01:24:59.305751|[g:1][CONSENSUS]addRawPrepare,height=99,reqIdx=3,hash=7fc7a43c...
info|2019-12-13 01:24:59.306149|[g:1][CONSENSUS][PBFT]checkTimeout Succ,view=113,toView=114,nodeIdx=1,changeCycle=0,myNode=32db7d10...,timecost=0.246
info|2019-12-13 01:24:59.378944|[g:1][CONSENSUS][PBFT]checkAndChangeView: Reach consensus,org_view=113,org_changeCycle=0,cur_changeCycle=0,to_view=114
info|2019-12-13 01:25:00.380764|[g:1][CONSENSUS]addRawPrepare,height=99,reqIdx=0,hash=9147e751...
info|2019-12-13 01:25:00.381029|[g:1][CONSENSUS][PBFT]checkTimeout Succ,view=114,toView=115,nodeIdx=1,changeCycle=0,myNode=32db7d10...,timecost=0.246
info|2019-12-13 01:25:00.388141|[g:1][CONSENSUS][PBFT]checkAndChangeView: Reach consensus,org_view=114,org_changeCycle=0,cur_changeCycle=0,to_view=115
info|2019-12-13 01:25:01.389103|[g:1][CONSENSUS][SEALER]++++++++++++++++ Generating seal on,blkNum=99,tx=0,nodeIdx=1,hash=8b89f2bc...
info|2019-12-13 01:25:01.399025|[g:1][CONSENSUS][PBFT]checkTimeout Succ,view=115,toView=116,nodeIdx=1,changeCycle=0,myNode=32db7d10...,timecost=0.207
info|2019-12-13 01:25:01.399897|[g:1][CONSENSUS][PBFT]checkAndChangeView: Reach consensus,org_view=115,org_changeCycle=0,cur_changeCycle=0,to_view=116
info|2019-12-13 01:25:02.412140|[g:1][CONSENSUS]addRawPrepare,height=99,reqIdx=2,hash=0635ecc7...
info|2019-12-13 01:25:02.412726|[g:1][CONSENSUS][PBFT]checkTimeout Succ,view=116,toView=117,nodeIdx=1,changeCycle=0,myNode=32db7d10...,timecost=0.511
info|2019-12-13 01:25:02.421319|[g:1][CONSENSUS][PBFT]checkAndChangeView: Reach consensus,org_view=116,org_changeCycle=0,cur_changeCycle=0,to_view=117
info|2019-12-13 01:25:03.052201|[P2P][Service] heartBeat,connected count=3
info|2019-12-13 01:25:03.422454|[g:1][CONSENSUS]addRawPrepare,height=99,reqIdx=3,hash=f6d786e6...
info|2019-12-13 01:25:03.423145|[g:1][CONSENSUS][PBFT]checkTimeout Succ,view=117,toView=118,nodeIdx=1,changeCycle=0,myNode=32db7d10...,timecost=0.334
info|2019-12-13 01:25:03.432762|[g:1][CONSENSUS][PBFT]checkAndChangeView: Reach consensus,org_view=117,org_changeCycle=0,cur_changeCycle=0,to_view=118
info|2019-12-13 01:25:04.464365|[g:1][CONSENSUS]addRawPrepare,height=99,reqIdx=0,hash=e4b8ce2b...
info|2019-12-13 01:25:04.464571|[g:1][CONSENSUS][PBFT]checkTimeout Succ,view=118,toView=119,nodeIdx=1,changeCycle=0,myNode=32db7d10...,timecost=0.185
info|2019-12-13 01:25:04.467069|[g:1][CONSENSUS][PBFT]checkAndChangeView: Reach consensus,org_view=118,org_changeCycle=0,cur_changeCycle=0,to_view=119
info|2019-12-13 01:25:05.468876|[g:1][CONSENSUS][SEALER]++++++++++++++++ Generating seal on,blkNum=99,tx=0,nodeIdx=1,hash=8c7255f6...
info|2019-12-13 01:25:05.482584|[g:1][CONSENSUS][PBFT]checkTimeout Succ,view=119,toView=120,nodeIdx=1,changeCycle=0,myNode=32db7d10...,timecost=0.201
info|2019-12-13 01:25:05.483515|[g:1][CONSENSUS][PBFT]checkAndChangeView: Reach consensus,org_view=119,org_changeCycle=0,cur_changeCycle=0,to_view=120
info|2019-12-13 01:25:06.484375|[g:1][CONSENSUS]addRawPrepare,height=99,reqIdx=2,hash=047b8d09...
info|2019-12-13 01:25:06.484647|[g:1][CONSENSUS][PBFT]checkTimeout Succ,view=120,toView=121,nodeIdx=1,changeCycle=0,myNode=32db7d10...,timecost=0.227
info|2019-12-13 01:25:06.491126|[g:1][CONSENSUS][PBFT]checkAndChangeView: Reach consensus,org_view=120,org_changeCycle=0,cur_changeCycle=0,to_view=121
info|2019-12-13 01:25:07.509019|[g:1][CONSENSUS]addRawPrepare,height=99,reqIdx=3,hash=a90f30dd...
info|2019-12-13 01:25:07.509284|[g:1][CONSENSUS][PBFT]checkTimeout Succ,view=121,toView=122,nodeIdx=1,changeCycle=0,myNode=32db7d10...,timecost=0.194
info|2019-12-13 01:25:07.512540|[g:1][CONSENSUS][PBFT]checkAndChangeView: Reach consensus,org_view=121,org_changeCycle=0,cur_changeCycle=0,to_view=122
info|2019-12-13 01:25:08.546366|[g:1][CONSENSUS]addRawPrepare,height=99,reqIdx=0,hash=d933c071...
info|2019-12-13 01:25:08.546625|[g:1][CONSENSUS][PBFT]checkTimeout Succ,view=122,toView=123,nodeIdx=1,changeCycle=0,myNode=32db7d10...,timecost=0.231
info|2019-12-13 01:25:08.552072|[g:1][CONSENSUS][PBFT]checkAndChangeView: Reach consensus,org_view=122,org_changeCycle=0,cur_changeCycle=0,to_view=123
info|2019-12-13 01:25:09.593910|[g:1][CONSENSUS][SEALER]++++++++++++++++ Generating seal on,blkNum=99,tx=0,nodeIdx=1,hash=e59393a7...
info|2019-12-13 01:25:09.608249|[g:1][CONSENSUS][PBFT]checkTimeout Succ,view=123,toView=124,nodeIdx=1,changeCycle=0,myNode=32db7d10...,timecost=0.241
info|2019-12-13 01:25:09.612610|[g:1][CONSENSUS][PBFT]checkAndChangeView: Reach consensus,org_view=123,org_changeCycle=0,cur_changeCycle=0,to_view=124
info|2019-12-13 01:25:10.600475|[g:1][CONSENSUS]addRawPrepare,height=99,reqIdx=2,hash=dc333729...
info|2019-12-13 01:25:10.600697|[g:1][CONSENSUS][PBFT]checkTimeout Succ,view=124,toView=125,nodeIdx=1,changeCycle=0,myNode=32db7d10...,timecost=0.199
info|2019-12-13 01:25:10.606597|[g:1][CONSENSUS][PBFT]checkAndChangeView: Reach consensus,org_view=124,org_changeCycle=0,cur_changeCycle=0,to_view=125
info|2019-12-13 01:25:11.609576|[g:1][CONSENSUS]addRawPrepare,height=99,reqIdx=3,hash=77465ebe...
info|2019-12-13 01:25:11.609867|[g:1][CONSENSUS][PBFT]checkTimeout Succ,view=125,toView=126,nodeIdx=1,changeCycle=0,myNode=32db7d10...,timecost=0.227
info|2019-12-13 01:25:11.617117|[g:1][CONSENSUS][PBFT]checkAndChangeView: Reach consensus,org_view=125,org_changeCycle=0,cur_changeCycle=0,to_view=126
info|2019-12-13 01:25:12.617122|[g:1][CONSENSUS]addRawPrepare,height=99,reqIdx=0,hash=084d0376...
info|2019-12-13 01:25:12.617321|[g:1][CONSENSUS][PBFT]checkTimeout Succ,view=126,toView=127,nodeIdx=1,changeCycle=0,myNode=32db7d10...,timecost=0.175
info|2019-12-13 01:25:12.617584|[g:1][CONSENSUS][PBFT]checkAndChangeView: Reach consensus,org_view=126,org_changeCycle=0,cur_changeCycle=0,to_view=127
info|2019-12-13 01:25:13.052382|[P2P][Service] heartBeat,connected count=3
info|2019-12-13 01:25:13.617254|[g:1][CONSENSUS][SEALER]++++++++++++++++ Generating seal on,blkNum=99,tx=0,nodeIdx=1,hash=295826f6...
info|2019-12-13 01:25:13.630145|[g:1][CONSENSUS][PBFT]checkTimeout Succ,view=127,toView=128,nodeIdx=1,changeCycle=0,myNode=32db7d10...,timecost=0.2
info|2019-12-13 01:25:13.631200|[g:1][CONSENSUS][PBFT]checkAndChangeView: Reach consensus,org_view=127,org_changeCycle=0,cur_changeCycle=0,to_view=128
info|2019-12-13 01:25:14.631036|[g:1][CONSENSUS]addRawPrepare,height=99,reqIdx=2,hash=736b92a7...
info|2019-12-13 01:25:14.631250|[g:1][CONSENSUS][PBFT]checkTimeout Succ,view=128,toView=129,nodeIdx=1,changeCycle=0,myNode=32db7d10...,timecost=0.193
info|2019-12-13 01:25:14.632938|[g:1][CONSENSUS][PBFT]checkAndChangeView: Reach consensus,org_view=128,org_changeCycle=0,cur_changeCycle=0,to_view=129
info|2019-12-13 01:25:15.643102|[g:1][CONSENSUS]addRawPrepare,height=99,reqIdx=3,hash=71c15e17...
info|2019-12-13 01:25:15.643400|[g:1][CONSENSUS][PBFT]checkTimeout Succ,view=129,toView=130,nodeIdx=1,changeCycle=0,myNode=32db7d10...,timecost=0.238
info|2019-12-13 01:25:15.646163|[g:1][CONSENSUS][PBFT]checkAndChangeView: Reach consensus,org_view=129,org_changeCycle=0,cur_changeCycle=0,to_view=130
info|2019-12-13 01:25:16.654428|[g:1][CONSENSUS]addRawPrepare,height=99,reqIdx=0,hash=81ce3752...
info|2019-12-13 01:25:16.654741|[g:1][CONSENSUS][PBFT]checkTimeout Succ,view=130,toView=131,nodeIdx=1,changeCycle=0,myNode=32db7d10...,timecost=0.286
info|2019-12-13 01:25:16.664901|[g:1][CONSENSUS][PBFT]checkAndChangeView: Reach consensus,org_view=130,org_changeCycle=0,cur_changeCycle=0,to_view=131
info|2019-12-13 01:25:17.665993|[g:1][CONSENSUS][SEALER]++++++++++++++++ Generating seal on,blkNum=99,tx=0,nodeIdx=1,hash=44ee93b9...
info|2019-12-13 01:25:17.678785|[g:1][CONSENSUS][PBFT]checkTimeout Succ,view=131,toView=132,nodeIdx=1,changeCycle=0,myNode=32db7d10...,timecost=0.204
info|2019-12-13 01:25:17.679772|[g:1][CONSENSUS][PBFT]checkAndChangeView: Reach consensus,org_view=131,org_changeCycle=0,cur_changeCycle=0,to_view=132
                                                                                                                                                                                      