info|2019-12-13 01:23:02.718383|[INITIALIZER][initGlobalConfig],enableCompress=true,compatibilityVersion=2.1.0,versionNumber=33619968,chainId=1
info|2019-12-13 01:23:03.033245|[NETWORK][Host]Connecting to node,endpoint=127.0.0.1:30300
info|2019-12-13 01:23:03.033327|[NETWORK][Host]Connecting to node,endpoint=127.0.0.1:30301
info|2019-12-13 01:23:03.033361|[NETWORK][Host]Connecting to node,endpoint=127.0.0.1:30302
info|2019-12-13 01:23:03.033387|[NETWORK][Host]Connecting to node,endpoint=127.0.0.1:30303
info|2019-12-13 01:23:03.033418|[P2P][Service] heartBeat,connected count=0
info|2019-12-13 01:23:03.034812|[CHANNEL]ChannelRPCServer started
info|2019-12-13 01:23:03.034843|[INITIALIZER][RPCInitializer]ChannelRPCHttpServer started.
info|2019-12-13 01:23:03.034858|[LedgerInitializer],groupConfigPath=conf/
info|2019-12-13 01:23:03.039584|[NETWORK][Host]P2P StartAccept,Host=0.0.0.0:30303
info|2019-12-13 01:23:03.039691|[NETWORK][ASIO]asyncResolveConnect,endpoint=127.0.0.1:30300
info|2019-12-13 01:23:03.039741|[NETWORK][ASIO]asyncResolveConnect,endpoint=127.0.0.1:30301
info|2019-12-13 01:23:03.051037|[INITIALIZER][initSingleLedger] [GroupId]:  1
info|2019-12-13 01:23:03.051065|[g:1][LEDGER]LedgerConstructor,configPath=conf/group.1.genesis,baseDir=data//group1
info|2019-12-13 01:23:03.051081|[g:1][LEDGER][initGenesisConfig]initConsensusConfig/initDBConfig/initTxConfig,configFile=conf/group.1.genesis
info|2019-12-13 01:23:03.051658|[g:1][LEDGER][initConsensusConfig],it.first=32db7d10e2c7fa645891f0943ad88c87f7d0ec66500b45632d53889d72ca80f2077a9280acde028f225f75af346a3fa4f75e37d8b596c2d5eb444c7bc283f925
info|2019-12-13 01:23:03.051688|[g:1][LEDGER][initConsensusConfig],it.first=ad4f985540e2d00110bed5d7a6899358479cb5ebfbb76f922982409b4ae034e1a01cda3dfc6b3ee06ab79ce0872e984ff5f6198fce193ae5d34bf6f296d557c0
info|2019-12-13 01:23:03.051729|[g:1][LEDGER][initConsensusConfig],it.first=0e7418af9a0d8d96383c85f5ee2759c178fe7d45e524080550f4ff007bcc32c69134008f978c786bf0a674e945fdad26a3722c009f92e3a8b60fc8e4e1f191b1
info|2019-12-13 01:23:03.051758|[g:1][LEDGER][initConsensusConfig],it.first=f5b748459b521e61d71a97b70aebee76ef7d18e0f9ef1d603023bcd6e7d6f8c37aaadd04f5c89fc44bef3cb6b220ec05018e2a6f8c2b69fe09026059c8371976
info|2019-12-13 01:23:03.051801|[g:1][LEDGER][initIniConfig]initTxPoolConfig/initSyncConfig/initTxExecuteConfig,configFile=conf/group.1.ini
info|2019-12-13 01:23:03.061630|[g:1][LEDGER][initLedger][DBInitializer]
info|2019-12-13 01:23:03.061652|[g:1][DBINITIALIZER] [initRocksDBStorage]
info|2019-12-13 01:23:03.072632|[g:1][ROCKSDB]open rocksDB handler
info|2019-12-13 01:23:03.086196|[NETWORK][ASIO]asyncResolveConnect,endpoint=127.0.0.1:30302
info|2019-12-13 01:23:03.086265|[NETWORK][ASIO]asyncResolveConnect,endpoint=127.0.0.1:30303
info|2019-12-13 01:23:03.086568|[NETWORK][Host]P2P Recv Connect, From=127.0.0.1:33978
info|2019-12-13 01:23:03.088219|[NETWORK][Host]P2P StartAccept,Host=0.0.0.0:30303
info|2019-12-13 01:23:03.135261|[NETWORK][Host]startPeerSession, From=127.0.0.1:33978,nodeID=f5b74845...
info|2019-12-13 01:23:03.174241|[NETWORK][Host]startPeerSession, From=127.0.0.1:30303,nodeID=f5b74845...
info|2019-12-13 01:23:03.177241|[P2P][Service] Connection established,nodeID=0e7418af...,endpoint=127.0.0.1:30302
info|2019-12-13 01:23:03.177270|[NETWORK][Host]startPeerSession, From=127.0.0.1:30302,nodeID=0e7418af...
info|2019-12-13 01:23:03.222006|[P2P][Service] Connection established,nodeID=ad4f9855...,endpoint=127.0.0.1:30301
info|2019-12-13 01:23:03.222037|[NETWORK][Host]startPeerSession, From=127.0.0.1:30301,nodeID=ad4f9855...
info|2019-12-13 01:23:03.222981|[NETWORK][Host]startPeerSession, From=127.0.0.1:30300,nodeID=32db7d10...
info|2019-12-13 01:23:03.223025|[P2P][Service] Connection established,nodeID=32db7d10...,endpoint=127.0.0.1:30300
info|2019-12-13 01:23:03.523144|[g:1][g:0][STORAGE][CachedStorage]Init flushStorage thread
info|2019-12-13 01:23:03.546463|[g:1][BLOCKCHAIN][#checkAndBuildGenesisBlock]Already have the 0th block, 0th groupMark is equal to file groupMark.
info|2019-12-13 01:23:03.589344|[g:1][CONSENSUS][PBFT]Register handler for PBFTEngine
info|2019-12-13 01:23:03.589385|[g:1][CONSENSUS][PBFT],minBlockGenerationTime=500
info|2019-12-13 01:23:03.589414|[LedgerInitializer init group succ],groupID=1
info|2019-12-13 01:23:03.589606|[INITIALIZER][RPCInitializer]JsonrpcHttpServer started.
info|2019-12-13 01:23:03.589627|[g:1][LEDGER]startAll...
info|2019-12-13 01:23:03.590079|[g:1][CONSENSUS][PBFT]^^^^^^^^Report,num=98,sealerIdx=1,hash=f5afbec7...,next=99,tx=1,nodeIdx=3
info|2019-12-13 01:23:03.837444|[g:1][CONSENSUS][PBFT][PBFT init env successfully]
info|2019-12-13 01:23:03.837460|[g:1][CONSENSUS][ConsensusEngine][Start ConsensusEngineBase]
info|2019-12-13 01:23:03.837844|[g:1][CONSENSUS][PBFT][Start PBFTEngine...]
info|2019-12-13 01:23:03.837852|[g:1][CONSENSUS][SEALER][Start sealer module]
info|2019-12-13 01:23:03.838116|[g:1][EVENT][EventLogFilterManager]start,m_maxBlockRange=0,m_maxBlockPerLoopFilter=3
info|2019-12-13 01:23:04.845095|[g:1][CONSENSUS]addRawPrepare,height=99,reqIdx=2,hash=90f7b593...
info|2019-12-13 01:23:04.845411|[g:1][CONSENSUS][PBFT]checkTimeout Succ,view=0,toView=1,nodeIdx=3,changeCycle=0,myNode=f5b74845...,timecost=0.235
info|2019-12-13 01:23:04.851934|[g:1][CONSENSUS][PBFT]checkAndChangeView: Reach consensus,org_view=0,org_changeCycle=0,cur_changeCycle=0,to_view=1
info|2019-12-13 01:23:05.852467|[g:1][CONSENSUS][SEALER]++++++++++++++++ Generating seal on,blkNum=99,tx=0,nodeIdx=3,hash=205be0ae...
info|2019-12-13 01:23:05.858366|[g:1][CONSENSUS][PBFT]checkTimeout Succ,view=1,toView=2,nodeIdx=3,changeCycle=0,myNode=f5b74845...,timecost=0.194
info|2019-12-13 01:23:05.859190|[g:1][CONSENSUS][PBFT]checkAndChangeView: Reach consensus,org_view=1,org_changeCycle=0,cur_changeCycle=0,to_view=2
info|2019-12-13 01:23:06.857931|[g:1][CONSENSUS]addRawPrepare,height=99,reqIdx=0,hash=5700d5f7...
info|2019-12-13 01:23:06.858192|[g:1][CONSENSUS][PBFT]checkTimeout Succ,view=2,toView=3,nodeIdx=3,changeCycle=0,myNode=f5b74845...,timecost=0.19
info|2019-12-13 01:23:06.869317|[g:1][CONSENSUS][PBFT]checkAndChangeView: Reach consensus,org_view=2,org_changeCycle=0,cur_changeCycle=0,to_view=3
info|2019-12-13 01:23:07.871538|[g:1][CONSENSUS]addRawPrepare,height=99,reqIdx=1,hash=c8698fad...
info|2019-12-13 01:23:07.871797|[g:1][CONSENSUS][PBFT]checkTimeout Succ,view=3,toView=4,nodeIdx=3,changeCycle=0,myNode=f5b74845...,timecost=0.188
info|2019-12-13 01:23:07.877820|[g:1][CONSENSUS][PBFT]checkAndChangeView: Reach consensus,org_view=3,org_changeCycle=0,cur_changeCycle=0,to_view=4
info|2019-12-13 01:23:08.878867|[g:1][CONSENSUS]addRawPrepare,height=99,reqIdx=2,hash=8642441c...
info|2019-12-13 01:23:08.879185|[g:1][CONSENSUS][PBFT]checkTimeout Succ,view=4,toView=5,nodeIdx=3,changeCycle=0,myNode=f5b74845...,timecost=0.241
info|2019-12-13 01:23:08.884747|[g:1][CONSENSUS][PBFT]checkAndChangeView: Reach consensus,org_view=4,org_changeCycle=0,cur_changeCycle=0,to_view=5
info|2019-12-13 01:23:09.887474|[g:1][CONSENSUS][SEALER]++++++++++++++++ Generating seal on,blkNum=99,tx=0,nodeIdx=3,hash=d482552d...
info|2019-12-13 01:23:09.901282|[g:1][CONSENSUS][PBFT]checkTimeout Succ,view=5,toView=6,nodeIdx=3,changeCycle=0,myNode=f5b74845...,timecost=0.199
info|2019-12-13 01:23:09.902246|[g:1][CONSENSUS][PBFT]checkAndChangeView: Reach consensus,org_view=5,org_changeCycle=0,cur_changeCycle=0,to_view=6
info|2019-12-13 01:23:10.895906|[g:1][CONSENSUS]addRawPrepare,height=99,reqIdx=0,hash=d2a6af8b...
info|2019-12-13 01:23:10.896146|[g:1][CONSENSUS][PBFT]checkTimeout Succ,view=6,toView=7,nodeIdx=3,changeCycle=0,myNode=f5b74845...,timecost=0.177
info|2019-12-13 01:23:10.903599|[g:1][CONSENSUS][PBFT]checkAndChangeView: Reach consensus,org_view=6,org_changeCycle=0,cur_changeCycle=0,to_view=7
info|2019-12-13 01:23:11.905279|[g:1][CONSENSUS]addRawPrepare,height=99,reqIdx=1,hash=72bfbc48...
info|2019-12-13 01:23:11.905555|[g:1][CONSENSUS][PBFT]checkTimeout Succ,view=7,toView=8,nodeIdx=3,changeCycle=0,myNode=f5b74845...,timecost=0.191
info|2019-12-13 01:23:11.908774|[g:1][CONSENSUS][PBFT]checkAndChangeView: Reach consensus,org_view=7,org_changeCycle=0,cur_changeCycle=0,to_view=8
info|2019-12-13 01:23:12.908899|[g:1][CONSENSUS]addRawPrepare,height=99,reqIdx=2,hash=a598f914...
info|2019-12-13 01:23:12.909173|[g:1][CONSENSUS][PBFT]checkTimeout Succ,view=8,toView=9,nodeIdx=3,changeCycle=0,myNode=f5b74845...,timecost=0.206
info|2019-12-13 01:23:12.912170|[g:1][CONSENSUS][PBFT]checkAndChangeView: Reach consensus,org_view=8,org_changeCycle=0,cur_changeCycle=0,to_view=9
info|2019-12-13 01:23:12.991703|[NETWORK][Host]P2P Recv Connect, From=127.0.0.1:33980
info|2019-12-13 01:23:12.991732|[NETWORK][Host]P2P StartAccept,Host=0.0.0.0:30303
info|2019-12-13 01:23:12.997165|[NETWORK][Host]P2P Recv Connect, From=127.0.0.1:33982
info|2019-12-13 01:23:12.997208|[NETWORK][Host]P2P StartAccept,Host=0.0.0.0:30303
info|2019-12-13 01:23:13.023875|[NETWORK][Host]P2P Recv Connect, From=127.0.0.1:33984
info|2019-12-13 01:23:13.023962|[NETWORK][Host]P2P StartAccept,Host=0.0.0.0:30303
info|2019-12-13 01:23:13.034738|[NETWORK][Host]startPeerSession, From=127.0.0.1:33980,nodeID=0e7418af...
info|2019-12-13 01:23:13.039091|[P2P][Service] heartBeat,connected count=3
info|2019-12-13 01:23:13.044829|[NETWORK][Host]startPeerSession, From=127.0.0.1:33982,nodeID=ad4f9855...
info|2019-12-13 01:23:13.045035|[NETWORK][Host]startPeerSession, From=127.0.0.1:33984,nodeID=32db7d10...
info|2019-12-13 01:23:13.913722|[g:1][CONSENSUS][SEALER]++++++++++++++++ Generating seal on,blkNum=99,tx=0,nodeIdx=3,hash=1a45f5d5...
info|2019-12-13 01:23:13.928002|[g:1][CONSENSUS][PBFT]checkTimeout Succ,view=9,toView=10,nodeIdx=3,changeCycle=0,myNode=f5b74845...,timecost=0.457
info|2019-12-13 01:23:13.929525|[g:1][CONSENSUS][PBFT]checkAndChangeView: Reach consensus,org_view=9,org_changeCycle=0,cur_changeCycle=0,to_view=10
info|2019-12-13 01:23:14.922837|[g:1][CONSENSUS]addRawPrepare,height=99,reqIdx=0,hash=a42313f1...
info|2019-12-13 01:23:14.923117|[g:1][CONSENSUS][PBFT]checkTimeout Succ,view=10,toView=11,nodeIdx=3,changeCycle=0,myNode=f5b74845...,timecost=0.216
info|2019-12-13 01:23:14.926399|[g:1][CONSENSUS][PBFT]checkAndChangeView: Reach consensus,org_view=10,org_changeCycle=0,cur_changeCycle=0,to_view=11
info|2019-12-13 01:23:15.933667|[g:1][CONSENSUS]addRawPrepare,height=99,reqIdx=1,hash=7ebc9a0f...
info|2019-12-13 01:23:15.933908|[g:1][CONSENSUS][PBFT]checkTimeout Succ,view=11,toView=12,nodeIdx=3,changeCycle=0,myNode=f5b74845...,timecost=0.179
info|2019-12-13 01:23:15.944781|[g:1][CONSENSUS][PBFT]checkAndChangeView: Reach consensus,org_view=11,org_changeCycle=0,cur_changeCycle=0,to_view=12
info|2019-12-13 01:23:16.945116|[g:1][CONSENSUS]addRawPrepare,height=99,reqIdx=2,hash=e00d113d...
info|2019-12-13 01:23:16.945422|[g:1][CONSENSUS][PBFT]checkTimeout Succ,view=12,toView=13,nodeIdx=3,changeCycle=0,myNode=f5b74845...,timecost=0.246
info|2019-12-13 01:23:16.951823|[g:1][CONSENSUS][PBFT]checkAndChangeView: Reach consensus,org_view=12,org_changeCycle=0,cur_changeCycle=0,to_view=13
info|2019-12-13 01:23:17.953942|[g:1][CONSENSUS][SEALER]++++++++++++++++ Generating seal on,blkNum=99,tx=0,nodeIdx=3,hash=bb422588...
info|2019-12-13 01:23:17.962161|[g:1][CONSENSUS][PBFT]checkTimeout Succ,view=13,toView=14,nodeIdx=3,changeCycle=0,myNode=f5b74845...,timecost=0.19
info|2019-12-13 01:23:17.965993|[g:1][CONSENSUS][PBFT]checkAndChangeView: Reach consensus,org_view=13,org_changeCycle=0,cur_changeCycle=0,to_view=14
info|2019-12-13 01:23:18.961104|[g:1][CONSENSUS]addRawPrepare,height=99,reqIdx=0,hash=c3d43f13...
info|2019-12-13 01:23:18.961355|[g:1][CONSENSUS][PBFT]checkTimeout Succ,view=14,toView=15,nodeIdx=3,changeCycle=0,myNode=f5b74845...,timecost=0.186
info|2019-12-13 01:23:18.964883|[g:1][CONSENSUS][PBFT]checkAndChangeView: Reach consensus,org_view=14,org_changeCycle=0,cur_changeCycle=0,to_view=15
info|2019-12-13 01:23:19.973900|[g:1][CONSENSUS]addRawPrepare,height=99,reqIdx=1,hash=700ab40c...
info|2019-12-13 01:23:19.974186|[g:1][CONSENSUS][PBFT]checkTimeout Succ,view=15,toView=16,nodeIdx=3,changeCycle=0,myNode=f5b74845...,timecost=0.223
info|2019-12-13 01:23:19.980051|[g:1][CONSENSUS][PBFT]checkAndChangeView: Reach consensus,org_view=15,org_changeCycle=0,cur_changeCycle=0,to_view=16
info|2019-12-13 01:23:20.981294|[g:1][CONSENSUS]addRawPrepare,height=99,reqIdx=2,hash=175034e2...
info|2019-12-13 01:23:20.981766|[g:1][CONSENSUS][PBFT]checkTimeout Succ,view=16,toView=17,nodeIdx=3,changeCycle=0,myNode=f5b74845...,timecost=0.261
info|2019-12-13 01:23:20.987186|[g:1][CONSENSUS][PBFT]checkAndChangeView: Reach consensus,org_view=16,org_changeCycle=0,cur_changeCycle=0,to_view=17
info|2019-12-13 01:23:21.989031|[g:1][CONSENSUS][SEALER]++++++++++++++++ Generating seal on,blkNum=99,tx=0,nodeIdx=3,hash=666e40a5...
info|2019-12-13 01:23:22.003552|[g:1][CONSENSUS][PBFT]checkTimeout Succ,view=17,toView=18,nodeIdx=3,changeCycle=0,myNode=f5b74845...,timecost=0.217
info|2019-12-13 01:23:22.007726|[g:1][CONSENSUS][PBFT]checkAndChangeView: Reach consensus,org_view=17,org_changeCycle=0,cur_changeCycle=0,to_view=18
info|2019-12-13 01:23:23.001103|[g:1][CONSENSUS]addRawPrepare,height=99,reqIdx=0,hash=0f0c0227...
info|2019-12-13 01:23:23.001408|[g:1][CONSENSUS][PBFT]checkTimeout Succ,view=18,toView=19,nodeIdx=3,changeCycle=0,myNode=f5b74845...,timecost=0.239
info|2019-12-13 01:23:23.004836|[g:1][CONSENSUS][PBFT]checkAndChangeView: Reach consensus,org_view=18,org_changeCycle=0,cur_changeCycle=0,to_view=19
info|2019-12-13 01:23:23.039164|[P2P][Service] heartBeat,connected count=3
info|2019-12-13 01:23:24.008731|[g:1][CONSENSUS]addRawPrepare,height=99,reqIdx=1,hash=5e14b24e...
info|2019-12-13 01:23:24.009001|[g:1][CONSENSUS][PBFT]checkTimeout Succ,view=19,toView=20,nodeIdx=3,changeCycle=0,myNode=f5b74845...,timecost=0.198
info|2019-12-13 01:23:24.012766|[g:1][CONSENSUS][PBFT]checkAndChangeView: Reach consensus,org_view=19,org_changeCycle=0,cur_changeCycle=0,to_view=20
info|2019-12-13 01:23:25.013795|[g:1][CONSENSUS]addRawPrepare,height=99,reqIdx=2,hash=a8142a6e...
info|2019-12-13 01:23:25.014037|[g:1][CONSENSUS][PBFT]checkTimeout Succ,view=20,toView=21,nodeIdx=3,changeCycle=0,myNode=f5b74845...,timecost=0.18
info|2019-12-13 01:23:25.018675|[g:1][CONSENSUS][PBFT]checkAndChangeView: Reach consensus,org_view=20,org_changeCycle=0,cur_changeCycle=0,to_view=21
info|2019-12-13 01:23:26.018410|[g:1][CONSENSUS][SEALER]++++++++++++++++ Generating seal on,blkNum=99,tx=0,nodeIdx=3,hash=5dba66c2...
info|2019-12-13 01:23:26.028423|[g:1][CONSENSUS][PBFT]checkTimeout Succ,view=21,toView=22,nodeIdx=3,changeCycle=0,myNode=f5b74845...,timecost=0.196
info|2019-12-13 01:23:26.029376|[g:1][CONSENSUS][PBFT]checkAndChangeView: Reach consensus,org_view=21,org_changeCycle=0,cur_changeCycle=0,to_view=22
info|2019-12-13 01:23:27.027524|[g:1][CONSENSUS]addRawPrepare,height=99,reqIdx=0,hash=8b74f768...
info|2019-12-13 01:23:27.027793|[g:1][CONSENSUS][PBFT]checkTimeout Succ,view=22,toView=23,nodeIdx=3,changeCycle=0,myNode=f5b74845...,timecost=0.188
info|2019-12-13 01:23:27.030811|[g:1][CONSENSUS][PBFT]checkAndChangeView: Reach consensus,org_view=22,org_changeCycle=0,cur_changeCycle=0,to_view=23
info|2019-12-13 01:23:28.032897|[g:1][CONSENSUS]addRawPrepare,height=99,reqIdx=1,hash=002345a7...
info|2019-12-13 01:23:28.033136|[g:1][CONSENSUS][PBFT]checkTimeout Succ,view=23,toView=24,nodeIdx=3,changeCycle=0,myNode=f5b74845...,timecost=0.178
info|2019-12-13 01:23:28.039507|[g:1][CONSENSUS][PBFT]checkAndChangeView: Reach consensus,org_view=23,org_changeCycle=0,cur_changeCycle=0,to_view=24
info|2019-12-13 01:23:29.045741|[g:1][CONSENSUS]addRawPrepare,height=99,reqIdx=2,hash=8c44c9e6...
info|2019-12-13 01:23:29.046104|[g:1][CONSENSUS][PBFT]checkTimeout Succ,view=24,toView=25,nodeIdx=3,changeCycle=0,myNode=f5b74845...,timecost=0.189
info|2019-12-13 01:23:29.054804|[g:1][CONSENSUS][PBFT]checkAndChangeView: Reach consensus,org_view=24,org_changeCycle=0,cur_changeCycle=0,to_view=25
info|2019-12-13 01:23:30.055143|[g:1][CONSENSUS][SEALER]++++++++++++++++ Generating seal on,blkNum=99,tx=0,nodeIdx=3,hash=f564d40b...
info|2019-12-13 01:23:30.061235|[g:1][CONSENSUS][PBFT]checkTimeout Succ,view=25,toView=26,nodeIdx=3,changeCycle=0,myNode=f5b74845...,timecost=0.183
info|2019-12-13 01:23:30.062084|[g:1][CONSENSUS][PBFT]checkAndChangeView: Reach consensus,org_view=25,org_changeCycle=0,cur_changeCycle=0,to_view=26
info|2019-12-13 01:23:31.061381|[g:1][CONSENSUS]addRawPrepare,height=99,reqIdx=0,hash=8d45753f...
info|2019-12-13 01:23:31.061641|[g:1][CONSENSUS][PBFT]checkTimeout Succ,view=26,toView=27,nodeIdx=3,changeCycle=0,myNode=f5b74845...,timecost=0.191
info|2019-12-13 01:23:31.065153|[g:1][CONSENSUS][PBFT]checkAndChangeView: Reach consensus,org_view=26,org_changeCycle=0,cur_changeCycle=0,to_view=27
info|2019-12-13 01:23:32.068085|[g:1][CONSENSUS]addRawPrepare,height=99,reqIdx=1,hash=dd94bc0e...
info|2019-12-13 01:23:32.068377|[g:1][CONSENSUS][PBFT]checkTimeout Succ,view=27,toView=28,nodeIdx=3,changeCycle=0,myNode=f5b74845...,timecost=0.248
info|2019-12-13 01:23:32.073393|[g:1][CONSENSUS][PBFT]checkAndChangeView: Reach consensus,org_view=27,org_changeCycle=0,cur_changeCycle=0,to_view=28
info|2019-12-13 01:23:33.039289|[P2P][Service] heartBeat,connected count=3
info|2019-12-13 01:23:33.072158|[g:1][CONSENSUS]addRawPrepare,height=99,reqIdx=2,hash=fb5ada09...
info|2019-12-13 01:23:33.072476|[g:1][CONSENSUS][PBFT]checkTimeout Succ,view=28,toView=29,nodeIdx=3,changeCycle=0,myNode=f5b74845...,timecost=0.183
info|2019-12-13 01:23:33.075546|[g:1][CONSENSUS][PBFT]checkAndChangeView: Reach consensus,org_view=28,org_changeCycle=0,cur_changeCycle=0,to_view=29
info|2019-12-13 01:23:34.076447|[g:1][CONSENSUS][SEALER]++++++++++++++++ Generating seal on,blkNum=99,tx=0,nodeIdx=3,hash=226bfd70...
info|2019-12-13 01:23:34.087376|[g:1][CONSENSUS][PBFT]checkTimeout Succ,view=29,toView=30,nodeIdx=3,changeCycle=0,myNode=f5b74845...,timecost=0.217
info|2019-12-13 01:23:34.088466|[g:1][CONSENSUS][PBFT]checkAndChangeView: Reach consensus,org_view=29,org_changeCycle=0,cur_changeCycle=0,to_view=30
info|2019-12-13 01:23:35.087209|[g:1][CONSENSUS]addRawPrepare,height=99,reqIdx=0,hash=5b2048d8...
info|2019-12-13 01:23:35.087495|[g:1][CONSENSUS][PBFT]checkTimeout Succ,view=30,toView=31,nodeIdx=3,changeCycle=0,myNode=f5b74845...,timecost=0.224
info|2019-12-13 01:23:35.090677|[g:1][CONSENSUS][PBFT]checkAndChangeView: Reach consensus,org_view=30,org_changeCycle=0,cur_changeCycle=0,to_view=31
info|2019-12-13 01:23:36.096394|[g:1][CONSENSUS]addRawPrepare,height=99,reqIdx=1,hash=10c0edd8...
info|2019-12-13 01:23:36.096645|[g:1][CONSENSUS][PBFT]checkTimeout Succ,view=31,toView=32,nodeIdx=3,changeCycle=0,myNode=f5b74845...,timecost=0.186
info|2019-12-13 01:23:36.099574|[g:1][CONSENSUS][PBFT]checkAndChangeView: Reach consensus,org_view=31,org_changeCycle=0,cur_changeCycle=0,to_view=32
info|2019-12-13 01:23:37.105076|[g:1][CONSENSUS]addRawPrepare,height=99,reqIdx=2,hash=a278d2ab...
info|2019-12-13 01:23:37.105401|[g:1][CONSENSUS][PBFT]checkTimeout Succ,view=32,toView=33,nodeIdx=3,changeCycle=0,myNode=f5b74845...,timecost=0.248
info|2019-12-13 01:23:37.108486|[g:1][CONSENSUS][PBFT]checkAndChangeView: Reach consensus,org_view=32,org_changeCycle=0,cur_changeCycle=0,to_view=33
info|2019-12-13 01:23:38.114091|[g:1][CONSENSUS][SEALER]++++++++++++++++ Generating seal on,blkNum=99,tx=0,nodeIdx=3,hash=75065213...
info|2019-12-13 01:23:38.128698|[g:1][CONSENSUS][PBFT]checkTimeout Succ,view=33,toView=34,nodeIdx=3,changeCycle=0,myNode=f5b74845...,timecost=0.211
info|2019-12-13 01:23:38.129728|[g:1][CONSENSUS][PBFT]checkAndChangeView: Reach consensus,org_view=33,org_changeCycle=0,cur_changeCycle=0,to_view=34
info|2019-12-13 01:23:39.126725|[g:1][CONSENSUS]addRawPrepare,height=99,reqIdx=0,hash=eb4ef279...
info|2019-12-13 01:23:39.127077|[g:1][CONSENSUS][PBFT]checkTimeout Succ,view=34,toView=35,nodeIdx=3,changeCycle=0,myNode=f5b74845...,timecost=0.227
info|2019-12-13 01:23:39.132918|[g:1][CONSENSUS][PBFT]checkAndChangeView: Reach consensus,org_view=34,org_changeCycle=0,cur_changeCycle=0,to_view=35
info|2019-12-13 01:23:40.137011|[g:1][CONSENSUS]addRawPrepare,height=99,reqIdx=1,hash=832c4d63...
info|2019-12-13 01:23:40.137286|[g:1][CONSENSUS][PBFT]checkTimeout Succ,view=35,toView=36,nodeIdx=3,changeCycle=0,myNode=f5b74845...,timecost=0.207
info|2019-12-13 01:23:40.142707|[g:1][CONSENSUS][PBFT]checkAndChangeView: Reach consensus,org_view=35,org_changeCycle=0,cur_changeCycle=0,to_view=36
info|2019-12-13 01:23:41.143858|[g:1][CONSENSUS]addRawPrepare,height=99,reqIdx=2,hash=45505a73...
info|2019-12-13 01:23:41.146514|[g:1][CONSENSUS][PBFT]checkTimeout Succ,view=36,toView=37,nodeIdx=3,changeCycle=0,myNode=f5b74845...,timecost=2.572
info|2019-12-13 01:23:41.147253|[g:1][CONSENSUS][PBFT]checkAndChangeView: Reach consensus,org_view=36,org_changeCycle=0,cur_changeCycle=0,to_view=37
info|2019-12-13 01:23:42.153024|[g:1][CONSENSUS][SEALER]++++++++++++++++ Generating seal on,blkNum=99,tx=0,nodeIdx=3,hash=8786886d...
info|2019-12-13 01:23:42.180682|[g:1][CONSENSUS][PBFT]checkTimeout Succ,view=37,toView=38,nodeIdx=3,changeCycle=0,myNode=f5b74845...,timecost=0.209
info|2019-12-13 01:23:42.195672|[g:1][CONSENSUS][PBFT]checkAndChangeView: Reach consensus,org_view=37,org_changeCycle=0,cur_changeCycle=0,to_view=38
info|2019-12-13 01:23:43.039473|[P2P][Service] heartBeat,connected count=3
info|2019-12-13 01:23:43.176108|[g:1][CONSENSUS]addRawPrepare,height=99,reqIdx=0,hash=3626c095...
info|2019-12-13 01:23:43.176369|[g:1][CONSENSUS][PBFT]checkTimeout Succ,view=38,toView=39,nodeIdx=3,changeCycle=0,myNode=f5b74845...,timecost=0.194
info|2019-12-13 01:23:43.191822|[g:1][CONSENSUS][PBFT]checkAndChangeView: Reach consensus,org_view=38,org_changeCycle=0,cur_changeCycle=0,to_view=39
info|2019-12-13 01:23:44.194980|[g:1][CONSENSUS]addRawPrepare,height=99,reqIdx=1,hash=8deca62a...
info|2019-12-13 01:23:44.195271|[g:1][CONSENSUS][PBFT]checkTimeout Succ,view=39,toView=40,nodeIdx=3,changeCycle=0,myNode=f5b74845...,timecost=0.206
info|2019-12-13 01:23:44.204166|[g:1][CONSENSUS][PBFT]checkAndChangeView: Reach consensus,org_view=39,org_changeCycle=0,cur_changeCycle=0,to_view=40
info|2019-12-13 01:23:45.206517|[g:1][CONSENSUS]addRawPrepare,height=99,reqIdx=2,hash=5abecb68...
info|2019-12-13 01:23:45.206827|[g:1][CONSENSUS][PBFT]checkTimeout Succ,view=40,toView=41,nodeIdx=3,changeCycle=0,myNode=f5b74845...,timecost=0.243
info|2019-12-13 01:23:45.219539|[g:1][CONSENSUS][PBFT]checkAndChangeView: Reach consensus,org_view=40,org_changeCycle=0,cur_changeCycle=0,to_view=41
info|2019-12-13 01:23:46.223215|[g:1][CONSENSUS][SEALER]++++++++++++++++ Generating seal on,blkNum=99,tx=0,nodeIdx=3,hash=b04efe19...
info|2019-12-13 01:23:46.239424|[g:1][CONSENSUS][PBFT]checkTimeout Succ,view=41,toView=42,nodeIdx=3,changeCycle=0,myNode=f5b74845...,timecost=0.19
info|2019-12-13 01:23:46.244665|[g:1][CONSENSUS][PBFT]checkAndChangeView: Reach consensus,org_view=41,org_changeCycle=0,cur_changeCycle=0,to_view=42
info|2019-12-13 01:23:47.238809|[g:1][CONSENSUS]addRawPrepare,height=99,reqIdx=0,hash=b02804d6...
info|2019-12-13 01:23:47.239101|[g:1][CONSENSUS][PBFT]checkTimeout Succ,view=42,toView=43,nodeIdx=3,changeCycle=0,myNode=f5b74845...,timecost=0.228
info|2019-12-13 01:23:47.242483|[g:1][CONSENSUS][PBFT]checkAndChangeView: Reach consensus,org_view=42,org_changeCycle=0,cur_changeCycle=0,to_view=43
info|2019-12-13 01:23:48.244702|[g:1][CONSENSUS]addRawPrepare,height=99,reqIdx=1,hash=d335789a...
info|2019-12-13 01:23:48.244920|[g:1][CONSENSUS][PBFT]checkTimeout Succ,view=43,toView=44,nodeIdx=3,changeCycle=0,myNode=f5b74845...,timecost=0.194
info|2019-12-13 01:23:48.255928|[g:1][CONSENSUS][PBFT]checkAndChangeView: Reach consensus,org_view=43,org_changeCycle=0,cur_changeCycle=0,to_view=44
info|2019-12-13 01:23:49.248519|[g:1][CONSENSUS]addRawPrepare,height=99,reqIdx=2,hash=2ca2d62d...
info|2019-12-13 01:23:49.248881|[g:1][CONSENSUS][PBFT]checkTimeout Succ,view=44,toView=45,nodeIdx=3,changeCycle=0,myNode=f5b74845...,timecost=0.297
info|2019-12-13 01:23:49.264760|[g:1][CONSENSUS][PBFT]checkAndChangeView: Reach consensus,org_view=44,org_changeCycle=0,cur_changeCycle=0,to_view=45
info|2019-12-13 01:23:50.265688|[g:1][CONSENSUS][SEALER]++++++++++++++++ Generating seal on,blkNum=99,tx=0,nodeIdx=3,hash=64a571fe...
info|2019-12-13 01:23:50.289180|[g:1][CONSENSUS][PBFT]checkTimeout Succ,view=45,toView=46,nodeIdx=3,changeCycle=0,myNode=f5b74845...,timecost=0.239
info|2019-12-13 01:23:50.290155|[g:1][CONSENSUS][PBFT]checkAndChangeView: Reach consensus,org_view=45,org_changeCycle=0,cur_changeCycle=0,to_view=46
info|2019-12-13 01:23:51.289774|[g:1][CONSENSUS]addRawPrepare,height=99,reqIdx=0,hash=1abfa7bf...
info|2019-12-13 01:23:51.290041|[g:1][CONSENSUS][PBFT]checkTimeout Succ,view=46,toView=47,nodeIdx=3,changeCycle=0,myNode=f5b74845...,timecost=0.205
info|2019-12-13 01:23:51.294428|[g:1][CONSENSUS][PBFT]checkAndChangeView: Reach consensus,org_view=46,org_changeCycle=0,cur_changeCycle=0,to_view=47
info|2019-12-13 01:23:52.297223|[g:1][CONSENSUS]addRawPrepare,height=99,reqIdx=1,hash=0e1f0174...
info|2019-12-13 01:23:52.297477|[g:1][CONSENSUS][PBFT]checkTimeout Succ,view=47,toView=48,nodeIdx=3,changeCycle=0,myNode=f5b74845...,timecost=0.19
info|2019-12-13 01:23:52.308072|[g:1][CONSENSUS][PBFT]checkAndChangeView: Reach consensus,org_view=47,org_changeCycle=0,cur_changeCycle=0,to_view=48
info|2019-12-13 01:23:53.039572|[P2P][Service] heartBeat,connected count=3
info|2019-12-13 01:23:53.320623|[g:1][CONSENSUS]addRawPrepare,height=99,reqIdx=2,hash=4b3b30a6...
info|2019-12-13 01:23:53.320894|[g:1][CONSENSUS][PBFT]checkTimeout Succ,view=48,toView=49,nodeIdx=3,changeCycle=0,myNode=f5b74845...,timecost=0.207
info|2019-12-13 01:23:53.326406|[g:1][CONSENSUS][PBFT]checkAndChangeView: Reach consensus,org_view=48,org_changeCycle=0,cur_changeCycle=0,to_view=49
info|2019-12-13 01:23:54.329097|[g:1][CONSENSUS][SEALER]++++++++++++++++ Generating seal on,blkNum=99,tx=0,nodeIdx=3,hash=97060770...
info|2019-12-13 01:23:54.348040|[g:1][CONSENSUS][PBFT]checkTimeout Succ,view=49,toView=50,nodeIdx=3,changeCycle=0,myNode=f5b74845...,timecost=0.256
info|2019-12-13 01:23:54.351715|[g:1][CONSENSUS][PBFT]checkAndChangeView: Reach consensus,org_view=49,org_changeCycle=0,cur_changeCycle=0,to_view=50
info|2019-12-13 01:23:55.344621|[g:1][CONSENSUS]addRawPrepare,height=99,reqIdx=0,hash=8705d88d...
info|2019-12-13 01:23:55.344955|[g:1][CONSENSUS][PBFT]checkTimeout Succ,view=50,toView=51,nodeIdx=3,changeCycle=0,myNode=f5b74845...,timecost=0.25
info|2019-12-13 01:23:55.360489|[g:1][CONSENSUS][PBFT]checkAndChangeView: Reach consensus,org_view=50,org_changeCycle=0,cur_changeCycle=0,to_view=51
info|2019-12-13 01:23:56.361616|[g:1][CONSENSUS]addRawPrepare,height=99,reqIdx=1,hash=54516a03...
info|2019-12-13 01:23:56.361960|[g:1][CONSENSUS][PBFT]checkTimeout Succ,view=51,toView=52,nodeIdx=3,changeCycle=0,myNode=f5b74845...,timecost=0.279
info|2019-12-13 01:23:56.392168|[g:1][CONSENSUS][PBFT]checkAndChangeView: Reach consensus,org_view=51,org_changeCycle=0,cur_changeCycle=0,to_view=52
info|2019-12-13 01:23:57.398928|[g:1][CONSENSUS]addRawPrepare,height=99,reqIdx=2,hash=33714680...
info|2019-12-13 01:23:57.399196|[g:1][CONSENSUS][PBFT]checkTimeout Succ,view=52,toView=53,nodeIdx=3,changeCycle=0,myNode=f5b74845...,timecost=0.197
info|2019-12-13 01:23:57.420919|[g:1][CONSENSUS][PBFT]checkAndChangeView: Reach consensus,org_view=52,org_changeCycle=0,cur_changeCycle=0,to_view=53
info|2019-12-13 01:23:58.421292|[g:1][CONSENSUS][SEALER]++++++++++++++++ Generating seal on,blkNum=99,tx=0,nodeIdx=3,hash=b284f393...
info|2019-12-13 01:23:58.428923|[g:1][CONSENSUS][PBFT]checkTimeout Succ,view=53,toView=54,nodeIdx=3,changeCycle=0,myNode=f5b74845...,timecost=0.2
info|2019-12-13 01:23:58.429799|[g:1][CONSENSUS][PBFT]checkAndChangeView: Reach consensus,org_view=53,org_changeCycle=0,cur_changeCycle=0,to_view=54
info|2019-12-13 01:23:59.424895|[g:1][CONSENSUS]addRawPrepare,height=99,reqIdx=0,hash=75d76f7b...
info|2019-12-13 01:23:59.425231|[g:1][CONSENSUS][PBFT]checkTimeout Succ,view=54,toView=55,nodeIdx=3,changeCycle=0,myNode=f5b74845...,timecost=0.275
info|2019-12-13 01:23:59.431409|[g:1][CONSENSUS][PBFT]checkAndChangeView: Reach consensus,org_view=54,org_changeCycle=0,cur_changeCycle=0,to_view=55
info|2019-12-13 01:24:00.463851|[g:1][CONSENSUS]addRawPrepare,height=99,reqIdx=1,hash=d4181ade...
info|2019-12-13 01:24:00.464182|[g:1][CONSENSUS][PBFT]checkTimeout Succ,view=55,toView=56,nodeIdx=3,changeCycle=0,myNode=f5b74845...,timecost=0.236
info|2019-12-13 01:24:00.464787|[g:1][CONSENSUS][PBFT]checkAndChangeView: Reach consensus,org_view=55,org_changeCycle=0,cur_changeCycle=0,to_view=56
info|2019-12-13 01:24:01.497818|[g:1][CONSENSUS]addRawPrepare,height=99,reqIdx=2,hash=74189318...
info|2019-12-13 01:24:01.498089|[g:1][CONSENSUS][PBFT]checkTimeout Succ,view=56,toView=57,nodeIdx=3,changeCycle=0,myNode=f5b74845...,timecost=0.199
info|2019-12-13 01:24:01.510447|[g:1][CONSENSUS][PBFT]checkAndChangeView: Reach consensus,org_view=56,org_changeCycle=0,cur_changeCycle=0,to_view=57
info|2019-12-13 01:24:02.517855|[g:1][CONSENSUS][SEALER]++++++++++++++++ Generating seal on,blkNum=99,tx=0,nodeIdx=3,hash=42510ec4...
info|2019-12-13 01:24:02.529698|[g:1][CONSENSUS][PBFT]checkTimeout Succ,view=57,toView=58,nodeIdx=3,changeCycle=0,myNode=f5b74845...,timecost=0.247
info|2019-12-13 01:24:02.532532|[g:1][CONSENSUS][PBFT]checkAndChangeView: Reach consensus,org_view=57,org_changeCycle=0,cur_changeCycle=0,to_view=58
info|2019-12-13 01:24:03.044616|[P2P][Service] heartBeat,connected count=3
info|2019-12-13 01:24:03.560726|[g:1][CONSENSUS]addRawPrepare,height=99,reqIdx=0,hash=fe2348f1...
info|2019-12-13 01:24:03.560979|[g:1][CONSENSUS][PBFT]checkTimeout Succ,view=58,toView=59,nodeIdx=3,changeCycle=0,myNode=f5b74845...,timecost=0.192
info|2019-12-13 01:24:03.562167|[g:1][CONSENSUS][PBFT]checkAndChangeView: Reach consensus,org_view=58,org_changeCycle=0,cur_changeCycle=0,to_view=59
info|2019-12-13 01:24:04.563848|[g:1][CONSENSUS]addRawPrepare,height=99,reqIdx=1,hash=3b7457f5...
info|2019-12-13 01:24:04.565739|[g:1][CONSENSUS][PBFT]checkTimeout Succ,view=59,toView=60,nodeIdx=3,changeCycle=0,myNode=f5b74845...,timecost=1.828
info|2019-12-13 01:24:04.576271|[g:1][CONSENSUS][PBFT]checkAndChangeView: Reach consensus,org_view=59,org_changeCycle=0,cur_changeCycle=0,to_view=60
info|2019-12-13 01:24:05.577084|[g:1][CONSENSUS]addRawPrepare,height=99,reqIdx=2,hash=fc0c9793...
info|2019-12-13 01:24:05.581662|[g:1][CONSENSUS][PBFT]checkTimeout Succ,view=60,toView=61,nodeIdx=3,changeCycle=0,myNode=f5b74845...,timecost=4.514
info|2019-12-13 01:24:05.587301|[g:1][CONSENSUS][PBFT]checkAndChangeView: Reach consensus,org_view=60,org_changeCycle=0,cur_changeCycle=0,to_view=61
info|2019-12-13 01:24:06.588604|[g:1][CONSENSUS][SEALER]++++++++++++++++ Generating seal on,blkNum=99,tx=0,nodeIdx=3,hash=9d0a96b6...
info|2019-12-13 01:24:06.600614|[g:1][CONSENSUS][PBFT]checkTimeout Succ,view=61,toView=62,nodeIdx=3,changeCycle=0,myNode=f5b74845...,timecost=0.321
info|2019-12-13 01:24:06.604029|[g:1][CONSENSUS][PBFT]checkAndChangeView: Reach consensus,org_view=61,org_changeCycle=0,cur_changeCycle=0,to_view=62
info|2019-12-13 01:24:07.596274|[g:1][CONSENSUS]addRawPrepare,height=99,reqIdx=0,hash=6f53dadb...
info|2019-12-13 01:24:07.596647|[g:1][CONSENSUS][PBFT]checkTimeout Succ,view=62,toView=63,nodeIdx=3,changeCycle=0,myNode=f5b74845...,timecost=0.195
info|2019-12-13 01:24:07.600597|[g:1][CONSENSUS][PBFT]checkAndChangeView: Reach consensus,org_view=62,org_changeCycle=0,cur_changeCycle=0,to_view=63
info|2019-12-13 01:24:08.603263|[g:1][CONSENSUS]addRawPrepare,height=99,reqIdx=1,hash=6a8034e0...
info|2019-12-13 01:24:08.603503|[g:1][CONSENSUS][PBFT]checkTimeout Succ,view=63,toView=64,nodeIdx=3,changeCycle=0,myNode=f5b74845...,timecost=0.178
info|2019-12-13 01:24:08.612988|[g:1][CONSENSUS][PBFT]checkAndChangeView: Reach consensus,org_view=63,org_changeCycle=0,cur_changeCycle=0,to_view=64
info|2019-12-13 01:24:09.613106|[g:1][CONSENSUS]addRawPrepare,height=99,reqIdx=2,hash=ba512f3d...
info|2019-12-13 01:24:09.613386|[g:1][CONSENSUS][PBFT]checkTimeout Succ,view=64,toView=65,nodeIdx=3,changeCycle=0,myNode=f5b74845...,timecost=0.211
info|2019-12-13 01:24:09.617225|[g:1][CONSENSUS][PBFT]checkAndChangeView: Reach consensus,org_view=64,org_changeCycle=0,cur_changeCycle=0,to_view=65
info|2019-12-13 01:24:10.622383|[g:1][CONSENSUS][SEALER]++++++++++++++++ Generating seal on,blkNum=99,tx=0,nodeIdx=3,hash=743cc60c...
info|2019-12-13 01:24:10.630728|[g:1][CONSENSUS][PBFT]checkTimeout Succ,view=65,toView=66,nodeIdx=3,changeCycle=0,myNode=f5b74845...,timecost=0.188
info|2019-12-13 01:24:10.631755|[g:1][CONSENSUS][PBFT]checkAndChangeView: Reach consensus,org_view=65,org_changeCycle=0,cur_changeCycle=0,to_view=66
info|2019-12-13 01:24:11.630554|[g:1][CONSENSUS]addRawPrepare,height=99,reqIdx=0,hash=7fae9ba1...
info|2019-12-13 01:24:11.630814|[g:1][CONSENSUS][PBFT]checkTimeout Succ,view=66,toView=67,nodeIdx=3,changeCycle=0,myNode=f5b74845...,timecost=0.202
info|2019-12-13 01:24:11.635050|[g:1][CONSENSUS][PBFT]checkAndChangeView: Reach consensus,org_view=66,org_changeCycle=0,cur_changeCycle=0,to_view=67
info|2019-12-13 01:24:12.637072|[g:1][CONSENSUS]addRawPrepare,height=99,reqIdx=1,hash=8878d040...
info|2019-12-13 01:24:12.637360|[g:1][CONSENSUS][PBFT]checkTimeout Succ,view=67,toView=68,nodeIdx=3,changeCycle=0,myNode=f5b74845...,timecost=0.181
info|2019-12-13 01:24:12.640785|[g:1][CONSENSUS][PBFT]checkAndChangeView: Reach consensus,org_view=67,org_changeCycle=0,cur_changeCycle=0,to_view=68
info|2019-12-13 01:24:13.044667|[P2P][Service] heartBeat,connected count=3
info|2019-12-13 01:24:13.641639|[g:1][CONSENSUS]addRawPrepare,height=99,reqIdx=2,hash=cd0cbb48...
info|2019-12-13 01:24:13.641894|[g:1][CONSENSUS][PBFT]checkTimeout Succ,view=68,toView=69,nodeIdx=3,changeCycle=0,myNode=f5b74845...,timecost=0.177
info|2019-12-13 01:24:13.645306|[g:1][CONSENSUS][PBFT]checkAndChangeView: Reach consensus,org_view=68,org_changeCycle=0,cur_changeCycle=0,to_view=69
info|2019-12-13 01:24:14.645392|[g:1][CONSENSUS][SEALER]++++++++++++++++ Generating seal on,blkNum=99,tx=0,nodeIdx=3,hash=ff22e8c3...
info|2019-12-13 01:24:14.652737|[g:1][CONSENSUS][PBFT]checkTimeout Succ,view=69,toView=70,nodeIdx=3,changeCycle=0,myNode=f5b74845...,timecost=0.355
info|2019-12-13 01:24:14.654801|[g:1][CONSENSUS][PBFT]checkAndChangeView: Reach consensus,org_view=69,org_changeCycle=0,cur_changeCycle=0,to_view=70
info|2019-12-13 01:24:15.652747|[g:1][CONSENSUS]addRawPrepare,height=99,reqIdx=0,hash=654857eb...
info|2019-12-13 01:24:15.653294|[g:1][CONSENSUS][PBFT]checkTimeout Succ,view=70,toView=71,nodeIdx=3,changeCycle=0,myNode=f5b74845...,timecost=0.298
info|2019-12-13 01:24:15.659168|[g:1][CONSENSUS][PBFT]checkAndChangeView: Reach consensus,org_view=70,org_changeCycle=0,cur_changeCycle=0,to_view=71
info|2019-12-13 01:24:16.660155|[g:1][CONSENSUS]addRawPrepare,height=99,reqIdx=1,hash=8ca3822f...
info|2019-12-13 01:24:16.660443|[g:1][CONSENSUS][PBFT]checkTimeout Succ,view=71,toView=72,nodeIdx=3,changeCycle=0,myNode=f5b74845...,timecost=0.219
info|2019-12-13 01:24:16.665916|[g:1][CONSENSUS][PBFT]checkAndChangeView: Reach consensus,org_view=71,org_changeCycle=0,cur_changeCycle=0,to_view=72
info|2019-12-13 01:24:17.670195|[g:1][CONSENSUS]addRawPrepare,height=99,reqIdx=2,hash=450e95bb...
info|2019-12-13 01:24:17.670456|[g:1][CONSENSUS][PBFT]checkTimeout Succ,view=72,toView=73,nodeIdx=3,changeCycle=0,myNode=f5b74845...,timecost=0.233
info|2019-12-13 01:24:17.674255|[g:1][CONSENSUS][PBFT]checkAndChangeView: Reach consensus,org_view=72,org_changeCycle=0,cur_changeCycle=0,to_view=73
info|2019-12-13 01:24:18.675863|[g:1][CONSENSUS][SEALER]++++++++++++++++ Generating seal on,blkNum=99,tx=0,nodeIdx=3,hash=29655cb2...
info|2019-12-13 01:24:18.694054|[g:1][CONSENSUS][PBFT]checkTimeout Succ,view=73,toView=74,nodeIdx=3,changeCycle=0,myNode=f5b74845...,timecost=0.29
info|2019-12-13 01:24:18.697563|[g:1][CONSENSUS][PBFT]checkAndChangeView: Reach consensus,org_view=73,org_changeCycle=0,cur_changeCycle=0,to_view=74
info|2019-12-13 01:24:19.690890|[g:1][CONSENSUS]addRawPrepare,height=99,reqIdx=0,hash=04458712...
info|2019-12-13 01:24:19.691221|[g:1][CONSENSUS][PBFT]checkTimeout Succ,view=74,toView=75,nodeIdx=3,changeCycle=0,myNode=f5b74845...,timecost=0.264
info|2019-12-13 01:24:19.694456|[g:1][CONSENSUS][PBFT]checkAndChangeView: Reach consensus,org_view=74,org_changeCycle=0,cur_changeCycle=0,to_view=75
info|2019-12-13 01:24:20.697818|[g:1][CONSENSUS]addRawPrepare,height=99,reqIdx=1,hash=68d03402...
info|2019-12-13 01:24:20.698110|[g:1][CONSENSUS][PBFT]checkTimeout Succ,view=75,toView=76,nodeIdx=3,changeCycle=0,myNode=f5b74845...,timecost=0.225
info|2019-12-13 01:24:20.706488|[g:1][CONSENSUS][PBFT]checkAndChangeView: Reach consensus,org_view=75,org_changeCycle=0,cur_changeCycle=0,to_view=76
info|2019-12-13 01:24:21.701964|[g:1][CONSENSUS]addRawPrepare,height=99,reqIdx=2,hash=18abf21c...
info|2019-12-13 01:24:21.702218|[g:1][CONSENSUS][PBFT]checkTimeout Succ,view=76,toView=77,nodeIdx=3,changeCycle=0,myNode=f5b74845...,timecost=0.181
info|2019-12-13 01:24:21.705565|[g:1][CONSENSUS][PBFT]checkAndChangeView: Reach consensus,org_view=76,org_changeCycle=0,cur_changeCycle=0,to_view=77
info|2019-12-13 01:24:22.707877|[g:1][CONSENSUS][SEALER]++++++++++++++++ Generating seal on,blkNum=99,tx=0,nodeIdx=3,hash=45748215...
info|2019-12-13 01:24:22.717103|[g:1][CONSENSUS][PBFT]checkTimeout Succ,view=77,toView=78,nodeIdx=3,changeCycle=0,myNode=f5b74845...,timecost=0.196
info|2019-12-13 01:24:22.720955|[g:1][CONSENSUS][PBFT]checkAndChangeView: Reach consensus,org_view=77,org_changeCycle=0,cur_changeCycle=0,to_view=78
info|2019-12-13 01:24:23.044823|[P2P][Service] heartBeat,connected count=3
info|2019-12-13 01:24:23.716274|[g:1][CONSENSUS]addRawPrepare,height=99,reqIdx=0,hash=d659af47...
info|2019-12-13 01:24:23.716621|[g:1][CONSENSUS][PBFT]checkTimeout Succ,view=78,toView=79,nodeIdx=3,changeCycle=0,myNode=f5b74845...,timecost=0.288
info|2019-12-13 01:24:23.726024|[g:1][CONSENSUS][PBFT]checkAndChangeView: Reach consensus,org_view=78,org_changeCycle=0,cur_changeCycle=0,to_view=79
info|2019-12-13 01:24:24.728501|[g:1][CONSENSUS]addRawPrepare,height=99,reqIdx=1,hash=2b80b4f7...
info|2019-12-13 01:24:24.728767|[g:1][CONSENSUS][PBFT]checkTimeout Succ,view=79,toView=80,nodeIdx=3,changeCycle=0,myNode=f5b74845...,timecost=0.186
info|2019-12-13 01:24:24.732839|[g:1][CONSENSUS][PBFT]checkAndChangeView: Reach consensus,org_view=79,org_changeCycle=0,cur_changeCycle=0,to_view=80
info|2019-12-13 01:24:25.740348|[g:1][CONSENSUS]addRawPrepare,height=99,reqIdx=2,hash=3d3b09b8...
info|2019-12-13 01:24:25.740587|[g:1][CONSENSUS][PBFT]checkTimeout Succ,view=80,toView=81,nodeIdx=3,changeCycle=0,myNode=f5b74845...,timecost=0.179
info|2019-12-13 01:24:25.748681|[g:1][CONSENSUS][PBFT]checkAndChangeView: Reach consensus,org_view=80,org_changeCycle=0,cur_changeCycle=0,to_view=81
info|2019-12-13 01:24:26.749868|[g:1][CONSENSUS][SEALER]++++++++++++++++ Generating seal on,blkNum=99,tx=0,nodeIdx=3,hash=074b3d36...
info|2019-12-13 01:24:26.763969|[g:1][CONSENSUS][PBFT]checkTimeout Succ,view=81,toView=82,nodeIdx=3,changeCycle=0,myNode=f5b74845...,timecost=0.327
info|2019-12-13 01:24:26.765015|[g:1][CONSENSUS][PBFT]checkAndChangeView: Reach consensus,org_view=81,org_changeCycle=0,cur_changeCycle=0,to_view=82
info|2019-12-13 01:24:27.762238|[g:1][CONSENSUS]addRawPrepare,height=99,reqIdx=0,hash=c78c9027...
info|2019-12-13 01:24:27.762512|[g:1][CONSENSUS][PBFT]checkTimeout Succ,view=82,toView=83,nodeIdx=3,changeCycle=0,myNode=f5b74845...,timecost=0.213
info|2019-12-13 01:24:27.767623|[g:1][CONSENSUS][PBFT]checkAndChangeView: Reach consensus,org_view=82,org_changeCycle=0,cur_changeCycle=0,to_view=83
info|2019-12-13 01:24:28.769703|[g:1][CONSENSUS]addRawPrepare,height=99,reqIdx=1,hash=56dbfaa4...
info|2019-12-13 01:24:28.770031|[g:1][CONSENSUS][PBFT]checkTimeout Succ,view=83,toView=84,nodeIdx=3,changeCycle=0,myNode=f5b74845...,timecost=0.269
info|2019-12-13 01:24:28.776140|[g:1][CONSENSUS][PBFT]checkAndChangeView: Reach consensus,org_view=83,org_changeCycle=0,cur_changeCycle=0,to_view=84
info|2019-12-13 01:24:29.778506|[g:1][CONSENSUS]addRawPrepare,height=99,reqIdx=2,hash=58adfaa3...
info|2019-12-13 01:24:29.778759|[g:1][CONSENSUS][PBFT]checkTimeout Succ,view=84,toView=85,nodeIdx=3,changeCycle=0,myNode=f5b74845...,timecost=0.187
info|2019-12-13 01:24:29.782229|[g:1][CONSENSUS][PBFT]checkAndChangeView: Reach consensus,org_view=84,org_changeCycle=0,cur_changeCycle=0,to_view=85
info|2019-12-13 01:24:30.787421|[g:1][CONSENSUS][SEALER]++++++++++++++++ Generating seal on,blkNum=99,tx=0,nodeIdx=3,hash=8ce9cfac...
info|2019-12-13 01:24:30.800822|[g:1][CONSENSUS][PBFT]checkTimeout Succ,view=85,toView=86,nodeIdx=3,changeCycle=0,myNode=f5b74845...,timecost=0.201
info|2019-12-13 01:24:30.802091|[g:1][CONSENSUS][PBFT]checkAndChangeView: Reach consensus,org_view=85,org_changeCycle=0,cur_changeCycle=0,to_view=86
info|2019-12-13 01:24:31.800497|[g:1][CONSENSUS]addRawPrepare,height=99,reqIdx=0,hash=68e3b3ec...
info|2019-12-13 01:24:31.800768|[g:1][CONSENSUS][PBFT]checkTimeout Succ,view=86,toView=87,nodeIdx=3,changeCycle=0,myNode=f5b74845...,timecost=0.2
info|2019-12-13 01:24:31.807855|[g:1][CONSENSUS][PBFT]checkAndChangeView: Reach consensus,org_view=86,org_changeCycle=0,cur_changeCycle=0,to_view=87
info|2019-12-13 01:24:32.813364|[g:1][CONSENSUS]addRawPrepare,height=99,reqIdx=1,hash=78bd7100...
info|2019-12-13 01:24:32.813653|[g:1][CONSENSUS][PBFT]checkTimeout Succ,view=87,toView=88,nodeIdx=3,changeCycle=0,myNode=f5b74845...,timecost=0.226
info|2019-12-13 01:24:32.823977|[g:1][CONSENSUS][PBFT]checkAndChangeView: Reach consensus,org_view=87,org_changeCycle=0,cur_changeCycle=0,to_view=88
info|2019-12-13 01:24:33.045018|[P2P][Service] heartBeat,connected count=3
info|2019-12-13 01:24:33.825104|[g:1][CONSENSUS]addRawPrepare,height=99,reqIdx=2,hash=96e5d36e...
info|2019-12-13 01:24:33.825408|[g:1][CONSENSUS][PBFT]checkTimeout Succ,view=88,toView=89,nodeIdx=3,changeCycle=0,myNode=f5b74845...,timecost=0.243
info|2019-12-13 01:24:33.828633|[g:1][CONSENSUS][PBFT]checkAndChangeView: Reach consensus,org_view=88,org_changeCycle=0,cur_changeCycle=0,to_view=89
info|2019-12-13 01:24:34.833275|[g:1][CONSENSUS][SEALER]++++++++++++++++ Generating seal on,blkNum=99,tx=0,nodeIdx=3,hash=afcac046...
info|2019-12-13 01:24:34.846949|[g:1][CONSENSUS][PBFT]checkTimeout Succ,view=89,toView=90,nodeIdx=3,changeCycle=0,myNode=f5b74845...,timecost=0.228
info|2019-12-13 01:24:34.847998|[g:1][CONSENSUS][PBFT]checkAndChangeView: Reach consensus,org_view=89,org_changeCycle=0,cur_changeCycle=0,to_view=90
info|2019-12-13 01:24:35.848112|[g:1][CONSENSUS]addRawPrepare,height=99,reqIdx=0,hash=55607279...
info|2019-12-13 01:24:35.848395|[g:1][CONSENSUS][PBFT]checkTimeout Succ,view=90,toView=91,nodeIdx=3,changeCycle=0,myNode=f5b74845...,timecost=0.218
info|2019-12-13 01:24:35.856701|[g:1][CONSENSUS][PBFT]checkAndChangeView: Reach consensus,org_view=90,org_changeCycle=0,cur_changeCycle=0,to_view=91
info|2019-12-13 01:24:36.859120|[g:1][CONSENSUS]addRawPrepare,height=99,reqIdx=1,hash=94be68e1...
info|2019-12-13 01:24:36.859400|[g:1][CONSENSUS][PBFT]checkTimeout Succ,view=91,toView=92,nodeIdx=3,changeCycle=0,myNode=f5b74845...,timecost=0.201
info|2019-12-13 01:24:36.885317|[g:1][CONSENSUS][PBFT]checkAndChangeView: Reach consensus,org_view=91,org_changeCycle=0,cur_changeCycle=0,to_view=92
info|2019-12-13 01:24:37.887131|[g:1][CONSENSUS]addRawPrepare,height=99,reqIdx=2,hash=07d3f70b...
info|2019-12-13 01:24:37.892020|[g:1][CONSENSUS][PBFT]checkTimeout Succ,view=92,toView=93,nodeIdx=3,changeCycle=0,myNode=f5b74845...,timecost=4.706
info|2019-12-13 01:24:37.896539|[g:1][CONSENSUS][PBFT]checkAndChangeView: Reach consensus,org_view=92,org_changeCycle=0,cur_changeCycle=0,to_view=93
info|2019-12-13 01:24:38.918939|[g:1][CONSENSUS][SEALER]++++++++++++++++ Generating seal on,blkNum=99,tx=0,nodeIdx=3,hash=7abfb105...
info|2019-12-13 01:24:38.931360|[g:1][CONSENSUS][PBFT]checkTimeout Succ,view=93,toView=94,nodeIdx=3,changeCycle=0,myNode=f5b74845...,timecost=0.202
info|2019-12-13 01:24:38.964465|[g:1][CONSENSUS][PBFT]checkAndChangeView: Reach consensus,org_view=93,org_changeCycle=0,cur_changeCycle=0,to_view=94
info|2019-12-13 01:24:39.931340|[g:1][CONSENSUS]addRawPrepare,height=99,reqIdx=0,hash=f59caf81...
info|2019-12-13 01:24:39.931605|[g:1][CONSENSUS][PBFT]checkTimeout Succ,view=94,toView=95,nodeIdx=3,changeCycle=0,myNode=f5b74845...,timecost=0.191
info|2019-12-13 01:24:39.934740|[g:1][CONSENSUS][PBFT]checkAndChangeView: Reach consensus,org_view=94,org_changeCycle=0,cur_changeCycle=0,to_view=95
info|2019-12-13 01:24:40.940964|[g:1][CONSENSUS]addRawPrepare,height=99,reqIdx=1,hash=2b6c72d4...
info|2019-12-13 01:24:40.941262|[g:1][CONSENSUS][PBFT]checkTimeout Succ,view=95,toView=96,nodeIdx=3,changeCycle=0,myNode=f5b74845...,timecost=0.218
info|2019-12-13 01:24:40.947050|[g:1][CONSENSUS][PBFT]checkAndChangeView: Reach consensus,org_view=95,org_changeCycle=0,cur_changeCycle=0,to_view=96
info|2019-12-13 01:24:41.949937|[g:1][CONSENSUS]addRawPrepare,height=99,reqIdx=2,hash=d682bf61...
info|2019-12-13 01:24:41.950189|[g:1][CONSENSUS][PBFT]checkTimeout Succ,view=96,toView=97,nodeIdx=3,changeCycle=0,myNode=f5b74845...,timecost=0.177
info|2019-12-13 01:24:41.953693|[g:1][CONSENSUS][PBFT]checkAndChangeView: Reach consensus,org_view=96,org_changeCycle=0,cur_changeCycle=0,to_view=97
info|2019-12-13 01:24:42.957517|[g:1][CONSENSUS][SEALER]++++++++++++++++ Generating seal on,blkNum=99,tx=0,nodeIdx=3,hash=f74b52e4...
info|2019-12-13 01:24:42.967183|[g:1][CONSENSUS][PBFT]checkTimeout Succ,view=97,toView=98,nodeIdx=3,changeCycle=0,myNode=f5b74845...,timecost=0.257
info|2019-12-13 01:24:42.968051|[g:1][CONSENSUS][PBFT]checkAndChangeView: Reach consensus,org_view=97,org_changeCycle=0,cur_changeCycle=0,to_view=98
info|2019-12-13 01:24:43.045335|[P2P][Service] heartBeat,connected count=3
info|2019-12-13 01:24:43.966654|[g:1][CONSENSUS]addRawPrepare,height=99,reqIdx=0,hash=72a0b271...
info|2019-12-13 01:24:43.967057|[g:1][CONSENSUS][PBFT]checkTimeout Succ,view=98,toView=99,nodeIdx=3,changeCycle=0,myNode=f5b74845...,timecost=0.345
info|2019-12-13 01:24:43.978808|[g:1][CONSENSUS][PBFT]checkAndChangeView: Reach consensus,org_view=98,org_changeCycle=0,cur_changeCycle=0,to_view=99
info|2019-12-13 01:24:44.981032|[g:1][CONSENSUS]addRawPrepare,height=99,reqIdx=1,hash=6a00d07c...
info|2019-12-13 01:24:44.981321|[g:1][CONSENSUS][PBFT]checkTimeout Succ,view=99,toView=100,nodeIdx=3,changeCycle=0,myNode=f5b74845...,timecost=0.218
info|2019-12-13 01:24:44.988140|[g:1][CONSENSUS][PBFT]checkAndChangeView: Reach consensus,org_view=99,org_changeCycle=0,cur_changeCycle=0,to_view=100
info|2019-12-13 01:24:45.989808|[g:1][CONSENSUS]addRawPrepare,height=99,reqIdx=2,hash=a2edc990...
info|2019-12-13 01:24:45.990095|[g:1][CONSENSUS][PBFT]checkTimeout Succ,view=100,toView=101,nodeIdx=3,changeCycle=0,myNode=f5b74845...,timecost=0.214
info|2019-12-13 01:24:45.992794|[g:1][CONSENSUS][PBFT]checkAndChangeView: Reach consensus,org_view=100,org_changeCycle=0,cur_changeCycle=0,to_view=101
info|2019-12-13 01:24:47.026194|[g:1][CONSENSUS][SEALER]++++++++++++++++ Generating seal on,blkNum=99,tx=0,nodeIdx=3,hash=f3e2f162...
info|2019-12-13 01:24:47.039101|[g:1][CONSENSUS][PBFT]checkTimeout Succ,view=101,toView=102,nodeIdx=3,changeCycle=0,myNode=f5b74845...,timecost=0.209
info|2019-12-13 01:24:47.044060|[g:1][CONSENSUS][PBFT]checkAndChangeView: Reach consensus,org_view=101,org_changeCycle=0,cur_changeCycle=0,to_view=102
info|2019-12-13 01:24:48.038166|[g:1][CONSENSUS]addRawPrepare,height=99,reqIdx=0,hash=b66e3bf9...
info|2019-12-13 01:24:48.038432|[g:1][CONSENSUS][PBFT]checkTimeout Succ,view=102,toView=103,nodeIdx=3,changeCycle=0,myNode=f5b74845...,timecost=0.191
info|2019-12-13 01:24:48.044180|[g:1][CONSENSUS][PBFT]checkAndChangeView: Reach consensus,org_view=102,org_changeCycle=0,cur_changeCycle=0,to_view=103
info|2019-12-13 01:24:49.048460|[g:1][CONSENSUS]addRawPrepare,height=99,reqIdx=1,hash=fe34e367...
info|2019-12-13 01:24:49.048751|[g:1][CONSENSUS][PBFT]checkTimeout Succ,view=103,toView=104,nodeIdx=3,changeCycle=0,myNode=f5b74845...,timecost=0.224
info|2019-12-13 01:24:49.054170|[g:1][CONSENSUS][PBFT]checkAndChangeView: Reach consensus,org_view=103,org_changeCycle=0,cur_changeCycle=0,to_view=104
info|2019-12-13 01:24:50.059198|[g:1][CONSENSUS]addRawPrepare,height=99,reqIdx=2,hash=54d1cb3f...
info|2019-12-13 01:24:50.067184|[g:1][CONSENSUS][PBFT]checkTimeout Succ,view=104,toView=105,nodeIdx=3,changeCycle=0,myNode=f5b74845...,timecost=7.897
info|2019-12-13 01:24:50.067755|[g:1][CONSENSUS][PBFT]checkAndChangeView: Reach consensus,org_view=104,org_changeCycle=0,cur_changeCycle=0,to_view=105
info|2019-12-13 01:24:51.067439|[g:1][CONSENSUS][SEALER]++++++++++++++++ Generating seal on,blkNum=99,tx=0,nodeIdx=3,hash=1adf5a17...
info|2019-12-13 01:24:51.077707|[g:1][CONSENSUS][PBFT]checkTimeout Succ,view=105,toView=106,nodeIdx=3,changeCycle=0,myNode=f5b74845...,timecost=0.203
info|2019-12-13 01:24:51.078709|[g:1][CONSENSUS][PBFT]checkAndChangeView: Reach consensus,org_view=105,org_changeCycle=0,cur_changeCycle=0,to_view=106
info|2019-12-13 01:24:52.078273|[g:1][CONSENSUS]addRawPrepare,height=99,reqIdx=0,hash=7b617402...
info|2019-12-13 01:24:52.078575|[g:1][CONSENSUS][PBFT]checkTimeout Succ,view=106,toView=107,nodeIdx=3,changeCycle=0,myNode=f5b74845...,timecost=0.239
info|2019-12-13 01:24:52.089275|[g:1][CONSENSUS][PBFT]checkAndChangeView: Reach consensus,org_view=106,org_changeCycle=0,cur_changeCycle=0,to_view=107
info|2019-12-13 01:24:53.101387|[P2P][Service] heartBeat,connected count=3
info|2019-12-13 01:24:53.102293|[g:1][CONSENSUS]addRawPrepare,height=99,reqIdx=1,hash=106b5952...
info|2019-12-13 01:24:53.102705|[g:1][CONSENSUS][PBFT]checkTimeout Succ,view=107,toView=108,nodeIdx=3,changeCycle=0,myNode=f5b74845...,timecost=0.328
info|2019-12-13 01:24:53.109073|[g:1][CONSENSUS][PBFT]checkAndChangeView: Reach consensus,org_view=107,org_changeCycle=0,cur_changeCycle=0,to_view=108
info|2019-12-13 01:24:54.150720|[g:1][CONSENSUS]addRawPrepare,height=99,reqIdx=2,hash=23eae81c...
info|2019-12-13 01:24:54.151017|[g:1][CONSENSUS][PBFT]checkTimeout Succ,view=108,toView=109,nodeIdx=3,changeCycle=0,myNode=f5b74845...,timecost=0.229
info|2019-12-13 01:24:54.154167|[g:1][CONSENSUS][PBFT]checkAndChangeView: Reach consensus,org_view=108,org_changeCycle=0,cur_changeCycle=0,to_view=109
info|2019-12-13 01:24:55.162506|[g:1][CONSENSUS][SEALER]++++++++++++++++ Generating seal on,blkNum=99,tx=0,nodeIdx=3,hash=a3fec76f...
info|2019-12-13 01:24:55.173132|[g:1][CONSENSUS][PBFT]checkTimeout Succ,view=109,toView=110,nodeIdx=3,changeCycle=0,myNode=f5b74845...,timecost=0.215
info|2019-12-13 01:24:55.173921|[g:1][CONSENSUS][PBFT]checkAndChangeView: Reach consensus,org_view=109,org_changeCycle=0,cur_changeCycle=0,to_view=110
info|2019-12-13 01:24:56.193432|[g:1][CONSENSUS]addRawPrepare,height=99,reqIdx=0,hash=f1b99472...
info|2019-12-13 01:24:56.193702|[g:1][CONSENSUS][PBFT]checkTimeout Succ,view=110,toView=111,nodeIdx=3,changeCycle=0,myNode=f5b74845...,timecost=0.199
info|2019-12-13 01:24:56.200840|[g:1][CONSENSUS][PBFT]checkAndChangeView: Reach consensus,org_view=110,org_changeCycle=0,cur_changeCycle=0,to_view=111
info|2019-12-13 01:24:57.234031|[g:1][CONSENSUS]addRawPrepare,height=99,reqIdx=1,hash=87d2f2a8...
info|2019-12-13 01:24:57.234283|[g:1][CONSENSUS][PBFT]checkTimeout Succ,view=111,toView=112,nodeIdx=3,changeCycle=0,myNode=f5b74845...,timecost=0.187
info|2019-12-13 01:24:57.241279|[g:1][CONSENSUS][PBFT]checkAndChangeView: Reach consensus,org_view=111,org_changeCycle=0,cur_changeCycle=0,to_view=112
info|2019-12-13 01:24:58.296219|[g:1][CONSENSUS]addRawPrepare,height=99,reqIdx=2,hash=9e34f37e...
info|2019-12-13 01:24:58.296484|[g:1][CONSENSUS][PBFT]checkTimeout Succ,view=112,toView=113,nodeIdx=3,changeCycle=0,myNode=f5b74845...,timecost=0.198
info|2019-12-13 01:24:58.303515|[g:1][CONSENSUS][PBFT]checkAndChangeView: Reach consensus,org_view=112,org_changeCycle=0,cur_changeCycle=0,to_view=113
info|2019-12-13 01:24:59.303850|[g:1][CONSENSUS][SEALER]++++++++++++++++ Generating seal on,blkNum=99,tx=0,nodeIdx=3,hash=7fc7a43c...
info|2019-12-13 01:24:59.379692|[g:1][CONSENSUS][PBFT]checkTimeout Succ,view=113,toView=114,nodeIdx=3,changeCycle=0,myNode=f5b74845...,timecost=0.19
info|2019-12-13 01:24:59.380533|[g:1][CONSENSUS][PBFT]checkAndChangeView: Reach consensus,org_view=113,org_changeCycle=0,cur_changeCycle=0,to_view=114
info|2019-12-13 01:25:00.378842|[g:1][CONSENSUS]addRawPrepare,height=99,reqIdx=0,hash=9147e751...
info|2019-12-13 01:25:00.379185|[g:1][CONSENSUS][PBFT]checkTimeout Succ,view=114,toView=115,nodeIdx=3,changeCycle=0,myNode=f5b74845...,timecost=0.281
info|2019-12-13 01:25:00.387455|[g:1][CONSENSUS][PBFT]checkAndChangeView: Reach consensus,org_view=114,org_changeCycle=0,cur_changeCycle=0,to_view=115
info|2019-12-13 01:25:01.389724|[g:1][CONSENSUS]addRawPrepare,height=99,reqIdx=1,hash=8b89f2bc...
info|2019-12-13 01:25:01.389967|[g:1][CONSENSUS][PBFT]checkTimeout Succ,view=115,toView=116,nodeIdx=3,changeCycle=0,myNode=f5b74845...,timecost=0.179
info|2019-12-13 01:25:01.398015|[g:1][CONSENSUS][PBFT]checkAndChangeView: Reach consensus,org_view=115,org_changeCycle=0,cur_changeCycle=0,to_view=116
info|2019-12-13 01:25:02.410227|[g:1][CONSENSUS]addRawPrepare,height=99,reqIdx=2,hash=0635ecc7...
info|2019-12-13 01:25:02.410531|[g:1][CONSENSUS][PBFT]checkTimeout Succ,view=116,toView=117,nodeIdx=3,changeCycle=0,myNode=f5b74845...,timecost=0.238
info|2019-12-13 01:25:02.420845|[g:1][CONSENSUS][PBFT]checkAndChangeView: Reach consensus,org_view=116,org_changeCycle=0,cur_changeCycle=0,to_view=117
info|2019-12-13 01:25:03.102320|[P2P][Service] heartBeat,connected count=3
info|2019-12-13 01:25:03.421473|[g:1][CONSENSUS][SEALER]++++++++++++++++ Generating seal on,blkNum=99,tx=0,nodeIdx=3,hash=f6d786e6...
info|2019-12-13 01:25:03.433617|[g:1][CONSENSUS][PBFT]checkTimeout Succ,view=117,toView=118,nodeIdx=3,changeCycle=0,myNode=f5b74845...,timecost=0.197
info|2019-12-13 01:25:03.434565|[g:1][CONSENSUS][PBFT]checkAndChangeView: Reach consensus,org_view=117,org_changeCycle=0,cur_changeCycle=0,to_view=118
info|2019-12-13 01:25:04.463696|[g:1][CONSENSUS]addRawPrepare,height=99,reqIdx=0,hash=e4b8ce2b...
info|2019-12-13 01:25:04.465741|[g:1][CONSENSUS][PBFT]checkTimeout Succ,view=118,toView=119,nodeIdx=3,changeCycle=0,myNode=f5b74845...,timecost=1.979
info|2019-12-13 01:25:04.466296|[g:1][CONSENSUS][PBFT]checkAndChangeView: Reach consensus,org_view=118,org_changeCycle=0,cur_changeCycle=0,to_view=119
info|2019-12-13 01:25:05.469450|[g:1][CONSENSUS]addRawPrepare,height=99,reqIdx=1,hash=8c7255f6...
info|2019-12-13 01:25:05.469859|[g:1][CONSENSUS][PBFT]checkTimeout Succ,view=119,toView=120,nodeIdx=3,changeCycle=0,myNode=f5b74845...,timecost=0.349
info|2019-12-13 01:25:05.480875|[g:1][CONSENSUS][PBFT]checkAndChangeView: Reach consensus,org_view=119,org_changeCycle=0,cur_changeCycle=0,to_view=120
info|2019-12-13 01:25:06.483195|[g:1][CONSENSUS]addRawPrepare,height=99,reqIdx=2,hash=047b8d09...
info|2019-12-13 01:25:06.483682|[g:1][CONSENSUS][PBFT]checkTimeout Succ,view=120,toView=121,nodeIdx=3,changeCycle=0,myNode=f5b74845...,timecost=0.271
info|2019-12-13 01:25:06.495858|[g:1][CONSENSUS][PBFT]checkAndChangeView: Reach consensus,org_view=120,org_changeCycle=0,cur_changeCycle=0,to_view=121
info|2019-12-13 01:25:07.508353|[g:1][CONSENSUS][SEALER]++++++++++++++++ Generating seal on,blkNum=99,tx=0,nodeIdx=3,hash=a90f30dd...
info|2019-12-13 01:25:07.518026|[g:1][CONSENSUS][PBFT]checkTimeout Succ,view=121,toView=122,nodeIdx=3,changeCycle=0,myNode=f5b74845...,timecost=0.197
info|2019-12-13 01:25:07.519014|[g:1][CONSENSUS][PBFT]checkAndChangeView: Reach consensus,org_view=121,org_changeCycle=0,cur_changeCycle=0,to_view=122
info|2019-12-13 01:25:08.545023|[g:1][CONSENSUS]addRawPrepare,height=99,reqIdx=0,hash=d933c071...
info|2019-12-13 01:25:08.545385|[g:1][CONSENSUS][PBFT]checkTimeout Succ,view=122,toView=123,nodeIdx=3,changeCycle=0,myNode=f5b74845...,timecost=0.225
info|2019-12-13 01:25:08.552713|[g:1][CONSENSUS][PBFT]checkAndChangeView: Reach consensus,org_view=122,org_changeCycle=0,cur_changeCycle=0,to_view=123
info|2019-12-13 01:25:09.594540|[g:1][CONSENSUS]addRawPrepare,height=99,reqIdx=1,hash=e59393a7...
info|2019-12-13 01:25:09.594799|[g:1][CONSENSUS][PBFT]checkTimeout Succ,view=123,toView=124,nodeIdx=3,changeCycle=0,myNode=f5b74845...,timecost=0.194
info|2019-12-13 01:25:09.606134|[g:1][CONSENSUS][PBFT]checkAndChangeView: Reach consensus,org_view=123,org_changeCycle=0,cur_changeCycle=0,to_view=124
info|2019-12-13 01:25:10.599534|[g:1][CONSENSUS]addRawPrepare,height=99,reqIdx=2,hash=dc333729...
info|2019-12-13 01:25:10.599802|[g:1][CONSENSUS][PBFT]checkTimeout Succ,view=124,toView=125,nodeIdx=3,changeCycle=0,myNode=f5b74845...,timecost=0.2
info|2019-12-13 01:25:10.606199|[g:1][CONSENSUS][PBFT]checkAndChangeView: Reach consensus,org_view=124,org_changeCycle=0,cur_changeCycle=0,to_view=125
info|2019-12-13 01:25:11.608974|[g:1][CONSENSUS][SEALER]++++++++++++++++ Generating seal on,blkNum=99,tx=0,nodeIdx=3,hash=77465ebe...
info|2019-12-13 01:25:11.617803|[g:1][CONSENSUS][PBFT]checkTimeout Succ,view=125,toView=126,nodeIdx=3,changeCycle=0,myNode=f5b74845...,timecost=0.275
info|2019-12-13 01:25:11.618678|[g:1][CONSENSUS][PBFT]checkAndChangeView: Reach consensus,org_view=125,org_changeCycle=0,cur_changeCycle=0,to_view=126
info|2019-12-13 01:25:12.614187|[g:1][CONSENSUS]addRawPrepare,height=99,reqIdx=0,hash=084d0376...
info|2019-12-13 01:25:12.614438|[g:1][CONSENSUS][PBFT]checkTimeout Succ,view=126,toView=127,nodeIdx=3,changeCycle=0,myNode=f5b74845...,timecost=0.187
info|2019-12-13 01:25:12.621458|[g:1][CONSENSUS][PBFT]checkAndChangeView: Reach consensus,org_view=126,org_changeCycle=0,cur_changeCycle=0,to_view=127
info|2019-12-13 01:25:13.103049|[P2P][Service] heartBeat,connected count=3
info|2019-12-13 01:25:13.617875|[g:1][CONSENSUS]addRawPrepare,height=99,reqIdx=1,hash=295826f6...
info|2019-12-13 01:25:13.618159|[g:1][CONSENSUS][PBFT]checkTimeout Succ,view=127,toView=128,nodeIdx=3,changeCycle=0,myNode=f5b74845...,timecost=0.219
info|2019-12-13 01:25:13.629205|[g:1][CONSENSUS][PBFT]checkAndChangeView: Reach consensus,org_view=127,org_changeCycle=0,cur_changeCycle=0,to_view=128
info|2019-12-13 01:25:14.630120|[g:1][CONSENSUS]addRawPrepare,height=99,reqIdx=2,hash=736b92a7...
info|2019-12-13 01:25:14.630470|[g:1][CONSENSUS][PBFT]checkTimeout Succ,view=128,toView=129,nodeIdx=3,changeCycle=0,myNode=f5b74845...,timecost=0.298
info|2019-12-13 01:25:14.641904|[g:1][CONSENSUS][PBFT]checkAndChangeView: Reach consensus,org_view=128,org_changeCycle=0,cur_changeCycle=0,to_view=129
info|2019-12-13 01:25:15.642541|[g:1][CONSENSUS][SEALER]++++++++++++++++ Generating seal on,blkNum=99,tx=0,nodeIdx=3,hash=71c15e17...
info|2019-12-13 01:25:15.652661|[g:1][CONSENSUS][PBFT]checkTimeout Succ,view=129,toView=130,nodeIdx=3,changeCycle=0,myNode=f5b74845...,timecost=0.197
info|2019-12-13 01:25:15.653925|[g:1][CONSENSUS][PBFT]checkAndChangeView: Reach consensus,org_view=129,org_changeCycle=0,cur_changeCycle=0,to_view=130
info|2019-12-13 01:25:16.652985|[g:1][CONSENSUS]addRawPrepare,height=99,reqIdx=0,hash=81ce3752...
info|2019-12-13 01:25:16.653276|[g:1][CONSENSUS][PBFT]checkTimeout Succ,view=130,toView=131,nodeIdx=3,changeCycle=0,myNode=f5b74845...,timecost=0.211
info|2019-12-13 01:25:16.664088|[g:1][CONSENSUS][PBFT]checkAndChangeView: Reach consensus,org_view=130,org_changeCycle=0,cur_changeCycle=0,to_view=131
info|2019-12-13 01:25:17.666597|[g:1][CONSENSUS]addRawPrepare,height=99,reqIdx=1,hash=44ee93b9...
info|2019-12-13 01:25:17.666925|[g:1][CONSENSUS][PBFT]checkTimeout Succ,view=131,toView=132,nodeIdx=3,changeCycle=0,myNode=f5b74845...,timecost=0.251
info|2019-12-13 01:25:17.676256|[g:1][CONSENSUS][PBFT]checkAndChangeView: Reach consensus,org_view=131,org_changeCycle=0,cur_changeCycle=0,to_view=132
                                                                                                                                                                                                                                                                                                                                                                                                                                                                                                                                                                                                                                                                                                                                                                                                                                                                                                                                                                                                                                                                                                                                                                                                                                                                           