info|2019-12-13 01:00:00.467094|[g:1][CONSENSUS]addRawPrepare,height=96,reqIdx=2,hash=be4f6506...
info|2019-12-13 01:00:00.467437|[g:1][CONSENSUS][PBFT]checkTimeout Succ,view=915,toView=916,nodeIdx=3,changeCycle=0,myNode=f5b74845...,timecost=0.262
info|2019-12-13 01:00:00.475221|[g:1][CONSENSUS][PBFT]checkAndChangeView: Reach consensus,org_view=915,org_changeCycle=0,cur_changeCycle=0,to_view=916
info|2019-12-13 01:00:01.476166|[g:1][CONSENSUS][SEALER]++++++++++++++++ Generating seal on,blkNum=96,tx=0,nodeIdx=3,hash=5f2aa4d7...
info|2019-12-13 01:00:01.482426|[g:1][CONSENSUS][PBFT]checkTimeout Succ,view=916,toView=917,nodeIdx=3,changeCycle=0,myNode=f5b74845...,timecost=0.287
info|2019-12-13 01:00:01.483686|[g:1][CONSENSUS][PBFT]checkAndChangeView: Reach consensus,org_view=916,org_changeCycle=0,cur_changeCycle=0,to_view=917
info|2019-12-13 01:00:02.484535|[g:1][CONSENSUS]addRawPrepare,height=96,reqIdx=0,hash=1de7e9b3...
info|2019-12-13 01:00:02.484882|[g:1][CONSENSUS][PBFT]checkTimeout Succ,view=917,toView=918,nodeIdx=3,changeCycle=0,myNode=f5b74845...,timecost=0.329
info|2019-12-13 01:00:02.491996|[g:1][CONSENSUS][PBFT]checkAndChangeView: Reach consensus,org_view=917,org_changeCycle=0,cur_changeCycle=0,to_view=918
info|2019-12-13 01:00:03.495523|[g:1][CONSENSUS]addRawPrepare,height=96,reqIdx=1,hash=9c1a2193...
info|2019-12-13 01:00:03.495872|[g:1][CONSENSUS][PBFT]checkTimeout Succ,view=918,toView=919,nodeIdx=3,changeCycle=0,myNode=f5b74845...,timecost=0.231
info|2019-12-13 01:00:03.500030|[g:1][CONSENSUS][PBFT]checkAndChangeView: Reach consensus,org_view=918,org_changeCycle=0,cur_changeCycle=0,to_view=919
info|2019-12-13 01:00:04.506076|[g:1][CONSENSUS]addRawPrepare,height=96,reqIdx=2,hash=07237e00...
info|2019-12-13 01:00:04.506413|[g:1][CONSENSUS][PBFT]checkTimeout Succ,view=919,toView=920,nodeIdx=3,changeCycle=0,myNode=f5b74845...,timecost=0.218
info|2019-12-13 01:00:04.512281|[g:1][CONSENSUS][PBFT]checkAndChangeView: Reach consensus,org_view=919,org_changeCycle=0,cur_changeCycle=0,to_view=920
info|2019-12-13 01:00:05.512146|[g:1][CONSENSUS][SEALER]++++++++++++++++ Generating seal on,blkNum=96,tx=0,nodeIdx=3,hash=9f9a9a65...
info|2019-12-13 01:00:05.519536|[g:1][CONSENSUS][PBFT]checkTimeout Succ,view=920,toView=921,nodeIdx=3,changeCycle=0,myNode=f5b74845...,timecost=0.654
info|2019-12-13 01:00:05.520419|[g:1][CONSENSUS][PBFT]checkAndChangeView: Reach consensus,org_view=920,org_changeCycle=0,cur_changeCycle=0,to_view=921
info|2019-12-13 01:00:06.520267|[g:1][CONSENSUS]addRawPrepare,height=96,reqIdx=0,hash=ebf960b0...
info|2019-12-13 01:00:06.520733|[g:1][CONSENSUS][PBFT]checkTimeout Succ,view=921,toView=922,nodeIdx=3,changeCycle=0,myNode=f5b74845...,timecost=0.404
info|2019-12-13 01:00:06.531236|[g:1][CONSENSUS][PBFT]checkAndChangeView: Reach consensus,org_view=921,org_changeCycle=0,cur_changeCycle=0,to_view=922
info|2019-12-13 01:00:07.533852|[g:1][CONSENSUS]addRawPrepare,height=96,reqIdx=1,hash=448bb037...
info|2019-12-13 01:00:07.534505|[g:1][CONSENSUS][PBFT]checkTimeout Succ,view=922,toView=923,nodeIdx=3,changeCycle=0,myNode=f5b74845...,timecost=0.206
info|2019-12-13 01:00:07.540653|[g:1][CONSENSUS][PBFT]checkAndChangeView: Reach consensus,org_view=922,org_changeCycle=0,cur_changeCycle=0,to_view=923
info|2019-12-13 01:00:08.543970|[g:1][CONSENSUS]addRawPrepare,height=96,reqIdx=2,hash=6e8a83e1...
info|2019-12-13 01:00:08.544294|[g:1][CONSENSUS][PBFT]checkTimeout Succ,view=923,toView=924,nodeIdx=3,changeCycle=0,myNode=f5b74845...,timecost=0.246
info|2019-12-13 01:00:08.547870|[g:1][CONSENSUS][PBFT]checkAndChangeView: Reach consensus,org_view=923,org_changeCycle=0,cur_changeCycle=0,to_view=924
info|2019-12-13 01:00:09.352487|[P2P][Service] heartBeat,connected count=3
info|2019-12-13 01:00:09.549969|[g:1][CONSENSUS][SEALER]++++++++++++++++ Generating seal on,blkNum=96,tx=0,nodeIdx=3,hash=e1b75454...
info|2019-12-13 01:00:09.556837|[g:1][CONSENSUS][PBFT]checkTimeout Succ,view=924,toView=925,nodeIdx=3,changeCycle=0,myNode=f5b74845...,timecost=0.207
info|2019-12-13 01:00:09.557673|[g:1][CONSENSUS][PBFT]checkAndChangeView: Reach consensus,org_view=924,org_changeCycle=0,cur_changeCycle=0,to_view=925
info|2019-12-13 01:00:10.558430|[g:1][CONSENSUS]addRawPrepare,height=96,reqIdx=0,hash=148fac56...
info|2019-12-13 01:00:10.558715|[g:1][CONSENSUS][PBFT]checkTimeout Succ,view=925,toView=926,nodeIdx=3,changeCycle=0,myNode=f5b74845...,timecost=0.262
info|2019-12-13 01:00:10.560441|[g:1][CONSENSUS][PBFT]checkAndChangeView: Reach consensus,org_view=925,org_changeCycle=0,cur_changeCycle=0,to_view=926
info|2019-12-13 01:00:11.563267|[g:1][CONSENSUS]addRawPrepare,height=96,reqIdx=1,hash=24615815...
info|2019-12-13 01:00:11.565735|[g:1][CONSENSUS][PBFT]checkTimeout Succ,view=926,toView=927,nodeIdx=3,changeCycle=0,myNode=f5b74845...,timecost=2.39
info|2019-12-13 01:00:11.566359|[g:1][CONSENSUS][PBFT]checkAndChangeView: Reach consensus,org_view=926,org_changeCycle=0,cur_changeCycle=0,to_view=927
info|2019-12-13 01:00:12.570210|[g:1][CONSENSUS]addRawPrepare,height=96,reqIdx=2,hash=ada68655...
info|2019-12-13 01:00:12.570562|[g:1][CONSENSUS][PBFT]checkTimeout Succ,view=927,toView=928,nodeIdx=3,changeCycle=0,myNode=f5b74845...,timecost=0.274
info|2019-12-13 01:00:12.579325|[g:1][CONSENSUS][PBFT]checkAndChangeView: Reach consensus,org_view=927,org_changeCycle=0,cur_changeCycle=0,to_view=928
info|2019-12-13 01:00:13.581516|[g:1][CONSENSUS][SEALER]++++++++++++++++ Generating seal on,blkNum=96,tx=0,nodeIdx=3,hash=8ce0c97b...
info|2019-12-13 01:00:13.593396|[g:1][CONSENSUS][PBFT]checkTimeout Succ,view=928,toView=929,nodeIdx=3,changeCycle=0,myNode=f5b74845...,timecost=0.266
info|2019-12-13 01:00:13.595490|[g:1][CONSENSUS][PBFT]checkAndChangeView: Reach consensus,org_view=928,org_changeCycle=0,cur_changeCycle=0,to_view=929
info|2019-12-13 01:00:14.593689|[g:1][CONSENSUS]addRawPrepare,height=96,reqIdx=0,hash=a47fd85c...
info|2019-12-13 01:00:14.593918|[g:1][CONSENSUS][PBFT]checkTimeout Succ,view=929,toView=930,nodeIdx=3,changeCycle=0,myNode=f5b74845...,timecost=0.205
info|2019-12-13 01:00:14.596065|[g:1][CONSENSUS][PBFT]checkAndChangeView: Reach consensus,org_view=929,org_changeCycle=0,cur_changeCycle=0,to_view=930
info|2019-12-13 01:00:15.597519|[g:1][CONSENSUS]addRawPrepare,height=96,reqIdx=1,hash=945020de...
info|2019-12-13 01:00:15.597965|[g:1][CONSENSUS][PBFT]checkTimeout Succ,view=930,toView=931,nodeIdx=3,changeCycle=0,myNode=f5b74845...,timecost=0.314
info|2019-12-13 01:00:15.605691|[g:1][CONSENSUS][PBFT]checkAndChangeView: Reach consensus,org_view=930,org_changeCycle=0,cur_changeCycle=0,to_view=931
info|2019-12-13 01:00:16.608861|[g:1][CONSENSUS]addRawPrepare,height=96,reqIdx=2,hash=0de7a1dd...
info|2019-12-13 01:00:16.609142|[g:1][CONSENSUS][PBFT]checkTimeout Succ,view=931,toView=932,nodeIdx=3,changeCycle=0,myNode=f5b74845...,timecost=0.198
info|2019-12-13 01:00:16.613589|[g:1][CONSENSUS][PBFT]checkAndChangeView: Reach consensus,org_view=931,org_changeCycle=0,cur_changeCycle=0,to_view=932
info|2019-12-13 01:00:17.614710|[g:1][CONSENSUS][SEALER]++++++++++++++++ Generating seal on,blkNum=96,tx=0,nodeIdx=3,hash=3df36cb7...
info|2019-12-13 01:00:17.630412|[g:1][CONSENSUS][PBFT]checkTimeout Succ,view=932,toView=933,nodeIdx=3,changeCycle=0,myNode=f5b74845...,timecost=0.499
info|2019-12-13 01:00:17.631806|[g:1][CONSENSUS][PBFT]checkAndChangeView: Reach consensus,org_view=932,org_changeCycle=0,cur_changeCycle=0,to_view=933
info|2019-12-13 01:00:18.629647|[g:1][CONSENSUS]addRawPrepare,height=96,reqIdx=0,hash=00b9b904...
info|2019-12-13 01:00:18.629880|[g:1][CONSENSUS][PBFT]checkTimeout Succ,view=933,toView=934,nodeIdx=3,changeCycle=0,myNode=f5b74845...,timecost=0.208
info|2019-12-13 01:00:18.631946|[g:1][CONSENSUS][PBFT]checkAndChangeView: Reach consensus,org_view=933,org_changeCycle=0,cur_changeCycle=0,to_view=934
info|2019-12-13 01:00:19.353244|[P2P][Service] heartBeat,connected count=3
info|2019-12-13 01:00:19.633336|[g:1][CONSENSUS]addRawPrepare,height=96,reqIdx=1,hash=61e52b9f...
info|2019-12-13 01:00:19.633612|[g:1][CONSENSUS][PBFT]checkTimeout Succ,view=934,toView=935,nodeIdx=3,changeCycle=0,myNode=f5b74845...,timecost=0.197
info|2019-12-13 01:00:19.638822|[g:1][CONSENSUS][PBFT]checkAndChangeView: Reach consensus,org_view=934,org_changeCycle=0,cur_changeCycle=0,to_view=935
info|2019-12-13 01:00:20.639147|[g:1][CONSENSUS]addRawPrepare,height=96,reqIdx=2,hash=cdc4811b...
info|2019-12-13 01:00:20.639482|[g:1][CONSENSUS][PBFT]checkTimeout Succ,view=935,toView=936,nodeIdx=3,changeCycle=0,myNode=f5b74845...,timecost=0.258
info|2019-12-13 01:00:20.643155|[g:1][CONSENSUS][PBFT]checkAndChangeView: Reach consensus,org_view=935,org_changeCycle=0,cur_changeCycle=0,to_view=936
info|2019-12-13 01:00:21.643211|[g:1][CONSENSUS][SEALER]++++++++++++++++ Generating seal on,blkNum=96,tx=0,nodeIdx=3,hash=0fe52638...
info|2019-12-13 01:00:21.650191|[g:1][CONSENSUS][PBFT]checkTimeout Succ,view=936,toView=937,nodeIdx=3,changeCycle=0,myNode=f5b74845...,timecost=0.195
info|2019-12-13 01:00:21.651117|[g:1][CONSENSUS][PBFT]checkAndChangeView: Reach consensus,org_view=936,org_changeCycle=0,cur_changeCycle=0,to_view=937
info|2019-12-13 01:00:22.650936|[g:1][CONSENSUS]addRawPrepare,height=96,reqIdx=0,hash=1d73fc47...
info|2019-12-13 01:00:22.651171|[g:1][CONSENSUS][PBFT]checkTimeout Succ,view=937,toView=938,nodeIdx=3,changeCycle=0,myNode=f5b74845...,timecost=0.211
info|2019-12-13 01:00:22.656393|[g:1][CONSENSUS][PBFT]checkAndChangeView: Reach consensus,org_view=937,org_changeCycle=0,cur_changeCycle=0,to_view=938
info|2019-12-13 01:00:23.661233|[g:1][CONSENSUS]addRawPrepare,height=96,reqIdx=1,hash=c40bb565...
info|2019-12-13 01:00:23.661583|[g:1][CONSENSUS][PBFT]checkTimeout Succ,view=938,toView=939,nodeIdx=3,changeCycle=0,myNode=f5b74845...,timecost=0.212
info|2019-12-13 01:00:23.682867|[g:1][CONSENSUS][PBFT]checkAndChangeView: Reach consensus,org_view=938,org_changeCycle=0,cur_changeCycle=0,to_view=939
info|2019-12-13 01:00:24.687887|[g:1][CONSENSUS]addRawPrepare,height=96,reqIdx=2,hash=f0b2027b...
info|2019-12-13 01:00:24.688228|[g:1][CONSENSUS][PBFT]checkTimeout Succ,view=939,toView=940,nodeIdx=3,changeCycle=0,myNode=f5b74845...,timecost=0.265
info|2019-12-13 01:00:24.694673|[g:1][CONSENSUS][PBFT]checkAndChangeView: Reach consensus,org_view=939,org_changeCycle=0,cur_changeCycle=0,to_view=940
info|2019-12-13 01:00:25.695498|[g:1][CONSENSUS][SEALER]++++++++++++++++ Generating seal on,blkNum=96,tx=0,nodeIdx=3,hash=9e3d873f...
info|2019-12-13 01:00:25.702136|[g:1][CONSENSUS][PBFT]checkTimeout Succ,view=940,toView=941,nodeIdx=3,changeCycle=0,myNode=f5b74845...,timecost=0.196
info|2019-12-13 01:00:25.707297|[g:1][CONSENSUS][PBFT]checkAndChangeView: Reach consensus,org_view=940,org_changeCycle=0,cur_changeCycle=0,to_view=941
info|2019-12-13 01:00:26.702419|[g:1][CONSENSUS]addRawPrepare,height=96,reqIdx=0,hash=fcb171a5...
info|2019-12-13 01:00:26.702691|[g:1][CONSENSUS][PBFT]checkTimeout Succ,view=941,toView=942,nodeIdx=3,changeCycle=0,myNode=f5b74845...,timecost=0.215
info|2019-12-13 01:00:26.704714|[g:1][CONSENSUS][PBFT]checkAndChangeView: Reach consensus,org_view=941,org_changeCycle=0,cur_changeCycle=0,to_view=942
info|2019-12-13 01:00:27.708201|[g:1][CONSENSUS]addRawPrepare,height=96,reqIdx=1,hash=aff789b5...
info|2019-12-13 01:00:27.708792|[g:1][CONSENSUS][PBFT]checkTimeout Succ,view=942,toView=943,nodeIdx=3,changeCycle=0,myNode=f5b74845...,timecost=0.484
info|2019-12-13 01:00:27.716516|[g:1][CONSENSUS][PBFT]checkAndChangeView: Reach consensus,org_view=942,org_changeCycle=0,cur_changeCycle=0,to_view=943
info|2019-12-13 01:00:28.717812|[g:1][CONSENSUS]addRawPrepare,height=96,reqIdx=2,hash=7fcf9cba...
info|2019-12-13 01:00:28.718168|[g:1][CONSENSUS][PBFT]checkTimeout Succ,view=943,toView=944,nodeIdx=3,changeCycle=0,myNode=f5b74845...,timecost=0.282
info|2019-12-13 01:00:28.722437|[g:1][CONSENSUS][PBFT]checkAndChangeView: Reach consensus,org_view=943,org_changeCycle=0,cur_changeCycle=0,to_view=944
info|2019-12-13 01:00:29.353337|[P2P][Service] heartBeat,connected count=3
info|2019-12-13 01:00:29.724041|[g:1][CONSENSUS][SEALER]++++++++++++++++ Generating seal on,blkNum=96,tx=0,nodeIdx=3,hash=5d910c3f...
info|2019-12-13 01:00:29.731053|[g:1][CONSENSUS][PBFT]checkTimeout Succ,view=944,toView=945,nodeIdx=3,changeCycle=0,myNode=f5b74845...,timecost=0.195
info|2019-12-13 01:00:29.731924|[g:1][CONSENSUS][PBFT]checkAndChangeView: Reach consensus,org_view=944,org_changeCycle=0,cur_changeCycle=0,to_view=945
info|2019-12-13 01:00:30.731731|[g:1][CONSENSUS]addRawPrepare,height=96,reqIdx=0,hash=eaf414a2...
info|2019-12-13 01:00:30.731963|[g:1][CONSENSUS][PBFT]checkTimeout Succ,view=945,toView=946,nodeIdx=3,changeCycle=0,myNode=f5b74845...,timecost=0.212
info|2019-12-13 01:00:30.734073|[g:1][CONSENSUS][PBFT]checkAndChangeView: Reach consensus,org_view=945,org_changeCycle=0,cur_changeCycle=0,to_view=946
info|2019-12-13 01:00:31.735779|[g:1][CONSENSUS]addRawPrepare,height=96,reqIdx=1,hash=40670da1...
info|2019-12-13 01:00:31.738764|[g:1][CONSENSUS][PBFT]checkTimeout Succ,view=946,toView=947,nodeIdx=3,changeCycle=0,myNode=f5b74845...,timecost=2.834
info|2019-12-13 01:00:31.740659|[g:1][CONSENSUS][PBFT]checkAndChangeView: Reach consensus,org_view=946,org_changeCycle=0,cur_changeCycle=0,to_view=947
info|2019-12-13 01:00:32.741978|[g:1][CONSENSUS]addRawPrepare,height=96,reqIdx=2,hash=e23bd512...
info|2019-12-13 01:00:32.742289|[g:1][CONSENSUS][PBFT]checkTimeout Succ,view=947,toView=948,nodeIdx=3,changeCycle=0,myNode=f5b74845...,timecost=0.223
info|2019-12-13 01:00:32.748695|[g:1][CONSENSUS][PBFT]checkAndChangeView: Reach consensus,org_view=947,org_changeCycle=0,cur_changeCycle=0,to_view=948
info|2019-12-13 01:00:33.749646|[g:1][CONSENSUS][SEALER]++++++++++++++++ Generating seal on,blkNum=96,tx=0,nodeIdx=3,hash=ae9230e8...
info|2019-12-13 01:00:33.778629|[g:1][CONSENSUS][PBFT]checkTimeout Succ,view=948,toView=949,nodeIdx=3,changeCycle=0,myNode=f5b74845...,timecost=5.057
info|2019-12-13 01:00:33.781112|[g:1][CONSENSUS][PBFT]checkAndChangeView: Reach consensus,org_view=948,org_changeCycle=0,cur_changeCycle=0,to_view=949
info|2019-12-13 01:00:34.771141|[g:1][CONSENSUS]addRawPrepare,height=96,reqIdx=0,hash=2f061777...
info|2019-12-13 01:00:34.771365|[g:1][CONSENSUS][PBFT]checkTimeout Succ,view=949,toView=950,nodeIdx=3,changeCycle=0,myNode=f5b74845...,timecost=0.198
info|2019-12-13 01:00:34.773499|[g:1][CONSENSUS][PBFT]checkAndChangeView: Reach consensus,org_view=949,org_changeCycle=0,cur_changeCycle=0,to_view=950
info|2019-12-13 01:00:35.775260|[g:1][CONSENSUS]addRawPrepare,height=96,reqIdx=1,hash=208ac4ce...
info|2019-12-13 01:00:35.775537|[g:1][CONSENSUS][PBFT]checkTimeout Succ,view=950,toView=951,nodeIdx=3,changeCycle=0,myNode=f5b74845...,timecost=0.188
info|2019-12-13 01:00:35.779400|[g:1][CONSENSUS][PBFT]checkAndChangeView: Reach consensus,org_view=950,org_changeCycle=0,cur_changeCycle=0,to_view=951
info|2019-12-13 01:00:36.780920|[g:1][CONSENSUS]addRawPrepare,height=96,reqIdx=2,hash=ff76857c...
info|2019-12-13 01:00:36.781194|[g:1][CONSENSUS][PBFT]checkTimeout Succ,view=951,toView=952,nodeIdx=3,changeCycle=0,myNode=f5b74845...,timecost=0.188
info|2019-12-13 01:00:36.785040|[g:1][CONSENSUS][PBFT]checkAndChangeView: Reach consensus,org_view=951,org_changeCycle=0,cur_changeCycle=0,to_view=952
info|2019-12-13 01:00:37.785743|[g:1][CONSENSUS][SEALER]++++++++++++++++ Generating seal on,blkNum=96,tx=0,nodeIdx=3,hash=5cd60a06...
info|2019-12-13 01:00:37.792644|[g:1][CONSENSUS][PBFT]checkTimeout Succ,view=952,toView=953,nodeIdx=3,changeCycle=0,myNode=f5b74845...,timecost=0.21
info|2019-12-13 01:00:37.804719|[g:1][CONSENSUS][PBFT]checkAndChangeView: Reach consensus,org_view=952,org_changeCycle=0,cur_changeCycle=0,to_view=953
info|2019-12-13 01:00:38.795940|[g:1][CONSENSUS]addRawPrepare,height=96,reqIdx=0,hash=16c64f80...
info|2019-12-13 01:00:38.796172|[g:1][CONSENSUS][PBFT]checkTimeout Succ,view=953,toView=954,nodeIdx=3,changeCycle=0,myNode=f5b74845...,timecost=0.208
info|2019-12-13 01:00:38.797181|[g:1][CONSENSUS][PBFT]checkAndChangeView: Reach consensus,org_view=953,org_changeCycle=0,cur_changeCycle=0,to_view=954
info|2019-12-13 01:00:39.353737|[P2P][Service] heartBeat,connected count=3
info|2019-12-13 01:00:39.806352|[g:1][CONSENSUS]addRawPrepare,height=96,reqIdx=1,hash=08b6a7f9...
info|2019-12-13 01:00:39.806717|[g:1][CONSENSUS][PBFT]checkTimeout Succ,view=954,toView=955,nodeIdx=3,changeCycle=0,myNode=f5b74845...,timecost=0.262
info|2019-12-13 01:00:39.811312|[g:1][CONSENSUS][PBFT]checkAndChangeView: Reach consensus,org_view=954,org_changeCycle=0,cur_changeCycle=0,to_view=955
info|2019-12-13 01:00:40.844889|[g:1][CONSENSUS]addRawPrepare,height=96,reqIdx=2,hash=bc9f4e10...
info|2019-12-13 01:00:40.845234|[g:1][CONSENSUS][PBFT]checkTimeout Succ,view=955,toView=956,nodeIdx=3,changeCycle=0,myNode=f5b74845...,timecost=0.209
info|2019-12-13 01:00:40.852291|[g:1][CONSENSUS][PBFT]checkAndChangeView: Reach consensus,org_view=955,org_changeCycle=0,cur_changeCycle=0,to_view=956
info|2019-12-13 01:00:41.853134|[g:1][CONSENSUS][SEALER]++++++++++++++++ Generating seal on,blkNum=96,tx=0,nodeIdx=3,hash=26fd547c...
info|2019-12-13 01:00:41.859388|[g:1][CONSENSUS][PBFT]checkTimeout Succ,view=956,toView=957,nodeIdx=3,changeCycle=0,myNode=f5b74845...,timecost=0.193
info|2019-12-13 01:00:41.860306|[g:1][CONSENSUS][PBFT]checkAndChangeView: Reach consensus,org_view=956,org_changeCycle=0,cur_changeCycle=0,to_view=957
info|2019-12-13 01:00:42.860644|[g:1][CONSENSUS]addRawPrepare,height=96,reqIdx=0,hash=675a0347...
info|2019-12-13 01:00:42.860935|[g:1][CONSENSUS][PBFT]checkTimeout Succ,view=957,toView=958,nodeIdx=3,changeCycle=0,myNode=f5b74845...,timecost=0.252
info|2019-12-13 01:00:42.867364|[g:1][CONSENSUS][PBFT]checkAndChangeView: Reach consensus,org_view=957,org_changeCycle=0,cur_changeCycle=0,to_view=958
info|2019-12-13 01:00:43.871540|[g:1][CONSENSUS]addRawPrepare,height=96,reqIdx=1,hash=cd070a40...
info|2019-12-13 01:00:43.871816|[g:1][CONSENSUS][PBFT]checkTimeout Succ,view=958,toView=959,nodeIdx=3,changeCycle=0,myNode=f5b74845...,timecost=0.195
info|2019-12-13 01:00:43.876848|[g:1][CONSENSUS][PBFT]checkAndChangeView: Reach consensus,org_view=958,org_changeCycle=0,cur_changeCycle=0,to_view=959
info|2019-12-13 01:00:44.882494|[g:1][CONSENSUS]addRawPrepare,height=96,reqIdx=2,hash=04b840ed...
info|2019-12-13 01:00:44.882726|[g:1][CONSENSUS][PBFT]checkTimeout Succ,view=959,toView=960,nodeIdx=3,changeCycle=0,myNode=f5b74845...,timecost=0.205
info|2019-12-13 01:00:44.889880|[g:1][CONSENSUS][PBFT]checkAndChangeView: Reach consensus,org_view=959,org_changeCycle=0,cur_changeCycle=0,to_view=960
info|2019-12-13 01:00:45.889988|[g:1][CONSENSUS][SEALER]++++++++++++++++ Generating seal on,blkNum=96,tx=0,nodeIdx=3,hash=0ea62137...
info|2019-12-13 01:00:45.897264|[g:1][CONSENSUS][PBFT]checkTimeout Succ,view=960,toView=961,nodeIdx=3,changeCycle=0,myNode=f5b74845...,timecost=0.227
info|2019-12-13 01:00:45.898349|[g:1][CONSENSUS][PBFT]checkAndChangeView: Reach consensus,org_view=960,org_changeCycle=0,cur_changeCycle=0,to_view=961
info|2019-12-13 01:00:46.897897|[g:1][CONSENSUS]addRawPrepare,height=96,reqIdx=0,hash=c9614477...
info|2019-12-13 01:00:46.898112|[g:1][CONSENSUS][PBFT]checkTimeout Succ,view=961,toView=962,nodeIdx=3,changeCycle=0,myNode=f5b74845...,timecost=0.193
info|2019-12-13 01:00:46.901653|[g:1][CONSENSUS][PBFT]checkAndChangeView: Reach consensus,org_view=961,org_changeCycle=0,cur_changeCycle=0,to_view=962
info|2019-12-13 01:00:47.914662|[g:1][CONSENSUS]addRawPrepare,height=96,reqIdx=1,hash=070db739...
info|2019-12-13 01:00:47.914996|[g:1][CONSENSUS][PBFT]checkTimeout Succ,view=962,toView=963,nodeIdx=3,changeCycle=0,myNode=f5b74845...,timecost=0.241
info|2019-12-13 01:00:47.919563|[g:1][CONSENSUS][PBFT]checkAndChangeView: Reach consensus,org_view=962,org_changeCycle=0,cur_changeCycle=0,to_view=963
info|2019-12-13 01:00:48.921023|[g:1][CONSENSUS]addRawPrepare,height=96,reqIdx=2,hash=4f1271ea...
info|2019-12-13 01:00:48.921398|[g:1][CONSENSUS][PBFT]checkTimeout Succ,view=963,toView=964,nodeIdx=3,changeCycle=0,myNode=f5b74845...,timecost=0.3
info|2019-12-13 01:00:48.926327|[g:1][CONSENSUS][PBFT]checkAndChangeView: Reach consensus,org_view=963,org_changeCycle=0,cur_changeCycle=0,to_view=964
info|2019-12-13 01:00:49.353960|[P2P][Service] heartBeat,connected count=3
info|2019-12-13 01:00:49.930057|[g:1][CONSENSUS][SEALER]++++++++++++++++ Generating seal on,blkNum=96,tx=0,nodeIdx=3,hash=96235764...
info|2019-12-13 01:00:49.931090|[g:1][CONSENSUS][PBFT]checkTimeout Succ,view=964,toView=965,nodeIdx=3,changeCycle=0,myNode=f5b74845...,timecost=0.509
info|2019-12-13 01:00:49.944704|[g:1][CONSENSUS][PBFT]checkAndChangeView: Reach consensus,org_view=964,org_changeCycle=0,cur_changeCycle=0,to_view=965
info|2019-12-13 01:00:50.945386|[g:1][CONSENSUS]addRawPrepare,height=96,reqIdx=0,hash=eec674a7...
info|2019-12-13 01:00:50.945649|[g:1][CONSENSUS][PBFT]checkTimeout Succ,view=965,toView=966,nodeIdx=3,changeCycle=0,myNode=f5b74845...,timecost=0.233
info|2019-12-13 01:00:50.947938|[g:1][CONSENSUS][PBFT]checkAndChangeView: Reach consensus,org_view=965,org_changeCycle=0,cur_changeCycle=0,to_view=966
info|2019-12-13 01:00:51.950749|[g:1][CONSENSUS]addRawPrepare,height=96,reqIdx=1,hash=29ccb226...
info|2019-12-13 01:00:51.951220|[g:1][CONSENSUS][PBFT]checkTimeout Succ,view=966,toView=967,nodeIdx=3,changeCycle=0,myNode=f5b74845...,timecost=0.3
info|2019-12-13 01:00:51.956956|[g:1][CONSENSUS][PBFT]checkAndChangeView: Reach consensus,org_view=966,org_changeCycle=0,cur_changeCycle=0,to_view=967
info|2019-12-13 01:00:52.955604|[g:1][CONSENSUS]addRawPrepare,height=96,reqIdx=2,hash=c0fa8fe4...
info|2019-12-13 01:00:52.955865|[g:1][CONSENSUS][PBFT]checkTimeout Succ,view=967,toView=968,nodeIdx=3,changeCycle=0,myNode=f5b74845...,timecost=0.185
info|2019-12-13 01:00:52.959127|[g:1][CONSENSUS][PBFT]checkAndChangeView: Reach consensus,org_view=967,org_changeCycle=0,cur_changeCycle=0,to_view=968
info|2019-12-13 01:00:53.961887|[g:1][CONSENSUS][SEALER]++++++++++++++++ Generating seal on,blkNum=96,tx=0,nodeIdx=3,hash=a596bd3b...
info|2019-12-13 01:00:53.969179|[g:1][CONSENSUS][PBFT]checkTimeout Succ,view=968,toView=969,nodeIdx=3,changeCycle=0,myNode=f5b74845...,timecost=0.208
info|2019-12-13 01:00:53.970044|[g:1][CONSENSUS][PBFT]checkAndChangeView: Reach consensus,org_view=968,org_changeCycle=0,cur_changeCycle=0,to_view=969
info|2019-12-13 01:00:54.971917|[g:1][CONSENSUS]addRawPrepare,height=96,reqIdx=0,hash=6c1806a5...
info|2019-12-13 01:00:54.972143|[g:1][CONSENSUS][PBFT]checkTimeout Succ,view=969,toView=970,nodeIdx=3,changeCycle=0,myNode=f5b74845...,timecost=0.205
info|2019-12-13 01:00:54.972411|[g:1][CONSENSUS][PBFT]checkAndChangeView: Reach consensus,org_view=969,org_changeCycle=0,cur_changeCycle=0,to_view=970
info|2019-12-13 01:00:55.978057|[g:1][CONSENSUS]addRawPrepare,height=96,reqIdx=1,hash=d462ad55...
info|2019-12-13 01:00:55.978406|[g:1][CONSENSUS][PBFT]checkTimeout Succ,view=970,toView=971,nodeIdx=3,changeCycle=0,myNode=f5b74845...,timecost=0.244
info|2019-12-13 01:00:55.984322|[g:1][CONSENSUS][PBFT]checkAndChangeView: Reach consensus,org_view=970,org_changeCycle=0,cur_changeCycle=0,to_view=971
info|2019-12-13 01:00:56.980940|[g:1][CONSENSUS]addRawPrepare,height=96,reqIdx=2,hash=1b5eec83...
info|2019-12-13 01:00:56.981213|[g:1][CONSENSUS][PBFT]checkTimeout Succ,view=971,toView=972,nodeIdx=3,changeCycle=0,myNode=f5b74845...,timecost=0.196
info|2019-12-13 01:00:56.984474|[g:1][CONSENSUS][PBFT]checkAndChangeView: Reach consensus,org_view=971,org_changeCycle=0,cur_changeCycle=0,to_view=972
info|2019-12-13 01:00:57.986982|[g:1][CONSENSUS][SEALER]++++++++++++++++ Generating seal on,blkNum=96,tx=0,nodeIdx=3,hash=af68ce87...
info|2019-12-13 01:00:57.993847|[g:1][CONSENSUS][PBFT]checkTimeout Succ,view=972,toView=973,nodeIdx=3,changeCycle=0,myNode=f5b74845...,timecost=0.224
info|2019-12-13 01:00:57.994969|[g:1][CONSENSUS][PBFT]checkAndChangeView: Reach consensus,org_view=972,org_changeCycle=0,cur_changeCycle=0,to_view=973
info|2019-12-13 01:00:58.995115|[g:1][CONSENSUS]addRawPrepare,height=96,reqIdx=0,hash=adbdce75...
info|2019-12-13 01:00:58.995384|[g:1][CONSENSUS][PBFT]checkTimeout Succ,view=973,toView=974,nodeIdx=3,changeCycle=0,myNode=f5b74845...,timecost=0.242
info|2019-12-13 01:00:59.001300|[g:1][CONSENSUS][PBFT]checkAndChangeView: Reach consensus,org_view=973,org_changeCycle=0,cur_changeCycle=0,to_view=974
info|2019-12-13 01:00:59.354066|[P2P][Service] heartBeat,connected count=3
info|2019-12-13 01:01:00.006805|[g:1][CONSENSUS]addRawPrepare,height=96,reqIdx=1,hash=6a588155...
info|2019-12-13 01:01:00.007094|[g:1][CONSENSUS][PBFT]checkTimeout Succ,view=974,toView=975,nodeIdx=3,changeCycle=0,myNode=f5b74845...,timecost=0.219
info|2019-12-13 01:01:00.011871|[g:1][CONSENSUS][PBFT]checkAndChangeView: Reach consensus,org_view=974,org_changeCycle=0,cur_changeCycle=0,to_view=975
info|2019-12-13 01:01:01.014301|[g:1][CONSENSUS]addRawPrepare,height=96,reqIdx=2,hash=565218b8...
info|2019-12-13 01:01:01.014615|[g:1][CONSENSUS][PBFT]checkTimeout Succ,view=975,toView=976,nodeIdx=3,changeCycle=0,myNode=f5b74845...,timecost=0.198
info|2019-12-13 01:01:01.024384|[g:1][CONSENSUS][PBFT]checkAndChangeView: Reach consensus,org_view=975,org_changeCycle=0,cur_changeCycle=0,to_view=976
info|2019-12-13 01:01:02.028160|[g:1][CONSENSUS][SEALER]++++++++++++++++ Generating seal on,blkNum=96,tx=0,nodeIdx=3,hash=5e59a422...
info|2019-12-13 01:01:02.034358|[g:1][CONSENSUS][PBFT]checkTimeout Succ,view=976,toView=977,nodeIdx=3,changeCycle=0,myNode=f5b74845...,timecost=0.213
info|2019-12-13 01:01:02.035322|[g:1][CONSENSUS][PBFT]checkAndChangeView: Reach consensus,org_view=976,org_changeCycle=0,cur_changeCycle=0,to_view=977
info|2019-12-13 01:01:03.035846|[g:1][CONSENSUS]addRawPrepare,height=96,reqIdx=0,hash=88e565d2...
info|2019-12-13 01:01:03.036078|[g:1][CONSENSUS][PBFT]checkTimeout Succ,view=977,toView=978,nodeIdx=3,changeCycle=0,myNode=f5b74845...,timecost=0.208
info|2019-12-13 01:01:03.038130|[g:1][CONSENSUS][PBFT]checkAndChangeView: Reach consensus,org_view=977,org_changeCycle=0,cur_changeCycle=0,to_view=978
info|2019-12-13 01:01:04.040242|[g:1][CONSENSUS]addRawPrepare,height=96,reqIdx=1,hash=554eced1...
info|2019-12-13 01:01:04.040574|[g:1][CONSENSUS][PBFT]checkTimeout Succ,view=978,toView=979,nodeIdx=3,changeCycle=0,myNode=f5b74845...,timecost=0.187
info|2019-12-13 01:01:04.048949|[g:1][CONSENSUS][PBFT]checkAndChangeView: Reach consensus,org_view=978,org_changeCycle=0,cur_changeCycle=0,to_view=979
info|2019-12-13 01:01:05.051816|[g:1][CONSENSUS]addRawPrepare,height=96,reqIdx=2,hash=b257d887...
info|2019-12-13 01:01:05.052147|[g:1][CONSENSUS][PBFT]checkTimeout Succ,view=979,toView=980,nodeIdx=3,changeCycle=0,myNode=f5b74845...,timecost=0.238
info|2019-12-13 01:01:05.062143|[g:1][CONSENSUS][PBFT]checkAndChangeView: Reach consensus,org_view=979,org_changeCycle=0,cur_changeCycle=0,to_view=980
info|2019-12-13 01:01:06.063066|[g:1][CONSENSUS][SEALER]++++++++++++++++ Generating seal on,blkNum=96,tx=0,nodeIdx=3,hash=7c726c4c...
info|2019-12-13 01:01:06.073140|[g:1][CONSENSUS][PBFT]checkTimeout Succ,view=980,toView=981,nodeIdx=3,changeCycle=0,myNode=f5b74845...,timecost=0.275
info|2019-12-13 01:01:06.084735|[g:1][CONSENSUS][PBFT]checkAndChangeView: Reach consensus,org_view=980,org_changeCycle=0,cur_changeCycle=0,to_view=981
info|2019-12-13 01:01:07.074420|[g:1][CONSENSUS]addRawPrepare,height=96,reqIdx=0,hash=32988e30...
info|2019-12-13 01:01:07.074642|[g:1][CONSENSUS][PBFT]checkTimeout Succ,view=981,toView=982,nodeIdx=3,changeCycle=0,myNode=f5b74845...,timecost=0.197
info|2019-12-13 01:01:07.079173|[g:1][CONSENSUS][PBFT]checkAndChangeView: Reach consensus,org_view=981,org_changeCycle=0,cur_changeCycle=0,to_view=982
info|2019-12-13 01:01:08.082915|[g:1][CONSENSUS]addRawPrepare,height=96,reqIdx=1,hash=65e1153c...
info|2019-12-13 01:01:08.083211|[g:1][CONSENSUS][PBFT]checkTimeout Succ,view=982,toView=983,nodeIdx=3,changeCycle=0,myNode=f5b74845...,timecost=0.196
info|2019-12-13 01:01:08.086861|[g:1][CONSENSUS][PBFT]checkAndChangeView: Reach consensus,org_view=982,org_changeCycle=0,cur_changeCycle=0,to_view=983
info|2019-12-13 01:01:09.088142|[g:1][CONSENSUS]addRawPrepare,height=96,reqIdx=2,hash=8a71aff0...
info|2019-12-13 01:01:09.088608|[g:1][CONSENSUS][PBFT]checkTimeout Succ,view=983,toView=984,nodeIdx=3,changeCycle=0,myNode=f5b74845...,timecost=0.395
info|2019-12-13 01:01:09.112856|[g:1][CONSENSUS][PBFT]checkAndChangeView: Reach consensus,org_view=983,org_changeCycle=0,cur_changeCycle=0,to_view=984
info|2019-12-13 01:01:09.354175|[P2P][Service] heartBeat,connected count=3
info|2019-12-13 01:01:10.113843|[g:1][CONSENSUS][SEALER]++++++++++++++++ Generating seal on,blkNum=96,tx=0,nodeIdx=3,hash=3bb5af2f...
info|2019-12-13 01:01:10.126708|[g:1][CONSENSUS][PBFT]checkTimeout Succ,view=984,toView=985,nodeIdx=3,changeCycle=0,myNode=f5b74845...,timecost=0.201
info|2019-12-13 01:01:10.127430|[g:1][CONSENSUS][PBFT]checkAndChangeView: Reach consensus,org_view=984,org_changeCycle=0,cur_changeCycle=0,to_view=985
info|2019-12-13 01:01:11.128388|[g:1][CONSENSUS]addRawPrepare,height=96,reqIdx=0,hash=12d2376d...
info|2019-12-13 01:01:11.128700|[g:1][CONSENSUS][PBFT]checkTimeout Succ,view=985,toView=986,nodeIdx=3,changeCycle=0,myNode=f5b74845...,timecost=0.282
info|2019-12-13 01:01:11.136796|[g:1][CONSENSUS][PBFT]checkAndChangeView: Reach consensus,org_view=985,org_changeCycle=0,cur_changeCycle=0,to_view=986
info|2019-12-13 01:01:12.140739|[g:1][CONSENSUS]addRawPrepare,height=96,reqIdx=1,hash=d40edd91...
info|2019-12-13 01:01:12.141075|[g:1][CONSENSUS][PBFT]checkTimeout Succ,view=986,toView=987,nodeIdx=3,changeCycle=0,myNode=f5b74845...,timecost=0.261
info|2019-12-13 01:01:12.145616|[g:1][CONSENSUS][PBFT]checkAndChangeView: Reach consensus,org_view=986,org_changeCycle=0,cur_changeCycle=0,to_view=987
info|2019-12-13 01:01:13.149141|[g:1][CONSENSUS]addRawPrepare,height=96,reqIdx=2,hash=844f36ff...
info|2019-12-13 01:01:13.149521|[g:1][CONSENSUS][PBFT]checkTimeout Succ,view=987,toView=988,nodeIdx=3,changeCycle=0,myNode=f5b74845...,timecost=0.202
info|2019-12-13 01:01:13.152696|[g:1][CONSENSUS][PBFT]checkAndChangeView: Reach consensus,org_view=987,org_changeCycle=0,cur_changeCycle=0,to_view=988
info|2019-12-13 01:01:14.161314|[g:1][CONSENSUS][SEALER]++++++++++++++++ Generating seal on,blkNum=96,tx=0,nodeIdx=3,hash=9500bc0c...
info|2019-12-13 01:01:14.167572|[g:1][CONSENSUS][PBFT]checkTimeout Succ,view=988,toView=989,nodeIdx=3,changeCycle=0,myNode=f5b74845...,timecost=0.196
info|2019-12-13 01:01:14.168435|[g:1][CONSENSUS][PBFT]checkAndChangeView: Reach consensus,org_view=988,org_changeCycle=0,cur_changeCycle=0,to_view=989
info|2019-12-13 01:01:15.169405|[g:1][CONSENSUS][PBFT]Trigger fast-viewchange,view=989,toView=989,minView=990,INFO=,reqNum=95,curNum=95,GenIdx=2,Cview=990,view=989,fromIdx=2,fromNode=ad4f9855...,fromIp=127.0.0.1:38420,hash=ef150529...,nodeIdx=3,myNode=f5b74845...
info|2019-12-13 01:01:15.169783|[g:1][CONSENSUS][PBFT]checkAndChangeView: Reach consensus,org_view=989,org_changeCycle=0,cur_changeCycle=0,to_view=990
info|2019-12-13 01:01:15.169792|[g:1][CONSENSUS][PBFT]checkTimeout Succ,view=990,toView=990,nodeIdx=3,changeCycle=0,myNode=f5b74845...,timecost=0.307
info|2019-12-13 01:01:16.172503|[g:1][CONSENSUS]addRawPrepare,height=96,reqIdx=1,hash=8cdb6cb9...
info|2019-12-13 01:01:16.172782|[g:1][CONSENSUS][PBFT]checkTimeout Succ,view=990,toView=991,nodeIdx=3,changeCycle=0,myNode=f5b74845...,timecost=0.196
info|2019-12-13 01:01:16.177225|[g:1][CONSENSUS][PBFT]checkAndChangeView: Reach consensus,org_view=990,org_changeCycle=0,cur_changeCycle=0,to_view=991
info|2019-12-13 01:01:17.178111|[g:1][CONSENSUS]addRawPrepare,height=96,reqIdx=2,hash=bfe129eb...
info|2019-12-13 01:01:17.178452|[g:1][CONSENSUS][PBFT]checkTimeout Succ,view=991,toView=992,nodeIdx=3,changeCycle=0,myNode=f5b74845...,timecost=0.265
info|2019-12-13 01:01:17.187762|[g:1][CONSENSUS][PBFT]checkAndChangeView: Reach consensus,org_view=991,org_changeCycle=0,cur_changeCycle=0,to_view=992
info|2019-12-13 01:01:18.188783|[g:1][CONSENSUS][SEALER]++++++++++++++++ Generating seal on,blkNum=96,tx=0,nodeIdx=3,hash=8add0f17...
info|2019-12-13 01:01:18.195326|[g:1][CONSENSUS][PBFT]checkTimeout Succ,view=992,toView=993,nodeIdx=3,changeCycle=0,myNode=f5b74845...,timecost=0.272
info|2019-12-13 01:01:18.196232|[g:1][CONSENSUS][PBFT]checkAndChangeView: Reach consensus,org_view=992,org_changeCycle=0,cur_changeCycle=0,to_view=993
info|2019-12-13 01:01:19.197517|[g:1][CONSENSUS]addRawPrepare,height=96,reqIdx=0,hash=48d9d4f9...
info|2019-12-13 01:01:19.197774|[g:1][CONSENSUS][PBFT]checkTimeout Succ,view=993,toView=994,nodeIdx=3,changeCycle=0,myNode=f5b74845...,timecost=0.235
info|2019-12-13 01:01:19.202728|[g:1][CONSENSUS][PBFT]checkAndChangeView: Reach consensus,org_view=993,org_changeCycle=0,cur_changeCycle=0,to_view=994
info|2019-12-13 01:01:19.354798|[P2P][Service] heartBeat,connected count=3
info|2019-12-13 01:01:20.203913|[g:1][CONSENSUS]addRawPrepare,height=96,reqIdx=1,hash=791902db...
info|2019-12-13 01:01:20.204182|[g:1][CONSENSUS][PBFT]checkTimeout Succ,view=994,toView=995,nodeIdx=3,changeCycle=0,myNode=f5b74845...,timecost=0.187
info|2019-12-13 01:01:20.210811|[g:1][CONSENSUS][PBFT]checkAndChangeView: Reach consensus,org_view=994,org_changeCycle=0,cur_changeCycle=0,to_view=995
info|2019-12-13 01:01:21.208950|[g:1][CONSENSUS]addRawPrepare,height=96,reqIdx=2,hash=887d3288...
info|2019-12-13 01:01:21.212462|[g:1][CONSENSUS][PBFT]checkTimeout Succ,view=995,toView=996,nodeIdx=3,changeCycle=0,myNode=f5b74845...,timecost=3.269
info|2019-12-13 01:01:21.214178|[g:1][CONSENSUS][PBFT]checkAndChangeView: Reach consensus,org_view=995,org_changeCycle=0,cur_changeCycle=0,to_view=996
info|2019-12-13 01:01:22.216486|[g:1][CONSENSUS][SEALER]++++++++++++++++ Generating seal on,blkNum=96,tx=0,nodeIdx=3,hash=5ad8d455...
info|2019-12-13 01:01:22.226575|[g:1][CONSENSUS][PBFT]checkTimeout Succ,view=996,toView=997,nodeIdx=3,changeCycle=0,myNode=f5b74845...,timecost=4.525
info|2019-12-13 01:01:22.226944|[g:1][CONSENSUS][PBFT]checkAndChangeView: Reach consensus,org_view=996,org_changeCycle=0,cur_changeCycle=0,to_view=997
info|2019-12-13 01:01:23.222225|[g:1][CONSENSUS]addRawPrepare,height=96,reqIdx=0,hash=23cb8bd0...
info|2019-12-13 01:01:23.222607|[g:1][CONSENSUS][PBFT]checkTimeout Succ,view=997,toView=998,nodeIdx=3,changeCycle=0,myNode=f5b74845...,timecost=0.377
info|2019-12-13 01:01:23.225609|[g:1][CONSENSUS][PBFT]checkAndChangeView: Reach consensus,org_view=997,org_changeCycle=0,cur_changeCycle=0,to_view=998
info|2019-12-13 01:01:24.225889|[g:1][CONSENSUS]addRawPrepare,height=96,reqIdx=1,hash=e459602f...
info|2019-12-13 01:01:24.226152|[g:1][CONSENSUS][PBFT]checkTimeout Succ,view=998,toView=999,nodeIdx=3,changeCycle=0,myNode=f5b74845...,timecost=0.186
info|2019-12-13 01:01:24.229657|[g:1][CONSENSUS][PBFT]checkAndChangeView: Reach consensus,org_view=998,org_changeCycle=0,cur_changeCycle=0,to_view=999
info|2019-12-13 01:01:25.230088|[g:1][CONSENSUS]addRawPrepare,height=96,reqIdx=2,hash=09b44a4e...
info|2019-12-13 01:01:25.230395|[g:1][CONSENSUS][PBFT]checkTimeout Succ,view=999,toView=1000,nodeIdx=3,changeCycle=0,myNode=f5b74845...,timecost=0.191
info|2019-12-13 01:01:25.234342|[g:1][CONSENSUS][PBFT]checkAndChangeView: Reach consensus,org_view=999,org_changeCycle=0,cur_changeCycle=0,to_view=1000
info|2019-12-13 01:01:26.235720|[g:1][CONSENSUS][SEALER]++++++++++++++++ Generating seal on,blkNum=96,tx=0,nodeIdx=3,hash=ed510493...
info|2019-12-13 01:01:26.242903|[g:1][CONSENSUS][PBFT]checkTimeout Succ,view=1000,toView=1001,nodeIdx=3,changeCycle=0,myNode=f5b74845...,timecost=0.293
info|2019-12-13 01:01:26.243836|[g:1][CONSENSUS][PBFT]checkAndChangeView: Reach consensus,org_view=1000,org_changeCycle=0,cur_changeCycle=0,to_view=1001
info|2019-12-13 01:01:27.243156|[g:1][CONSENSUS]addRawPrepare,height=96,reqIdx=0,hash=9f067ffd...
info|2019-12-13 01:01:27.243565|[g:1][CONSENSUS][PBFT]checkTimeout Succ,view=1001,toView=1002,nodeIdx=3,changeCycle=0,myNode=f5b74845...,timecost=0.385
info|2019-12-13 01:01:27.248143|[g:1][CONSENSUS][PBFT]checkAndChangeView: Reach consensus,org_view=1001,org_changeCycle=0,cur_changeCycle=0,to_view=1002
info|2019-12-13 01:01:28.249555|[g:1][CONSENSUS]addRawPrepare,height=96,reqIdx=1,hash=5fc54c1b...
info|2019-12-13 01:01:28.249861|[g:1][CONSENSUS][PBFT]checkTimeout Succ,view=1002,toView=1003,nodeIdx=3,changeCycle=0,myNode=f5b74845...,timecost=0.254
info|2019-12-13 01:01:28.253930|[g:1][CONSENSUS][PBFT]checkAndChangeView: Reach consensus,org_view=1002,org_changeCycle=0,cur_changeCycle=0,to_view=1003
info|2019-12-13 01:01:29.253284|[g:1][CONSENSUS]addRawPrepare,height=96,reqIdx=2,hash=302bb024...
info|2019-12-13 01:01:29.253556|[g:1][CONSENSUS][PBFT]checkTimeout Succ,view=1003,toView=1004,nodeIdx=3,changeCycle=0,myNode=f5b74845...,timecost=0.188
info|2019-12-13 01:01:29.257616|[g:1][CONSENSUS][PBFT]checkAndChangeView: Reach consensus,org_view=1003,org_changeCycle=0,cur_changeCycle=0,to_view=1004
info|2019-12-13 01:01:29.355140|[P2P][Service] heartBeat,connected count=3
info|2019-12-13 01:01:30.258516|[g:1][CONSENSUS][SEALER]++++++++++++++++ Generating seal on,blkNum=96,tx=0,nodeIdx=3,hash=d7a0f30d...
info|2019-12-13 01:01:30.271274|[g:1][CONSENSUS][PBFT]checkTimeout Succ,view=1004,toView=1005,nodeIdx=3,changeCycle=0,myNode=f5b74845...,timecost=0.363
info|2019-12-13 01:01:30.271901|[g:1][CONSENSUS][PBFT]checkAndChangeView: Reach consensus,org_view=1004,org_changeCycle=0,cur_changeCycle=0,to_view=1005
info|2019-12-13 01:01:31.271106|[g:1][CONSENSUS]addRawPrepare,height=96,reqIdx=0,hash=618ecd9e...
info|2019-12-13 01:01:31.276056|[g:1][CONSENSUS][PBFT]checkTimeout Succ,view=1005,toView=1006,nodeIdx=3,changeCycle=0,myNode=f5b74845...,timecost=4.921
info|2019-12-13 01:01:31.278520|[g:1][CONSENSUS][PBFT]checkAndChangeView: Reach consensus,org_view=1005,org_changeCycle=0,cur_changeCycle=0,to_view=1006
info|2019-12-13 01:01:32.279378|[g:1][CONSENSUS]addRawPrepare,height=96,reqIdx=1,hash=b664fd1a...
info|2019-12-13 01:01:32.279678|[g:1][CONSENSUS][PBFT]checkTimeout Succ,view=1006,toView=1007,nodeIdx=3,changeCycle=0,myNode=f5b74845...,timecost=0.218
info|2019-12-13 01:01:32.289255|[g:1][CONSENSUS][PBFT]checkAndChangeView: Reach consensus,org_view=1006,org_changeCycle=0,cur_changeCycle=0,to_view=1007
info|2019-12-13 01:01:33.290601|[g:1][CONSENSUS]addRawPrepare,height=96,reqIdx=2,hash=5eb081c5...
info|2019-12-13 01:01:33.290960|[g:1][CONSENSUS][PBFT]checkTimeout Succ,view=1007,toView=1008,nodeIdx=3,changeCycle=0,myNode=f5b74845...,timecost=0.283
info|2019-12-13 01:01:33.294185|[g:1][CONSENSUS][PBFT]checkAndChangeView: Reach consensus,org_view=1007,org_changeCycle=0,cur_changeCycle=0,to_view=1008
info|2019-12-13 01:01:34.299273|[g:1][CONSENSUS][SEALER]++++++++++++++++ Generating seal on,blkNum=96,tx=0,nodeIdx=3,hash=8987c375...
info|2019-12-13 01:01:34.310121|[g:1][CONSENSUS][PBFT]checkTimeout Succ,view=1008,toView=1009,nodeIdx=3,changeCycle=0,myNode=f5b74845...,timecost=0.228
info|2019-12-13 01:01:34.313254|[g:1][CONSENSUS][PBFT]checkAndChangeView: Reach consensus,org_view=1008,org_changeCycle=0,cur_changeCycle=0,to_view=1009
info|2019-12-13 01:01:35.312770|[g:1][CONSENSUS][PBFT]Trigger fast-viewchange,view=1009,toView=1009,minView=1010,INFO=,reqNum=95,curNum=95,GenIdx=2,Cview=1010,view=1009,fromIdx=2,fromNode=ad4f9855...,fromIp=127.0.0.1:38420,hash=ef150529...,nodeIdx=3,myNode=f5b74845...
info|2019-12-13 01:01:35.313005|[g:1][CONSENSUS][PBFT]checkAndChangeView: Reach consensus,org_view=1009,org_changeCycle=0,cur_changeCycle=0,to_view=1010
info|2019-12-13 01:01:35.313013|[g:1][CONSENSUS][PBFT]checkTimeout Succ,view=1010,toView=1010,nodeIdx=3,changeCycle=0,myNode=f5b74845...,timecost=0.198
info|2019-12-13 01:01:36.323396|[g:1][CONSENSUS]addRawPrepare,height=96,reqIdx=1,hash=46e9a7ad...
info|2019-12-13 01:01:36.323739|[g:1][CONSENSUS][PBFT]checkTimeout Succ,view=1010,toView=1011,nodeIdx=3,changeCycle=0,myNode=f5b74845...,timecost=0.206
info|2019-12-13 01:01:36.331863|[g:1][CONSENSUS][PBFT]checkAndChangeView: Reach consensus,org_view=1010,org_changeCycle=0,cur_changeCycle=0,to_view=1011
info|2019-12-13 01:01:37.333597|[g:1][CONSENSUS]addRawPrepare,height=96,reqIdx=2,hash=dcfe9c1b...
info|2019-12-13 01:01:37.333977|[g:1][CONSENSUS][PBFT]checkTimeout Succ,view=1011,toView=1012,nodeIdx=3,changeCycle=0,myNode=f5b74845...,timecost=0.202
info|2019-12-13 01:01:37.340127|[g:1][CONSENSUS][PBFT]checkAndChangeView: Reach consensus,org_view=1011,org_changeCycle=0,cur_changeCycle=0,to_view=1012
info|2019-12-13 01:01:38.342137|[g:1][CONSENSUS][SEALER]++++++++++++++++ Generating seal on,blkNum=96,tx=0,nodeIdx=3,hash=0fcd660a...
info|2019-12-13 01:01:38.357066|[g:1][CONSENSUS][PBFT]checkTimeout Succ,view=1012,toView=1013,nodeIdx=3,changeCycle=0,myNode=f5b74845...,timecost=0.211
info|2019-12-13 01:01:38.361118|[g:1][CONSENSUS][PBFT]checkAndChangeView: Reach consensus,org_view=1012,org_changeCycle=0,cur_changeCycle=0,to_view=1013
info|2019-12-13 01:01:39.356174|[P2P][Service] heartBeat,connected count=3
info|2019-12-13 01:01:39.357949|[g:1][CONSENSUS]addRawPrepare,height=96,reqIdx=0,hash=77fecba6...
info|2019-12-13 01:01:39.358223|[g:1][CONSENSUS][PBFT]checkTimeout Succ,view=1013,toView=1014,nodeIdx=3,changeCycle=0,myNode=f5b74845...,timecost=0.248
info|2019-12-13 01:01:39.365911|[g:1][CONSENSUS][PBFT]checkAndChangeView: Reach consensus,org_view=1013,org_changeCycle=0,cur_changeCycle=0,to_view=1014
info|2019-12-13 01:01:40.366828|[g:1][CONSENSUS]addRawPrepare,height=96,reqIdx=1,hash=d2013b4c...
info|2019-12-13 01:01:40.367123|[g:1][CONSENSUS][PBFT]checkTimeout Succ,view=1014,toView=1015,nodeIdx=3,changeCycle=0,myNode=f5b74845...,timecost=0.223
info|2019-12-13 01:01:40.374951|[g:1][CONSENSUS][PBFT]checkAndChangeView: Reach consensus,org_view=1014,org_changeCycle=0,cur_changeCycle=0,to_view=1015
info|2019-12-13 01:01:41.374831|[g:1][CONSENSUS]addRawPrepare,height=96,reqIdx=2,hash=1a5f27fc...
info|2019-12-13 01:01:41.375137|[g:1][CONSENSUS][PBFT]checkTimeout Succ,view=1015,toView=1016,nodeIdx=3,changeCycle=0,myNode=f5b74845...,timecost=0.201
info|2019-12-13 01:01:41.382896|[g:1][CONSENSUS][PBFT]checkAndChangeView: Reach consensus,org_view=1015,org_changeCycle=0,cur_changeCycle=0,to_view=1016
info|2019-12-13 01:01:42.383758|[g:1][CONSENSUS][SEALER]++++++++++++++++ Generating seal on,blkNum=96,tx=0,nodeIdx=3,hash=c07d31b5...
info|2019-12-13 01:01:42.397044|[g:1][CONSENSUS][PBFT]checkTimeout Succ,view=1016,toView=1017,nodeIdx=3,changeCycle=0,myNode=f5b74845...,timecost=0.223
info|2019-12-13 01:01:42.398041|[g:1][CONSENSUS][PBFT]checkAndChangeView: Reach consensus,org_view=1016,org_changeCycle=0,cur_changeCycle=0,to_view=1017
info|2019-12-13 01:01:43.396398|[g:1][CONSENSUS]addRawPrepare,height=96,reqIdx=0,hash=146e986c...
info|2019-12-13 01:01:43.396732|[g:1][CONSENSUS][PBFT]checkTimeout Succ,view=1017,toView=1018,nodeIdx=3,changeCycle=0,myNode=f5b74845...,timecost=0.271
info|2019-12-13 01:01:43.401831|[g:1][CONSENSUS][PBFT]checkAndChangeView: Reach consensus,org_view=1017,org_changeCycle=0,cur_changeCycle=0,to_view=1018
info|2019-12-13 01:01:44.403677|[g:1][CONSENSUS]addRawPrepare,height=96,reqIdx=1,hash=41e3fcc4...
info|2019-12-13 01:01:44.403988|[g:1][CONSENSUS][PBFT]checkTimeout Succ,view=1018,toView=1019,nodeIdx=3,changeCycle=0,myNode=f5b74845...,timecost=0.235
info|2019-12-13 01:01:44.410756|[g:1][CONSENSUS][PBFT]checkAndChangeView: Reach consensus,org_view=1018,org_changeCycle=0,cur_changeCycle=0,to_view=1019
info|2019-12-13 01:01:45.411923|[g:1][CONSENSUS]addRawPrepare,height=96,reqIdx=2,hash=c9025c2a...
info|2019-12-13 01:01:45.412236|[g:1][CONSENSUS][PBFT]checkTimeout Succ,view=1019,toView=1020,nodeIdx=3,changeCycle=0,myNode=f5b74845...,timecost=0.2
info|2019-12-13 01:01:45.417568|[g:1][CONSENSUS][PBFT]checkAndChangeView: Reach consensus,org_view=1019,org_changeCycle=0,cur_changeCycle=0,to_view=1020
info|2019-12-13 01:01:46.418423|[g:1][CONSENSUS][SEALER]++++++++++++++++ Generating seal on,blkNum=96,tx=0,nodeIdx=3,hash=b06094fa...
info|2019-12-13 01:01:46.429401|[g:1][CONSENSUS][PBFT]checkTimeout Succ,view=1020,toView=1021,nodeIdx=3,changeCycle=0,myNode=f5b74845...,timecost=0.198
info|2019-12-13 01:01:46.430347|[g:1][CONSENSUS][PBFT]checkAndChangeView: Reach consensus,org_view=1020,org_changeCycle=0,cur_changeCycle=0,to_view=1021
info|2019-12-13 01:01:47.433117|[g:1][CONSENSUS]addRawPrepare,height=96,reqIdx=0,hash=0426beff...
info|2019-12-13 01:01:47.433383|[g:1][CONSENSUS][PBFT]checkTimeout Succ,view=1021,toView=1022,nodeIdx=3,changeCycle=0,myNode=f5b74845...,timecost=0.243
info|2019-12-13 01:01:47.433658|[g:1][CONSENSUS][PBFT]checkAndChangeView: Reach consensus,org_view=1021,org_changeCycle=0,cur_changeCycle=0,to_view=1022
info|2019-12-13 01:01:48.445309|[g:1][CONSENSUS]addRawPrepare,height=96,reqIdx=1,hash=6ea18d45...
info|2019-12-13 01:01:48.445683|[g:1][CONSENSUS][PBFT]checkTimeout Succ,view=1022,toView=1023,nodeIdx=3,changeCycle=0,myNode=f5b74845...,timecost=0.293
info|2019-12-13 01:01:48.452569|[g:1][CONSENSUS][PBFT]checkAndChangeView: Reach consensus,org_view=1022,org_changeCycle=0,cur_changeCycle=0,to_view=1023
info|2019-12-13 01:01:49.357129|[P2P][Service] heartBeat,connected count=3
info|2019-12-13 01:01:49.456364|[g:1][CONSENSUS]addRawPrepare,height=96,reqIdx=2,hash=b582c678...
info|2019-12-13 01:01:49.456678|[g:1][CONSENSUS][PBFT]checkTimeout Succ,view=1023,toView=1024,nodeIdx=3,changeCycle=0,myNode=f5b74845...,timecost=0.236
info|2019-12-13 01:01:49.464057|[g:1][CONSENSUS][PBFT]checkAndChangeView: Reach consensus,org_view=1023,org_changeCycle=0,cur_changeCycle=0,to_view=1024
info|2019-12-13 01:01:50.464649|[g:1][CONSENSUS][SEALER]++++++++++++++++ Generating seal on,blkNum=96,tx=0,nodeIdx=3,hash=f4a826b0...
info|2019-12-13 01:01:50.477037|[g:1][CONSENSUS][PBFT]checkTimeout Succ,view=1024,toView=1025,nodeIdx=3,changeCycle=0,myNode=f5b74845...,timecost=0.194
info|2019-12-13 01:01:50.477905|[g:1][CONSENSUS][PBFT]checkAndChangeView: Reach consensus,org_view=1024,org_changeCycle=0,cur_changeCycle=0,to_view=1025
info|2019-12-13 01:01:51.470394|[g:1][CONSENSUS]addRawPrepare,height=96,reqIdx=0,hash=c951c609...
info|2019-12-13 01:01:51.470616|[g:1][CONSENSUS][PBFT]checkTimeout Succ,view=1025,toView=1026,nodeIdx=3,changeCycle=0,myNode=f5b74845...,timecost=0.195
info|2019-12-13 01:01:51.473095|[g:1][CONSENSUS][PBFT]checkAndChangeView: Reach consensus,org_view=1025,org_changeCycle=0,cur_changeCycle=0,to_view=1026
info|2019-12-13 01:01:52.477372|[g:1][CONSENSUS]addRawPrepare,height=96,reqIdx=1,hash=5097692f...
info|2019-12-13 01:01:52.477810|[g:1][CONSENSUS][PBFT]checkTimeout Succ,view=1026,toView=1027,nodeIdx=3,changeCycle=0,myNode=f5b74845...,timecost=0.292
info|2019-12-13 01:01:52.487343|[g:1][CONSENSUS][PBFT]checkAndChangeView: Reach consensus,org_view=1026,org_changeCycle=0,cur_changeCycle=0,to_view=1027
info|2019-12-13 01:01:53.493300|[g:1][CONSENSUS]addRawPrepare,height=96,reqIdx=2,hash=b757f8b4...
info|2019-12-13 01:01:53.493725|[g:1][CONSENSUS][PBFT]checkTimeout Succ,view=1027,toView=1028,nodeIdx=3,changeCycle=0,myNode=f5b74845...,timecost=0.309
info|2019-12-13 01:01:53.501152|[g:1][CONSENSUS][PBFT]checkAndChangeView: Reach consensus,org_view=1027,org_changeCycle=0,cur_changeCycle=0,to_view=1028
info|2019-12-13 01:01:54.502268|[g:1][CONSENSUS][SEALER]++++++++++++++++ Generating seal on,blkNum=96,tx=0,nodeIdx=3,hash=1d12a2f2...
info|2019-12-13 01:01:54.513262|[g:1][CONSENSUS][PBFT]checkTimeout Succ,view=1028,toView=1029,nodeIdx=3,changeCycle=0,myNode=f5b74845...,timecost=0.207
info|2019-12-13 01:01:54.514224|[g:1][CONSENSUS][PBFT]checkAndChangeView: Reach consensus,org_view=1028,org_changeCycle=0,cur_changeCycle=0,to_view=1029
info|2019-12-13 01:01:55.515160|[g:1][CONSENSUS][PBFT]Trigger fast-viewchange,view=1029,toView=1029,minView=1030,INFO=,reqNum=95,curNum=95,GenIdx=2,Cview=1030,view=1029,fromIdx=2,fromNode=ad4f9855...,fromIp=127.0.0.1:38420,hash=ef150529...,nodeIdx=3,myNode=f5b74845...
info|2019-12-13 01:01:55.519446|[g:1][CONSENSUS][PBFT]checkAndChangeView: Reach consensus,org_view=1029,org_changeCycle=0,cur_changeCycle=0,to_view=1030
info|2019-12-13 01:01:55.519461|[g:1][CONSENSUS][PBFT]checkTimeout Succ,view=1030,toView=1030,nodeIdx=3,changeCycle=0,myNode=f5b74845...,timecost=4.26
info|2019-12-13 01:01:56.522617|[g:1][CONSENSUS]addRawPrepare,height=96,reqIdx=1,hash=9cc8fea8...
info|2019-12-13 01:01:56.522894|[g:1][CONSENSUS][PBFT]checkTimeout Succ,view=1030,toView=1031,nodeIdx=3,changeCycle=0,myNode=f5b74845...,timecost=0.196
info|2019-12-13 01:01:56.529000|[g:1][CONSENSUS][PBFT]checkAndChangeView: Reach consensus,org_view=1030,org_changeCycle=0,cur_changeCycle=0,to_view=1031
info|2019-12-13 01:01:57.530535|[g:1][CONSENSUS]addRawPrepare,height=96,reqIdx=2,hash=28399f6d...
info|2019-12-13 01:01:57.530912|[g:1][CONSENSUS][PBFT]checkTimeout Succ,view=1031,toView=1032,nodeIdx=3,changeCycle=0,myNode=f5b74845...,timecost=0.303
info|2019-12-13 01:01:57.540103|[g:1][CONSENSUS][PBFT]checkAndChangeView: Reach consensus,org_view=1031,org_changeCycle=0,cur_changeCycle=0,to_view=1032
info|2019-12-13 01:01:58.542920|[g:1][CONSENSUS][SEALER]++++++++++++++++ Generating seal on,blkNum=96,tx=0,nodeIdx=3,hash=2e203c13...
info|2019-12-13 01:01:58.555481|[g:1][CONSENSUS][PBFT]checkTimeout Succ,view=1032,toView=1033,nodeIdx=3,changeCycle=0,myNode=f5b74845...,timecost=0.258
info|2019-12-13 01:01:58.556498|[g:1][CONSENSUS][PBFT]checkAndChangeView: Reach consensus,org_view=1032,org_changeCycle=0,cur_changeCycle=0,to_view=1033
info|2019-12-13 01:01:59.357896|[P2P][Service] heartBeat,connected count=3
info|2019-12-13 01:01:59.553623|[g:1][CONSENSUS]addRawPrepare,height=96,reqIdx=0,hash=85dd6884...
info|2019-12-13 01:01:59.553842|[g:1][CONSENSUS][PBFT]checkTimeout Succ,view=1033,toView=1034,nodeIdx=3,changeCycle=0,myNode=f5b74845...,timecost=0.196
info|2019-12-13 01:01:59.555722|[g:1][CONSENSUS][PBFT]checkAndChangeView: Reach consensus,org_view=1033,org_changeCycle=0,cur_changeCycle=0,to_view=1034
info|2019-12-13 01:02:00.561977|[g:1][CONSENSUS]addRawPrepare,height=96,reqIdx=1,hash=9526b5e8...
info|2019-12-13 01:02:00.562310|[g:1][CONSENSUS][PBFT]checkTimeout Succ,view=1034,toView=1035,nodeIdx=3,changeCycle=0,myNode=f5b74845...,timecost=0.254
info|2019-12-13 01:02:00.570062|[g:1][CONSENSUS][PBFT]checkAndChangeView: Reach consensus,org_view=1034,org_changeCycle=0,cur_changeCycle=0,to_view=1035
info|2019-12-13 01:02:01.566294|[g:1][CONSENSUS]addRawPrepare,height=96,reqIdx=2,hash=2374b33a...
info|2019-12-13 01:02:01.566577|[g:1][CONSENSUS][PBFT]checkTimeout Succ,view=1035,toView=1036,nodeIdx=3,changeCycle=0,myNode=f5b74845...,timecost=0.212
info|2019-12-13 01:02:01.581494|[g:1][CONSENSUS][PBFT]checkAndChangeView: Reach consensus,org_view=1035,org_changeCycle=0,cur_changeCycle=0,to_view=1036
info|2019-12-13 01:02:02.582615|[g:1][CONSENSUS][SEALER]++++++++++++++++ Generating seal on,blkNum=96,tx=0,nodeIdx=3,hash=2707cdc6...
info|2019-12-13 01:02:02.593575|[g:1][CONSENSUS][PBFT]checkTimeout Succ,view=1036,toView=1037,nodeIdx=3,changeCycle=0,myNode=f5b74845...,timecost=0.198
info|2019-12-13 01:02:02.594537|[g:1][CONSENSUS][PBFT]checkAndChangeView: Reach consensus,org_view=1036,org_changeCycle=0,cur_changeCycle=0,to_view=1037
info|2019-12-13 01:02:03.595366|[g:1][CONSENSUS]addRawPrepare,height=96,reqIdx=0,hash=a617674c...
info|2019-12-13 01:02:03.600273|[g:1][CONSENSUS][PBFT]checkTimeout Succ,view=1037,toView=1038,nodeIdx=3,changeCycle=0,myNode=f5b74845...,timecost=4.832
info|2019-12-13 01:02:03.610809|[g:1][CONSENSUS][PBFT]checkAndChangeView: Reach consensus,org_view=1037,org_changeCycle=0,cur_changeCycle=0,to_view=1038
info|2019-12-13 01:02:04.611363|[g:1][CONSENSUS]addRawPrepare,height=96,reqIdx=1,hash=f537192e...
info|2019-12-13 01:02:04.611725|[g:1][CONSENSUS][PBFT]checkTimeout Succ,view=1038,toView=1039,nodeIdx=3,changeCycle=0,myNode=f5b74845...,timecost=0.288
info|2019-12-13 01:02:04.619961|[g:1][CONSENSUS][PBFT]checkAndChangeView: Reach consensus,org_view=1038,org_changeCycle=0,cur_changeCycle=0,to_view=1039
info|2019-12-13 01:02:05.621901|[g:1][CONSENSUS]addRawPrepare,height=96,reqIdx=2,hash=4335fe2e...
info|2019-12-13 01:02:05.622197|[g:1][CONSENSUS][PBFT]checkTimeout Succ,view=1039,toView=1040,nodeIdx=3,changeCycle=0,myNode=f5b74845...,timecost=0.197
info|2019-12-13 01:02:05.629100|[g:1][CONSENSUS][PBFT]checkAndChangeView: Reach consensus,org_view=1039,org_changeCycle=0,cur_changeCycle=0,to_view=1040
info|2019-12-13 01:02:06.629332|[g:1][CONSENSUS][SEALER]++++++++++++++++ Generating seal on,blkNum=96,tx=0,nodeIdx=3,hash=ca23f0fe...
info|2019-12-13 01:02:06.641860|[g:1][CONSENSUS][PBFT]checkTimeout Succ,view=1040,toView=1041,nodeIdx=3,changeCycle=0,myNode=f5b74845...,timecost=0.329
info|2019-12-13 01:02:06.643362|[g:1][CONSENSUS][PBFT]checkAndChangeView: Reach consensus,org_view=1040,org_changeCycle=0,cur_changeCycle=0,to_view=1041
info|2019-12-13 01:02:07.634457|[g:1][CONSENSUS]addRawPrepare,height=96,reqIdx=0,hash=ec83ae6a...
info|2019-12-13 01:02:07.634780|[g:1][CONSENSUS][PBFT]checkTimeout Succ,view=1041,toView=1042,nodeIdx=3,changeCycle=0,myNode=f5b74845...,timecost=0.302
info|2019-12-13 01:02:07.640211|[g:1][CONSENSUS][PBFT]checkAndChangeView: Reach consensus,org_view=1041,org_changeCycle=0,cur_changeCycle=0,to_view=1042
info|2019-12-13 01:02:08.649539|[g:1][CONSENSUS]addRawPrepare,height=96,reqIdx=1,hash=cd76710e...
info|2019-12-13 01:02:08.649894|[g:1][CONSENSUS][PBFT]checkTimeout Succ,view=1042,toView=1043,nodeIdx=3,changeCycle=0,myNode=f5b74845...,timecost=0.286
info|2019-12-13 01:02:08.659749|[g:1][CONSENSUS][PBFT]checkAndChangeView: Reach consensus,org_view=1042,org_changeCycle=0,cur_changeCycle=0,to_view=1043
info|2019-12-13 01:02:09.358488|[P2P][Service] heartBeat,connected count=3
info|2019-12-13 01:02:09.662319|[g:1][CONSENSUS]addRawPrepare,height=96,reqIdx=2,hash=c5b3eccc...
info|2019-12-13 01:02:09.662617|[g:1][CONSENSUS][PBFT]checkTimeout Succ,view=1043,toView=1044,nodeIdx=3,changeCycle=0,myNode=f5b74845...,timecost=0.208
info|2019-12-13 01:02:09.674407|[g:1][CONSENSUS][PBFT]checkAndChangeView: Reach consensus,org_view=1043,org_changeCycle=0,cur_changeCycle=0,to_view=1044
info|2019-12-13 01:02:10.676191|[g:1][CONSENSUS][SEALER]++++++++++++++++ Generating seal on,blkNum=96,tx=0,nodeIdx=3,hash=570fc4d5...
info|2019-12-13 01:02:10.694915|[g:1][CONSENSUS][PBFT]checkTimeout Succ,view=1044,toView=1045,nodeIdx=3,changeCycle=0,myNode=f5b74845...,timecost=0.62
info|2019-12-13 01:02:10.698907|[g:1][CONSENSUS][PBFT]checkAndChangeView: Reach consensus,org_view=1044,org_changeCycle=0,cur_changeCycle=0,to_view=1045
info|2019-12-13 01:02:11.691730|[g:1][CONSENSUS]addRawPrepare,height=96,reqIdx=0,hash=c77aa2af...
info|2019-12-13 01:02:11.691991|[g:1][CONSENSUS][PBFT]checkTimeout Succ,view=1045,toView=1046,nodeIdx=3,changeCycle=0,myNode=f5b74845...,timecost=0.238
info|2019-12-13 01:02:11.694406|[g:1][CONSENSUS][PBFT]checkAndChangeView: Reach consensus,org_view=1045,org_changeCycle=0,cur_changeCycle=0,to_view=1046
info|2019-12-13 01:02:12.699061|[g:1][CONSENSUS]addRawPrepare,height=96,reqIdx=1,hash=c7085fc2...
info|2019-12-13 01:02:12.699393|[g:1][CONSENSUS][PBFT]checkTimeout Succ,view=1046,toView=1047,nodeIdx=3,changeCycle=0,myNode=f5b74845...,timecost=0.26
info|2019-12-13 01:02:12.707612|[g:1][CONSENSUS][PBFT]checkAndChangeView: Reach consensus,org_view=1046,org_changeCycle=0,cur_changeCycle=0,to_view=1047
info|2019-12-13 01:02:13.710222|[g:1][CONSENSUS]addRawPrepare,height=96,reqIdx=2,hash=1e6b4cf4...
info|2019-12-13 01:02:13.710576|[g:1][CONSENSUS][PBFT]checkTimeout Succ,view=1047,toView=1048,nodeIdx=3,changeCycle=0,myNode=f5b74845...,timecost=0.273
info|2019-12-13 01:02:13.716718|[g:1][CONSENSUS][PBFT]checkAndChangeView: Reach consensus,org_view=1047,org_changeCycle=0,cur_changeCycle=0,to_view=1048
info|2019-12-13 01:02:14.723673|[g:1][CONSENSUS][SEALER]++++++++++++++++ Generating seal on,blkNum=96,tx=0,nodeIdx=3,hash=7663256d...
info|2019-12-13 01:02:14.733905|[g:1][CONSENSUS][PBFT]checkTimeout Succ,view=1048,toView=1049,nodeIdx=3,changeCycle=0,myNode=f5b74845...,timecost=0.21
info|2019-12-13 01:02:14.737394|[g:1][CONSENSUS][PBFT]checkAndChangeView: Reach consensus,org_view=1048,org_changeCycle=0,cur_changeCycle=0,to_view=1049
info|2019-12-13 01:02:15.735812|[g:1][CONSENSUS][PBFT]Trigger fast-viewchange,view=1049,toView=1049,minView=1050,INFO=,reqNum=95,curNum=95,GenIdx=2,Cview=1050,view=1049,fromIdx=2,fromNode=ad4f9855...,fromIp=127.0.0.1:38420,hash=ef150529...,nodeIdx=3,myNode=f5b74845...
info|2019-12-13 01:02:15.736048|[g:1][CONSENSUS][PBFT]checkAndChangeView: Reach consensus,org_view=1049,org_changeCycle=0,cur_changeCycle=0,to_view=1050
info|2019-12-13 01:02:15.736055|[g:1][CONSENSUS][PBFT]checkTimeout Succ,view=1050,toView=1050,nodeIdx=3,changeCycle=0,myNode=f5b74845...,timecost=0.189
info|2019-12-13 01:02:16.741638|[g:1][CONSENSUS]addRawPrepare,height=96,reqIdx=1,hash=2e6a3ed6...
info|2019-12-13 01:02:16.742005|[g:1][CONSENSUS][PBFT]checkTimeout Succ,view=1050,toView=1051,nodeIdx=3,changeCycle=0,myNode=f5b74845...,timecost=0.295
info|2019-12-13 01:02:16.747309|[g:1][CONSENSUS][PBFT]checkAndChangeView: Reach consensus,org_view=1050,org_changeCycle=0,cur_changeCycle=0,to_view=1051
info|2019-12-13 01:02:17.748946|[g:1][CONSENSUS]addRawPrepare,height=96,reqIdx=2,hash=5abd5353...
info|2019-12-13 01:02:17.749308|[g:1][CONSENSUS][PBFT]checkTimeout Succ,view=1051,toView=1052,nodeIdx=3,changeCycle=0,myNode=f5b74845...,timecost=0.291
info|2019-12-13 01:02:17.754624|[g:1][CONSENSUS][PBFT]checkAndChangeView: Reach consensus,org_view=1051,org_changeCycle=0,cur_changeCycle=0,to_view=1052
info|2019-12-13 01:02:18.755495|[g:1][CONSENSUS][SEALER]++++++++++++++++ Generating seal on,blkNum=96,tx=0,nodeIdx=3,hash=135c600a...
info|2019-12-13 01:02:18.772988|[g:1][CONSENSUS][PBFT]checkTimeout Succ,view=1052,toView=1053,nodeIdx=3,changeCycle=0,myNode=f5b74845...,timecost=0.245
info|2019-12-13 01:02:18.773999|[g:1][CONSENSUS][PBFT]checkAndChangeView: Reach consensus,org_view=1052,org_changeCycle=0,cur_changeCycle=0,to_view=1053
info|2019-12-13 01:02:19.358736|[P2P][Service] heartBeat,connected count=3
info|2019-12-13 01:02:19.781576|[g:1][CONSENSUS]addRawPrepare,height=96,reqIdx=0,hash=af306739...
info|2019-12-13 01:02:19.781811|[g:1][CONSENSUS][PBFT]checkTimeout Succ,view=1053,toView=1054,nodeIdx=3,changeCycle=0,myNode=f5b74845...,timecost=0.209
info|2019-12-13 01:02:19.823762|[g:1][CONSENSUS][PBFT]checkAndChangeView: Reach consensus,org_view=1053,org_changeCycle=0,cur_changeCycle=0,to_view=1054
info|2019-12-13 01:02:20.797859|[g:1][CONSENSUS]addRawPrepare,height=96,reqIdx=1,hash=3ca68ea5...
info|2019-12-13 01:02:20.798163|[g:1][CONSENSUS][PBFT]checkTimeout Succ,view=1054,toView=1055,nodeIdx=3,changeCycle=0,myNode=f5b74845...,timecost=0.231
info|2019-12-13 01:02:20.805791|[g:1][CONSENSUS][PBFT]checkAndChangeView: Reach consensus,org_view=1054,org_changeCycle=0,cur_changeCycle=0,to_view=1055
info|2019-12-13 01:02:21.806310|[g:1][CONSENSUS]addRawPrepare,height=96,reqIdx=2,hash=ef0d9642...
info|2019-12-13 01:02:21.806765|[g:1][CONSENSUS][PBFT]checkTimeout Succ,view=1055,toView=1056,nodeIdx=3,changeCycle=0,myNode=f5b74845...,timecost=0.3
info|2019-12-13 01:02:21.817524|[g:1][CONSENSUS][PBFT]checkAndChangeView: Reach consensus,org_view=1055,org_changeCycle=0,cur_changeCycle=0,to_view=1056
info|2019-12-13 01:02:22.820604|[g:1][CONSENSUS][SEALER]++++++++++++++++ Generating seal on,blkNum=96,tx=0,nodeIdx=3,hash=4b02adc9...
info|2019-12-13 01:02:22.831940|[g:1][CONSENSUS][PBFT]checkTimeout Succ,view=1056,toView=1057,nodeIdx=3,changeCycle=0,myNode=f5b74845...,timecost=0.214
info|2019-12-13 01:02:22.841867|[g:1][CONSENSUS][PBFT]checkAndChangeView: Reach consensus,org_view=1056,org_changeCycle=0,cur_changeCycle=0,to_view=1057
info|2019-12-13 01:02:23.830284|[g:1][CONSENSUS]addRawPrepare,height=96,reqIdx=0,hash=367724cd...
info|2019-12-13 01:02:23.830501|[g:1][CONSENSUS][PBFT]checkTimeout Succ,view=1057,toView=1058,nodeIdx=3,changeCycle=0,myNode=f5b74845...,timecost=0.195
info|2019-12-13 01:02:23.832405|[g:1][CONSENSUS][PBFT]checkAndChangeView: Reach consensus,org_view=1057,org_changeCycle=0,cur_changeCycle=0,to_view=1058
info|2019-12-13 01:02:24.840481|[g:1][CONSENSUS]addRawPrepare,height=96,reqIdx=1,hash=16e7d6f4...
info|2019-12-13 01:02:24.840767|[g:1][CONSENSUS][PBFT]checkTimeout Succ,view=1058,toView=1059,nodeIdx=3,changeCycle=0,myNode=f5b74845...,timecost=0.212
info|2019-12-13 01:02:24.846105|[g:1][CONSENSUS][PBFT]checkAndChangeView: Reach consensus,org_view=1058,org_changeCycle=0,cur_changeCycle=0,to_view=1059
info|2019-12-13 01:02:25.843900|[g:1][CONSENSUS]addRawPrepare,height=96,reqIdx=2,hash=31389829...
info|2019-12-13 01:02:25.844213|[g:1][CONSENSUS][PBFT]checkTimeout Succ,view=1059,toView=1060,nodeIdx=3,changeCycle=0,myNode=f5b74845...,timecost=0.237
info|2019-12-13 01:02:25.850367|[g:1][CONSENSUS][PBFT]checkAndChangeView: Reach consensus,org_view=1059,org_changeCycle=0,cur_changeCycle=0,to_view=1060
info|2019-12-13 01:02:26.850433|[g:1][CONSENSUS][SEALER]++++++++++++++++ Generating seal on,blkNum=96,tx=0,nodeIdx=3,hash=b5c79820...
info|2019-12-13 01:02:26.859743|[g:1][CONSENSUS][PBFT]checkTimeout Succ,view=1060,toView=1061,nodeIdx=3,changeCycle=0,myNode=f5b74845...,timecost=0.196
info|2019-12-13 01:02:26.863574|[g:1][CONSENSUS][PBFT]checkAndChangeView: Reach consensus,org_view=1060,org_changeCycle=0,cur_changeCycle=0,to_view=1061
info|2019-12-13 01:02:27.859264|[g:1][CONSENSUS]addRawPrepare,height=96,reqIdx=0,hash=4cd345e2...
info|2019-12-13 01:02:27.860642|[g:1][CONSENSUS][PBFT]checkTimeout Succ,view=1061,toView=1062,nodeIdx=3,changeCycle=0,myNode=f5b74845...,timecost=1.356
info|2019-12-13 01:02:27.861550|[g:1][CONSENSUS][PBFT]checkAndChangeView: Reach consensus,org_view=1061,org_changeCycle=0,cur_changeCycle=0,to_view=1062
info|2019-12-13 01:02:28.866535|[g:1][CONSENSUS]addRawPrepare,height=96,reqIdx=1,hash=2bb2c4aa...
info|2019-12-13 01:02:28.866872|[g:1][CONSENSUS][PBFT]checkTimeout Succ,view=1062,toView=1063,nodeIdx=3,changeCycle=0,myNode=f5b74845...,timecost=0.263
info|2019-12-13 01:02:28.873227|[g:1][CONSENSUS][PBFT]checkAndChangeView: Reach consensus,org_view=1062,org_changeCycle=0,cur_changeCycle=0,to_view=1063
info|2019-12-13 01:02:29.359809|[P2P][Service] heartBeat,connected count=3
info|2019-12-13 01:02:29.870730|[g:1][CONSENSUS]addRawPrepare,height=96,reqIdx=2,hash=335193b1...
info|2019-12-13 01:02:29.870951|[g:1][CONSENSUS][PBFT]checkTimeout Succ,view=1063,toView=1064,nodeIdx=3,changeCycle=0,myNode=f5b74845...,timecost=0.195
info|2019-12-13 01:02:29.872856|[g:1][CONSENSUS][PBFT]checkAndChangeView: Reach consensus,org_view=1063,org_changeCycle=0,cur_changeCycle=0,to_view=1064
info|2019-12-13 01:02:30.877369|[g:1][CONSENSUS][SEALER]++++++++++++++++ Generating seal on,blkNum=96,tx=0,nodeIdx=3,hash=7d460a12...
info|2019-12-13 01:02:30.889756|[g:1][CONSENSUS][PBFT]checkTimeout Succ,view=1064,toView=1065,nodeIdx=3,changeCycle=0,myNode=f5b74845...,timecost=0.198
info|2019-12-13 01:02:30.890629|[g:1][CONSENSUS][PBFT]checkAndChangeView: Reach consensus,org_view=1064,org_changeCycle=0,cur_changeCycle=0,to_view=1065
info|2019-12-13 01:02:31.890552|[g:1][CONSENSUS]addRawPrepare,height=96,reqIdx=0,hash=73dcfe69...
info|2019-12-13 01:02:31.890779|[g:1][CONSENSUS][PBFT]checkTimeout Succ,view=1065,toView=1066,nodeIdx=3,changeCycle=0,myNode=f5b74845...,timecost=0.2
info|2019-12-13 01:02:31.898346|[g:1][CONSENSUS][PBFT]checkAndChangeView: Reach consensus,org_view=1065,org_changeCycle=0,cur_changeCycle=0,to_view=1066
info|2019-12-13 01:02:32.900723|[g:1][CONSENSUS]addRawPrepare,height=96,reqIdx=1,hash=bee57022...
info|2019-12-13 01:02:32.901072|[g:1][CONSENSUS][PBFT]checkTimeout Succ,view=1066,toView=1067,nodeIdx=3,changeCycle=0,myNode=f5b74845...,timecost=0.243
info|2019-12-13 01:02:32.911346|[g:1][CONSENSUS][PBFT]checkAndChangeView: Reach consensus,org_view=1066,org_changeCycle=0,cur_changeCycle=0,to_view=1067
info|2019-12-13 01:02:33.907500|[g:1][CONSENSUS]addRawPrepare,height=96,reqIdx=2,hash=a0b23250...
info|2019-12-13 01:02:33.907807|[g:1][CONSENSUS][PBFT]checkTimeout Succ,view=1067,toView=1068,nodeIdx=3,changeCycle=0,myNode=f5b74845...,timecost=0.232
info|2019-12-13 01:02:33.915044|[g:1][CONSENSUS][PBFT]checkAndChangeView: Reach consensus,org_view=1067,org_changeCycle=0,cur_changeCycle=0,to_view=1068
info|2019-12-13 01:02:34.915177|[g:1][CONSENSUS][SEALER]++++++++++++++++ Generating seal on,blkNum=96,tx=0,nodeIdx=3,hash=fe7d8b99...
info|2019-12-13 01:02:34.930098|[g:1][CONSENSUS][PBFT]checkTimeout Succ,view=1068,toView=1069,nodeIdx=3,changeCycle=0,myNode=f5b74845...,timecost=0.229
info|2019-12-13 01:02:34.931094|[g:1][CONSENSUS][PBFT]checkAndChangeView: Reach consensus,org_view=1068,org_changeCycle=0,cur_changeCycle=0,to_view=1069
info|2019-12-13 01:02:35.929742|[g:1][CONSENSUS]addRawPrepare,height=96,reqIdx=0,hash=4cfae29c...
info|2019-12-13 01:02:35.929959|[g:1][CONSENSUS][PBFT]checkTimeout Succ,view=1069,toView=1070,nodeIdx=3,changeCycle=0,myNode=f5b74845...,timecost=0.195
info|2019-12-13 01:02:35.936681|[g:1][CONSENSUS][PBFT]checkAndChangeView: Reach consensus,org_view=1069,org_changeCycle=0,cur_changeCycle=0,to_view=1070
info|2019-12-13 01:02:36.940974|[g:1][CONSENSUS]addRawPrepare,height=96,reqIdx=1,hash=c7847eb5...
info|2019-12-13 01:02:36.941321|[g:1][CONSENSUS][PBFT]checkTimeout Succ,view=1070,toView=1071,nodeIdx=3,changeCycle=0,myNode=f5b74845...,timecost=0.269
info|2019-12-13 01:02:36.949636|[g:1][CONSENSUS][PBFT]checkAndChangeView: Reach consensus,org_view=1070,org_changeCycle=0,cur_changeCycle=0,to_view=1071
info|2019-12-13 01:02:37.952145|[g:1][CONSENSUS]addRawPrepare,height=96,reqIdx=2,hash=611d9176...
info|2019-12-13 01:02:37.952479|[g:1][CONSENSUS][PBFT]checkTimeout Succ,view=1071,toView=1072,nodeIdx=3,changeCycle=0,myNode=f5b74845...,timecost=0.27
info|2019-12-13 01:02:37.969181|[g:1][CONSENSUS][PBFT]checkAndChangeView: Reach consensus,org_view=1071,org_changeCycle=0,cur_changeCycle=0,to_view=1072
info|2019-12-13 01:02:38.974397|[g:1][CONSENSUS][SEALER]++++++++++++++++ Generating seal on,blkNum=96,tx=0,nodeIdx=3,hash=6bee2908...
info|2019-12-13 01:02:38.986092|[g:1][CONSENSUS][PBFT]checkTimeout Succ,view=1072,toView=1073,nodeIdx=3,changeCycle=0,myNode=f5b74845...,timecost=0.295
info|2019-12-13 01:02:38.988723|[g:1][CONSENSUS][PBFT]checkAndChangeView: Reach consensus,org_view=1072,org_changeCycle=0,cur_changeCycle=0,to_view=1073
info|2019-12-13 01:02:39.360793|[P2P][Service] heartBeat,connected count=3
info|2019-12-13 01:02:39.986903|[g:1][CONSENSUS]addRawPrepare,height=96,reqIdx=0,hash=11160ed1...
info|2019-12-13 01:02:39.987149|[g:1][CONSENSUS][PBFT]checkTimeout Succ,view=1073,toView=1074,nodeIdx=3,changeCycle=0,myNode=f5b74845...,timecost=0.206
info|2019-12-13 01:02:39.995247|[g:1][CONSENSUS][PBFT]checkAndChangeView: Reach consensus,org_view=1073,org_changeCycle=0,cur_changeCycle=0,to_view=1074
info|2019-12-13 01:02:40.997208|[g:1][CONSENSUS]addRawPrepare,height=96,reqIdx=1,hash=ec567f8e...
info|2019-12-13 01:02:40.997600|[g:1][CONSENSUS][PBFT]checkTimeout Succ,view=1074,toView=1075,nodeIdx=3,changeCycle=0,myNode=f5b74845...,timecost=0.321
info|2019-12-13 01:02:41.004612|[g:1][CONSENSUS][PBFT]checkAndChangeView: Reach consensus,org_view=1074,org_changeCycle=0,cur_changeCycle=0,to_view=1075
info|2019-12-13 01:02:42.008618|[g:1][CONSENSUS]addRawPrepare,height=96,reqIdx=2,hash=2cf5b023...
info|2019-12-13 01:02:42.008981|[g:1][CONSENSUS][PBFT]checkTimeout Succ,view=1075,toView=1076,nodeIdx=3,changeCycle=0,myNode=f5b74845...,timecost=0.207
info|2019-12-13 01:02:42.015842|[g:1][CONSENSUS][PBFT]checkAndChangeView: Reach consensus,org_view=1075,org_changeCycle=0,cur_changeCycle=0,to_view=1076
info|2019-12-13 01:02:43.015973|[g:1][CONSENSUS][SEALER]++++++++++++++++ Generating seal on,blkNum=96,tx=0,nodeIdx=3,hash=734a558b...
info|2019-12-13 01:02:43.032074|[g:1][CONSENSUS][PBFT]checkTimeout Succ,view=1076,toView=1077,nodeIdx=3,changeCycle=0,myNode=f5b74845...,timecost=0.203
info|2019-12-13 01:02:43.033068|[g:1][CONSENSUS][PBFT]checkAndChangeView: Reach consensus,org_view=1076,org_changeCycle=0,cur_changeCycle=0,to_view=1077
info|2019-12-13 01:02:44.029938|[g:1][CONSENSUS]addRawPrepare,height=96,reqIdx=0,hash=15ceae3c...
info|2019-12-13 01:02:44.030188|[g:1][CONSENSUS][PBFT]checkTimeout Succ,view=1077,toView=1078,nodeIdx=3,changeCycle=0,myNode=f5b74845...,timecost=0.227
info|2019-12-13 01:02:44.032061|[g:1][CONSENSUS][PBFT]checkAndChangeView: Reach consensus,org_view=1077,org_changeCycle=0,cur_changeCycle=0,to_view=1078
info|2019-12-13 01:02:45.038038|[g:1][CONSENSUS]addRawPrepare,height=96,reqIdx=1,hash=20894fb4...
info|2019-12-13 01:02:45.038489|[g:1][CONSENSUS][PBFT]checkTimeout Succ,view=1078,toView=1079,nodeIdx=3,changeCycle=0,myNode=f5b74845...,timecost=0.372
info|2019-12-13 01:02:45.044074|[g:1][CONSENSUS][PBFT]checkAndChangeView: Reach consensus,org_view=1078,org_changeCycle=0,cur_changeCycle=0,to_view=1079
info|2019-12-13 01:02:46.046362|[g:1][CONSENSUS]addRawPrepare,height=96,reqIdx=2,hash=5fd8ed03...
info|2019-12-13 01:02:46.046746|[g:1][CONSENSUS][PBFT]checkTimeout Succ,view=1079,toView=1080,nodeIdx=3,changeCycle=0,myNode=f5b74845...,timecost=0.226
info|2019-12-13 01:02:46.058930|[g:1][CONSENSUS][PBFT]checkAndChangeView: Reach consensus,org_view=1079,org_changeCycle=0,cur_changeCycle=0,to_view=1080
info|2019-12-13 01:02:47.060686|[g:1][CONSENSUS][SEALER]++++++++++++++++ Generating seal on,blkNum=96,tx=0,nodeIdx=3,hash=649feac6...
info|2019-12-13 01:02:47.073991|[g:1][CONSENSUS][PBFT]checkTimeout Succ,view=1080,toView=1081,nodeIdx=3,changeCycle=0,myNode=f5b74845...,timecost=0.199
info|2019-12-13 01:02:47.074806|[g:1][CONSENSUS][PBFT]checkAndChangeView: Reach consensus,org_view=1080,org_changeCycle=0,cur_changeCycle=0,to_view=1081
info|2019-12-13 01:02:48.071458|[g:1][CONSENSUS]addRawPrepare,height=96,reqIdx=0,hash=12cd2eb5...
info|2019-12-13 01:02:48.071771|[g:1][CONSENSUS][PBFT]checkTimeout Succ,view=1081,toView=1082,nodeIdx=3,changeCycle=0,myNode=f5b74845...,timecost=0.291
info|2019-12-13 01:02:48.074201|[g:1][CONSENSUS][PBFT]checkAndChangeView: Reach consensus,org_view=1081,org_changeCycle=0,cur_changeCycle=0,to_view=1082
info|2019-12-13 01:02:49.080672|[g:1][CONSENSUS]addRawPrepare,height=96,reqIdx=1,hash=4a3e9ac5...
info|2019-12-13 01:02:49.080987|[g:1][CONSENSUS][PBFT]checkTimeout Succ,view=1082,toView=1083,nodeIdx=3,changeCycle=0,myNode=f5b74845...,timecost=0.239
info|2019-12-13 01:02:49.087442|[g:1][CONSENSUS][PBFT]checkAndChangeView: Reach consensus,org_view=1082,org_changeCycle=0,cur_changeCycle=0,to_view=1083
info|2019-12-13 01:02:49.361171|[P2P][Service] heartBeat,connected count=3
info|2019-12-13 01:02:50.088858|[g:1][CONSENSUS]addRawPrepare,height=96,reqIdx=2,hash=17843a59...
info|2019-12-13 01:02:50.089231|[g:1][CONSENSUS][PBFT]checkTimeout Succ,view=1083,toView=1084,nodeIdx=3,changeCycle=0,myNode=f5b74845...,timecost=0.299
info|2019-12-13 01:02:50.095642|[g:1][CONSENSUS][PBFT]checkAndChangeView: Reach consensus,org_view=1083,org_changeCycle=0,cur_changeCycle=0,to_view=1084
info|2019-12-13 01:02:51.097583|[g:1][CONSENSUS][SEALER]++++++++++++++++ Generating seal on,blkNum=96,tx=0,nodeIdx=3,hash=688753ad...
info|2019-12-13 01:02:51.109473|[g:1][CONSENSUS][PBFT]checkTimeout Succ,view=1084,toView=1085,nodeIdx=3,changeCycle=0,myNode=f5b74845...,timecost=0.209
info|2019-12-13 01:02:51.111642|[g:1][CONSENSUS][PBFT]checkAndChangeView: Reach consensus,org_view=1084,org_changeCycle=0,cur_changeCycle=0,to_view=1085
info|2019-12-13 01:02:52.111590|[g:1][CONSENSUS]addRawPrepare,height=96,reqIdx=0,hash=7c2a327d...
info|2019-12-13 01:02:52.111959|[g:1][CONSENSUS][PBFT]checkTimeout Succ,view=1085,toView=1086,nodeIdx=3,changeCycle=0,myNode=f5b74845...,timecost=0.329
info|2019-12-13 01:02:52.116052|[g:1][CONSENSUS][PBFT]checkAndChangeView: Reach consensus,org_view=1085,org_changeCycle=0,cur_changeCycle=0,to_view=1086
info|2019-12-13 01:02:53.120296|[g:1][CONSENSUS]addRawPrepare,height=96,reqIdx=1,hash=e722182c...
info|2019-12-13 01:02:53.120628|[g:1][CONSENSUS][PBFT]checkTimeout Succ,view=1086,toView=1087,nodeIdx=3,changeCycle=0,myNode=f5b74845...,timecost=0.251
info|2019-12-13 01:02:53.127882|[g:1][CONSENSUS][PBFT]checkAndChangeView: Reach consensus,org_view=1086,org_changeCycle=0,cur_changeCycle=0,to_view=1087
info|2019-12-13 01:02:54.131544|[g:1][CONSENSUS]addRawPrepare,height=96,reqIdx=2,hash=ac4e6af8...
info|2019-12-13 01:02:54.131874|[g:1][CONSENSUS][PBFT]checkTimeout Succ,view=1087,toView=1088,nodeIdx=3,changeCycle=0,myNode=f5b74845...,timecost=0.207
info|2019-12-13 01:02:54.138160|[g:1][CONSENSUS][PBFT]checkAndChangeView: Reach consensus,org_view=1087,org_changeCycle=0,cur_changeCycle=0,to_view=1088
info|2019-12-13 01:02:55.138460|[g:1][CONSENSUS][SEALER]++++++++++++++++ Generating seal on,blkNum=96,tx=0,nodeIdx=3,hash=388ddc5e...
info|2019-12-13 01:02:55.151039|[g:1][CONSENSUS][PBFT]checkTimeout Succ,view=1088,toView=1089,nodeIdx=3,changeCycle=0,myNode=f5b74845...,timecost=0.309
info|2019-12-13 01:02:55.156360|[g:1][CONSENSUS][PBFT]checkAndChangeView: Reach consensus,org_view=1088,org_changeCycle=0,cur_changeCycle=0,to_view=1089
info|2019-12-13 01:02:56.149151|[g:1][CONSENSUS]addRawPrepare,height=96,reqIdx=0,hash=adaf0a01...
info|2019-12-13 01:02:56.149367|[g:1][CONSENSUS][PBFT]checkTimeout Succ,view=1089,toView=1090,nodeIdx=3,changeCycle=0,myNode=f5b74845...,timecost=0.193
info|2019-12-13 01:02:56.156166|[g:1][CONSENSUS][PBFT]checkAndChangeView: Reach consensus,org_view=1089,org_changeCycle=0,cur_changeCycle=0,to_view=1090
info|2019-12-13 01:02:57.157433|[g:1][CONSENSUS]addRawPrepare,height=96,reqIdx=1,hash=518fba05...
info|2019-12-13 01:02:57.157817|[g:1][CONSENSUS][PBFT]checkTimeout Succ,view=1090,toView=1091,nodeIdx=3,changeCycle=0,myNode=f5b74845...,timecost=0.307
info|2019-12-13 01:02:57.164109|[g:1][CONSENSUS][PBFT]checkAndChangeView: Reach consensus,org_view=1090,org_changeCycle=0,cur_changeCycle=0,to_view=1091
info|2019-12-13 01:02:58.165407|[g:1][CONSENSUS]addRawPrepare,height=96,reqIdx=2,hash=618bdfa6...
info|2019-12-13 01:02:58.165764|[g:1][CONSENSUS][PBFT]checkTimeout Succ,view=1091,toView=1092,nodeIdx=3,changeCycle=0,myNode=f5b74845...,timecost=0.23
info|2019-12-13 01:02:58.176400|[g:1][CONSENSUS][PBFT]checkAndChangeView: Reach consensus,org_view=1091,org_changeCycle=0,cur_changeCycle=0,to_view=1092
info|2019-12-13 01:02:59.178028|[g:1][CONSENSUS][SEALER]++++++++++++++++ Generating seal on,blkNum=96,tx=0,nodeIdx=3,hash=e065e22c...
info|2019-12-13 01:02:59.187274|[g:1][CONSENSUS][PBFT]checkTimeout Succ,view=1092,toView=1093,nodeIdx=3,changeCycle=0,myNode=f5b74845...,timecost=0.207
info|2019-12-13 01:02:59.195396|[g:1][CONSENSUS][PBFT]checkAndChangeView: Reach consensus,org_view=1092,org_changeCycle=0,cur_changeCycle=0,to_view=1093
info|2019-12-13 01:02:59.361521|[P2P][Service] heartBeat,connected count=3
info|2019-12-13 01:03:00.189688|[g:1][CONSENSUS]addRawPrepare,height=96,reqIdx=0,hash=138079a1...
info|2019-12-13 01:03:00.189917|[g:1][CONSENSUS][PBFT]checkTimeout Succ,view=1093,toView=1094,nodeIdx=3,changeCycle=0,myNode=f5b74845...,timecost=0.205
info|2019-12-13 01:03:00.197641|[g:1][CONSENSUS][PBFT]checkAndChangeView: Reach consensus,org_view=1093,org_changeCycle=0,cur_changeCycle=0,to_view=1094
info|2019-12-13 01:03:01.200153|[g:1][CONSENSUS]addRawPrepare,height=96,reqIdx=1,hash=5dcf3a40...
info|2019-12-13 01:03:01.200519|[g:1][CONSENSUS][PBFT]checkTimeout Succ,view=1094,toView=1095,nodeIdx=3,changeCycle=0,myNode=f5b74845...,timecost=0.201
info|2019-12-13 01:03:01.210127|[g:1][CONSENSUS][PBFT]checkAndChangeView: Reach consensus,org_view=1094,org_changeCycle=0,cur_changeCycle=0,to_view=1095
info|2019-12-13 01:03:02.213426|[g:1][CONSENSUS]addRawPrepare,height=96,reqIdx=2,hash=bf454f7e...
info|2019-12-13 01:03:02.213881|[g:1][CONSENSUS][PBFT]checkTimeout Succ,view=1095,toView=1096,nodeIdx=3,changeCycle=0,myNode=f5b74845...,timecost=0.34
info|2019-12-13 01:03:02.228624|[g:1][CONSENSUS][PBFT]checkAndChangeView: Reach consensus,org_view=1095,org_changeCycle=0,cur_changeCycle=0,to_view=1096
info|2019-12-13 01:03:03.228229|[g:1][CONSENSUS][SEALER]++++++++++++++++ Generating seal on,blkNum=96,tx=0,nodeIdx=3,hash=c417e0d2...
info|2019-12-13 01:03:03.253133|[g:1][CONSENSUS][PBFT]checkTimeout Succ,view=1096,toView=1097,nodeIdx=3,changeCycle=0,myNode=f5b74845...,timecost=0.226
info|2019-12-13 01:03:03.254461|[g:1][CONSENSUS][PBFT]checkAndChangeView: Reach consensus,org_view=1096,org_changeCycle=0,cur_changeCycle=0,to_view=1097
info|2019-12-13 01:03:04.245738|[g:1][CONSENSUS]addRawPrepare,height=96,reqIdx=0,hash=6b0fe86c...
info|2019-12-13 01:03:04.245998|[g:1][CONSENSUS][PBFT]checkTimeout Succ,view=1097,toView=1098,nodeIdx=3,changeCycle=0,myNode=f5b74845...,timecost=0.237
info|2019-12-13 01:03:04.253246|[g:1][CONSENSUS][PBFT]checkAndChangeView: Reach consensus,org_view=1097,org_changeCycle=0,cur_changeCycle=0,to_view=1098
info|2019-12-13 01:03:05.257165|[g:1][CONSENSUS]addRawPrepare,height=96,reqIdx=1,hash=c40f3686...
info|2019-12-13 01:03:05.257458|[g:1][CONSENSUS][PBFT]checkTimeout Succ,view=1098,toView=1099,nodeIdx=3,changeCycle=0,myNode=f5b74845...,timecost=0.22
info|2019-12-13 01:03:05.265162|[g:1][CONSENSUS][PBFT]checkAndChangeView: Reach consensus,org_view=1098,org_changeCycle=0,cur_changeCycle=0,to_view=1099
info|2019-12-13 01:03:06.266364|[g:1][CONSENSUS]addRawPrepare,height=96,reqIdx=2,hash=0c9cdde8...
info|2019-12-13 01:03:06.266700|[g:1][CONSENSUS][PBFT]checkTimeout Succ,view=1099,toView=1100,nodeIdx=3,changeCycle=0,myNode=f5b74845...,timecost=0.256
info|2019-12-13 01:03:06.272940|[g:1][CONSENSUS][PBFT]checkAndChangeView: Reach consensus,org_view=1099,org_changeCycle=0,cur_changeCycle=0,to_view=1100
info|2019-12-13 01:03:07.273059|[g:1][CONSENSUS][SEALER]++++++++++++++++ Generating seal on,blkNum=96,tx=0,nodeIdx=3,hash=3242a69c...
info|2019-12-13 01:03:07.291394|[g:1][CONSENSUS][PBFT]checkTimeout Succ,view=1100,toView=1101,nodeIdx=3,changeCycle=0,myNode=f5b74845...,timecost=0.239
info|2019-12-13 01:03:07.292397|[g:1][CONSENSUS][PBFT]checkAndChangeView: Reach consensus,org_view=1100,org_changeCycle=0,cur_changeCycle=0,to_view=1101
info|2019-12-13 01:03:08.286487|[g:1][CONSENSUS]addRawPrepare,height=96,reqIdx=0,hash=2da33b76...
info|2019-12-13 01:03:08.286779|[g:1][CONSENSUS][PBFT]checkTimeout Succ,view=1101,toView=1102,nodeIdx=3,changeCycle=0,myNode=f5b74845...,timecost=0.251
info|2019-12-13 01:03:08.293356|[g:1][CONSENSUS][PBFT]checkAndChangeView: Reach consensus,org_view=1101,org_changeCycle=0,cur_changeCycle=0,to_view=1102
info|2019-12-13 01:03:09.297850|[g:1][CONSENSUS]addRawPrepare,height=96,reqIdx=1,hash=0a14917a...
info|2019-12-13 01:03:09.298129|[g:1][CONSENSUS][PBFT]checkTimeout Succ,view=1102,toView=1103,nodeIdx=3,changeCycle=0,myNode=f5b74845...,timecost=0.197
info|2019-12-13 01:03:09.305531|[g:1][CONSENSUS][PBFT]checkAndChangeView: Reach consensus,org_view=1102,org_changeCycle=0,cur_changeCycle=0,to_view=1103
info|2019-12-13 01:03:09.361933|[P2P][Service] heartBeat,connected count=3
info|2019-12-13 01:03:10.307444|[g:1][CONSENSUS]addRawPrepare,height=96,reqIdx=2,hash=1f5c934a...
info|2019-12-13 01:03:10.307775|[g:1][CONSENSUS][PBFT]checkTimeout Succ,view=1103,toView=1104,nodeIdx=3,changeCycle=0,myNode=f5b74845...,timecost=0.247
info|2019-12-13 01:03:10.313638|[g:1][CONSENSUS][PBFT]checkAndChangeView: Reach consensus,org_view=1103,org_changeCycle=0,cur_changeCycle=0,to_view=1104
info|2019-12-13 01:03:11.315927|[g:1][CONSENSUS][SEALER]++++++++++++++++ Generating seal on,blkNum=96,tx=0,nodeIdx=3,hash=fd234371...
info|2019-12-13 01:03:11.332547|[g:1][CONSENSUS][PBFT]checkTimeout Succ,view=1104,toView=1105,nodeIdx=3,changeCycle=0,myNode=f5b74845...,timecost=0.22
info|2019-12-13 01:03:11.333503|[g:1][CONSENSUS][PBFT]checkAndChangeView: Reach consensus,org_view=1104,org_changeCycle=0,cur_changeCycle=0,to_view=1105
info|2019-12-13 01:03:12.332215|[g:1][CONSENSUS]addRawPrepare,height=96,reqIdx=0,hash=82ecb630...
info|2019-12-13 01:03:12.332582|[g:1][CONSENSUS][PBFT]checkTimeout Succ,view=1105,toView=1106,nodeIdx=3,changeCycle=0,myNode=f5b74845...,timecost=0.316
info|2019-12-13 01:03:12.337464|[g:1][CONSENSUS][PBFT]checkAndChangeView: Reach consensus,org_view=1105,org_changeCycle=0,cur_changeCycle=0,to_view=1106
info|2019-12-13 01:03:13.344451|[g:1][CONSENSUS]addRawPrepare,height=96,reqIdx=1,hash=570e1600...
info|2019-12-13 01:03:13.344830|[g:1][CONSENSUS][PBFT]checkTimeout Succ,view=1106,toView=1107,nodeIdx=3,changeCycle=0,myNode=f5b74845...,timecost=0.296
info|2019-12-13 01:03:13.350904|[g:1][CONSENSUS][PBFT]checkAndChangeView: Reach consensus,org_view=1106,org_changeCycle=0,cur_changeCycle=0,to_view=1107
info|2019-12-13 01:03:14.355539|[g:1][CONSENSUS]addRawPrepare,height=96,reqIdx=2,hash=c2bd79cf...
info|2019-12-13 01:03:14.355892|[g:1][CONSENSUS][PBFT]checkTimeout Succ,view=1107,toView=1108,nodeIdx=3,changeCycle=0,myNode=f5b74845...,timecost=0.274
info|2019-12-13 01:03:14.362297|[g:1][CONSENSUS][PBFT]checkAndChangeView: Reach consensus,org_view=1107,org_changeCycle=0,cur_changeCycle=0,to_view=1108
info|2019-12-13 01:03:15.362904|[g:1][CONSENSUS][SEALER]++++++++++++++++ Generating seal on,blkNum=96,tx=0,nodeIdx=3,hash=ee74f44b...
info|2019-12-13 01:03:15.376913|[g:1][CONSENSUS][PBFT]checkTimeout Succ,view=1108,toView=1109,nodeIdx=3,changeCycle=0,myNode=f5b74845...,timecost=0.222
info|2019-12-13 01:03:15.378088|[g:1][CONSENSUS][PBFT]checkAndChangeView: Reach consensus,org_view=1108,org_changeCycle=0,cur_changeCycle=0,to_view=1109
info|2019-12-13 01:03:16.374112|[g:1][CONSENSUS]addRawPrepare,height=96,reqIdx=0,hash=6be55d04...
info|2019-12-13 01:03:16.374367|[g:1][CONSENSUS][PBFT]checkTimeout Succ,view=1109,toView=1110,nodeIdx=3,changeCycle=0,myNode=f5b74845...,timecost=0.218
info|2019-12-13 01:03:16.379818|[g:1][CONSENSUS][PBFT]checkAndChangeView: Reach consensus,org_view=1109,org_changeCycle=0,cur_changeCycle=0,to_view=1110
info|2019-12-13 01:03:17.381641|[g:1][CONSENSUS]addRawPrepare,height=96,reqIdx=1,hash=3c35fc43...
info|2019-12-13 01:03:17.381919|[g:1][CONSENSUS][PBFT]checkTimeout Succ,view=1110,toView=1111,nodeIdx=3,changeCycle=0,myNode=f5b74845...,timecost=0.189
info|2019-12-13 01:03:17.385627|[g:1][CONSENSUS][PBFT]checkAndChangeView: Reach consensus,org_view=1110,org_changeCycle=0,cur_changeCycle=0,to_view=1111
info|2019-12-13 01:03:18.387180|[g:1][CONSENSUS]addRawPrepare,height=96,reqIdx=2,hash=8b060c47...
info|2019-12-13 01:03:18.387446|[g:1][CONSENSUS][PBFT]checkTimeout Succ,view=1111,toView=1112,nodeIdx=3,changeCycle=0,myNode=f5b74845...,timecost=0.187
info|2019-12-13 01:03:18.390365|[g:1][CONSENSUS][PBFT]checkAndChangeView: Reach consensus,org_view=1111,org_changeCycle=0,cur_changeCycle=0,to_view=1112
info|2019-12-13 01:03:19.362795|[P2P][Service] heartBeat,connected count=3
info|2019-12-13 01:03:19.391506|[g:1][CONSENSUS][SEALER]++++++++++++++++ Generating seal on,blkNum=96,tx=0,nodeIdx=3,hash=61ed9e13...
info|2019-12-13 01:03:19.405144|[g:1][CONSENSUS][PBFT]checkTimeout Succ,view=1112,toView=1113,nodeIdx=3,changeCycle=0,myNode=f5b74845...,timecost=0.327
info|2019-12-13 01:03:19.408009|[g:1][CONSENSUS][PBFT]checkAndChangeView: Reach consensus,org_view=1112,org_changeCycle=0,cur_changeCycle=0,to_view=1113
info|2019-12-13 01:03:20.402808|[g:1][CONSENSUS]addRawPrepare,height=96,reqIdx=0,hash=5b8cf93d...
info|2019-12-13 01:03:20.404273|[g:1][CONSENSUS][PBFT]checkTimeout Succ,view=1113,toView=1114,nodeIdx=3,changeCycle=0,myNode=f5b74845...,timecost=1.44
info|2019-12-13 01:03:20.408492|[g:1][CONSENSUS][PBFT]checkAndChangeView: Reach consensus,org_view=1113,org_changeCycle=0,cur_changeCycle=0,to_view=1114
info|2019-12-13 01:03:21.409191|[g:1][CONSENSUS]addRawPrepare,height=96,reqIdx=1,hash=aa9e6222...
info|2019-12-13 01:03:21.409536|[g:1][CONSENSUS][PBFT]checkTimeout Succ,view=1114,toView=1115,nodeIdx=3,changeCycle=0,myNode=f5b74845...,timecost=0.221
info|2019-12-13 01:03:21.415923|[g:1][CONSENSUS][PBFT]checkAndChangeView: Reach consensus,org_view=1114,org_changeCycle=0,cur_changeCycle=0,to_view=1115
info|2019-12-13 01:03:22.420490|[g:1][CONSENSUS]addRawPrepare,height=96,reqIdx=2,hash=ec41325b...
info|2019-12-13 01:03:22.420834|[g:1][CONSENSUS][PBFT]checkTimeout Succ,view=1115,toView=1116,nodeIdx=3,changeCycle=0,myNode=f5b74845...,timecost=0.256
info|2019-12-13 01:03:22.427489|[g:1][CONSENSUS][PBFT]checkAndChangeView: Reach consensus,org_view=1115,org_changeCycle=0,cur_changeCycle=0,to_view=1116
info|2019-12-13 01:03:23.432078|[g:1][CONSENSUS][SEALER]++++++++++++++++ Generating seal on,blkNum=96,tx=0,nodeIdx=3,hash=289a07d7...
info|2019-12-13 01:03:23.454712|[g:1][CONSENSUS][PBFT]checkTimeout Succ,view=1116,toView=1117,nodeIdx=3,changeCycle=0,myNode=f5b74845...,timecost=0.216
info|2019-12-13 01:03:23.455940|[g:1][CONSENSUS][PBFT]checkAndChangeView: Reach consensus,org_view=1116,org_changeCycle=0,cur_changeCycle=0,to_view=1117
                                                                                                                                                                                                                                                                                                                                                                                                                                                                                                                                                                                                                                                                                                                                                                                                                                                                                                                                                                                           