info|2019-11-15 19:56:18.411247|[INITIALIZER][initGlobalConfig],enableCompress=true,compatibilityVersion=2.1.0,versionNumber=33619968,chainId=1
info|2019-11-15 19:56:18.565505|[NETWORK][Host]Connecting to node,endpoint=127.0.0.1:30300
info|2019-11-15 19:56:18.566211|[NETWORK][Host]P2P StartAccept,Host=0.0.0.0:30303
info|2019-11-15 19:56:18.571259|[NETWORK][Host]Connecting to node,endpoint=127.0.0.1:30301
info|2019-11-15 19:56:18.571318|[NETWORK][Host]Connecting to node,endpoint=127.0.0.1:30302
info|2019-11-15 19:56:18.571344|[NETWORK][Host]Connecting to node,endpoint=127.0.0.1:30303
info|2019-11-15 19:56:18.571372|[P2P][Service] heartBeat,connected count=0
info|2019-11-15 19:56:18.582282|[CHANNEL]ChannelRPCServer started
info|2019-11-15 19:56:18.582302|[INITIALIZER][RPCInitializer]ChannelRPCHttpServer started.
info|2019-11-15 19:56:18.582318|[LedgerInitializer],groupConfigPath=conf/
info|2019-11-15 19:56:18.573053|[NETWORK][ASIO]asyncResolveConnect,endpoint=127.0.0.1:30300
info|2019-11-15 19:56:18.589274|[NETWORK][ASIO]asyncResolveConnect,endpoint=127.0.0.1:30301
info|2019-11-15 19:56:18.589304|[NETWORK][ASIO]asyncResolveConnect,endpoint=127.0.0.1:30302
info|2019-11-15 19:56:18.589331|[NETWORK][ASIO]asyncResolveConnect,endpoint=127.0.0.1:30303
info|2019-11-15 19:56:18.589432|[NETWORK][Host]P2P Recv Connect, From=127.0.0.1:52488
info|2019-11-15 19:56:18.589463|[NETWORK][Host]P2P StartAccept,Host=0.0.0.0:30303
info|2019-11-15 19:56:18.595437|[INITIALIZER][initSingleLedger] [GroupId]:  1
info|2019-11-15 19:56:18.595463|[g:1][LEDGER]LedgerConstructor,configPath=conf/group.1.genesis,baseDir=data//group1
info|2019-11-15 19:56:18.595469|[g:1][LEDGER][initGenesisConfig]initConsensusConfig/initDBConfig/initTxConfig,configFile=conf/group.1.genesis
info|2019-11-15 19:56:18.595548|[g:1][LEDGER][initConsensusConfig],it.first=32db7d10e2c7fa645891f0943ad88c87f7d0ec66500b45632d53889d72ca80f2077a9280acde028f225f75af346a3fa4f75e37d8b596c2d5eb444c7bc283f925
info|2019-11-15 19:56:18.595564|[g:1][LEDGER][initConsensusConfig],it.first=ad4f985540e2d00110bed5d7a6899358479cb5ebfbb76f922982409b4ae034e1a01cda3dfc6b3ee06ab79ce0872e984ff5f6198fce193ae5d34bf6f296d557c0
info|2019-11-15 19:56:18.595577|[g:1][LEDGER][initConsensusConfig],it.first=0e7418af9a0d8d96383c85f5ee2759c178fe7d45e524080550f4ff007bcc32c69134008f978c786bf0a674e945fdad26a3722c009f92e3a8b60fc8e4e1f191b1
info|2019-11-15 19:56:18.595667|[g:1][LEDGER][initConsensusConfig],it.first=f5b748459b521e61d71a97b70aebee76ef7d18e0f9ef1d603023bcd6e7d6f8c37aaadd04f5c89fc44bef3cb6b220ec05018e2a6f8c2b69fe09026059c8371976
info|2019-11-15 19:56:18.595850|[g:1][LEDGER][initIniConfig]initTxPoolConfig/initSyncConfig/initTxExecuteConfig,configFile=conf/group.1.ini
info|2019-11-15 19:56:18.601787|[g:1][LEDGER][initLedger][DBInitializer]
info|2019-11-15 19:56:18.607987|[NETWORK][Host]P2P Recv Connect, From=127.0.0.1:52494
info|2019-11-15 19:56:18.609871|[NETWORK][Host]P2P StartAccept,Host=0.0.0.0:30303
info|2019-11-15 19:56:18.612030|[g:1][DBINITIALIZER] [initRocksDBStorage]
info|2019-11-15 19:56:18.619361|[NETWORK][Host]P2P Recv Connect, From=127.0.0.1:52500
info|2019-11-15 19:56:18.620045|[NETWORK][Host]P2P StartAccept,Host=0.0.0.0:30303
info|2019-11-15 19:56:18.621693|[NETWORK][Host]P2P Recv Connect, From=127.0.0.1:52506
info|2019-11-15 19:56:18.627140|[g:1][ROCKSDB]open rocksDB handler
info|2019-11-15 19:56:18.627456|[NETWORK][Host]P2P StartAccept,Host=0.0.0.0:30303
info|2019-11-15 19:56:18.711358|[NETWORK][Host]startPeerSession, From=127.0.0.1:30301,nodeID=ad4f9855...
info|2019-11-15 19:56:18.714493|[P2P][Service] Connection established,nodeID=ad4f9855...,endpoint=127.0.0.1:30301
info|2019-11-15 19:56:18.753860|[NETWORK][Host]startPeerSession, From=127.0.0.1:52500,nodeID=f5b74845...
info|2019-11-15 19:56:18.760232|[P2P][Service] Connection established,nodeID=32db7d10...,endpoint=127.0.0.1:30300
info|2019-11-15 19:56:18.760308|[NETWORK][Host]startPeerSession, From=127.0.0.1:30300,nodeID=32db7d10...
info|2019-11-15 19:56:18.762744|[NETWORK][Host]startPeerSession, From=127.0.0.1:30303,nodeID=f5b74845...
info|2019-11-15 19:56:18.762870|[P2P][Service] Connection established,nodeID=0e7418af...,endpoint=127.0.0.1:30302
info|2019-11-15 19:56:18.762900|[NETWORK][Host]startPeerSession, From=127.0.0.1:30302,nodeID=0e7418af...
info|2019-11-15 19:56:18.762944|[NETWORK][Host]startPeerSession, From=127.0.0.1:52488,nodeID=32db7d10...
info|2019-11-15 19:56:18.763043|[NETWORK][Host]startPeerSession, From=127.0.0.1:52494,nodeID=0e7418af...
info|2019-11-15 19:56:18.763225|[NETWORK][Host]startPeerSession, From=127.0.0.1:52506,nodeID=ad4f9855...
info|2019-11-15 19:56:18.855587|[g:1][g:0][STORAGE][CachedStorage]Init flushStorage thread
info|2019-11-15 19:56:18.895677|[g:1][BLOCKCHAIN][#checkAndBuildGenesisBlock]Already have the 0th block, 0th groupMark is equal to file groupMark.
info|2019-11-15 19:56:18.908075|[g:1][CONSENSUS][PBFT]Register handler for PBFTEngine
info|2019-11-15 19:56:18.909406|[g:1][CONSENSUS][PBFT],minBlockGenerationTime=500
info|2019-11-15 19:56:18.909424|[LedgerInitializer init group succ],groupID=1
info|2019-11-15 19:56:18.909576|[INITIALIZER][RPCInitializer]JsonrpcHttpServer started.
info|2019-11-15 19:56:18.909585|[g:1][LEDGER]startAll...
info|2019-11-15 19:56:18.910215|[g:1][CONSENSUS][PBFT]^^^^^^^^Report,num=7,sealerIdx=0,hash=41ea9ad1...,next=8,tx=1,nodeIdx=3
info|2019-11-15 19:56:19.032933|[g:1][CONSENSUS][PBFT][PBFT init env successfully]
info|2019-11-15 19:56:19.032958|[g:1][CONSENSUS][ConsensusEngine][Start ConsensusEngineBase]
info|2019-11-15 19:56:19.033014|[g:1][CONSENSUS][PBFT][Start PBFTEngine...]
info|2019-11-15 19:56:19.033020|[g:1][CONSENSUS][SEALER][Start sealer module]
info|2019-11-15 19:56:19.033248|[g:1][EVENT][EventLogFilterManager]start,m_maxBlockRange=0,m_maxBlockPerLoopFilter=3
info|2019-11-15 19:56:20.033233|[g:1][CONSENSUS][SEALER]++++++++++++++++ Generating seal on,blkNum=8,tx=0,nodeIdx=3,hash=a9be0926...
info|2019-11-15 19:56:20.038322|[g:1][CONSENSUS][PBFT]checkTimeout Succ,view=0,toView=1,nodeIdx=3,changeCycle=0,myNode=f5b74845...,timecost=0.201
info|2019-11-15 19:56:20.039687|[g:1][CONSENSUS][PBFT]checkAndChangeView: Reach consensus,org_view=0,org_changeCycle=0,cur_changeCycle=0,to_view=1
info|2019-11-15 19:56:21.039492|[g:1][CONSENSUS]addRawPrepare,height=8,reqIdx=0,hash=c4dcf055...
info|2019-11-15 19:56:21.039737|[g:1][CONSENSUS][PBFT]checkTimeout Succ,view=1,toView=2,nodeIdx=3,changeCycle=0,myNode=f5b74845...,timecost=0.177
info|2019-11-15 19:56:21.043057|[g:1][CONSENSUS][PBFT]checkAndChangeView: Reach consensus,org_view=1,org_changeCycle=0,cur_changeCycle=0,to_view=2
info|2019-11-15 19:56:22.042960|[g:1][CONSENSUS]addRawPrepare,height=8,reqIdx=1,hash=c87075e1...
info|2019-11-15 19:56:22.043231|[g:1][CONSENSUS][PBFT]checkTimeout Succ,view=2,toView=3,nodeIdx=3,changeCycle=0,myNode=f5b74845...,timecost=0.179
info|2019-11-15 19:56:22.046051|[g:1][CONSENSUS][PBFT]checkAndChangeView: Reach consensus,org_view=2,org_changeCycle=0,cur_changeCycle=0,to_view=3
info|2019-11-15 19:56:23.048016|[g:1][CONSENSUS]addRawPrepare,height=8,reqIdx=2,hash=60dfa2e8...
info|2019-11-15 19:56:23.048261|[g:1][CONSENSUS][PBFT]checkTimeout Succ,view=3,toView=4,nodeIdx=3,changeCycle=0,myNode=f5b74845...,timecost=0.177
info|2019-11-15 19:56:23.050938|[g:1][CONSENSUS][PBFT]checkAndChangeView: Reach consensus,org_view=3,org_changeCycle=0,cur_changeCycle=0,to_view=4
info|2019-11-15 19:56:24.052498|[g:1][CONSENSUS][SEALER]++++++++++++++++ Generating seal on,blkNum=8,tx=0,nodeIdx=3,hash=18ee4784...
info|2019-11-15 19:56:24.060502|[g:1][CONSENSUS][PBFT]checkTimeout Succ,view=4,toView=5,nodeIdx=3,changeCycle=0,myNode=f5b74845...,timecost=2.195
info|2019-11-15 19:56:24.062124|[g:1][CONSENSUS][PBFT]checkAndChangeView: Reach consensus,org_view=4,org_changeCycle=0,cur_changeCycle=0,to_view=5
info|2019-11-15 19:56:25.062464|[g:1][CONSENSUS]addRawPrepare,height=8,reqIdx=0,hash=a55ce8ad...
info|2019-11-15 19:56:25.062785|[g:1][CONSENSUS][PBFT]checkTimeout Succ,view=5,toView=6,nodeIdx=3,changeCycle=0,myNode=f5b74845...,timecost=0.244
info|2019-11-15 19:56:25.066096|[g:1][CONSENSUS][PBFT]checkAndChangeView: Reach consensus,org_view=5,org_changeCycle=0,cur_changeCycle=0,to_view=6
info|2019-11-15 19:56:26.065912|[g:1][CONSENSUS]addRawPrepare,height=8,reqIdx=1,hash=049ed919...
info|2019-11-15 19:56:26.066224|[g:1][CONSENSUS][PBFT]checkTimeout Succ,view=6,toView=7,nodeIdx=3,changeCycle=0,myNode=f5b74845...,timecost=0.248
info|2019-11-15 19:56:26.068849|[g:1][CONSENSUS][PBFT]checkAndChangeView: Reach consensus,org_view=6,org_changeCycle=0,cur_changeCycle=0,to_view=7
info|2019-11-15 19:56:27.076818|[g:1][CONSENSUS]addRawPrepare,height=8,reqIdx=2,hash=a0c5b69f...
info|2019-11-15 19:56:27.077125|[g:1][CONSENSUS][PBFT]checkTimeout Succ,view=7,toView=8,nodeIdx=3,changeCycle=0,myNode=f5b74845...,timecost=0.238
info|2019-11-15 19:56:27.083061|[g:1][CONSENSUS][PBFT]checkAndChangeView: Reach consensus,org_view=7,org_changeCycle=0,cur_changeCycle=0,to_view=8
info|2019-11-15 19:56:28.084354|[g:1][CONSENSUS][SEALER]++++++++++++++++ Generating seal on,blkNum=8,tx=0,nodeIdx=3,hash=22432fae...
info|2019-11-15 19:56:28.096912|[g:1][CONSENSUS][PBFT]checkTimeout Succ,view=8,toView=9,nodeIdx=3,changeCycle=0,myNode=f5b74845...,timecost=0.228
info|2019-11-15 19:56:28.098448|[g:1][CONSENSUS][PBFT]checkAndChangeView: Reach consensus,org_view=8,org_changeCycle=0,cur_changeCycle=0,to_view=9
info|2019-11-15 19:56:28.572336|[P2P][Service] heartBeat,connected count=3
info|2019-11-15 19:56:29.098917|[g:1][CONSENSUS]addRawPrepare,height=8,reqIdx=0,hash=dcffb5d4...
info|2019-11-15 19:56:29.099126|[g:1][CONSENSUS][PBFT]checkTimeout Succ,view=9,toView=10,nodeIdx=3,changeCycle=0,myNode=f5b74845...,timecost=0.187
info|2019-11-15 19:56:29.101547|[g:1][CONSENSUS][PBFT]checkAndChangeView: Reach consensus,org_view=9,org_changeCycle=0,cur_changeCycle=0,to_view=10
info|2019-11-15 19:56:30.105068|[g:1][CONSENSUS]addRawPrepare,height=8,reqIdx=1,hash=20988210...
info|2019-11-15 19:56:30.105314|[g:1][CONSENSUS][PBFT]checkTimeout Succ,view=10,toView=11,nodeIdx=3,changeCycle=0,myNode=f5b74845...,timecost=0.18
info|2019-11-15 19:56:30.113798|[g:1][CONSENSUS][PBFT]checkAndChangeView: Reach consensus,org_view=10,org_changeCycle=0,cur_changeCycle=0,to_view=11
info|2019-11-15 19:56:31.110116|[g:1][CONSENSUS]addRawPrepare,height=8,reqIdx=2,hash=fd1a0575...
info|2019-11-15 19:56:31.110324|[g:1][CONSENSUS][PBFT]checkTimeout Succ,view=11,toView=12,nodeIdx=3,changeCycle=0,myNode=f5b74845...,timecost=0.185
info|2019-11-15 19:56:31.116031|[g:1][CONSENSUS][PBFT]checkAndChangeView: Reach consensus,org_view=11,org_changeCycle=0,cur_changeCycle=0,to_view=12
info|2019-11-15 19:56:32.116986|[g:1][CONSENSUS][SEALER]++++++++++++++++ Generating seal on,blkNum=8,tx=0,nodeIdx=3,hash=6f2d4adc...
info|2019-11-15 19:56:32.133518|[g:1][CONSENSUS][PBFT]checkTimeout Succ,view=12,toView=13,nodeIdx=3,changeCycle=0,myNode=f5b74845...,timecost=0.213
info|2019-11-15 19:56:32.137000|[g:1][CONSENSUS][PBFT]checkAndChangeView: Reach consensus,org_view=12,org_changeCycle=0,cur_changeCycle=0,to_view=13
info|2019-11-15 19:56:33.136740|[g:1][CONSENSUS]addRawPrepare,height=8,reqIdx=0,hash=2059217f...
info|2019-11-15 19:56:33.136945|[g:1][CONSENSUS][PBFT]checkTimeout Succ,view=13,toView=14,nodeIdx=3,changeCycle=0,myNode=f5b74845...,timecost=0.183
info|2019-11-15 19:56:33.140809|[g:1][CONSENSUS][PBFT]checkAndChangeView: Reach consensus,org_view=13,org_changeCycle=0,cur_changeCycle=0,to_view=14
info|2019-11-15 19:56:34.143164|[g:1][CONSENSUS]addRawPrepare,height=8,reqIdx=1,hash=46684751...
info|2019-11-15 19:56:34.143447|[g:1][CONSENSUS][PBFT]checkTimeout Succ,view=14,toView=15,nodeIdx=3,changeCycle=0,myNode=f5b74845...,timecost=0.218
info|2019-11-15 19:56:34.152265|[g:1][CONSENSUS][PBFT]checkAndChangeView: Reach consensus,org_view=14,org_changeCycle=0,cur_changeCycle=0,to_view=15
info|2019-11-15 19:56:35.155210|[g:1][CONSENSUS]addRawPrepare,height=8,reqIdx=2,hash=dd604d94...
info|2019-11-15 19:56:35.155416|[g:1][CONSENSUS][PBFT]checkTimeout Succ,view=15,toView=16,nodeIdx=3,changeCycle=0,myNode=f5b74845...,timecost=0.185
info|2019-11-15 19:56:35.162634|[g:1][CONSENSUS][PBFT]checkAndChangeView: Reach consensus,org_view=15,org_changeCycle=0,cur_changeCycle=0,to_view=16
info|2019-11-15 19:56:36.162910|[g:1][CONSENSUS][SEALER]++++++++++++++++ Generating seal on,blkNum=8,tx=0,nodeIdx=3,hash=53e7f820...
info|2019-11-15 19:56:36.176702|[g:1][CONSENSUS][PBFT]checkTimeout Succ,view=16,toView=17,nodeIdx=3,changeCycle=0,myNode=f5b74845...,timecost=0.361
info|2019-11-15 19:56:36.177672|[g:1][CONSENSUS][PBFT]checkAndChangeView: Reach consensus,org_view=16,org_changeCycle=0,cur_changeCycle=0,to_view=17
info|2019-11-15 19:56:37.168566|[g:1][CONSENSUS]addRawPrepare,height=8,reqIdx=0,hash=a00c7106...
info|2019-11-15 19:56:37.168769|[g:1][CONSENSUS][PBFT]checkTimeout Succ,view=17,toView=18,nodeIdx=3,changeCycle=0,myNode=f5b74845...,timecost=0.183
info|2019-11-15 19:56:37.170374|[g:1][CONSENSUS][PBFT]checkAndChangeView: Reach consensus,org_view=17,org_changeCycle=0,cur_changeCycle=0,to_view=18
info|2019-11-15 19:56:38.174254|[g:1][CONSENSUS]addRawPrepare,height=8,reqIdx=1,hash=b1761027...
info|2019-11-15 19:56:38.174500|[g:1][CONSENSUS][PBFT]checkTimeout Succ,view=18,toView=19,nodeIdx=3,changeCycle=0,myNode=f5b74845...,timecost=0.176
info|2019-11-15 19:56:38.178384|[g:1][CONSENSUS][PBFT]checkAndChangeView: Reach consensus,org_view=18,org_changeCycle=0,cur_changeCycle=0,to_view=19
info|2019-11-15 19:56:38.573256|[P2P][Service] heartBeat,connected count=3
info|2019-11-15 19:56:39.180619|[g:1][CONSENSUS]addRawPrepare,height=8,reqIdx=2,hash=17ab02a8...
info|2019-11-15 19:56:39.180824|[g:1][CONSENSUS][PBFT]checkTimeout Succ,view=19,toView=20,nodeIdx=3,changeCycle=0,myNode=f5b74845...,timecost=0.184
info|2019-11-15 19:56:39.184246|[g:1][CONSENSUS][PBFT]checkAndChangeView: Reach consensus,org_view=19,org_changeCycle=0,cur_changeCycle=0,to_view=20
info|2019-11-15 19:56:40.184613|[g:1][CONSENSUS][SEALER]++++++++++++++++ Generating seal on,blkNum=8,tx=0,nodeIdx=3,hash=07efeac9...
info|2019-11-15 19:56:40.190881|[g:1][CONSENSUS][PBFT]checkTimeout Succ,view=20,toView=21,nodeIdx=3,changeCycle=0,myNode=f5b74845...,timecost=0.186
info|2019-11-15 19:56:40.191694|[g:1][CONSENSUS][PBFT]checkAndChangeView: Reach consensus,org_view=20,org_changeCycle=0,cur_changeCycle=0,to_view=21
info|2019-11-15 19:56:41.191983|[g:1][CONSENSUS]addRawPrepare,height=8,reqIdx=0,hash=c457eb80...
info|2019-11-15 19:56:41.192197|[g:1][CONSENSUS][PBFT]checkTimeout Succ,view=21,toView=22,nodeIdx=3,changeCycle=0,myNode=f5b74845...,timecost=0.189
info|2019-11-15 19:56:41.194727|[g:1][CONSENSUS][PBFT]checkAndChangeView: Reach consensus,org_view=21,org_changeCycle=0,cur_changeCycle=0,to_view=22
info|2019-11-15 19:56:42.194612|[g:1][CONSENSUS]addRawPrepare,height=8,reqIdx=1,hash=882b7d33...
info|2019-11-15 19:56:42.194898|[g:1][CONSENSUS][PBFT]checkTimeout Succ,view=22,toView=23,nodeIdx=3,changeCycle=0,myNode=f5b74845...,timecost=0.214
info|2019-11-15 19:56:42.198939|[g:1][CONSENSUS][PBFT]checkAndChangeView: Reach consensus,org_view=22,org_changeCycle=0,cur_changeCycle=0,to_view=23
info|2019-11-15 19:56:43.199758|[g:1][CONSENSUS]addRawPrepare,height=8,reqIdx=2,hash=fd8cb587...
info|2019-11-15 19:56:43.199969|[g:1][CONSENSUS][PBFT]checkTimeout Succ,view=23,toView=24,nodeIdx=3,changeCycle=0,myNode=f5b74845...,timecost=0.186
info|2019-11-15 19:56:43.203204|[g:1][CONSENSUS][PBFT]checkAndChangeView: Reach consensus,org_view=23,org_changeCycle=0,cur_changeCycle=0,to_view=24
info|2019-11-15 19:56:44.203734|[g:1][CONSENSUS][SEALER]++++++++++++++++ Generating seal on,blkNum=8,tx=0,nodeIdx=3,hash=69c71400...
info|2019-11-15 19:56:44.210556|[g:1][CONSENSUS][PBFT]checkTimeout Succ,view=24,toView=25,nodeIdx=3,changeCycle=0,myNode=f5b74845...,timecost=0.191
info|2019-11-15 19:56:44.211354|[g:1][CONSENSUS][PBFT]checkAndChangeView: Reach consensus,org_view=24,org_changeCycle=0,cur_changeCycle=0,to_view=25
info|2019-11-15 19:56:45.210892|[g:1][CONSENSUS]addRawPrepare,height=8,reqIdx=0,hash=51090043...
info|2019-11-15 19:56:45.211100|[g:1][CONSENSUS][PBFT]checkTimeout Succ,view=25,toView=26,nodeIdx=3,changeCycle=0,myNode=f5b74845...,timecost=0.186
info|2019-11-15 19:56:45.212729|[g:1][CONSENSUS][PBFT]checkAndChangeView: Reach consensus,org_view=25,org_changeCycle=0,cur_changeCycle=0,to_view=26
info|2019-11-15 19:56:46.213807|[g:1][CONSENSUS]addRawPrepare,height=8,reqIdx=1,hash=68ea73ed...
info|2019-11-15 19:56:46.214059|[g:1][CONSENSUS][PBFT]checkTimeout Succ,view=26,toView=27,nodeIdx=3,changeCycle=0,myNode=f5b74845...,timecost=0.18
info|2019-11-15 19:56:46.220065|[g:1][CONSENSUS][PBFT]checkAndChangeView: Reach consensus,org_view=26,org_changeCycle=0,cur_changeCycle=0,to_view=27
info|2019-11-15 19:56:47.223057|[g:1][CONSENSUS]addRawPrepare,height=8,reqIdx=2,hash=6c1511a1...
info|2019-11-15 19:56:47.223276|[g:1][CONSENSUS][PBFT]checkTimeout Succ,view=27,toView=28,nodeIdx=3,changeCycle=0,myNode=f5b74845...,timecost=0.194
info|2019-11-15 19:56:47.225294|[g:1][CONSENSUS][PBFT]checkAndChangeView: Reach consensus,org_view=27,org_changeCycle=0,cur_changeCycle=0,to_view=28
info|2019-11-15 19:56:48.226582|[g:1][CONSENSUS][SEALER]++++++++++++++++ Generating seal on,blkNum=8,tx=0,nodeIdx=3,hash=957ece48...
info|2019-11-15 19:56:48.232708|[g:1][CONSENSUS][PBFT]checkTimeout Succ,view=28,toView=29,nodeIdx=3,changeCycle=0,myNode=f5b74845...,timecost=0.225
info|2019-11-15 19:56:48.234739|[g:1][CONSENSUS][PBFT]checkAndChangeView: Reach consensus,org_view=28,org_changeCycle=0,cur_changeCycle=0,to_view=29
info|2019-11-15 19:56:48.573683|[P2P][Service] heartBeat,connected count=3
info|2019-11-15 19:56:49.234851|[g:1][CONSENSUS]addRawPrepare,height=8,reqIdx=0,hash=a7f9fd98...
info|2019-11-15 19:56:49.235089|[g:1][CONSENSUS][PBFT]checkTimeout Succ,view=29,toView=30,nodeIdx=3,changeCycle=0,myNode=f5b74845...,timecost=0.175
info|2019-11-15 19:56:49.244779|[g:1][CONSENSUS][PBFT]checkAndChangeView: Reach consensus,org_view=29,org_changeCycle=0,cur_changeCycle=0,to_view=30
info|2019-11-15 19:56:50.254344|[g:1][CONSENSUS]addRawPrepare,height=8,reqIdx=1,hash=d6068aec...
info|2019-11-15 19:56:50.254590|[g:1][CONSENSUS][PBFT]checkTimeout Succ,view=30,toView=31,nodeIdx=3,changeCycle=0,myNode=f5b74845...,timecost=0.178
info|2019-11-15 19:56:50.262118|[g:1][CONSENSUS][PBFT]checkAndChangeView: Reach consensus,org_view=30,org_changeCycle=0,cur_changeCycle=0,to_view=31
info|2019-11-15 19:56:51.272159|[g:1][CONSENSUS]addRawPrepare,height=8,reqIdx=2,hash=df8c5f2f...
info|2019-11-15 19:56:51.272394|[g:1][CONSENSUS][PBFT]checkTimeout Succ,view=31,toView=32,nodeIdx=3,changeCycle=0,myNode=f5b74845...,timecost=0.175
info|2019-11-15 19:56:51.277124|[g:1][CONSENSUS][PBFT]checkAndChangeView: Reach consensus,org_view=31,org_changeCycle=0,cur_changeCycle=0,to_view=32
info|2019-11-15 19:56:52.281809|[g:1][CONSENSUS][SEALER]++++++++++++++++ Generating seal on,blkNum=8,tx=0,nodeIdx=3,hash=32eb67b2...
info|2019-11-15 19:56:52.285399|[g:1][CONSENSUS][PBFT]checkTimeout Succ,view=32,toView=33,nodeIdx=3,changeCycle=0,myNode=f5b74845...,timecost=0.199
info|2019-11-15 19:56:52.286039|[g:1][CONSENSUS][PBFT]checkAndChangeView: Reach consensus,org_view=32,org_changeCycle=0,cur_changeCycle=0,to_view=33
info|2019-11-15 19:56:53.289982|[g:1][CONSENSUS]addRawPrepare,height=8,reqIdx=0,hash=8aeb8aaa...
info|2019-11-15 19:56:53.290218|[g:1][CONSENSUS][PBFT]checkTimeout Succ,view=33,toView=34,nodeIdx=3,changeCycle=0,myNode=f5b74845...,timecost=0.212
info|2019-11-15 19:56:53.293164|[g:1][CONSENSUS][PBFT]checkAndChangeView: Reach consensus,org_view=33,org_changeCycle=0,cur_changeCycle=0,to_view=34
info|2019-11-15 19:56:54.294980|[g:1][CONSENSUS]addRawPrepare,height=8,reqIdx=1,hash=0b043961...
info|2019-11-15 19:56:54.295236|[g:1][CONSENSUS][PBFT]checkTimeout Succ,view=34,toView=35,nodeIdx=3,changeCycle=0,myNode=f5b74845...,timecost=0.189
info|2019-11-15 19:56:54.308133|[g:1][CONSENSUS][PBFT]checkAndChangeView: Reach consensus,org_view=34,org_changeCycle=0,cur_changeCycle=0,to_view=35
info|2019-11-15 19:56:55.312487|[g:1][CONSENSUS]addRawPrepare,height=8,reqIdx=2,hash=f2c4e9e3...
info|2019-11-15 19:56:55.312869|[g:1][CONSENSUS][PBFT]checkTimeout Succ,view=35,toView=36,nodeIdx=3,changeCycle=0,myNode=f5b74845...,timecost=0.22
info|2019-11-15 19:56:55.322162|[g:1][CONSENSUS][PBFT]checkAndChangeView: Reach consensus,org_view=35,org_changeCycle=0,cur_changeCycle=0,to_view=36
info|2019-11-15 19:56:56.322670|[g:1][CONSENSUS][SEALER]++++++++++++++++ Generating seal on,blkNum=8,tx=0,nodeIdx=3,hash=e104edad...
info|2019-11-15 19:56:56.332150|[g:1][CONSENSUS][PBFT]checkTimeout Succ,view=36,toView=37,nodeIdx=3,changeCycle=0,myNode=f5b74845...,timecost=0.19
info|2019-11-15 19:56:56.335177|[g:1][CONSENSUS][PBFT]checkAndChangeView: Reach consensus,org_view=36,org_changeCycle=0,cur_changeCycle=0,to_view=37
info|2019-11-15 19:56:57.343463|[g:1][CONSENSUS]addRawPrepare,height=8,reqIdx=0,hash=4ebba028...
info|2019-11-15 19:56:57.343711|[g:1][CONSENSUS][PBFT]checkTimeout Succ,view=37,toView=38,nodeIdx=3,changeCycle=0,myNode=f5b74845...,timecost=0.192
info|2019-11-15 19:56:57.348296|[g:1][CONSENSUS][PBFT]checkAndChangeView: Reach consensus,org_view=37,org_changeCycle=0,cur_changeCycle=0,to_view=38
info|2019-11-15 19:56:58.360995|[g:1][CONSENSUS]addRawPrepare,height=8,reqIdx=1,hash=36091c1a...
info|2019-11-15 19:56:58.380805|[g:1][CONSENSUS][PBFT]checkTimeout Succ,view=38,toView=39,nodeIdx=3,changeCycle=0,myNode=f5b74845...,timecost=19.03
info|2019-11-15 19:56:58.399181|[g:1][CONSENSUS][PBFT]checkAndChangeView: Reach consensus,org_view=38,org_changeCycle=0,cur_changeCycle=0,to_view=39
info|2019-11-15 19:56:58.573822|[P2P][Service] heartBeat,connected count=3
info|2019-11-15 19:56:59.398331|[g:1][CONSENSUS]addRawPrepare,height=8,reqIdx=2,hash=ec916979...
info|2019-11-15 19:56:59.398638|[g:1][CONSENSUS][PBFT]checkTimeout Succ,view=39,toView=40,nodeIdx=3,changeCycle=0,myNode=f5b74845...,timecost=0.247
info|2019-11-15 19:56:59.401749|[g:1][CONSENSUS][PBFT]checkAndChangeView: Reach consensus,org_view=39,org_changeCycle=0,cur_changeCycle=0,to_view=40
info|2019-11-15 19:57:00.407323|[g:1][CONSENSUS][SEALER]++++++++++++++++ Generating seal on,blkNum=8,tx=0,nodeIdx=3,hash=d0156f83...
info|2019-11-15 19:57:00.409875|[g:1][CONSENSUS][PBFT]checkTimeout Succ,view=40,toView=41,nodeIdx=3,changeCycle=0,myNode=f5b74845...,timecost=0.183
info|2019-11-15 19:57:00.415179|[g:1][CONSENSUS][PBFT]checkAndChangeView: Reach consensus,org_view=40,org_changeCycle=0,cur_changeCycle=0,to_view=41
info|2019-11-15 19:57:01.424591|[g:1][CONSENSUS]addRawPrepare,height=8,reqIdx=0,hash=94b6e2d7...
info|2019-11-15 19:57:01.424836|[g:1][CONSENSUS][PBFT]checkTimeout Succ,view=41,toView=42,nodeIdx=3,changeCycle=0,myNode=f5b74845...,timecost=0.177
info|2019-11-15 19:57:01.432385|[g:1][CONSENSUS][PBFT]checkAndChangeView: Reach consensus,org_view=41,org_changeCycle=0,cur_changeCycle=0,to_view=42
info|2019-11-15 19:57:02.441244|[g:1][CONSENSUS]addRawPrepare,height=8,reqIdx=1,hash=0194dffc...
info|2019-11-15 19:57:02.441512|[g:1][CONSENSUS][PBFT]checkTimeout Succ,view=42,toView=43,nodeIdx=3,changeCycle=0,myNode=f5b74845...,timecost=0.199
info|2019-11-15 19:57:02.452391|[g:1][CONSENSUS][PBFT]checkAndChangeView: Reach consensus,org_view=42,org_changeCycle=0,cur_changeCycle=0,to_view=43
info|2019-11-15 19:57:03.454059|[g:1][CONSENSUS]addRawPrepare,height=8,reqIdx=2,hash=673bd204...
info|2019-11-15 19:57:03.454298|[g:1][CONSENSUS][PBFT]checkTimeout Succ,view=43,toView=44,nodeIdx=3,changeCycle=0,myNode=f5b74845...,timecost=0.175
info|2019-11-15 19:57:03.461109|[g:1][CONSENSUS][PBFT]checkAndChangeView: Reach consensus,org_view=43,org_changeCycle=0,cur_changeCycle=0,to_view=44
info|2019-11-15 19:57:04.462263|[g:1][CONSENSUS][SEALER]++++++++++++++++ Generating seal on,blkNum=8,tx=0,nodeIdx=3,hash=7276fbce...
info|2019-11-15 19:57:04.468354|[g:1][CONSENSUS][PBFT]checkTimeout Succ,view=44,toView=45,nodeIdx=3,changeCycle=0,myNode=f5b74845...,timecost=0.207
info|2019-11-15 19:57:04.473938|[g:1][CONSENSUS][PBFT]checkAndChangeView: Reach consensus,org_view=44,org_changeCycle=0,cur_changeCycle=0,to_view=45
info|2019-11-15 19:57:05.486194|[g:1][CONSENSUS]addRawPrepare,height=8,reqIdx=0,hash=65dfa88e...
info|2019-11-15 19:57:05.486432|[g:1][CONSENSUS][PBFT]checkTimeout Succ,view=45,toView=46,nodeIdx=3,changeCycle=0,myNode=f5b74845...,timecost=0.184
info|2019-11-15 19:57:05.492550|[g:1][CONSENSUS][PBFT]checkAndChangeView: Reach consensus,org_view=45,org_changeCycle=0,cur_changeCycle=0,to_view=46
info|2019-11-15 19:57:06.498489|[g:1][CONSENSUS]addRawPrepare,height=8,reqIdx=1,hash=1d59e32e...
info|2019-11-15 19:57:06.498736|[g:1][CONSENSUS][PBFT]checkTimeout Succ,view=46,toView=47,nodeIdx=3,changeCycle=0,myNode=f5b74845...,timecost=0.182
info|2019-11-15 19:57:06.507999|[g:1][CONSENSUS][PBFT]checkAndChangeView: Reach consensus,org_view=46,org_changeCycle=0,cur_changeCycle=0,to_view=47
info|2019-11-15 19:57:07.516583|[g:1][CONSENSUS]addRawPrepare,height=8,reqIdx=2,hash=3f1d4f8b...
info|2019-11-15 19:57:07.516867|[g:1][CONSENSUS][PBFT]checkTimeout Succ,view=47,toView=48,nodeIdx=3,changeCycle=0,myNode=f5b74845...,timecost=0.189
info|2019-11-15 19:57:07.532367|[g:1][CONSENSUS][PBFT]checkAndChangeView: Reach consensus,org_view=47,org_changeCycle=0,cur_changeCycle=0,to_view=48
info|2019-11-15 19:57:08.534131|[g:1][CONSENSUS][SEALER]++++++++++++++++ Generating seal on,blkNum=8,tx=0,nodeIdx=3,hash=0e7bee8e...
info|2019-11-15 19:57:08.535345|[g:1][CONSENSUS][PBFT]checkTimeout Succ,view=48,toView=49,nodeIdx=3,changeCycle=0,myNode=f5b74845...,timecost=0.204
info|2019-11-15 19:57:08.545574|[g:1][CONSENSUS][PBFT]checkAndChangeView: Reach consensus,org_view=48,org_changeCycle=0,cur_changeCycle=0,to_view=49
info|2019-11-15 19:57:08.574054|[P2P][Service] heartBeat,connected count=3
info|2019-11-15 19:57:09.556104|[g:1][CONSENSUS]addRawPrepare,height=8,reqIdx=0,hash=136adde4...
info|2019-11-15 19:57:09.556462|[g:1][CONSENSUS][PBFT]checkTimeout Succ,view=49,toView=50,nodeIdx=3,changeCycle=0,myNode=f5b74845...,timecost=0.299
info|2019-11-15 19:57:09.563612|[g:1][CONSENSUS][PBFT]checkAndChangeView: Reach consensus,org_view=49,org_changeCycle=0,cur_changeCycle=0,to_view=50
info|2019-11-15 19:57:10.570699|[g:1][CONSENSUS]addRawPrepare,height=8,reqIdx=1,hash=4397d83c...
info|2019-11-15 19:57:10.570984|[g:1][CONSENSUS][PBFT]checkTimeout Succ,view=50,toView=51,nodeIdx=3,changeCycle=0,myNode=f5b74845...,timecost=0.21
info|2019-11-15 19:57:10.578731|[g:1][CONSENSUS][PBFT]checkAndChangeView: Reach consensus,org_view=50,org_changeCycle=0,cur_changeCycle=0,to_view=51
info|2019-11-15 19:57:11.590251|[g:1][CONSENSUS]addRawPrepare,height=8,reqIdx=2,hash=237b4372...
info|2019-11-15 19:57:11.590497|[g:1][CONSENSUS][PBFT]checkTimeout Succ,view=51,toView=52,nodeIdx=3,changeCycle=0,myNode=f5b74845...,timecost=0.185
info|2019-11-15 19:57:11.602028|[g:1][CONSENSUS][PBFT]checkAndChangeView: Reach consensus,org_view=51,org_changeCycle=0,cur_changeCycle=0,to_view=52
info|2019-11-15 19:57:12.607335|[g:1][CONSENSUS][SEALER]++++++++++++++++ Generating seal on,blkNum=8,tx=0,nodeIdx=3,hash=af744cec...
info|2019-11-15 19:57:12.609884|[g:1][CONSENSUS][PBFT]checkTimeout Succ,view=52,toView=53,nodeIdx=3,changeCycle=0,myNode=f5b74845...,timecost=0.187
info|2019-11-15 19:57:12.610485|[g:1][CONSENSUS][PBFT]checkAndChangeView: Reach consensus,org_view=52,org_changeCycle=0,cur_changeCycle=0,to_view=53
info|2019-11-15 19:57:13.615537|[g:1][CONSENSUS]addRawPrepare,height=8,reqIdx=0,hash=14997788...
info|2019-11-15 19:57:13.615773|[g:1][CONSENSUS][PBFT]checkTimeout Succ,view=53,toView=54,nodeIdx=3,changeCycle=0,myNode=f5b74845...,timecost=0.176
info|2019-11-15 19:57:13.619637|[g:1][CONSENSUS][PBFT]checkAndChangeView: Reach consensus,org_view=53,org_changeCycle=0,cur_changeCycle=0,to_view=54
info|2019-11-15 19:57:14.620807|[g:1][CONSENSUS]addRawPrepare,height=8,reqIdx=1,hash=8a764729...
info|2019-11-15 19:57:14.621076|[g:1][CONSENSUS][PBFT]checkTimeout Succ,view=54,toView=55,nodeIdx=3,changeCycle=0,myNode=f5b74845...,timecost=0.195
info|2019-11-15 19:57:14.625736|[g:1][CONSENSUS][PBFT]checkAndChangeView: Reach consensus,org_view=54,org_changeCycle=0,cur_changeCycle=0,to_view=55
info|2019-11-15 19:57:15.630125|[g:1][CONSENSUS]addRawPrepare,height=8,reqIdx=2,hash=b7140f9b...
info|2019-11-15 19:57:15.630364|[g:1][CONSENSUS][PBFT]checkTimeout Succ,view=55,toView=56,nodeIdx=3,changeCycle=0,myNode=f5b74845...,timecost=0.179
info|2019-11-15 19:57:15.633542|[g:1][CONSENSUS][PBFT]checkAndChangeView: Reach consensus,org_view=55,org_changeCycle=0,cur_changeCycle=0,to_view=56
info|2019-11-15 19:57:16.634735|[g:1][CONSENSUS][SEALER]++++++++++++++++ Generating seal on,blkNum=8,tx=0,nodeIdx=3,hash=d9e856cf...
info|2019-11-15 19:57:16.635366|[g:1][CONSENSUS][PBFT]checkTimeout Succ,view=56,toView=57,nodeIdx=3,changeCycle=0,myNode=f5b74845...,timecost=0.201
info|2019-11-15 19:57:16.639699|[g:1][CONSENSUS][PBFT]checkAndChangeView: Reach consensus,org_view=56,org_changeCycle=0,cur_changeCycle=0,to_view=57
info|2019-11-15 19:57:17.642745|[g:1][CONSENSUS]addRawPrepare,height=8,reqIdx=0,hash=8d016959...
info|2019-11-15 19:57:17.642977|[g:1][CONSENSUS][PBFT]checkTimeout Succ,view=57,toView=58,nodeIdx=3,changeCycle=0,myNode=f5b74845...,timecost=0.173
info|2019-11-15 19:57:17.648183|[g:1][CONSENSUS][PBFT]checkAndChangeView: Reach consensus,org_view=57,org_changeCycle=0,cur_changeCycle=0,to_view=58
info|2019-11-15 19:57:18.574856|[P2P][Service] heartBeat,connected count=3
info|2019-11-15 19:57:18.647303|[g:1][CONSENSUS]addRawPrepare,height=8,reqIdx=1,hash=56cb8801...
info|2019-11-15 19:57:18.647594|[g:1][CONSENSUS][PBFT]checkTimeout Succ,view=58,toView=59,nodeIdx=3,changeCycle=0,myNode=f5b74845...,timecost=0.226
info|2019-11-15 19:57:18.652413|[g:1][CONSENSUS][PBFT]checkAndChangeView: Reach consensus,org_view=58,org_changeCycle=0,cur_changeCycle=0,to_view=59
info|2019-11-15 19:57:19.656911|[g:1][CONSENSUS]addRawPrepare,height=8,reqIdx=2,hash=80741b7a...
info|2019-11-15 19:57:19.657145|[g:1][CONSENSUS][PBFT]checkTimeout Succ,view=59,toView=60,nodeIdx=3,changeCycle=0,myNode=f5b74845...,timecost=0.174
info|2019-11-15 19:57:19.662283|[g:1][CONSENSUS][PBFT]checkAndChangeView: Reach consensus,org_view=59,org_changeCycle=0,cur_changeCycle=0,to_view=60
info|2019-11-15 19:57:20.663685|[g:1][CONSENSUS][SEALER]++++++++++++++++ Generating seal on,blkNum=8,tx=0,nodeIdx=3,hash=88d661ce...
info|2019-11-15 19:57:20.668069|[g:1][CONSENSUS][PBFT]checkTimeout Succ,view=60,toView=61,nodeIdx=3,changeCycle=0,myNode=f5b74845...,timecost=0.266
info|2019-11-15 19:57:20.668966|[g:1][CONSENSUS][PBFT]checkAndChangeView: Reach consensus,org_view=60,org_changeCycle=0,cur_changeCycle=0,to_view=61
info|2019-11-15 19:57:21.674130|[g:1][CONSENSUS]addRawPrepare,height=8,reqIdx=0,hash=a169360e...
info|2019-11-15 19:57:21.674362|[g:1][CONSENSUS][PBFT]checkTimeout Succ,view=61,toView=62,nodeIdx=3,changeCycle=0,myNode=f5b74845...,timecost=0.174
info|2019-11-15 19:57:21.678608|[g:1][CONSENSUS][PBFT]checkAndChangeView: Reach consensus,org_view=61,org_changeCycle=0,cur_changeCycle=0,to_view=62
info|2019-11-15 19:57:22.678387|[g:1][CONSENSUS]addRawPrepare,height=8,reqIdx=1,hash=49c9da53...
info|2019-11-15 19:57:22.678627|[g:1][CONSENSUS][PBFT]checkTimeout Succ,view=62,toView=63,nodeIdx=3,changeCycle=0,myNode=f5b74845...,timecost=0.176
info|2019-11-15 19:57:22.684488|[g:1][CONSENSUS][PBFT]checkAndChangeView: Reach consensus,org_view=62,org_changeCycle=0,cur_changeCycle=0,to_view=63
info|2019-11-15 19:57:23.688740|[g:1][CONSENSUS]addRawPrepare,height=8,reqIdx=2,hash=a5ee4fa7...
info|2019-11-15 19:57:23.691054|[g:1][CONSENSUS][PBFT]checkTimeout Succ,view=63,toView=64,nodeIdx=3,changeCycle=0,myNode=f5b74845...,timecost=2.24
info|2019-11-15 19:57:23.691588|[g:1][CONSENSUS][PBFT]checkAndChangeView: Reach consensus,org_view=63,org_changeCycle=0,cur_changeCycle=0,to_view=64
info|2019-11-15 19:57:24.692190|[g:1][CONSENSUS][SEALER]++++++++++++++++ Generating seal on,blkNum=8,tx=0,nodeIdx=3,hash=8c223acb...
info|2019-11-15 19:57:24.696210|[g:1][CONSENSUS][PBFT]checkTimeout Succ,view=64,toView=65,nodeIdx=3,changeCycle=0,myNode=f5b74845...,timecost=0.388
info|2019-11-15 19:57:24.696728|[g:1][CONSENSUS][PBFT]checkAndChangeView: Reach consensus,org_view=64,org_changeCycle=0,cur_changeCycle=0,to_view=65
info|2019-11-15 19:57:25.704614|[g:1][CONSENSUS]addRawPrepare,height=8,reqIdx=0,hash=e801e8b7...
info|2019-11-15 19:57:25.704890|[g:1][CONSENSUS][PBFT]checkTimeout Succ,view=65,toView=66,nodeIdx=3,changeCycle=0,myNode=f5b74845...,timecost=0.195
info|2019-11-15 19:57:25.705470|[g:1][CONSENSUS][PBFT]checkAndChangeView: Reach consensus,org_view=65,org_changeCycle=0,cur_changeCycle=0,to_view=66
info|2019-11-15 19:57:26.709994|[g:1][CONSENSUS]addRawPrepare,height=8,reqIdx=1,hash=f29e6fb3...
info|2019-11-15 19:57:26.710260|[g:1][CONSENSUS][PBFT]checkTimeout Succ,view=66,toView=67,nodeIdx=3,changeCycle=0,myNode=f5b74845...,timecost=0.214
info|2019-11-15 19:57:26.713953|[g:1][CONSENSUS][PBFT]checkAndChangeView: Reach consensus,org_view=66,org_changeCycle=0,cur_changeCycle=0,to_view=67
info|2019-11-15 19:57:27.716755|[g:1][CONSENSUS]addRawPrepare,height=8,reqIdx=2,hash=a953fc1b...
info|2019-11-15 19:57:27.717084|[g:1][CONSENSUS][PBFT]checkTimeout Succ,view=67,toView=68,nodeIdx=3,changeCycle=0,myNode=f5b74845...,timecost=0.27
info|2019-11-15 19:57:27.721294|[g:1][CONSENSUS][PBFT]checkAndChangeView: Reach consensus,org_view=67,org_changeCycle=0,cur_changeCycle=0,to_view=68
info|2019-11-15 19:57:28.575508|[P2P][Service] heartBeat,connected count=3
info|2019-11-15 19:57:28.721999|[g:1][CONSENSUS][SEALER]++++++++++++++++ Generating seal on,blkNum=8,tx=0,nodeIdx=3,hash=b965393a...
info|2019-11-15 19:57:28.725568|[g:1][CONSENSUS][PBFT]checkTimeout Succ,view=68,toView=69,nodeIdx=3,changeCycle=0,myNode=f5b74845...,timecost=0.185
info|2019-11-15 19:57:28.725879|[g:1][CONSENSUS][PBFT]checkAndChangeView: Reach consensus,org_view=68,org_changeCycle=0,cur_changeCycle=0,to_view=69
info|2019-11-15 19:57:29.734270|[g:1][CONSENSUS]addRawPrepare,height=8,reqIdx=0,hash=4176a7f0...
info|2019-11-15 19:57:29.734490|[g:1][CONSENSUS][PBFT]checkTimeout Succ,view=69,toView=70,nodeIdx=3,changeCycle=0,myNode=f5b74845...,timecost=0.197
info|2019-11-15 19:57:29.738543|[g:1][CONSENSUS][PBFT]checkAndChangeView: Reach consensus,org_view=69,org_changeCycle=0,cur_changeCycle=0,to_view=70
info|2019-11-15 19:57:30.741842|[g:1][CONSENSUS]addRawPrepare,height=8,reqIdx=1,hash=bceac63a...
info|2019-11-15 19:57:30.742083|[g:1][CONSENSUS][PBFT]checkTimeout Succ,view=70,toView=71,nodeIdx=3,changeCycle=0,myNode=f5b74845...,timecost=0.179
info|2019-11-15 19:57:30.745430|[g:1][CONSENSUS][PBFT]checkAndChangeView: Reach consensus,org_view=70,org_changeCycle=0,cur_changeCycle=0,to_view=71
info|2019-11-15 19:57:31.748227|[g:1][CONSENSUS]addRawPrepare,height=8,reqIdx=2,hash=a2e31a6f...
info|2019-11-15 19:57:31.748477|[g:1][CONSENSUS][PBFT]checkTimeout Succ,view=71,toView=72,nodeIdx=3,changeCycle=0,myNode=f5b74845...,timecost=0.187
info|2019-11-15 19:57:31.754434|[g:1][CONSENSUS][PBFT]checkAndChangeView: Reach consensus,org_view=71,org_changeCycle=0,cur_changeCycle=0,to_view=72
info|2019-11-15 19:57:32.756567|[g:1][CONSENSUS][SEALER]++++++++++++++++ Generating seal on,blkNum=8,tx=0,nodeIdx=3,hash=74e839e5...
info|2019-11-15 19:57:32.759260|[g:1][CONSENSUS][PBFT]checkTimeout Succ,view=72,toView=73,nodeIdx=3,changeCycle=0,myNode=f5b74845...,timecost=0.198
info|2019-11-15 19:57:32.768700|[g:1][CONSENSUS][PBFT]checkAndChangeView: Reach consensus,org_view=72,org_changeCycle=0,cur_changeCycle=0,to_view=73
info|2019-11-15 19:57:33.744761|[NETWORK][Session]Received topic: [2	_block_notify_1] from 32db7d10e2c7fa645891f0943ad88c87f7d0ec66500b45632d53889d72ca80f2077a9280acde028f225f75af346a3fa4f75e37d8b596c2d5eb444c7bc283f925
info|2019-11-15 19:57:33.772049|[g:1][CONSENSUS]addRawPrepare,height=8,reqIdx=0,hash=ceae1fde...
info|2019-11-15 19:57:33.772293|[g:1][CONSENSUS][PBFT]checkTimeout Succ,view=73,toView=74,nodeIdx=3,changeCycle=0,myNode=f5b74845...,timecost=0.175
info|2019-11-15 19:57:33.774824|[g:1][CONSENSUS][PBFT]checkAndChangeView: Reach consensus,org_view=73,org_changeCycle=0,cur_changeCycle=0,to_view=74
info|2019-11-15 19:57:34.780609|[g:1][CONSENSUS]addRawPrepare,height=8,reqIdx=1,hash=d042f2f6...
info|2019-11-15 19:57:34.780853|[g:1][CONSENSUS][PBFT]checkTimeout Succ,view=74,toView=75,nodeIdx=3,changeCycle=0,myNode=f5b74845...,timecost=0.184
info|2019-11-15 19:57:34.784773|[g:1][CONSENSUS][PBFT]checkAndChangeView: Reach consensus,org_view=74,org_changeCycle=0,cur_changeCycle=0,to_view=75
info|2019-11-15 19:57:35.784716|[g:1][CONSENSUS]addRawPrepare,height=8,reqIdx=2,hash=828318af...
info|2019-11-15 19:57:35.795823|[g:1][CONSENSUS][PBFT]checkTimeout Succ,view=75,toView=76,nodeIdx=3,changeCycle=0,myNode=f5b74845...,timecost=11.043
info|2019-11-15 19:57:35.797576|[g:1][CONSENSUS][PBFT]checkAndChangeView: Reach consensus,org_view=75,org_changeCycle=0,cur_changeCycle=0,to_view=76
info|2019-11-15 19:57:36.799536|[g:1][CONSENSUS][SEALER]++++++++++++++++ Generating seal on,blkNum=8,tx=0,nodeIdx=3,hash=1850639b...
info|2019-11-15 19:57:36.804659|[g:1][CONSENSUS][PBFT]checkTimeout Succ,view=76,toView=77,nodeIdx=3,changeCycle=0,myNode=f5b74845...,timecost=1.586
info|2019-11-15 19:57:36.811485|[g:1][CONSENSUS][PBFT]checkAndChangeView: Reach consensus,org_view=76,org_changeCycle=0,cur_changeCycle=0,to_view=77
info|2019-11-15 19:57:37.822598|[g:1][CONSENSUS]addRawPrepare,height=8,reqIdx=0,hash=5ee5b3d0...
info|2019-11-15 19:57:37.822884|[g:1][CONSENSUS][PBFT]checkTimeout Succ,view=77,toView=78,nodeIdx=3,changeCycle=0,myNode=f5b74845...,timecost=0.198
info|2019-11-15 19:57:37.824970|[g:1][CONSENSUS][PBFT]checkAndChangeView: Reach consensus,org_view=77,org_changeCycle=0,cur_changeCycle=0,to_view=78
info|2019-11-15 19:57:38.576196|[P2P][Service] heartBeat,connected count=3
info|2019-11-15 19:57:38.833064|[g:1][CONSENSUS]addRawPrepare,height=8,reqIdx=1,hash=636c207c...
info|2019-11-15 19:57:38.833402|[g:1][CONSENSUS][PBFT]checkTimeout Succ,view=78,toView=79,nodeIdx=3,changeCycle=0,myNode=f5b74845...,timecost=0.272
info|2019-11-15 19:57:38.840924|[g:1][CONSENSUS][PBFT]checkAndChangeView: Reach consensus,org_view=78,org_changeCycle=0,cur_changeCycle=0,to_view=79
info|2019-11-15 19:57:39.847654|[g:1][CONSENSUS]addRawPrepare,height=8,reqIdx=2,hash=abe41fc9...
info|2019-11-15 19:57:39.847897|[g:1][CONSENSUS][PBFT]checkTimeout Succ,view=79,toView=80,nodeIdx=3,changeCycle=0,myNode=f5b74845...,timecost=0.179
info|2019-11-15 19:57:39.864387|[g:1][CONSENSUS][PBFT]checkAndChangeView: Reach consensus,org_view=79,org_changeCycle=0,cur_changeCycle=0,to_view=80
info|2019-11-15 19:57:40.864181|[g:1][CONSENSUS][SEALER]++++++++++++++++ Generating seal on,blkNum=8,tx=0,nodeIdx=3,hash=af9ebbec...
info|2019-11-15 19:57:40.872429|[g:1][CONSENSUS][PBFT]checkTimeout Succ,view=80,toView=81,nodeIdx=3,changeCycle=0,myNode=f5b74845...,timecost=0.199
info|2019-11-15 19:57:40.873028|[g:1][CONSENSUS][PBFT]checkAndChangeView: Reach consensus,org_view=80,org_changeCycle=0,cur_changeCycle=0,to_view=81
info|2019-11-15 19:57:41.883810|[g:1][CONSENSUS]addRawPrepare,height=8,reqIdx=0,hash=adcef895...
info|2019-11-15 19:57:41.886827|[g:1][CONSENSUS][PBFT]checkTimeout Succ,view=81,toView=82,nodeIdx=3,changeCycle=0,myNode=f5b74845...,timecost=2.943
info|2019-11-15 19:57:41.887651|[g:1][CONSENSUS][PBFT]checkAndChangeView: Reach consensus,org_view=81,org_changeCycle=0,cur_changeCycle=0,to_view=82
info|2019-11-15 19:57:42.901186|[g:1][CONSENSUS]addRawPrepare,height=8,reqIdx=1,hash=20d171d8...
info|2019-11-15 19:57:42.901464|[g:1][CONSENSUS][PBFT]checkTimeout Succ,view=82,toView=83,nodeIdx=3,changeCycle=0,myNode=f5b74845...,timecost=0.208
info|2019-11-15 19:57:42.913236|[g:1][CONSENSUS][PBFT]checkAndChangeView: Reach consensus,org_view=82,org_changeCycle=0,cur_changeCycle=0,to_view=83
info|2019-11-15 19:57:43.919313|[g:1][CONSENSUS]addRawPrepare,height=8,reqIdx=2,hash=43534b73...
info|2019-11-15 19:57:43.919542|[g:1][CONSENSUS][PBFT]checkTimeout Succ,view=83,toView=84,nodeIdx=3,changeCycle=0,myNode=f5b74845...,timecost=0.203
info|2019-11-15 19:57:43.923938|[g:1][CONSENSUS][PBFT]checkAndChangeView: Reach consensus,org_view=83,org_changeCycle=0,cur_changeCycle=0,to_view=84
info|2019-11-15 19:57:44.924184|[g:1][CONSENSUS][SEALER]++++++++++++++++ Generating seal on,blkNum=8,tx=0,nodeIdx=3,hash=5cfd3127...
info|2019-11-15 19:57:44.930852|[g:1][CONSENSUS][PBFT]checkTimeout Succ,view=84,toView=85,nodeIdx=3,changeCycle=0,myNode=f5b74845...,timecost=0.227
info|2019-11-15 19:57:44.931595|[g:1][CONSENSUS][PBFT]checkAndChangeView: Reach consensus,org_view=84,org_changeCycle=0,cur_changeCycle=0,to_view=85
info|2019-11-15 19:57:45.930932|[g:1][CONSENSUS]addRawPrepare,height=8,reqIdx=0,hash=c29973d7...
info|2019-11-15 19:57:45.931165|[g:1][CONSENSUS][PBFT]checkTimeout Succ,view=85,toView=86,nodeIdx=3,changeCycle=0,myNode=f5b74845...,timecost=0.207
info|2019-11-15 19:57:45.933152|[g:1][CONSENSUS][PBFT]checkAndChangeView: Reach consensus,org_view=85,org_changeCycle=0,cur_changeCycle=0,to_view=86
info|2019-11-15 19:57:46.935292|[g:1][CONSENSUS]addRawPrepare,height=8,reqIdx=1,hash=1bd228aa...
info|2019-11-15 19:57:46.935620|[g:1][CONSENSUS][PBFT]checkTimeout Succ,view=86,toView=87,nodeIdx=3,changeCycle=0,myNode=f5b74845...,timecost=0.267
info|2019-11-15 19:57:46.942626|[g:1][CONSENSUS][PBFT]checkAndChangeView: Reach consensus,org_view=86,org_changeCycle=0,cur_changeCycle=0,to_view=87
info|2019-11-15 19:57:47.946318|[g:1][CONSENSUS]addRawPrepare,height=8,reqIdx=2,hash=6734e945...
info|2019-11-15 19:57:47.946603|[g:1][CONSENSUS][PBFT]checkTimeout Succ,view=87,toView=88,nodeIdx=3,changeCycle=0,myNode=f5b74845...,timecost=0.229
info|2019-11-15 19:57:47.953019|[g:1][CONSENSUS][PBFT]checkAndChangeView: Reach consensus,org_view=87,org_changeCycle=0,cur_changeCycle=0,to_view=88
info|2019-11-15 19:57:48.577004|[P2P][Service] heartBeat,connected count=3
info|2019-11-15 19:57:48.956980|[g:1][CONSENSUS][SEALER]++++++++++++++++ Generating seal on,blkNum=8,tx=0,nodeIdx=3,hash=41c30b2a...
info|2019-11-15 19:57:48.970190|[g:1][CONSENSUS][PBFT]checkTimeout Succ,view=88,toView=89,nodeIdx=3,changeCycle=0,myNode=f5b74845...,timecost=0.35
info|2019-11-15 19:57:48.971403|[g:1][CONSENSUS][PBFT]checkAndChangeView: Reach consensus,org_view=88,org_changeCycle=0,cur_changeCycle=0,to_view=89
info|2019-11-15 19:57:49.975144|[g:1][CONSENSUS]addRawPrepare,height=8,reqIdx=0,hash=48ef3a36...
info|2019-11-15 19:57:49.975452|[g:1][CONSENSUS][PBFT]checkTimeout Succ,view=89,toView=90,nodeIdx=3,changeCycle=0,myNode=f5b74845...,timecost=0.241
info|2019-11-15 19:57:49.984348|[g:1][CONSENSUS][PBFT]checkAndChangeView: Reach consensus,org_view=89,org_changeCycle=0,cur_changeCycle=0,to_view=90
info|2019-11-15 19:57:50.988589|[g:1][CONSENSUS]addRawPrepare,height=8,reqIdx=1,hash=989eee6c...
info|2019-11-15 19:57:50.988893|[g:1][CONSENSUS][PBFT]checkTimeout Succ,view=90,toView=91,nodeIdx=3,changeCycle=0,myNode=f5b74845...,timecost=0.224
info|2019-11-15 19:57:50.992461|[g:1][CONSENSUS][PBFT]checkAndChangeView: Reach consensus,org_view=90,org_changeCycle=0,cur_changeCycle=0,to_view=91
info|2019-11-15 19:57:51.994453|[g:1][CONSENSUS]addRawPrepare,height=8,reqIdx=2,hash=2285d5f6...
info|2019-11-15 19:57:51.994670|[g:1][CONSENSUS][PBFT]checkTimeout Succ,view=91,toView=92,nodeIdx=3,changeCycle=0,myNode=f5b74845...,timecost=0.192
info|2019-11-15 19:57:51.997064|[g:1][CONSENSUS][PBFT]checkAndChangeView: Reach consensus,org_view=91,org_changeCycle=0,cur_changeCycle=0,to_view=92
info|2019-11-15 19:57:52.997173|[g:1][CONSENSUS][SEALER]++++++++++++++++ Generating seal on,blkNum=8,tx=0,nodeIdx=3,hash=60df40bb...
info|2019-11-15 19:57:53.005732|[g:1][CONSENSUS][PBFT]checkTimeout Succ,view=92,toView=93,nodeIdx=3,changeCycle=0,myNode=f5b74845...,timecost=0.246
info|2019-11-15 19:57:53.006922|[g:1][CONSENSUS][PBFT]checkAndChangeView: Reach consensus,org_view=92,org_changeCycle=0,cur_changeCycle=0,to_view=93
info|2019-11-15 19:57:54.007799|[g:1][CONSENSUS]addRawPrepare,height=8,reqIdx=0,hash=5b21a6b5...
info|2019-11-15 19:57:54.008130|[g:1][CONSENSUS][PBFT]checkTimeout Succ,view=93,toView=94,nodeIdx=3,changeCycle=0,myNode=f5b74845...,timecost=0.311
info|2019-11-15 19:57:54.011661|[g:1][CONSENSUS][PBFT]checkAndChangeView: Reach consensus,org_view=93,org_changeCycle=0,cur_changeCycle=0,to_view=94
info|2019-11-15 19:57:55.014904|[g:1][CONSENSUS]addRawPrepare,height=8,reqIdx=1,hash=71524e8c...
info|2019-11-15 19:57:55.015163|[g:1][CONSENSUS][PBFT]checkTimeout Succ,view=94,toView=95,nodeIdx=3,changeCycle=0,myNode=f5b74845...,timecost=0.189
info|2019-11-15 19:57:55.023333|[g:1][CONSENSUS][PBFT]checkAndChangeView: Reach consensus,org_view=94,org_changeCycle=0,cur_changeCycle=0,to_view=95
info|2019-11-15 19:57:56.028692|[g:1][CONSENSUS]addRawPrepare,height=8,reqIdx=2,hash=7ae5c330...
info|2019-11-15 19:57:56.028909|[g:1][CONSENSUS][PBFT]checkTimeout Succ,view=95,toView=96,nodeIdx=3,changeCycle=0,myNode=f5b74845...,timecost=0.194
info|2019-11-15 19:57:56.029485|[g:1][CONSENSUS][PBFT]checkAndChangeView: Reach consensus,org_view=95,org_changeCycle=0,cur_changeCycle=0,to_view=96
info|2019-11-15 19:57:57.029221|[g:1][CONSENSUS][SEALER]++++++++++++++++ Generating seal on,blkNum=8,tx=0,nodeIdx=3,hash=e987ec4e...
info|2019-11-15 19:57:57.038115|[g:1][CONSENSUS][PBFT]checkTimeout Succ,view=96,toView=97,nodeIdx=3,changeCycle=0,myNode=f5b74845...,timecost=0.204
info|2019-11-15 19:57:57.041324|[g:1][CONSENSUS][PBFT]checkAndChangeView: Reach consensus,org_view=96,org_changeCycle=0,cur_changeCycle=0,to_view=97
info|2019-11-15 19:57:58.039485|[g:1][CONSENSUS]addRawPrepare,height=8,reqIdx=0,hash=c6c75203...
info|2019-11-15 19:57:58.039738|[g:1][CONSENSUS][PBFT]checkTimeout Succ,view=97,toView=98,nodeIdx=3,changeCycle=0,myNode=f5b74845...,timecost=0.23
info|2019-11-15 19:57:58.041352|[g:1][CONSENSUS][PBFT]checkAndChangeView: Reach consensus,org_view=97,org_changeCycle=0,cur_changeCycle=0,to_view=98
info|2019-11-15 19:57:58.577340|[P2P][Service] heartBeat,connected count=3
info|2019-11-15 19:57:59.046500|[g:1][CONSENSUS]addRawPrepare,height=8,reqIdx=1,hash=ccd11a7c...
info|2019-11-15 19:57:59.046769|[g:1][CONSENSUS][PBFT]checkTimeout Succ,view=98,toView=99,nodeIdx=3,changeCycle=0,myNode=f5b74845...,timecost=0.181
info|2019-11-15 19:57:59.050710|[g:1][CONSENSUS][PBFT]checkAndChangeView: Reach consensus,org_view=98,org_changeCycle=0,cur_changeCycle=0,to_view=99
info|2019-11-15 19:58:00.053758|[g:1][CONSENSUS]addRawPrepare,height=8,reqIdx=2,hash=c23e5a8c...
info|2019-11-15 19:58:00.054006|[g:1][CONSENSUS][PBFT]checkTimeout Succ,view=99,toView=100,nodeIdx=3,changeCycle=0,myNode=f5b74845...,timecost=0.187
info|2019-11-15 19:58:00.068229|[g:1][CONSENSUS][PBFT]checkAndChangeView: Reach consensus,org_view=99,org_changeCycle=0,cur_changeCycle=0,to_view=100
info|2019-11-15 19:58:01.072355|[g:1][CONSENSUS][SEALER]++++++++++++++++ Generating seal on,blkNum=8,tx=0,nodeIdx=3,hash=f70f6923...
info|2019-11-15 19:58:01.076466|[g:1][CONSENSUS][PBFT]checkTimeout Succ,view=100,toView=101,nodeIdx=3,changeCycle=0,myNode=f5b74845...,timecost=0.214
info|2019-11-15 19:58:01.076751|[g:1][CONSENSUS][PBFT]checkAndChangeView: Reach consensus,org_view=100,org_changeCycle=0,cur_changeCycle=0,to_view=101
info|2019-11-15 19:58:02.081340|[g:1][CONSENSUS]addRawPrepare,height=8,reqIdx=0,hash=680c0da8...
info|2019-11-15 19:58:02.081581|[g:1][CONSENSUS][PBFT]checkTimeout Succ,view=101,toView=102,nodeIdx=3,changeCycle=0,myNode=f5b74845...,timecost=0.178
info|2019-11-15 19:58:02.090582|[g:1][CONSENSUS][PBFT]checkAndChangeView: Reach consensus,org_view=101,org_changeCycle=0,cur_changeCycle=0,to_view=102
info|2019-11-15 19:58:03.091482|[g:1][CONSENSUS]addRawPrepare,height=8,reqIdx=1,hash=dc2d3b9c...
info|2019-11-15 19:58:03.094334|[g:1][CONSENSUS][PBFT]checkTimeout Succ,view=102,toView=103,nodeIdx=3,changeCycle=0,myNode=f5b74845...,timecost=2.785
info|2019-11-15 19:58:03.097965|[g:1][CONSENSUS][PBFT]checkAndChangeView: Reach consensus,org_view=102,org_changeCycle=0,cur_changeCycle=0,to_view=103
info|2019-11-15 19:58:04.099794|[g:1][CONSENSUS]addRawPrepare,height=8,reqIdx=2,hash=74e78abe...
info|2019-11-15 19:58:04.100085|[g:1][CONSENSUS][PBFT]checkTimeout Succ,view=103,toView=104,nodeIdx=3,changeCycle=0,myNode=f5b74845...,timecost=0.268
info|2019-11-15 19:58:04.102346|[g:1][CONSENSUS][PBFT]checkAndChangeView: Reach consensus,org_view=103,org_changeCycle=0,cur_changeCycle=0,to_view=104
info|2019-11-15 19:58:05.109009|[g:1][CONSENSUS][SEALER]++++++++++++++++ Generating seal on,blkNum=8,tx=0,nodeIdx=3,hash=f3f5aa98...
info|2019-11-15 19:58:05.115313|[g:1][CONSENSUS][PBFT]checkTimeout Succ,view=104,toView=105,nodeIdx=3,changeCycle=0,myNode=f5b74845...,timecost=0.315
info|2019-11-15 19:58:05.115652|[g:1][CONSENSUS][PBFT]checkAndChangeView: Reach consensus,org_view=104,org_changeCycle=0,cur_changeCycle=0,to_view=105
info|2019-11-15 19:58:06.117036|[g:1][CONSENSUS]addRawPrepare,height=8,reqIdx=0,hash=33c80b01...
info|2019-11-15 19:58:06.117243|[g:1][CONSENSUS][PBFT]checkTimeout Succ,view=105,toView=106,nodeIdx=3,changeCycle=0,myNode=f5b74845...,timecost=0.186
info|2019-11-15 19:58:06.119518|[g:1][CONSENSUS][PBFT]checkAndChangeView: Reach consensus,org_view=105,org_changeCycle=0,cur_changeCycle=0,to_view=106
info|2019-11-15 19:58:07.119793|[g:1][CONSENSUS]addRawPrepare,height=8,reqIdx=1,hash=887cc97f...
info|2019-11-15 19:58:07.120039|[g:1][CONSENSUS][PBFT]checkTimeout Succ,view=106,toView=107,nodeIdx=3,changeCycle=0,myNode=f5b74845...,timecost=0.178
info|2019-11-15 19:58:07.124042|[g:1][CONSENSUS][PBFT]checkAndChangeView: Reach consensus,org_view=106,org_changeCycle=0,cur_changeCycle=0,to_view=107
info|2019-11-15 19:58:08.124597|[g:1][CONSENSUS]addRawPrepare,height=8,reqIdx=2,hash=afc7f8a5...
info|2019-11-15 19:58:08.124846|[g:1][CONSENSUS][PBFT]checkTimeout Succ,view=107,toView=108,nodeIdx=3,changeCycle=0,myNode=f5b74845...,timecost=0.228
info|2019-11-15 19:58:08.126483|[g:1][CONSENSUS][PBFT]checkAndChangeView: Reach consensus,org_view=107,org_changeCycle=0,cur_changeCycle=0,to_view=108
info|2019-11-15 19:58:08.577748|[P2P][Service] heartBeat,connected count=3
info|2019-11-15 19:58:09.128305|[g:1][CONSENSUS][SEALER]++++++++++++++++ Generating seal on,blkNum=8,tx=0,nodeIdx=3,hash=ee2cd8d0...
info|2019-11-15 19:58:09.140440|[g:1][CONSENSUS][PBFT]checkTimeout Succ,view=108,toView=109,nodeIdx=3,changeCycle=0,myNode=f5b74845...,timecost=0.205
info|2019-11-15 19:58:09.141423|[g:1][CONSENSUS][PBFT]checkAndChangeView: Reach consensus,org_view=108,org_changeCycle=0,cur_changeCycle=0,to_view=109
info|2019-11-15 19:58:10.144784|[g:1][CONSENSUS]addRawPrepare,height=8,reqIdx=0,hash=a485322b...
info|2019-11-15 19:58:10.145023|[g:1][CONSENSUS][PBFT]checkTimeout Succ,view=109,toView=110,nodeIdx=3,changeCycle=0,myNode=f5b74845...,timecost=0.176
info|2019-11-15 19:58:10.145575|[g:1][CONSENSUS][PBFT]checkAndChangeView: Reach consensus,org_view=109,org_changeCycle=0,cur_changeCycle=0,to_view=110
info|2019-11-15 19:58:11.184764|[g:1][CONSENSUS]addRawPrepare,height=8,reqIdx=1,hash=84e7534f...
info|2019-11-15 19:58:11.185028|[g:1][CONSENSUS][PBFT]checkTimeout Succ,view=110,toView=111,nodeIdx=3,changeCycle=0,myNode=f5b74845...,timecost=0.193
info|2019-11-15 19:58:11.188333|[g:1][CONSENSUS][PBFT]checkAndChangeView: Reach consensus,org_view=110,org_changeCycle=0,cur_changeCycle=0,to_view=111
info|2019-11-15 19:58:12.190408|[g:1][CONSENSUS]addRawPrepare,height=8,reqIdx=2,hash=30d60d93...
info|2019-11-15 19:58:12.190634|[g:1][CONSENSUS][PBFT]checkTimeout Succ,view=111,toView=112,nodeIdx=3,changeCycle=0,myNode=f5b74845...,timecost=0.199
info|2019-11-15 19:58:12.193349|[g:1][CONSENSUS][PBFT]checkAndChangeView: Reach consensus,org_view=111,org_changeCycle=0,cur_changeCycle=0,to_view=112
info|2019-11-15 19:58:13.194684|[g:1][CONSENSUS][SEALER]++++++++++++++++ Generating seal on,blkNum=8,tx=0,nodeIdx=3,hash=57038b07...
info|2019-11-15 19:58:13.201318|[g:1][CONSENSUS][PBFT]checkTimeout Succ,view=112,toView=113,nodeIdx=3,changeCycle=0,myNode=f5b74845...,timecost=0.271
info|2019-11-15 19:58:13.202166|[g:1][CONSENSUS][PBFT]checkAndChangeView: Reach consensus,org_view=112,org_changeCycle=0,cur_changeCycle=0,to_view=113
info|2019-11-15 19:58:14.202589|[g:1][CONSENSUS]addRawPrepare,height=8,reqIdx=0,hash=2271bebd...
info|2019-11-15 19:58:14.202927|[g:1][CONSENSUS][PBFT]checkTimeout Succ,view=113,toView=114,nodeIdx=3,changeCycle=0,myNode=f5b74845...,timecost=0.235
info|2019-11-15 19:58:14.205155|[g:1][CONSENSUS][PBFT]checkAndChangeView: Reach consensus,org_view=113,org_changeCycle=0,cur_changeCycle=0,to_view=114
info|2019-11-15 19:58:15.204573|[g:1][CONSENSUS]addRawPrepare,height=8,reqIdx=1,hash=4316065b...
info|2019-11-15 19:58:15.204823|[g:1][CONSENSUS][PBFT]checkTimeout Succ,view=114,toView=115,nodeIdx=3,changeCycle=0,myNode=f5b74845...,timecost=0.182
info|2019-11-15 19:58:15.208708|[g:1][CONSENSUS][PBFT]checkAndChangeView: Reach consensus,org_view=114,org_changeCycle=0,cur_changeCycle=0,to_view=115
info|2019-11-15 19:58:16.212130|[g:1][CONSENSUS]addRawPrepare,height=8,reqIdx=2,hash=f0f8eab9...
info|2019-11-15 19:58:16.212333|[g:1][CONSENSUS][PBFT]checkTimeout Succ,view=115,toView=116,nodeIdx=3,changeCycle=0,myNode=f5b74845...,timecost=0.179
info|2019-11-15 19:58:16.214204|[g:1][CONSENSUS][PBFT]checkAndChangeView: Reach consensus,org_view=115,org_changeCycle=0,cur_changeCycle=0,to_view=116
info|2019-11-15 19:58:17.214853|[g:1][CONSENSUS][SEALER]++++++++++++++++ Generating seal on,blkNum=8,tx=0,nodeIdx=3,hash=5fe9c384...
info|2019-11-15 19:58:17.221053|[g:1][CONSENSUS][PBFT]checkTimeout Succ,view=116,toView=117,nodeIdx=3,changeCycle=0,myNode=f5b74845...,timecost=0.216
info|2019-11-15 19:58:17.221724|[g:1][CONSENSUS][PBFT]checkAndChangeView: Reach consensus,org_view=116,org_changeCycle=0,cur_changeCycle=0,to_view=117
info|2019-11-15 19:58:18.223644|[g:1][CONSENSUS]addRawPrepare,height=8,reqIdx=0,hash=3a72fb2b...
info|2019-11-15 19:58:18.223863|[g:1][CONSENSUS][PBFT]checkTimeout Succ,view=117,toView=118,nodeIdx=3,changeCycle=0,myNode=f5b74845...,timecost=0.195
info|2019-11-15 19:58:18.225393|[g:1][CONSENSUS][PBFT]checkAndChangeView: Reach consensus,org_view=117,org_changeCycle=0,cur_changeCycle=0,to_view=118
info|2019-11-15 19:58:18.577950|[P2P][Service] heartBeat,connected count=3
info|2019-11-15 19:58:19.225169|[g:1][CONSENSUS]addRawPrepare,height=8,reqIdx=1,hash=1abb1886...
info|2019-11-15 19:58:19.225560|[g:1][CONSENSUS][PBFT]checkTimeout Succ,view=118,toView=119,nodeIdx=3,changeCycle=0,myNode=f5b74845...,timecost=0.321
info|2019-11-15 19:58:19.230366|[g:1][CONSENSUS][PBFT]checkAndChangeView: Reach consensus,org_view=118,org_changeCycle=0,cur_changeCycle=0,to_view=119
info|2019-11-15 19:58:20.232369|[g:1][CONSENSUS]addRawPrepare,height=8,reqIdx=2,hash=afc0c05f...
info|2019-11-15 19:58:20.232609|[g:1][CONSENSUS][PBFT]checkTimeout Succ,view=119,toView=120,nodeIdx=3,changeCycle=0,myNode=f5b74845...,timecost=0.22
info|2019-11-15 19:58:20.278379|[g:1][CONSENSUS][PBFT]checkAndChangeView: Reach consensus,org_view=119,org_changeCycle=0,cur_changeCycle=0,to_view=120
info|2019-11-15 19:58:21.278588|[g:1][CONSENSUS][SEALER]++++++++++++++++ Generating seal on,blkNum=8,tx=0,nodeIdx=3,hash=0ddaacce...
info|2019-11-15 19:58:21.284411|[g:1][CONSENSUS][PBFT]checkTimeout Succ,view=120,toView=121,nodeIdx=3,changeCycle=0,myNode=f5b74845...,timecost=0.191
info|2019-11-15 19:58:21.285277|[g:1][CONSENSUS][PBFT]checkAndChangeView: Reach consensus,org_view=120,org_changeCycle=0,cur_changeCycle=0,to_view=121
info|2019-11-15 19:58:22.285183|[g:1][CONSENSUS]addRawPrepare,height=8,reqIdx=0,hash=8b778931...
info|2019-11-15 19:58:22.285400|[g:1][CONSENSUS][PBFT]checkTimeout Succ,view=121,toView=122,nodeIdx=3,changeCycle=0,myNode=f5b74845...,timecost=0.195
info|2019-11-15 19:58:22.287222|[g:1][CONSENSUS][PBFT]checkAndChangeView: Reach consensus,org_view=121,org_changeCycle=0,cur_changeCycle=0,to_view=122
info|2019-11-15 19:58:23.290413|[g:1][CONSENSUS]addRawPrepare,height=8,reqIdx=1,hash=df7942e2...
info|2019-11-15 19:58:23.290853|[g:1][CONSENSUS][PBFT]checkTimeout Succ,view=122,toView=123,nodeIdx=3,changeCycle=0,myNode=f5b74845...,timecost=0.311
info|2019-11-15 19:58:23.298302|[g:1][CONSENSUS][PBFT]checkAndChangeView: Reach consensus,org_view=122,org_changeCycle=0,cur_changeCycle=0,to_view=123
info|2019-11-15 19:58:24.298899|[g:1][CONSENSUS]addRawPrepare,height=8,reqIdx=2,hash=3f04b59e...
info|2019-11-15 19:58:24.299105|[g:1][CONSENSUS][PBFT]checkTimeout Succ,view=123,toView=124,nodeIdx=3,changeCycle=0,myNode=f5b74845...,timecost=0.184
info|2019-11-15 19:58:24.301465|[g:1][CONSENSUS][PBFT]checkAndChangeView: Reach consensus,org_view=123,org_changeCycle=0,cur_changeCycle=0,to_view=124
info|2019-11-15 19:58:25.301990|[g:1][CONSENSUS][SEALER]++++++++++++++++ Generating seal on,blkNum=8,tx=0,nodeIdx=3,hash=fd9e0a19...
info|2019-11-15 19:58:25.308191|[g:1][CONSENSUS][PBFT]checkTimeout Succ,view=124,toView=125,nodeIdx=3,changeCycle=0,myNode=f5b74845...,timecost=0.185
info|2019-11-15 19:58:25.308924|[g:1][CONSENSUS][PBFT]checkAndChangeView: Reach consensus,org_view=124,org_changeCycle=0,cur_changeCycle=0,to_view=125
info|2019-11-15 19:58:26.310082|[g:1][CONSENSUS]addRawPrepare,height=8,reqIdx=0,hash=0ba4e930...
info|2019-11-15 19:58:26.310307|[g:1][CONSENSUS][PBFT]checkTimeout Succ,view=125,toView=126,nodeIdx=3,changeCycle=0,myNode=f5b74845...,timecost=0.186
info|2019-11-15 19:58:26.312018|[g:1][CONSENSUS][PBFT]checkAndChangeView: Reach consensus,org_view=125,org_changeCycle=0,cur_changeCycle=0,to_view=126
info|2019-11-15 19:58:27.312747|[g:1][CONSENSUS]addRawPrepare,height=8,reqIdx=1,hash=b3a98285...
info|2019-11-15 19:58:27.313035|[g:1][CONSENSUS][PBFT]checkTimeout Succ,view=126,toView=127,nodeIdx=3,changeCycle=0,myNode=f5b74845...,timecost=0.185
info|2019-11-15 19:58:27.316919|[g:1][CONSENSUS][PBFT]checkAndChangeView: Reach consensus,org_view=126,org_changeCycle=0,cur_changeCycle=0,to_view=127
info|2019-11-15 19:58:28.317452|[g:1][CONSENSUS]addRawPrepare,height=8,reqIdx=2,hash=aee317b4...
info|2019-11-15 19:58:28.317664|[g:1][CONSENSUS][PBFT]checkTimeout Succ,view=127,toView=128,nodeIdx=3,changeCycle=0,myNode=f5b74845...,timecost=0.187
info|2019-11-15 19:58:28.319178|[g:1][CONSENSUS][PBFT]checkAndChangeView: Reach consensus,org_view=127,org_changeCycle=0,cur_changeCycle=0,to_view=128
info|2019-11-15 19:58:28.578819|[P2P][Service] heartBeat,connected count=3
info|2019-11-15 19:58:29.319838|[g:1][CONSENSUS][SEALER]++++++++++++++++ Generating seal on,blkNum=8,tx=0,nodeIdx=3,hash=1820dad7...
info|2019-11-15 19:58:29.325808|[g:1][CONSENSUS][PBFT]checkTimeout Succ,view=128,toView=129,nodeIdx=3,changeCycle=0,myNode=f5b74845...,timecost=0.187
info|2019-11-15 19:58:29.326704|[g:1][CONSENSUS][PBFT]checkAndChangeView: Reach consensus,org_view=128,org_changeCycle=0,cur_changeCycle=0,to_view=129
info|2019-11-15 19:58:30.326816|[g:1][CONSENSUS]addRawPrepare,height=8,reqIdx=0,hash=0b346280...
info|2019-11-15 19:58:30.327027|[g:1][CONSENSUS][PBFT]checkTimeout Succ,view=129,toView=130,nodeIdx=3,changeCycle=0,myNode=f5b74845...,timecost=0.186
info|2019-11-15 19:58:30.329061|[g:1][CONSENSUS][PBFT]checkAndChangeView: Reach consensus,org_view=129,org_changeCycle=0,cur_changeCycle=0,to_view=130
info|2019-11-15 19:58:31.330566|[g:1][CONSENSUS]addRawPrepare,height=8,reqIdx=1,hash=f157f831...
info|2019-11-15 19:58:31.330839|[g:1][CONSENSUS][PBFT]checkTimeout Succ,view=130,toView=131,nodeIdx=3,changeCycle=0,myNode=f5b74845...,timecost=0.209
info|2019-11-15 19:58:31.334927|[g:1][CONSENSUS][PBFT]checkAndChangeView: Reach consensus,org_view=130,org_changeCycle=0,cur_changeCycle=0,to_view=131
info|2019-11-15 19:58:32.338433|[g:1][CONSENSUS]addRawPrepare,height=8,reqIdx=2,hash=35c261f4...
info|2019-11-15 19:58:32.338645|[g:1][CONSENSUS][PBFT]checkTimeout Succ,view=131,toView=132,nodeIdx=3,changeCycle=0,myNode=f5b74845...,timecost=0.187
info|2019-11-15 19:58:32.341677|[g:1][CONSENSUS][PBFT]checkAndChangeView: Reach consensus,org_view=131,org_changeCycle=0,cur_changeCycle=0,to_view=132
info|2019-11-15 19:58:33.342136|[g:1][CONSENSUS][SEALER]++++++++++++++++ Generating seal on,blkNum=8,tx=0,nodeIdx=3,hash=0b2ecb56...
info|2019-11-15 19:58:33.348579|[g:1][CONSENSUS][PBFT]checkTimeout Succ,view=132,toView=133,nodeIdx=3,changeCycle=0,myNode=f5b74845...,timecost=0.206
info|2019-11-15 19:58:33.349548|[g:1][CONSENSUS][PBFT]checkAndChangeView: Reach consensus,org_view=132,org_changeCycle=0,cur_changeCycle=0,to_view=133
info|2019-11-15 19:58:34.349739|[g:1][CONSENSUS]addRawPrepare,height=8,reqIdx=0,hash=7886e48b...
info|2019-11-15 19:58:34.349944|[g:1][CONSENSUS][PBFT]checkTimeout Succ,view=133,toView=134,nodeIdx=3,changeCycle=0,myNode=f5b74845...,timecost=0.181
info|2019-11-15 19:58:34.351783|[g:1][CONSENSUS][PBFT]checkAndChangeView: Reach consensus,org_view=133,org_changeCycle=0,cur_changeCycle=0,to_view=134
info|2019-11-15 19:58:35.354734|[g:1][CONSENSUS]addRawPrepare,height=8,reqIdx=1,hash=05cc0efc...
info|2019-11-15 19:58:35.355178|[g:1][CONSENSUS][PBFT]checkTimeout Succ,view=134,toView=135,nodeIdx=3,changeCycle=0,myNode=f5b74845...,timecost=0.315
info|2019-11-15 19:58:35.359234|[g:1][CONSENSUS][PBFT]checkAndChangeView: Reach consensus,org_view=134,org_changeCycle=0,cur_changeCycle=0,to_view=135
info|2019-11-15 19:58:36.363381|[g:1][CONSENSUS]addRawPrepare,height=8,reqIdx=2,hash=2cb8ebed...
info|2019-11-15 19:58:36.367544|[g:1][CONSENSUS][PBFT]checkTimeout Succ,view=135,toView=136,nodeIdx=3,changeCycle=0,myNode=f5b74845...,timecost=4.144
info|2019-11-15 19:58:36.369830|[g:1][CONSENSUS][PBFT]checkAndChangeView: Reach consensus,org_view=135,org_changeCycle=0,cur_changeCycle=0,to_view=136
info|2019-11-15 19:58:37.371346|[g:1][CONSENSUS][SEALER]++++++++++++++++ Generating seal on,blkNum=8,tx=0,nodeIdx=3,hash=fe51e885...
info|2019-11-15 19:58:37.377126|[g:1][CONSENSUS][PBFT]checkTimeout Succ,view=136,toView=137,nodeIdx=3,changeCycle=0,myNode=f5b74845...,timecost=0.185
info|2019-11-15 19:58:37.378325|[g:1][CONSENSUS][PBFT]checkAndChangeView: Reach consensus,org_view=136,org_changeCycle=0,cur_changeCycle=0,to_view=137
info|2019-11-15 19:58:38.378223|[g:1][CONSENSUS]addRawPrepare,height=8,reqIdx=0,hash=0be6fcaa...
info|2019-11-15 19:58:38.378561|[g:1][CONSENSUS][PBFT]checkTimeout Succ,view=137,toView=138,nodeIdx=3,changeCycle=0,myNode=f5b74845...,timecost=0.274
info|2019-11-15 19:58:38.382781|[g:1][CONSENSUS][PBFT]checkAndChangeView: Reach consensus,org_view=137,org_changeCycle=0,cur_changeCycle=0,to_view=138
info|2019-11-15 19:58:38.578907|[P2P][Service] heartBeat,connected count=3
info|2019-11-15 19:58:39.384069|[g:1][CONSENSUS]addRawPrepare,height=8,reqIdx=1,hash=851f5d4f...
info|2019-11-15 19:58:39.384331|[g:1][CONSENSUS][PBFT]checkTimeout Succ,view=138,toView=139,nodeIdx=3,changeCycle=0,myNode=f5b74845...,timecost=0.195
info|2019-11-15 19:58:39.387770|[g:1][CONSENSUS][PBFT]checkAndChangeView: Reach consensus,org_view=138,org_changeCycle=0,cur_changeCycle=0,to_view=139
info|2019-11-15 19:58:40.389151|[g:1][CONSENSUS]addRawPrepare,height=8,reqIdx=2,hash=ac72ccdc...
info|2019-11-15 19:58:40.389358|[g:1][CONSENSUS][PBFT]checkTimeout Succ,view=139,toView=140,nodeIdx=3,changeCycle=0,myNode=f5b74845...,timecost=0.185
info|2019-11-15 19:58:40.392502|[g:1][CONSENSUS][PBFT]checkAndChangeView: Reach consensus,org_view=139,org_changeCycle=0,cur_changeCycle=0,to_view=140
info|2019-11-15 19:58:41.392843|[g:1][CONSENSUS][SEALER]++++++++++++++++ Generating seal on,blkNum=8,tx=0,nodeIdx=3,hash=d46ac5ca...
info|2019-11-15 19:58:41.400368|[g:1][CONSENSUS][PBFT]checkTimeout Succ,view=140,toView=141,nodeIdx=3,changeCycle=0,myNode=f5b74845...,timecost=0.188
info|2019-11-15 19:58:41.401272|[g:1][CONSENSUS][PBFT]checkAndChangeView: Reach consensus,org_view=140,org_changeCycle=0,cur_changeCycle=0,to_view=141
info|2019-11-15 19:58:42.400888|[g:1][CONSENSUS]addRawPrepare,height=8,reqIdx=0,hash=69a9f413...
info|2019-11-15 19:58:42.401100|[g:1][CONSENSUS][PBFT]checkTimeout Succ,view=141,toView=142,nodeIdx=3,changeCycle=0,myNode=f5b74845...,timecost=0.188
info|2019-11-15 19:58:42.403554|[g:1][CONSENSUS][PBFT]checkAndChangeView: Reach consensus,org_view=141,org_changeCycle=0,cur_changeCycle=0,to_view=142
info|2019-11-15 19:58:43.403533|[g:1][CONSENSUS]addRawPrepare,height=8,reqIdx=1,hash=bdc9ab30...
info|2019-11-15 19:58:43.403795|[g:1][CONSENSUS][PBFT]checkTimeout Succ,view=142,toView=143,nodeIdx=3,changeCycle=0,myNode=f5b74845...,timecost=0.183
info|2019-11-15 19:58:43.421677|[g:1][CONSENSUS][PBFT]checkAndChangeView: Reach consensus,org_view=142,org_changeCycle=0,cur_changeCycle=0,to_view=143
info|2019-11-15 19:58:44.443814|[g:1][CONSENSUS]addRawPrepare,height=8,reqIdx=2,hash=4e258ef6...
info|2019-11-15 19:58:44.444125|[g:1][CONSENSUS][PBFT]checkTimeout Succ,view=143,toView=144,nodeIdx=3,changeCycle=0,myNode=f5b74845...,timecost=0.197
info|2019-11-15 19:58:44.445179|[g:1][CONSENSUS][PBFT]checkAndChangeView: Reach consensus,org_view=143,org_changeCycle=0,cur_changeCycle=0,to_view=144
info|2019-11-15 19:58:45.445892|[g:1][CONSENSUS][SEALER]++++++++++++++++ Generating seal on,blkNum=8,tx=0,nodeIdx=3,hash=5e3ae96c...
info|2019-11-15 19:58:45.452384|[g:1][CONSENSUS][PBFT]checkTimeout Succ,view=144,toView=145,nodeIdx=3,changeCycle=0,myNode=f5b74845...,timecost=0.187
info|2019-11-15 19:58:45.453591|[g:1][CONSENSUS][PBFT]checkAndChangeView: Reach consensus,org_view=144,org_changeCycle=0,cur_changeCycle=0,to_view=145
info|2019-11-15 19:58:46.454650|[g:1][CONSENSUS]addRawPrepare,height=8,reqIdx=0,hash=cb3c7c85...
info|2019-11-15 19:58:46.455137|[g:1][CONSENSUS][PBFT]checkTimeout Succ,view=145,toView=146,nodeIdx=3,changeCycle=0,myNode=f5b74845...,timecost=0.195
info|2019-11-15 19:58:46.456416|[g:1][CONSENSUS][PBFT]checkAndChangeView: Reach consensus,org_view=145,org_changeCycle=0,cur_changeCycle=0,to_view=146
info|2019-11-15 19:58:47.457509|[g:1][CONSENSUS]addRawPrepare,height=8,reqIdx=1,hash=2120edce...
info|2019-11-15 19:58:47.457753|[g:1][CONSENSUS][PBFT]checkTimeout Succ,view=146,toView=147,nodeIdx=3,changeCycle=0,myNode=f5b74845...,timecost=0.178
info|2019-11-15 19:58:47.461757|[g:1][CONSENSUS][PBFT]checkAndChangeView: Reach consensus,org_view=146,org_changeCycle=0,cur_changeCycle=0,to_view=147
info|2019-11-15 19:58:48.462663|[g:1][CONSENSUS]addRawPrepare,height=8,reqIdx=2,hash=f5cb76fc...
info|2019-11-15 19:58:48.462936|[g:1][CONSENSUS][PBFT]checkTimeout Succ,view=147,toView=148,nodeIdx=3,changeCycle=0,myNode=f5b74845...,timecost=0.252
info|2019-11-15 19:58:48.464906|[g:1][CONSENSUS][PBFT]checkAndChangeView: Reach consensus,org_view=147,org_changeCycle=0,cur_changeCycle=0,to_view=148
info|2019-11-15 19:58:48.578979|[P2P][Service] heartBeat,connected count=3
info|2019-11-15 19:58:49.465675|[g:1][CONSENSUS][SEALER]++++++++++++++++ Generating seal on,blkNum=8,tx=0,nodeIdx=3,hash=47123966...
info|2019-11-15 19:58:49.471812|[g:1][CONSENSUS][PBFT]checkTimeout Succ,view=148,toView=149,nodeIdx=3,changeCycle=0,myNode=f5b74845...,timecost=0.201
info|2019-11-15 19:58:49.472769|[g:1][CONSENSUS][PBFT]checkAndChangeView: Reach consensus,org_view=148,org_changeCycle=0,cur_changeCycle=0,to_view=149
info|2019-11-15 19:58:50.473228|[g:1][CONSENSUS]addRawPrepare,height=8,reqIdx=0,hash=d5f5f685...
info|2019-11-15 19:58:50.473437|[g:1][CONSENSUS][PBFT]checkTimeout Succ,view=149,toView=150,nodeIdx=3,changeCycle=0,myNode=f5b74845...,timecost=0.185
info|2019-11-15 19:58:50.475894|[g:1][CONSENSUS][PBFT]checkAndChangeView: Reach consensus,org_view=149,org_changeCycle=0,cur_changeCycle=0,to_view=150
info|2019-11-15 19:58:51.477600|[g:1][CONSENSUS]addRawPrepare,height=8,reqIdx=1,hash=cff26591...
info|2019-11-15 19:58:51.477944|[g:1][CONSENSUS][PBFT]checkTimeout Succ,view=150,toView=151,nodeIdx=3,changeCycle=0,myNode=f5b74845...,timecost=0.183
info|2019-11-15 19:58:51.482065|[g:1][CONSENSUS][PBFT]checkAndChangeView: Reach consensus,org_view=150,org_changeCycle=0,cur_changeCycle=0,to_view=151
info|2019-11-15 19:58:52.483581|[g:1][CONSENSUS]addRawPrepare,height=8,reqIdx=2,hash=dacee9ea...
info|2019-11-15 19:58:52.483801|[g:1][CONSENSUS][PBFT]checkTimeout Succ,view=151,toView=152,nodeIdx=3,changeCycle=0,myNode=f5b74845...,timecost=0.196
info|2019-11-15 19:58:52.485957|[g:1][CONSENSUS][PBFT]checkAndChangeView: Reach consensus,org_view=151,org_changeCycle=0,cur_changeCycle=0,to_view=152
info|2019-11-15 19:58:53.485629|[g:1][CONSENSUS][SEALER]++++++++++++++++ Generating seal on,blkNum=8,tx=0,nodeIdx=3,hash=57fa1d11...
info|2019-11-15 19:58:53.493723|[g:1][CONSENSUS][PBFT]checkTimeout Succ,view=152,toView=153,nodeIdx=3,changeCycle=0,myNode=f5b74845...,timecost=0.278
info|2019-11-15 19:58:53.494632|[g:1][CONSENSUS][PBFT]checkAndChangeView: Reach consensus,org_view=152,org_changeCycle=0,cur_changeCycle=0,to_view=153
info|2019-11-15 19:58:54.495340|[g:1][CONSENSUS]addRawPrepare,height=8,reqIdx=0,hash=894712cd...
info|2019-11-15 19:58:54.495552|[g:1][CONSENSUS][PBFT]checkTimeout Succ,view=153,toView=154,nodeIdx=3,changeCycle=0,myNode=f5b74845...,timecost=0.188
info|2019-11-15 19:58:54.499225|[g:1][CONSENSUS][PBFT]checkAndChangeView: Reach consensus,org_view=153,org_changeCycle=0,cur_changeCycle=0,to_view=154
info|2019-11-15 19:58:55.501351|[g:1][CONSENSUS]addRawPrepare,height=8,reqIdx=1,hash=be7f8839...
info|2019-11-15 19:58:55.501609|[g:1][CONSENSUS][PBFT]checkTimeout Succ,view=154,toView=155,nodeIdx=3,changeCycle=0,myNode=f5b74845...,timecost=0.182
info|2019-11-15 19:58:55.505188|[g:1][CONSENSUS][PBFT]checkAndChangeView: Reach consensus,org_view=154,org_changeCycle=0,cur_changeCycle=0,to_view=155
info|2019-11-15 19:58:56.507021|[g:1][CONSENSUS]addRawPrepare,height=8,reqIdx=2,hash=d4ef02d8...
info|2019-11-15 19:58:56.509698|[g:1][CONSENSUS][PBFT]checkTimeout Succ,view=155,toView=156,nodeIdx=3,changeCycle=0,myNode=f5b74845...,timecost=2.579
info|2019-11-15 19:58:56.522403|[g:1][CONSENSUS][PBFT]checkAndChangeView: Reach consensus,org_view=155,org_changeCycle=0,cur_changeCycle=0,to_view=156
info|2019-11-15 19:58:57.523994|[g:1][CONSENSUS][SEALER]++++++++++++++++ Generating seal on,blkNum=8,tx=0,nodeIdx=3,hash=c4a8aa29...
info|2019-11-15 19:58:57.530437|[g:1][CONSENSUS][PBFT]checkTimeout Succ,view=156,toView=157,nodeIdx=3,changeCycle=0,myNode=f5b74845...,timecost=0.21
info|2019-11-15 19:58:57.531287|[g:1][CONSENSUS][PBFT]checkAndChangeView: Reach consensus,org_view=156,org_changeCycle=0,cur_changeCycle=0,to_view=157
info|2019-11-15 19:58:58.532838|[g:1][CONSENSUS]addRawPrepare,height=8,reqIdx=0,hash=2493a57b...
info|2019-11-15 19:58:58.533047|[g:1][CONSENSUS][PBFT]checkTimeout Succ,view=157,toView=158,nodeIdx=3,changeCycle=0,myNode=f5b74845...,timecost=0.185
info|2019-11-15 19:58:58.534107|[g:1][CONSENSUS][PBFT]checkAndChangeView: Reach consensus,org_view=157,org_changeCycle=0,cur_changeCycle=0,to_view=158
info|2019-11-15 19:58:58.579032|[P2P][Service] heartBeat,connected count=3
info|2019-11-15 19:58:59.535020|[g:1][CONSENSUS]addRawPrepare,height=8,reqIdx=1,hash=21784fe7...
info|2019-11-15 19:58:59.535349|[g:1][CONSENSUS][PBFT]checkTimeout Succ,view=158,toView=159,nodeIdx=3,changeCycle=0,myNode=f5b74845...,timecost=0.184
info|2019-11-15 19:58:59.538503|[g:1][CONSENSUS][PBFT]checkAndChangeView: Reach consensus,org_view=158,org_changeCycle=0,cur_changeCycle=0,to_view=159
info|2019-11-15 19:59:00.542112|[g:1][CONSENSUS]addRawPrepare,height=8,reqIdx=2,hash=2ca93248...
info|2019-11-15 19:59:00.542357|[g:1][CONSENSUS][PBFT]checkTimeout Succ,view=159,toView=160,nodeIdx=3,changeCycle=0,myNode=f5b74845...,timecost=0.181
info|2019-11-15 19:59:00.547629|[g:1][CONSENSUS][PBFT]checkAndChangeView: Reach consensus,org_view=159,org_changeCycle=0,cur_changeCycle=0,to_view=160
info|2019-11-15 19:59:01.549082|[g:1][CONSENSUS][SEALER]++++++++++++++++ Generating seal on,blkNum=8,tx=0,nodeIdx=3,hash=290b2375...
info|2019-11-15 19:59:01.551944|[g:1][CONSENSUS][PBFT]checkTimeout Succ,view=160,toView=161,nodeIdx=3,changeCycle=0,myNode=f5b74845...,timecost=0.28
info|2019-11-15 19:59:01.554343|[g:1][CONSENSUS][PBFT]checkAndChangeView: Reach consensus,org_view=160,org_changeCycle=0,cur_changeCycle=0,to_view=161
info|2019-11-15 19:59:02.559927|[g:1][CONSENSUS]addRawPrepare,height=8,reqIdx=0,hash=95c0deb4...
info|2019-11-15 19:59:02.560269|[g:1][CONSENSUS][PBFT]checkTimeout Succ,view=161,toView=162,nodeIdx=3,changeCycle=0,myNode=f5b74845...,timecost=0.225
info|2019-11-15 19:59:02.570034|[g:1][CONSENSUS][PBFT]checkAndChangeView: Reach consensus,org_view=161,org_changeCycle=0,cur_changeCycle=0,to_view=162
info|2019-11-15 19:59:03.574828|[g:1][CONSENSUS]addRawPrepare,height=8,reqIdx=1,hash=e3cafbf0...
info|2019-11-15 19:59:03.575073|[g:1][CONSENSUS][PBFT]checkTimeout Succ,view=162,toView=163,nodeIdx=3,changeCycle=0,myNode=f5b74845...,timecost=0.179
info|2019-11-15 19:59:03.579008|[g:1][CONSENSUS][PBFT]checkAndChangeView: Reach consensus,org_view=162,org_changeCycle=0,cur_changeCycle=0,to_view=163
info|2019-11-15 19:59:04.579549|[g:1][CONSENSUS]addRawPrepare,height=8,reqIdx=2,hash=157bfb46...
info|2019-11-15 19:59:04.583075|[g:1][CONSENSUS][PBFT]checkTimeout Succ,view=163,toView=164,nodeIdx=3,changeCycle=0,myNode=f5b74845...,timecost=3.466
info|2019-11-15 19:59:04.583655|[g:1][CONSENSUS][PBFT]checkAndChangeView: Reach consensus,org_view=163,org_changeCycle=0,cur_changeCycle=0,to_view=164
info|2019-11-15 19:59:05.583463|[g:1][CONSENSUS][SEALER]++++++++++++++++ Generating seal on,blkNum=8,tx=0,nodeIdx=3,hash=0fe96970...
info|2019-11-15 19:59:05.592778|[g:1][CONSENSUS][PBFT]checkTimeout Succ,view=164,toView=165,nodeIdx=3,changeCycle=0,myNode=f5b74845...,timecost=0.276
info|2019-11-15 19:59:05.593503|[g:1][CONSENSUS][PBFT]checkAndChangeView: Reach consensus,org_view=164,org_changeCycle=0,cur_changeCycle=0,to_view=165
info|2019-11-15 19:59:06.592717|[g:1][CONSENSUS]addRawPrepare,height=8,reqIdx=0,hash=05fd9bef...
info|2019-11-15 19:59:06.593123|[g:1][CONSENSUS][PBFT]checkTimeout Succ,view=165,toView=166,nodeIdx=3,changeCycle=0,myNode=f5b74845...,timecost=0.367
info|2019-11-15 19:59:06.597507|[g:1][CONSENSUS][PBFT]checkAndChangeView: Reach consensus,org_view=165,org_changeCycle=0,cur_changeCycle=0,to_view=166
info|2019-11-15 19:59:07.598190|[g:1][CONSENSUS]addRawPrepare,height=8,reqIdx=1,hash=b1373850...
info|2019-11-15 19:59:07.598445|[g:1][CONSENSUS][PBFT]checkTimeout Succ,view=166,toView=167,nodeIdx=3,changeCycle=0,myNode=f5b74845...,timecost=0.183
info|2019-11-15 19:59:07.603319|[g:1][CONSENSUS][PBFT]checkAndChangeView: Reach consensus,org_view=166,org_changeCycle=0,cur_changeCycle=0,to_view=167
info|2019-11-15 19:59:08.579103|[P2P][Service] heartBeat,connected count=3
info|2019-11-15 19:59:08.602197|[g:1][CONSENSUS]addRawPrepare,height=8,reqIdx=2,hash=36110918...
info|2019-11-15 19:59:08.602460|[g:1][CONSENSUS][PBFT]checkTimeout Succ,view=167,toView=168,nodeIdx=3,changeCycle=0,myNode=f5b74845...,timecost=0.218
info|2019-11-15 19:59:08.606484|[g:1][CONSENSUS][PBFT]checkAndChangeView: Reach consensus,org_view=167,org_changeCycle=0,cur_changeCycle=0,to_view=168
info|2019-11-15 19:59:09.607703|[g:1][CONSENSUS][SEALER]++++++++++++++++ Generating seal on,blkNum=8,tx=0,nodeIdx=3,hash=02145459...
info|2019-11-15 19:59:09.613438|[g:1][CONSENSUS][PBFT]checkTimeout Succ,view=168,toView=169,nodeIdx=3,changeCycle=0,myNode=f5b74845...,timecost=0.186
info|2019-11-15 19:59:09.614354|[g:1][CONSENSUS][PBFT]checkAndChangeView: Reach consensus,org_view=168,org_changeCycle=0,cur_changeCycle=0,to_view=169
info|2019-11-15 19:59:10.614634|[g:1][CONSENSUS]addRawPrepare,height=8,reqIdx=0,hash=b89e6def...
info|2019-11-15 19:59:10.614858|[g:1][CONSENSUS][PBFT]checkTimeout Succ,view=169,toView=170,nodeIdx=3,changeCycle=0,myNode=f5b74845...,timecost=0.199
info|2019-11-15 19:59:10.617444|[g:1][CONSENSUS][PBFT]checkAndChangeView: Reach consensus,org_view=169,org_changeCycle=0,cur_changeCycle=0,to_view=170
info|2019-11-15 19:59:11.619427|[g:1][CONSENSUS]addRawPrepare,height=8,reqIdx=1,hash=9c413c76...
info|2019-11-15 19:59:11.623387|[g:1][CONSENSUS][PBFT]checkTimeout Succ,view=170,toView=171,nodeIdx=3,changeCycle=0,myNode=f5b74845...,timecost=3.728
info|2019-11-15 19:59:11.623956|[g:1][CONSENSUS][PBFT]checkAndChangeView: Reach consensus,org_view=170,org_changeCycle=0,cur_changeCycle=0,to_view=171
info|2019-11-15 19:59:12.634276|[g:1][CONSENSUS]addRawPrepare,height=8,reqIdx=2,hash=7c1744aa...
info|2019-11-15 19:59:12.634488|[g:1][CONSENSUS][PBFT]checkTimeout Succ,view=171,toView=172,nodeIdx=3,changeCycle=0,myNode=f5b74845...,timecost=0.19
info|2019-11-15 19:59:12.637737|[g:1][CONSENSUS][PBFT]checkAndChangeView: Reach consensus,org_view=171,org_changeCycle=0,cur_changeCycle=0,to_view=172
info|2019-11-15 19:59:13.637126|[g:1][CONSENSUS][SEALER]++++++++++++++++ Generating seal on,blkNum=8,tx=0,nodeIdx=3,hash=d757a9b9...
info|2019-11-15 19:59:13.642901|[g:1][CONSENSUS][PBFT]checkTimeout Succ,view=172,toView=173,nodeIdx=3,changeCycle=0,myNode=f5b74845...,timecost=0.185
info|2019-11-15 19:59:13.643780|[g:1][CONSENSUS][PBFT]checkAndChangeView: Reach consensus,org_view=172,org_changeCycle=0,cur_changeCycle=0,to_view=173
info|2019-11-15 19:59:14.644396|[g:1][CONSENSUS]addRawPrepare,height=8,reqIdx=0,hash=25a081c8...
info|2019-11-15 19:59:14.644610|[g:1][CONSENSUS][PBFT]checkTimeout Succ,view=173,toView=174,nodeIdx=3,changeCycle=0,myNode=f5b74845...,timecost=0.189
info|2019-11-15 19:59:14.646872|[g:1][CONSENSUS][PBFT]checkAndChangeView: Reach consensus,org_view=173,org_changeCycle=0,cur_changeCycle=0,to_view=174
info|2019-11-15 19:59:15.647307|[g:1][CONSENSUS]addRawPrepare,height=8,reqIdx=1,hash=1d442ee4...
info|2019-11-15 19:59:15.647573|[g:1][CONSENSUS][PBFT]checkTimeout Succ,view=174,toView=175,nodeIdx=3,changeCycle=0,myNode=f5b74845...,timecost=0.193
info|2019-11-15 19:59:15.652671|[g:1][CONSENSUS][PBFT]checkAndChangeView: Reach consensus,org_view=174,org_changeCycle=0,cur_changeCycle=0,to_view=175
info|2019-11-15 19:59:16.659526|[g:1][CONSENSUS]addRawPrepare,height=8,reqIdx=2,hash=9257af34...
info|2019-11-15 19:59:16.659804|[g:1][CONSENSUS][PBFT]checkTimeout Succ,view=175,toView=176,nodeIdx=3,changeCycle=0,myNode=f5b74845...,timecost=0.257
info|2019-11-15 19:59:16.660272|[g:1][CONSENSUS][PBFT]checkAndChangeView: Reach consensus,org_view=175,org_changeCycle=0,cur_changeCycle=0,to_view=176
info|2019-11-15 19:59:17.661360|[g:1][CONSENSUS][SEALER]++++++++++++++++ Generating seal on,blkNum=8,tx=0,nodeIdx=3,hash=c0b808f7...
info|2019-11-15 19:59:17.667597|[g:1][CONSENSUS][PBFT]checkTimeout Succ,view=176,toView=177,nodeIdx=3,changeCycle=0,myNode=f5b74845...,timecost=0.215
info|2019-11-15 19:59:17.668584|[g:1][CONSENSUS][PBFT]checkAndChangeView: Reach consensus,org_view=176,org_changeCycle=0,cur_changeCycle=0,to_view=177
info|2019-11-15 19:59:18.579627|[P2P][Service] heartBeat,connected count=3
info|2019-11-15 19:59:18.669347|[g:1][CONSENSUS]addRawPrepare,height=8,reqIdx=0,hash=71ca7474...
info|2019-11-15 19:59:18.669560|[g:1][CONSENSUS][PBFT]checkTimeout Succ,view=177,toView=178,nodeIdx=3,changeCycle=0,myNode=f5b74845...,timecost=0.188
info|2019-11-15 19:59:18.672931|[g:1][CONSENSUS][PBFT]checkAndChangeView: Reach consensus,org_view=177,org_changeCycle=0,cur_changeCycle=0,to_view=178
info|2019-11-15 19:59:19.674090|[g:1][CONSENSUS]addRawPrepare,height=8,reqIdx=1,hash=a8d1c470...
info|2019-11-15 19:59:19.674348|[g:1][CONSENSUS][PBFT]checkTimeout Succ,view=178,toView=179,nodeIdx=3,changeCycle=0,myNode=f5b74845...,timecost=0.183
info|2019-11-15 19:59:19.677523|[g:1][CONSENSUS][PBFT]checkAndChangeView: Reach consensus,org_view=178,org_changeCycle=0,cur_changeCycle=0,to_view=179
info|2019-11-15 19:59:20.681585|[g:1][CONSENSUS]addRawPrepare,height=8,reqIdx=2,hash=58a5546f...
info|2019-11-15 19:59:20.681833|[g:1][CONSENSUS][PBFT]checkTimeout Succ,view=179,toView=180,nodeIdx=3,changeCycle=0,myNode=f5b74845...,timecost=0.221
info|2019-11-15 19:59:20.684307|[g:1][CONSENSUS][PBFT]checkAndChangeView: Reach consensus,org_view=179,org_changeCycle=0,cur_changeCycle=0,to_view=180
info|2019-11-15 19:59:21.684443|[g:1][CONSENSUS][SEALER]++++++++++++++++ Generating seal on,blkNum=8,tx=0,nodeIdx=3,hash=143ff9e3...
info|2019-11-15 19:59:21.693875|[g:1][CONSENSUS][PBFT]checkTimeout Succ,view=180,toView=181,nodeIdx=3,changeCycle=0,myNode=f5b74845...,timecost=0.216
info|2019-11-15 19:59:21.694875|[g:1][CONSENSUS][PBFT]checkAndChangeView: Reach consensus,org_view=180,org_changeCycle=0,cur_changeCycle=0,to_view=181
info|2019-11-15 19:59:22.694101|[g:1][CONSENSUS]addRawPrepare,height=8,reqIdx=0,hash=aa2d1ad4...
info|2019-11-15 19:59:22.694394|[g:1][CONSENSUS][PBFT]checkTimeout Succ,view=181,toView=182,nodeIdx=3,changeCycle=0,myNode=f5b74845...,timecost=0.272
info|2019-11-15 19:59:22.696589|[g:1][CONSENSUS][PBFT]checkAndChangeView: Reach consensus,org_view=181,org_changeCycle=0,cur_changeCycle=0,to_view=182
info|2019-11-15 19:59:23.701149|[g:1][CONSENSUS]addRawPrepare,height=8,reqIdx=1,hash=5d0c50c6...
info|2019-11-15 19:59:23.701403|[g:1][CONSENSUS][PBFT]checkTimeout Succ,view=182,toView=183,nodeIdx=3,changeCycle=0,myNode=f5b74845...,timecost=0.185
info|2019-11-15 19:59:23.705203|[g:1][CONSENSUS][PBFT]checkAndChangeView: Reach consensus,org_view=182,org_changeCycle=0,cur_changeCycle=0,to_view=183
info|2019-11-15 19:59:24.705398|[g:1][CONSENSUS]addRawPrepare,height=8,reqIdx=2,hash=f798c247...
info|2019-11-15 19:59:24.705609|[g:1][CONSENSUS][PBFT]checkTimeout Succ,view=183,toView=184,nodeIdx=3,changeCycle=0,myNode=f5b74845...,timecost=0.188
info|2019-11-15 19:59:24.707252|[g:1][CONSENSUS][PBFT]checkAndChangeView: Reach consensus,org_view=183,org_changeCycle=0,cur_changeCycle=0,to_view=184
info|2019-11-15 19:59:25.707880|[g:1][CONSENSUS][SEALER]++++++++++++++++ Generating seal on,blkNum=8,tx=0,nodeIdx=3,hash=83724316...
info|2019-11-15 19:59:25.717534|[g:1][CONSENSUS][PBFT]checkTimeout Succ,view=184,toView=185,nodeIdx=3,changeCycle=0,myNode=f5b74845...,timecost=0.209
info|2019-11-15 19:59:25.718239|[g:1][CONSENSUS][PBFT]checkAndChangeView: Reach consensus,org_view=184,org_changeCycle=0,cur_changeCycle=0,to_view=185
info|2019-11-15 19:59:26.718315|[g:1][CONSENSUS]addRawPrepare,height=8,reqIdx=0,hash=d03ddc29...
info|2019-11-15 19:59:26.718529|[g:1][CONSENSUS][PBFT]checkTimeout Succ,view=185,toView=186,nodeIdx=3,changeCycle=0,myNode=f5b74845...,timecost=0.188
info|2019-11-15 19:59:26.721524|[g:1][CONSENSUS][PBFT]checkAndChangeView: Reach consensus,org_view=185,org_changeCycle=0,cur_changeCycle=0,to_view=186
info|2019-11-15 19:59:27.722137|[g:1][CONSENSUS]addRawPrepare,height=8,reqIdx=1,hash=cff65b60...
info|2019-11-15 19:59:27.722394|[g:1][CONSENSUS][PBFT]checkTimeout Succ,view=186,toView=187,nodeIdx=3,changeCycle=0,myNode=f5b74845...,timecost=0.181
info|2019-11-15 19:59:27.726492|[g:1][CONSENSUS][PBFT]checkAndChangeView: Reach consensus,org_view=186,org_changeCycle=0,cur_changeCycle=0,to_view=187
info|2019-11-15 19:59:28.579743|[P2P][Service] heartBeat,connected count=3
info|2019-11-15 19:59:28.727050|[g:1][CONSENSUS]addRawPrepare,height=8,reqIdx=2,hash=7524eeeb...
info|2019-11-15 19:59:28.727387|[g:1][CONSENSUS][PBFT]checkTimeout Succ,view=187,toView=188,nodeIdx=3,changeCycle=0,myNode=f5b74845...,timecost=0.266
info|2019-11-15 19:59:28.729845|[g:1][CONSENSUS][PBFT]checkAndChangeView: Reach consensus,org_view=187,org_changeCycle=0,cur_changeCycle=0,to_view=188
info|2019-11-15 19:59:29.730642|[g:1][CONSENSUS][SEALER]++++++++++++++++ Generating seal on,blkNum=8,tx=0,nodeIdx=3,hash=50e8f22e...
info|2019-11-15 19:59:29.737366|[g:1][CONSENSUS][PBFT]checkTimeout Succ,view=188,toView=189,nodeIdx=3,changeCycle=0,myNode=f5b74845...,timecost=0.188
info|2019-11-15 19:59:29.738312|[g:1][CONSENSUS][PBFT]checkAndChangeView: Reach consensus,org_view=188,org_changeCycle=0,cur_changeCycle=0,to_view=189
info|2019-11-15 19:59:30.738169|[g:1][CONSENSUS]addRawPrepare,height=8,reqIdx=0,hash=106b966c...
info|2019-11-15 19:59:30.738411|[g:1][CONSENSUS][PBFT]checkTimeout Succ,view=189,toView=190,nodeIdx=3,changeCycle=0,myNode=f5b74845...,timecost=0.218
info|2019-11-15 19:59:30.740454|[g:1][CONSENSUS][PBFT]checkAndChangeView: Reach consensus,org_view=189,org_changeCycle=0,cur_changeCycle=0,to_view=190
info|2019-11-15 19:59:31.741855|[g:1][CONSENSUS]addRawPrepare,height=8,reqIdx=1,hash=6666a765...
info|2019-11-15 19:59:31.742098|[g:1][CONSENSUS][PBFT]checkTimeout Succ,view=190,toView=191,nodeIdx=3,changeCycle=0,myNode=f5b74845...,timecost=0.179
info|2019-11-15 19:59:31.745705|[g:1][CONSENSUS][PBFT]checkAndChangeView: Reach consensus,org_view=190,org_changeCycle=0,cur_changeCycle=0,to_view=191
info|2019-11-15 19:59:32.749386|[g:1][CONSENSUS]addRawPrepare,height=8,reqIdx=2,hash=e2085074...
info|2019-11-15 19:59:32.749593|[g:1][CONSENSUS][PBFT]checkTimeout Succ,view=191,toView=192,nodeIdx=3,changeCycle=0,myNode=f5b74845...,timecost=0.184
info|2019-11-15 19:59:32.750918|[g:1][CONSENSUS][PBFT]checkAndChangeView: Reach consensus,org_view=191,org_changeCycle=0,cur_changeCycle=0,to_view=192
info|2019-11-15 19:59:33.751705|[g:1][CONSENSUS][SEALER]++++++++++++++++ Generating seal on,blkNum=8,tx=0,nodeIdx=3,hash=4b9351f7...
info|2019-11-15 19:59:33.760818|[g:1][CONSENSUS][PBFT]checkTimeout Succ,view=192,toView=193,nodeIdx=3,changeCycle=0,myNode=f5b74845...,timecost=0.194
info|2019-11-15 19:59:33.761863|[g:1][CONSENSUS][PBFT]checkAndChangeView: Reach consensus,org_view=192,org_changeCycle=0,cur_changeCycle=0,to_view=193
info|2019-11-15 19:59:34.759932|[g:1][CONSENSUS]addRawPrepare,height=8,reqIdx=0,hash=d993cada...
info|2019-11-15 19:59:34.760143|[g:1][CONSENSUS][PBFT]checkTimeout Succ,view=193,toView=194,nodeIdx=3,changeCycle=0,myNode=f5b74845...,timecost=0.188
info|2019-11-15 19:59:34.761900|[g:1][CONSENSUS][PBFT]checkAndChangeView: Reach consensus,org_view=193,org_changeCycle=0,cur_changeCycle=0,to_view=194
info|2019-11-15 19:59:35.763647|[g:1][CONSENSUS]addRawPrepare,height=8,reqIdx=1,hash=fbbb030c...
info|2019-11-15 19:59:35.763903|[g:1][CONSENSUS][PBFT]checkTimeout Succ,view=194,toView=195,nodeIdx=3,changeCycle=0,myNode=f5b74845...,timecost=0.183
info|2019-11-15 19:59:35.768008|[g:1][CONSENSUS][PBFT]checkAndChangeView: Reach consensus,org_view=194,org_changeCycle=0,cur_changeCycle=0,to_view=195
info|2019-11-15 19:59:36.769989|[g:1][CONSENSUS]addRawPrepare,height=8,reqIdx=2,hash=2b778cf6...
info|2019-11-15 19:59:36.770187|[g:1][CONSENSUS][PBFT]checkTimeout Succ,view=195,toView=196,nodeIdx=3,changeCycle=0,myNode=f5b74845...,timecost=0.176
info|2019-11-15 19:59:36.771873|[g:1][CONSENSUS][PBFT]checkAndChangeView: Reach consensus,org_view=195,org_changeCycle=0,cur_changeCycle=0,to_view=196
info|2019-11-15 19:59:37.771236|[g:1][CONSENSUS][SEALER]++++++++++++++++ Generating seal on,blkNum=8,tx=0,nodeIdx=3,hash=ac281919...
info|2019-11-15 19:59:37.777855|[g:1][CONSENSUS][PBFT]checkTimeout Succ,view=196,toView=197,nodeIdx=3,changeCycle=0,myNode=f5b74845...,timecost=0.188
info|2019-11-15 19:59:37.778769|[g:1][CONSENSUS][PBFT]checkAndChangeView: Reach consensus,org_view=196,org_changeCycle=0,cur_changeCycle=0,to_view=197
info|2019-11-15 19:59:38.579799|[P2P][Service] heartBeat,connected count=3
info|2019-11-15 19:59:38.778454|[g:1][CONSENSUS]addRawPrepare,height=8,reqIdx=0,hash=2a3ac373...
info|2019-11-15 19:59:38.778666|[g:1][CONSENSUS][PBFT]checkTimeout Succ,view=197,toView=198,nodeIdx=3,changeCycle=0,myNode=f5b74845...,timecost=0.187
info|2019-11-15 19:59:38.780447|[g:1][CONSENSUS][PBFT]checkAndChangeView: Reach consensus,org_view=197,org_changeCycle=0,cur_changeCycle=0,to_view=198
info|2019-11-15 19:59:39.782261|[g:1][CONSENSUS]addRawPrepare,height=8,reqIdx=1,hash=65787fda...
info|2019-11-15 19:59:39.782539|[g:1][CONSENSUS][PBFT]checkTimeout Succ,view=198,toView=199,nodeIdx=3,changeCycle=0,myNode=f5b74845...,timecost=0.196
info|2019-11-15 19:59:39.787610|[g:1][CONSENSUS][PBFT]checkAndChangeView: Reach consensus,org_view=198,org_changeCycle=0,cur_changeCycle=0,to_view=199
info|2019-11-15 19:59:40.789640|[g:1][CONSENSUS]addRawPrepare,height=8,reqIdx=2,hash=d7bed02e...
info|2019-11-15 19:59:40.789857|[g:1][CONSENSUS][PBFT]checkTimeout Succ,view=199,toView=200,nodeIdx=3,changeCycle=0,myNode=f5b74845...,timecost=0.194
info|2019-11-15 19:59:40.791011|[g:1][CONSENSUS][PBFT]checkAndChangeView: Reach consensus,org_view=199,org_changeCycle=0,cur_changeCycle=0,to_view=200
info|2019-11-15 19:59:41.792896|[g:1][CONSENSUS][SEALER]++++++++++++++++ Generating seal on,blkNum=8,tx=0,nodeIdx=3,hash=5d8f5ad9...
info|2019-11-15 19:59:41.798805|[g:1][CONSENSUS][PBFT]checkTimeout Succ,view=200,toView=201,nodeIdx=3,changeCycle=0,myNode=f5b74845...,timecost=0.197
info|2019-11-15 19:59:41.799784|[g:1][CONSENSUS][PBFT]checkAndChangeView: Reach consensus,org_view=200,org_changeCycle=0,cur_changeCycle=0,to_view=201
info|2019-11-15 19:59:42.800048|[g:1][CONSENSUS]addRawPrepare,height=8,reqIdx=0,hash=5d54b43d...
info|2019-11-15 19:59:42.800528|[g:1][CONSENSUS][PBFT]checkTimeout Succ,view=201,toView=202,nodeIdx=3,changeCycle=0,myNode=f5b74845...,timecost=0.44
info|2019-11-15 19:59:42.805172|[g:1][CONSENSUS][PBFT]checkAndChangeView: Reach consensus,org_view=201,org_changeCycle=0,cur_changeCycle=0,to_view=202
info|2019-11-15 19:59:43.806194|[g:1][CONSENSUS]addRawPrepare,height=8,reqIdx=1,hash=06920acf...
info|2019-11-15 19:59:43.806437|[g:1][CONSENSUS][PBFT]checkTimeout Succ,view=202,toView=203,nodeIdx=3,changeCycle=0,myNode=f5b74845...,timecost=0.178
info|2019-11-15 19:59:43.810077|[g:1][CONSENSUS][PBFT]checkAndChangeView: Reach consensus,org_view=202,org_changeCycle=0,cur_changeCycle=0,to_view=203
info|2019-11-15 19:59:44.811371|[g:1][CONSENSUS]addRawPrepare,height=8,reqIdx=2,hash=2da691d3...
info|2019-11-15 19:59:44.811667|[g:1][CONSENSUS][PBFT]checkTimeout Succ,view=203,toView=204,nodeIdx=3,changeCycle=0,myNode=f5b74845...,timecost=0.287
info|2019-11-15 19:59:44.813957|[g:1][CONSENSUS][PBFT]checkAndChangeView: Reach consensus,org_view=203,org_changeCycle=0,cur_changeCycle=0,to_view=204
info|2019-11-15 19:59:45.815924|[g:1][CONSENSUS][SEALER]++++++++++++++++ Generating seal on,blkNum=8,tx=0,nodeIdx=3,hash=3bd6e745...
info|2019-11-15 19:59:45.820255|[g:1][CONSENSUS][PBFT]checkTimeout Succ,view=204,toView=205,nodeIdx=3,changeCycle=0,myNode=f5b74845...,timecost=1.13
info|2019-11-15 19:59:45.822768|[g:1][CONSENSUS][PBFT]checkAndChangeView: Reach consensus,org_view=204,org_changeCycle=0,cur_changeCycle=0,to_view=205
info|2019-11-15 19:59:46.862983|[g:1][CONSENSUS]addRawPrepare,height=8,reqIdx=0,hash=8f4b07ae...
info|2019-11-15 19:59:46.863224|[g:1][CONSENSUS][PBFT]checkTimeout Succ,view=205,toView=206,nodeIdx=3,changeCycle=0,myNode=f5b74845...,timecost=0.22
info|2019-11-15 19:59:46.865941|[g:1][CONSENSUS][PBFT]checkAndChangeView: Reach consensus,org_view=205,org_changeCycle=0,cur_changeCycle=0,to_view=206
info|2019-11-15 19:59:47.866566|[g:1][CONSENSUS]addRawPrepare,height=8,reqIdx=1,hash=f27a3f84...
info|2019-11-15 19:59:47.866897|[g:1][CONSENSUS][PBFT]checkTimeout Succ,view=206,toView=207,nodeIdx=3,changeCycle=0,myNode=f5b74845...,timecost=0.268
info|2019-11-15 19:59:47.871151|[g:1][CONSENSUS][PBFT]checkAndChangeView: Reach consensus,org_view=206,org_changeCycle=0,cur_changeCycle=0,to_view=207
info|2019-11-15 19:59:48.579876|[P2P][Service] heartBeat,connected count=3
info|2019-11-15 19:59:48.875320|[g:1][CONSENSUS]addRawPrepare,height=8,reqIdx=2,hash=86dce708...
info|2019-11-15 19:59:48.875556|[g:1][CONSENSUS][PBFT]checkTimeout Succ,view=207,toView=208,nodeIdx=3,changeCycle=0,myNode=f5b74845...,timecost=0.215
info|2019-11-15 19:59:48.876069|[g:1][CONSENSUS][PBFT]checkAndChangeView: Reach consensus,org_view=207,org_changeCycle=0,cur_changeCycle=0,to_view=208
info|2019-11-15 19:59:49.877506|[g:1][CONSENSUS][SEALER]++++++++++++++++ Generating seal on,blkNum=8,tx=0,nodeIdx=3,hash=bcf543ba...
info|2019-11-15 19:59:49.883286|[g:1][CONSENSUS][PBFT]checkTimeout Succ,view=208,toView=209,nodeIdx=3,changeCycle=0,myNode=f5b74845...,timecost=0.189
info|2019-11-15 19:59:49.884233|[g:1][CONSENSUS][PBFT]checkAndChangeView: Reach consensus,org_view=208,org_changeCycle=0,cur_changeCycle=0,to_view=209
info|2019-11-15 19:59:50.886543|[g:1][CONSENSUS]addRawPrepare,height=8,reqIdx=0,hash=e7ba370d...
info|2019-11-15 19:59:50.886746|[g:1][CONSENSUS][PBFT]checkTimeout Succ,view=209,toView=210,nodeIdx=3,changeCycle=0,myNode=f5b74845...,timecost=0.182
info|2019-11-15 19:59:50.890321|[g:1][CONSENSUS][PBFT]checkAndChangeView: Reach consensus,org_view=209,org_changeCycle=0,cur_changeCycle=0,to_view=210
info|2019-11-15 19:59:51.891435|[g:1][CONSENSUS]addRawPrepare,height=8,reqIdx=1,hash=abb87852...
info|2019-11-15 19:59:51.891753|[g:1][CONSENSUS][PBFT]checkTimeout Succ,view=210,toView=211,nodeIdx=3,changeCycle=0,myNode=f5b74845...,timecost=0.196
info|2019-11-15 19:59:51.895178|[g:1][CONSENSUS][PBFT]checkAndChangeView: Reach consensus,org_view=210,org_changeCycle=0,cur_changeCycle=0,to_view=211
info|2019-11-15 19:59:52.898946|[g:1][CONSENSUS]addRawPrepare,height=8,reqIdx=2,hash=a5cc403b...
info|2019-11-15 19:59:52.900221|[g:1][CONSENSUS][PBFT]checkTimeout Succ,view=211,toView=212,nodeIdx=3,changeCycle=0,myNode=f5b74845...,timecost=1.222
info|2019-11-15 19:59:52.901937|[g:1][CONSENSUS][PBFT]checkAndChangeView: Reach consensus,org_view=211,org_changeCycle=0,cur_changeCycle=0,to_view=212
info|2019-11-15 19:59:53.903527|[g:1][CONSENSUS][SEALER]++++++++++++++++ Generating seal on,blkNum=8,tx=0,nodeIdx=3,hash=4e3fd760...
info|2019-11-15 19:59:53.909459|[g:1][CONSENSUS][PBFT]checkTimeout Succ,view=212,toView=213,nodeIdx=3,changeCycle=0,myNode=f5b74845...,timecost=0.185
info|2019-11-15 19:59:53.910354|[g:1][CONSENSUS][PBFT]checkAndChangeView: Reach consensus,org_view=212,org_changeCycle=0,cur_changeCycle=0,to_view=213
info|2019-11-15 19:59:54.909669|[g:1][CONSENSUS]addRawPrepare,height=8,reqIdx=0,hash=156e0a46...
info|2019-11-15 19:59:54.909955|[g:1][CONSENSUS][PBFT]checkTimeout Succ,view=213,toView=214,nodeIdx=3,changeCycle=0,myNode=f5b74845...,timecost=0.265
info|2019-11-15 19:59:54.912474|[g:1][CONSENSUS][PBFT]checkAndChangeView: Reach consensus,org_view=213,org_changeCycle=0,cur_changeCycle=0,to_view=214
info|2019-11-15 19:59:55.912714|[g:1][CONSENSUS]addRawPrepare,height=8,reqIdx=1,hash=0e052c6a...
info|2019-11-15 19:59:55.912977|[g:1][CONSENSUS][PBFT]checkTimeout Succ,view=214,toView=215,nodeIdx=3,changeCycle=0,myNode=f5b74845...,timecost=0.181
info|2019-11-15 19:59:55.916077|[g:1][CONSENSUS][PBFT]checkAndChangeView: Reach consensus,org_view=214,org_changeCycle=0,cur_changeCycle=0,to_view=215
info|2019-11-15 19:59:56.921241|[g:1][CONSENSUS]addRawPrepare,height=8,reqIdx=2,hash=93e48f93...
info|2019-11-15 19:59:56.921450|[g:1][CONSENSUS][PBFT]checkTimeout Succ,view=215,toView=216,nodeIdx=3,changeCycle=0,myNode=f5b74845...,timecost=0.186
info|2019-11-15 19:59:56.924192|[g:1][CONSENSUS][PBFT]checkAndChangeView: Reach consensus,org_view=215,org_changeCycle=0,cur_changeCycle=0,to_view=216
info|2019-11-15 19:59:57.925820|[g:1][CONSENSUS][SEALER]++++++++++++++++ Generating seal on,blkNum=8,tx=0,nodeIdx=3,hash=90e03476...
info|2019-11-15 19:59:57.933182|[g:1][CONSENSUS][PBFT]checkTimeout Succ,view=216,toView=217,nodeIdx=3,changeCycle=0,myNode=f5b74845...,timecost=0.187
info|2019-11-15 19:59:57.934143|[g:1][CONSENSUS][PBFT]checkAndChangeView: Reach consensus,org_view=216,org_changeCycle=0,cur_changeCycle=0,to_view=217
info|2019-11-15 19:59:58.579935|[P2P][Service] heartBeat,connected count=3
info|2019-11-15 19:59:58.934825|[g:1][CONSENSUS]addRawPrepare,height=8,reqIdx=0,hash=51cc2d31...
info|2019-11-15 19:59:58.935084|[g:1][CONSENSUS][PBFT]checkTimeout Succ,view=217,toView=218,nodeIdx=3,changeCycle=0,myNode=f5b74845...,timecost=0.181
info|2019-11-15 19:59:58.935645|[g:1][CONSENSUS][PBFT]checkAndChangeView: Reach consensus,org_view=217,org_changeCycle=0,cur_changeCycle=0,to_view=218
info|2019-11-15 19:59:59.939906|[g:1][CONSENSUS]addRawPrepare,height=8,reqIdx=1,hash=5f5ada6c...
info|2019-11-15 19:59:59.940166|[g:1][CONSENSUS][PBFT]checkTimeout Succ,view=218,toView=219,nodeIdx=3,changeCycle=0,myNode=f5b74845...,timecost=0.179
info|2019-11-15 19:59:59.943207|[g:1][CONSENSUS][PBFT]checkAndChangeView: Reach consensus,org_view=218,org_changeCycle=0,cur_changeCycle=0,to_view=219
