info|2019-12-13 01:00:00.466161|[g:1][CONSENSUS][SEALER]++++++++++++++++ Generating seal on,blkNum=96,tx=0,nodeIdx=2,hash=be4f6506...
info|2019-12-13 01:00:00.477255|[g:1][CONSENSUS][PBFT]checkTimeout Succ,view=915,toView=916,nodeIdx=2,changeCycle=0,myNode=ad4f9855...,timecost=0.234
info|2019-12-13 01:00:00.478434|[g:1][CONSENSUS][PBFT]checkAndChangeView: Reach consensus,org_view=915,org_changeCycle=0,cur_changeCycle=0,to_view=916
info|2019-12-13 01:00:01.478271|[g:1][CONSENSUS]addRawPrepare,height=96,reqIdx=3,hash=5f2aa4d7...
info|2019-12-13 01:00:01.478634|[g:1][CONSENSUS][PBFT]checkTimeout Succ,view=916,toView=917,nodeIdx=2,changeCycle=0,myNode=ad4f9855...,timecost=0.341
info|2019-12-13 01:00:01.480964|[g:1][CONSENSUS][PBFT]checkAndChangeView: Reach consensus,org_view=916,org_changeCycle=0,cur_changeCycle=0,to_view=917
info|2019-12-13 01:00:02.485344|[g:1][CONSENSUS]addRawPrepare,height=96,reqIdx=0,hash=1de7e9b3...
info|2019-12-13 01:00:02.489327|[g:1][CONSENSUS][PBFT]checkTimeout Succ,view=917,toView=918,nodeIdx=2,changeCycle=0,myNode=ad4f9855...,timecost=3.974
info|2019-12-13 01:00:02.490093|[g:1][CONSENSUS][PBFT]checkAndChangeView: Reach consensus,org_view=917,org_changeCycle=0,cur_changeCycle=0,to_view=918
info|2019-12-13 01:00:03.496576|[g:1][CONSENSUS]addRawPrepare,height=96,reqIdx=1,hash=9c1a2193...
info|2019-12-13 01:00:03.496825|[g:1][CONSENSUS][PBFT]checkTimeout Succ,view=918,toView=919,nodeIdx=2,changeCycle=0,myNode=ad4f9855...,timecost=0.22
info|2019-12-13 01:00:03.498657|[g:1][CONSENSUS][PBFT]checkAndChangeView: Reach consensus,org_view=918,org_changeCycle=0,cur_changeCycle=0,to_view=919
info|2019-12-13 01:00:04.504088|[g:1][CONSENSUS][SEALER]++++++++++++++++ Generating seal on,blkNum=96,tx=0,nodeIdx=2,hash=07237e00...
info|2019-12-13 01:00:04.511656|[g:1][CONSENSUS][PBFT]checkTimeout Succ,view=919,toView=920,nodeIdx=2,changeCycle=0,myNode=ad4f9855...,timecost=0.247
info|2019-12-13 01:00:04.513694|[g:1][CONSENSUS][PBFT]checkAndChangeView: Reach consensus,org_view=919,org_changeCycle=0,cur_changeCycle=0,to_view=920
info|2019-12-13 01:00:05.514353|[g:1][CONSENSUS]addRawPrepare,height=96,reqIdx=3,hash=9f9a9a65...
info|2019-12-13 01:00:05.514684|[g:1][CONSENSUS][PBFT]checkTimeout Succ,view=920,toView=921,nodeIdx=2,changeCycle=0,myNode=ad4f9855...,timecost=0.309
info|2019-12-13 01:00:05.516607|[g:1][CONSENSUS][PBFT]checkAndChangeView: Reach consensus,org_view=920,org_changeCycle=0,cur_changeCycle=0,to_view=921
info|2019-12-13 01:00:06.521858|[g:1][CONSENSUS]addRawPrepare,height=96,reqIdx=0,hash=ebf960b0...
info|2019-12-13 01:00:06.526404|[g:1][CONSENSUS][PBFT]checkTimeout Succ,view=921,toView=922,nodeIdx=2,changeCycle=0,myNode=ad4f9855...,timecost=4.52
info|2019-12-13 01:00:06.530594|[g:1][CONSENSUS][PBFT]checkAndChangeView: Reach consensus,org_view=921,org_changeCycle=0,cur_changeCycle=0,to_view=922
info|2019-12-13 01:00:07.535747|[g:1][CONSENSUS]addRawPrepare,height=96,reqIdx=1,hash=448bb037...
info|2019-12-13 01:00:07.536012|[g:1][CONSENSUS][PBFT]checkTimeout Succ,view=922,toView=923,nodeIdx=2,changeCycle=0,myNode=ad4f9855...,timecost=0.242
info|2019-12-13 01:00:07.540066|[g:1][CONSENSUS][PBFT]checkAndChangeView: Reach consensus,org_view=922,org_changeCycle=0,cur_changeCycle=0,to_view=923
info|2019-12-13 01:00:08.543274|[g:1][CONSENSUS][SEALER]++++++++++++++++ Generating seal on,blkNum=96,tx=0,nodeIdx=2,hash=6e8a83e1...
info|2019-12-13 01:00:08.549719|[g:1][CONSENSUS][PBFT]checkTimeout Succ,view=923,toView=924,nodeIdx=2,changeCycle=0,myNode=ad4f9855...,timecost=0.312
info|2019-12-13 01:00:08.550649|[g:1][CONSENSUS][PBFT]checkAndChangeView: Reach consensus,org_view=923,org_changeCycle=0,cur_changeCycle=0,to_view=924
info|2019-12-13 01:00:09.352517|[P2P][Service] heartBeat,connected count=3
info|2019-12-13 01:00:09.553889|[g:1][CONSENSUS]addRawPrepare,height=96,reqIdx=3,hash=e1b75454...
info|2019-12-13 01:00:09.554504|[g:1][CONSENSUS][PBFT]checkTimeout Succ,view=924,toView=925,nodeIdx=2,changeCycle=0,myNode=ad4f9855...,timecost=0.594
info|2019-12-13 01:00:09.554776|[g:1][CONSENSUS][PBFT]checkAndChangeView: Reach consensus,org_view=924,org_changeCycle=0,cur_changeCycle=0,to_view=925
info|2019-12-13 01:00:10.559025|[g:1][CONSENSUS]addRawPrepare,height=96,reqIdx=0,hash=148fac56...
info|2019-12-13 01:00:10.559238|[g:1][CONSENSUS][PBFT]checkTimeout Succ,view=925,toView=926,nodeIdx=2,changeCycle=0,myNode=ad4f9855...,timecost=0.19
info|2019-12-13 01:00:10.561410|[g:1][CONSENSUS][PBFT]checkAndChangeView: Reach consensus,org_view=925,org_changeCycle=0,cur_changeCycle=0,to_view=926
info|2019-12-13 01:00:11.563928|[g:1][CONSENSUS]addRawPrepare,height=96,reqIdx=1,hash=24615815...
info|2019-12-13 01:00:11.564158|[g:1][CONSENSUS][PBFT]checkTimeout Succ,view=926,toView=927,nodeIdx=2,changeCycle=0,myNode=ad4f9855...,timecost=0.206
info|2019-12-13 01:00:11.568091|[g:1][CONSENSUS][PBFT]checkAndChangeView: Reach consensus,org_view=926,org_changeCycle=0,cur_changeCycle=0,to_view=927
info|2019-12-13 01:00:12.568614|[g:1][CONSENSUS][SEALER]++++++++++++++++ Generating seal on,blkNum=96,tx=0,nodeIdx=2,hash=ada68655...
info|2019-12-13 01:00:12.585844|[g:1][CONSENSUS][PBFT]checkTimeout Succ,view=927,toView=928,nodeIdx=2,changeCycle=0,myNode=ad4f9855...,timecost=0.43
info|2019-12-13 01:00:12.590950|[g:1][CONSENSUS][PBFT]checkAndChangeView: Reach consensus,org_view=927,org_changeCycle=0,cur_changeCycle=0,to_view=928
info|2019-12-13 01:00:13.583513|[g:1][CONSENSUS]addRawPrepare,height=96,reqIdx=3,hash=8ce0c97b...
info|2019-12-13 01:00:13.583731|[g:1][CONSENSUS][PBFT]checkTimeout Succ,view=928,toView=929,nodeIdx=2,changeCycle=0,myNode=ad4f9855...,timecost=0.195
info|2019-12-13 01:00:13.590576|[g:1][CONSENSUS][PBFT]checkAndChangeView: Reach consensus,org_view=928,org_changeCycle=0,cur_changeCycle=0,to_view=929
info|2019-12-13 01:00:14.592840|[g:1][CONSENSUS]addRawPrepare,height=96,reqIdx=0,hash=a47fd85c...
info|2019-12-13 01:00:14.593056|[g:1][CONSENSUS][PBFT]checkTimeout Succ,view=929,toView=930,nodeIdx=2,changeCycle=0,myNode=ad4f9855...,timecost=0.193
info|2019-12-13 01:00:14.595809|[g:1][CONSENSUS][PBFT]checkAndChangeView: Reach consensus,org_view=929,org_changeCycle=0,cur_changeCycle=0,to_view=930
info|2019-12-13 01:00:15.599213|[g:1][CONSENSUS]addRawPrepare,height=96,reqIdx=1,hash=945020de...
info|2019-12-13 01:00:15.601701|[g:1][CONSENSUS][PBFT]checkTimeout Succ,view=930,toView=931,nodeIdx=2,changeCycle=0,myNode=ad4f9855...,timecost=0.294
info|2019-12-13 01:00:15.604046|[g:1][CONSENSUS][PBFT]checkAndChangeView: Reach consensus,org_view=930,org_changeCycle=0,cur_changeCycle=0,to_view=931
info|2019-12-13 01:00:16.607195|[g:1][CONSENSUS][SEALER]++++++++++++++++ Generating seal on,blkNum=96,tx=0,nodeIdx=2,hash=0de7a1dd...
info|2019-12-13 01:00:16.615465|[g:1][CONSENSUS][PBFT]checkTimeout Succ,view=931,toView=932,nodeIdx=2,changeCycle=0,myNode=ad4f9855...,timecost=0.21
info|2019-12-13 01:00:16.616347|[g:1][CONSENSUS][PBFT]checkAndChangeView: Reach consensus,org_view=931,org_changeCycle=0,cur_changeCycle=0,to_view=932
info|2019-12-13 01:00:17.617600|[g:1][CONSENSUS]addRawPrepare,height=96,reqIdx=3,hash=3df36cb7...
info|2019-12-13 01:00:17.617899|[g:1][CONSENSUS][PBFT]checkTimeout Succ,view=932,toView=933,nodeIdx=2,changeCycle=0,myNode=ad4f9855...,timecost=0.262
info|2019-12-13 01:00:17.624848|[g:1][CONSENSUS][PBFT]checkAndChangeView: Reach consensus,org_view=932,org_changeCycle=0,cur_changeCycle=0,to_view=933
info|2019-12-13 01:00:18.628643|[g:1][CONSENSUS]addRawPrepare,height=96,reqIdx=0,hash=00b9b904...
info|2019-12-13 01:00:18.628883|[g:1][CONSENSUS][PBFT]checkTimeout Succ,view=933,toView=934,nodeIdx=2,changeCycle=0,myNode=ad4f9855...,timecost=0.212
info|2019-12-13 01:00:18.631612|[g:1][CONSENSUS][PBFT]checkAndChangeView: Reach consensus,org_view=933,org_changeCycle=0,cur_changeCycle=0,to_view=934
info|2019-12-13 01:00:19.353313|[P2P][Service] heartBeat,connected count=3
info|2019-12-13 01:00:19.635704|[g:1][CONSENSUS]addRawPrepare,height=96,reqIdx=1,hash=61e52b9f...
info|2019-12-13 01:00:19.636027|[g:1][CONSENSUS][PBFT]checkTimeout Succ,view=934,toView=935,nodeIdx=2,changeCycle=0,myNode=ad4f9855...,timecost=0.296
info|2019-12-13 01:00:19.637349|[g:1][CONSENSUS][PBFT]checkAndChangeView: Reach consensus,org_view=934,org_changeCycle=0,cur_changeCycle=0,to_view=935
info|2019-12-13 01:00:20.638505|[g:1][CONSENSUS][SEALER]++++++++++++++++ Generating seal on,blkNum=96,tx=0,nodeIdx=2,hash=cdc4811b...
info|2019-12-13 01:00:20.645366|[g:1][CONSENSUS][PBFT]checkTimeout Succ,view=935,toView=936,nodeIdx=2,changeCycle=0,myNode=ad4f9855...,timecost=0.244
info|2019-12-13 01:00:20.646533|[g:1][CONSENSUS][PBFT]checkAndChangeView: Reach consensus,org_view=935,org_changeCycle=0,cur_changeCycle=0,to_view=936
info|2019-12-13 01:00:21.645397|[g:1][CONSENSUS]addRawPrepare,height=96,reqIdx=3,hash=0fe52638...
info|2019-12-13 01:00:21.647232|[g:1][CONSENSUS][PBFT]checkTimeout Succ,view=936,toView=937,nodeIdx=2,changeCycle=0,myNode=ad4f9855...,timecost=1.801
info|2019-12-13 01:00:21.648817|[g:1][CONSENSUS][PBFT]checkAndChangeView: Reach consensus,org_view=936,org_changeCycle=0,cur_changeCycle=0,to_view=937
info|2019-12-13 01:00:22.652032|[g:1][CONSENSUS]addRawPrepare,height=96,reqIdx=0,hash=1d73fc47...
info|2019-12-13 01:00:22.652253|[g:1][CONSENSUS][PBFT]checkTimeout Succ,view=937,toView=938,nodeIdx=2,changeCycle=0,myNode=ad4f9855...,timecost=0.198
info|2019-12-13 01:00:22.656097|[g:1][CONSENSUS][PBFT]checkAndChangeView: Reach consensus,org_view=937,org_changeCycle=0,cur_changeCycle=0,to_view=938
info|2019-12-13 01:00:23.676701|[g:1][CONSENSUS]addRawPrepare,height=96,reqIdx=1,hash=c40bb565...
info|2019-12-13 01:00:23.677158|[g:1][CONSENSUS][PBFT]checkTimeout Succ,view=938,toView=939,nodeIdx=2,changeCycle=0,myNode=ad4f9855...,timecost=0.378
info|2019-12-13 01:00:23.687333|[g:1][CONSENSUS][PBFT]checkAndChangeView: Reach consensus,org_view=938,org_changeCycle=0,cur_changeCycle=0,to_view=939
info|2019-12-13 01:00:24.687258|[g:1][CONSENSUS][SEALER]++++++++++++++++ Generating seal on,blkNum=96,tx=0,nodeIdx=2,hash=f0b2027b...
info|2019-12-13 01:00:24.697780|[g:1][CONSENSUS][PBFT]checkTimeout Succ,view=939,toView=940,nodeIdx=2,changeCycle=0,myNode=ad4f9855...,timecost=0.211
info|2019-12-13 01:00:24.698574|[g:1][CONSENSUS][PBFT]checkAndChangeView: Reach consensus,org_view=939,org_changeCycle=0,cur_changeCycle=0,to_view=940
info|2019-12-13 01:00:25.697848|[g:1][CONSENSUS]addRawPrepare,height=96,reqIdx=3,hash=9e3d873f...
info|2019-12-13 01:00:25.698154|[g:1][CONSENSUS][PBFT]checkTimeout Succ,view=940,toView=941,nodeIdx=2,changeCycle=0,myNode=ad4f9855...,timecost=0.283
info|2019-12-13 01:00:25.700553|[g:1][CONSENSUS][PBFT]checkAndChangeView: Reach consensus,org_view=940,org_changeCycle=0,cur_changeCycle=0,to_view=941
info|2019-12-13 01:00:26.703080|[g:1][CONSENSUS]addRawPrepare,height=96,reqIdx=0,hash=fcb171a5...
info|2019-12-13 01:00:26.703315|[g:1][CONSENSUS][PBFT]checkTimeout Succ,view=941,toView=942,nodeIdx=2,changeCycle=0,myNode=ad4f9855...,timecost=0.209
info|2019-12-13 01:00:26.705687|[g:1][CONSENSUS][PBFT]checkAndChangeView: Reach consensus,org_view=941,org_changeCycle=0,cur_changeCycle=0,to_view=942
info|2019-12-13 01:00:27.713378|[g:1][CONSENSUS]addRawPrepare,height=96,reqIdx=1,hash=aff789b5...
info|2019-12-13 01:00:27.713812|[g:1][CONSENSUS][PBFT]checkTimeout Succ,view=942,toView=943,nodeIdx=2,changeCycle=0,myNode=ad4f9855...,timecost=0.401
info|2019-12-13 01:00:27.716089|[g:1][CONSENSUS][PBFT]checkAndChangeView: Reach consensus,org_view=942,org_changeCycle=0,cur_changeCycle=0,to_view=943
info|2019-12-13 01:00:28.717175|[g:1][CONSENSUS][SEALER]++++++++++++++++ Generating seal on,blkNum=96,tx=0,nodeIdx=2,hash=7fcf9cba...
info|2019-12-13 01:00:28.726396|[g:1][CONSENSUS][PBFT]checkTimeout Succ,view=943,toView=944,nodeIdx=2,changeCycle=0,myNode=ad4f9855...,timecost=0.763
info|2019-12-13 01:00:28.729714|[g:1][CONSENSUS][PBFT]checkAndChangeView: Reach consensus,org_view=943,org_changeCycle=0,cur_changeCycle=0,to_view=944
info|2019-12-13 01:00:29.353418|[P2P][Service] heartBeat,connected count=3
info|2019-12-13 01:00:29.726445|[g:1][CONSENSUS]addRawPrepare,height=96,reqIdx=3,hash=5d910c3f...
info|2019-12-13 01:00:29.726659|[g:1][CONSENSUS][PBFT]checkTimeout Succ,view=944,toView=945,nodeIdx=2,changeCycle=0,myNode=ad4f9855...,timecost=0.192
info|2019-12-13 01:00:29.729498|[g:1][CONSENSUS][PBFT]checkAndChangeView: Reach consensus,org_view=944,org_changeCycle=0,cur_changeCycle=0,to_view=945
info|2019-12-13 01:00:30.730785|[g:1][CONSENSUS]addRawPrepare,height=96,reqIdx=0,hash=eaf414a2...
info|2019-12-13 01:00:30.731024|[g:1][CONSENSUS][PBFT]checkTimeout Succ,view=945,toView=946,nodeIdx=2,changeCycle=0,myNode=ad4f9855...,timecost=0.217
info|2019-12-13 01:00:30.733538|[g:1][CONSENSUS][PBFT]checkAndChangeView: Reach consensus,org_view=945,org_changeCycle=0,cur_changeCycle=0,to_view=946
info|2019-12-13 01:00:31.736697|[g:1][CONSENSUS]addRawPrepare,height=96,reqIdx=1,hash=40670da1...
info|2019-12-13 01:00:31.736919|[g:1][CONSENSUS][PBFT]checkTimeout Succ,view=946,toView=947,nodeIdx=2,changeCycle=0,myNode=ad4f9855...,timecost=0.195
info|2019-12-13 01:00:31.739679|[g:1][CONSENSUS][PBFT]checkAndChangeView: Reach consensus,org_view=946,org_changeCycle=0,cur_changeCycle=0,to_view=947
info|2019-12-13 01:00:32.741218|[g:1][CONSENSUS][SEALER]++++++++++++++++ Generating seal on,blkNum=96,tx=0,nodeIdx=2,hash=e23bd512...
info|2019-12-13 01:00:32.752446|[g:1][CONSENSUS][PBFT]checkTimeout Succ,view=947,toView=948,nodeIdx=2,changeCycle=0,myNode=ad4f9855...,timecost=0.23
info|2019-12-13 01:00:32.760391|[g:1][CONSENSUS][PBFT]checkAndChangeView: Reach consensus,org_view=947,org_changeCycle=0,cur_changeCycle=0,to_view=948
info|2019-12-13 01:00:33.752922|[g:1][CONSENSUS]addRawPrepare,height=96,reqIdx=3,hash=ae9230e8...
info|2019-12-13 01:00:33.753336|[g:1][CONSENSUS][PBFT]checkTimeout Succ,view=948,toView=949,nodeIdx=2,changeCycle=0,myNode=ad4f9855...,timecost=0.384
info|2019-12-13 01:00:33.768550|[g:1][CONSENSUS][PBFT]checkAndChangeView: Reach consensus,org_view=948,org_changeCycle=0,cur_changeCycle=0,to_view=949
info|2019-12-13 01:00:34.771680|[g:1][CONSENSUS]addRawPrepare,height=96,reqIdx=0,hash=2f061777...
info|2019-12-13 01:00:34.771894|[g:1][CONSENSUS][PBFT]checkTimeout Succ,view=949,toView=950,nodeIdx=2,changeCycle=0,myNode=ad4f9855...,timecost=0.191
info|2019-12-13 01:00:34.774350|[g:1][CONSENSUS][PBFT]checkAndChangeView: Reach consensus,org_view=949,org_changeCycle=0,cur_changeCycle=0,to_view=950
info|2019-12-13 01:00:35.776191|[g:1][CONSENSUS]addRawPrepare,height=96,reqIdx=1,hash=208ac4ce...
info|2019-12-13 01:00:35.776409|[g:1][CONSENSUS][PBFT]checkTimeout Succ,view=950,toView=951,nodeIdx=2,changeCycle=0,myNode=ad4f9855...,timecost=0.192
info|2019-12-13 01:00:35.779143|[g:1][CONSENSUS][PBFT]checkAndChangeView: Reach consensus,org_view=950,org_changeCycle=0,cur_changeCycle=0,to_view=951
info|2019-12-13 01:00:36.780126|[g:1][CONSENSUS][SEALER]++++++++++++++++ Generating seal on,blkNum=96,tx=0,nodeIdx=2,hash=ff76857c...
info|2019-12-13 01:00:36.786564|[g:1][CONSENSUS][PBFT]checkTimeout Succ,view=951,toView=952,nodeIdx=2,changeCycle=0,myNode=ad4f9855...,timecost=0.288
info|2019-12-13 01:00:36.787588|[g:1][CONSENSUS][PBFT]checkAndChangeView: Reach consensus,org_view=951,org_changeCycle=0,cur_changeCycle=0,to_view=952
info|2019-12-13 01:00:37.788715|[g:1][CONSENSUS]addRawPrepare,height=96,reqIdx=3,hash=5cd60a06...
info|2019-12-13 01:00:37.788943|[g:1][CONSENSUS][PBFT]checkTimeout Succ,view=952,toView=953,nodeIdx=2,changeCycle=0,myNode=ad4f9855...,timecost=0.204
info|2019-12-13 01:00:37.791015|[g:1][CONSENSUS][PBFT]checkAndChangeView: Reach consensus,org_view=952,org_changeCycle=0,cur_changeCycle=0,to_view=953
info|2019-12-13 01:00:38.795051|[g:1][CONSENSUS]addRawPrepare,height=96,reqIdx=0,hash=16c64f80...
info|2019-12-13 01:00:38.795278|[g:1][CONSENSUS][PBFT]checkTimeout Succ,view=953,toView=954,nodeIdx=2,changeCycle=0,myNode=ad4f9855...,timecost=0.204
info|2019-12-13 01:00:38.801831|[g:1][CONSENSUS][PBFT]checkAndChangeView: Reach consensus,org_view=953,org_changeCycle=0,cur_changeCycle=0,to_view=954
info|2019-12-13 01:00:39.353772|[P2P][Service] heartBeat,connected count=3
info|2019-12-13 01:00:39.807640|[g:1][CONSENSUS]addRawPrepare,height=96,reqIdx=1,hash=08b6a7f9...
info|2019-12-13 01:00:39.807928|[g:1][CONSENSUS][PBFT]checkTimeout Succ,view=954,toView=955,nodeIdx=2,changeCycle=0,myNode=ad4f9855...,timecost=0.259
info|2019-12-13 01:00:39.844414|[g:1][CONSENSUS][PBFT]checkAndChangeView: Reach consensus,org_view=954,org_changeCycle=0,cur_changeCycle=0,to_view=955
info|2019-12-13 01:00:40.844239|[g:1][CONSENSUS][SEALER]++++++++++++++++ Generating seal on,blkNum=96,tx=0,nodeIdx=2,hash=bc9f4e10...
info|2019-12-13 01:00:40.856518|[g:1][CONSENSUS][PBFT]checkTimeout Succ,view=955,toView=956,nodeIdx=2,changeCycle=0,myNode=ad4f9855...,timecost=0.202
info|2019-12-13 01:00:40.857601|[g:1][CONSENSUS][PBFT]checkAndChangeView: Reach consensus,org_view=955,org_changeCycle=0,cur_changeCycle=0,to_view=956
info|2019-12-13 01:00:41.855439|[g:1][CONSENSUS]addRawPrepare,height=96,reqIdx=3,hash=26fd547c...
info|2019-12-13 01:00:41.855715|[g:1][CONSENSUS][PBFT]checkTimeout Succ,view=956,toView=957,nodeIdx=2,changeCycle=0,myNode=ad4f9855...,timecost=0.253
info|2019-12-13 01:00:41.856802|[g:1][CONSENSUS][PBFT]checkAndChangeView: Reach consensus,org_view=956,org_changeCycle=0,cur_changeCycle=0,to_view=957
info|2019-12-13 01:00:42.861812|[g:1][CONSENSUS]addRawPrepare,height=96,reqIdx=0,hash=675a0347...
info|2019-12-13 01:00:42.862085|[g:1][CONSENSUS][PBFT]checkTimeout Succ,view=957,toView=958,nodeIdx=2,changeCycle=0,myNode=ad4f9855...,timecost=0.249
info|2019-12-13 01:00:42.866911|[g:1][CONSENSUS][PBFT]checkAndChangeView: Reach consensus,org_view=957,org_changeCycle=0,cur_changeCycle=0,to_view=958
info|2019-12-13 01:00:43.872708|[g:1][CONSENSUS]addRawPrepare,height=96,reqIdx=1,hash=cd070a40...
info|2019-12-13 01:00:43.872999|[g:1][CONSENSUS][PBFT]checkTimeout Succ,view=958,toView=959,nodeIdx=2,changeCycle=0,myNode=ad4f9855...,timecost=0.208
info|2019-12-13 01:00:43.880626|[g:1][CONSENSUS][PBFT]checkAndChangeView: Reach consensus,org_view=958,org_changeCycle=0,cur_changeCycle=0,to_view=959
info|2019-12-13 01:00:44.880701|[g:1][CONSENSUS][SEALER]++++++++++++++++ Generating seal on,blkNum=96,tx=0,nodeIdx=2,hash=04b840ed...
info|2019-12-13 01:00:44.894398|[g:1][CONSENSUS][PBFT]checkTimeout Succ,view=959,toView=960,nodeIdx=2,changeCycle=0,myNode=ad4f9855...,timecost=0.279
info|2019-12-13 01:00:44.895479|[g:1][CONSENSUS][PBFT]checkAndChangeView: Reach consensus,org_view=959,org_changeCycle=0,cur_changeCycle=0,to_view=960
info|2019-12-13 01:00:45.891923|[g:1][CONSENSUS]addRawPrepare,height=96,reqIdx=3,hash=0ea62137...
info|2019-12-13 01:00:45.892186|[g:1][CONSENSUS][PBFT]checkTimeout Succ,view=960,toView=961,nodeIdx=2,changeCycle=0,myNode=ad4f9855...,timecost=0.24
info|2019-12-13 01:00:45.894508|[g:1][CONSENSUS][PBFT]checkAndChangeView: Reach consensus,org_view=960,org_changeCycle=0,cur_changeCycle=0,to_view=961
info|2019-12-13 01:00:46.898877|[g:1][CONSENSUS]addRawPrepare,height=96,reqIdx=0,hash=c9614477...
info|2019-12-13 01:00:46.899076|[g:1][CONSENSUS][PBFT]checkTimeout Succ,view=961,toView=962,nodeIdx=2,changeCycle=0,myNode=ad4f9855...,timecost=0.178
info|2019-12-13 01:00:46.901156|[g:1][CONSENSUS][PBFT]checkAndChangeView: Reach consensus,org_view=961,org_changeCycle=0,cur_changeCycle=0,to_view=962
info|2019-12-13 01:00:47.915735|[g:1][CONSENSUS]addRawPrepare,height=96,reqIdx=1,hash=070db739...
info|2019-12-13 01:00:47.915963|[g:1][CONSENSUS][PBFT]checkTimeout Succ,view=962,toView=963,nodeIdx=2,changeCycle=0,myNode=ad4f9855...,timecost=0.203
info|2019-12-13 01:00:47.917625|[g:1][CONSENSUS][PBFT]checkAndChangeView: Reach consensus,org_view=962,org_changeCycle=0,cur_changeCycle=0,to_view=963
info|2019-12-13 01:00:48.920363|[g:1][CONSENSUS][SEALER]++++++++++++++++ Generating seal on,blkNum=96,tx=0,nodeIdx=2,hash=4f1271ea...
info|2019-12-13 01:00:48.928530|[g:1][CONSENSUS][PBFT]checkTimeout Succ,view=963,toView=964,nodeIdx=2,changeCycle=0,myNode=ad4f9855...,timecost=0.198
info|2019-12-13 01:00:48.930238|[g:1][CONSENSUS][PBFT]checkAndChangeView: Reach consensus,org_view=963,org_changeCycle=0,cur_changeCycle=0,to_view=964
info|2019-12-13 01:00:49.353998|[P2P][Service] heartBeat,connected count=3
info|2019-12-13 01:00:49.937460|[g:1][CONSENSUS]addRawPrepare,height=96,reqIdx=3,hash=96235764...
info|2019-12-13 01:00:49.940704|[g:1][CONSENSUS][PBFT]checkTimeout Succ,view=964,toView=965,nodeIdx=2,changeCycle=0,myNode=ad4f9855...,timecost=1.132
info|2019-12-13 01:00:49.942003|[g:1][CONSENSUS][PBFT]checkAndChangeView: Reach consensus,org_view=964,org_changeCycle=0,cur_changeCycle=0,to_view=965
info|2019-12-13 01:00:50.946146|[g:1][CONSENSUS]addRawPrepare,height=96,reqIdx=0,hash=eec674a7...
info|2019-12-13 01:00:50.946398|[g:1][CONSENSUS][PBFT]checkTimeout Succ,view=965,toView=966,nodeIdx=2,changeCycle=0,myNode=ad4f9855...,timecost=0.224
info|2019-12-13 01:00:50.949126|[g:1][CONSENSUS][PBFT]checkAndChangeView: Reach consensus,org_view=965,org_changeCycle=0,cur_changeCycle=0,to_view=966
info|2019-12-13 01:00:51.953270|[g:1][CONSENSUS]addRawPrepare,height=96,reqIdx=1,hash=29ccb226...
info|2019-12-13 01:00:51.954302|[g:1][CONSENSUS][PBFT]checkTimeout Succ,view=966,toView=967,nodeIdx=2,changeCycle=0,myNode=ad4f9855...,timecost=1.012
info|2019-12-13 01:00:51.954687|[g:1][CONSENSUS][PBFT]checkAndChangeView: Reach consensus,org_view=966,org_changeCycle=0,cur_changeCycle=0,to_view=967
info|2019-12-13 01:00:52.954935|[g:1][CONSENSUS][SEALER]++++++++++++++++ Generating seal on,blkNum=96,tx=0,nodeIdx=2,hash=c0fa8fe4...
info|2019-12-13 01:00:52.961045|[g:1][CONSENSUS][PBFT]checkTimeout Succ,view=967,toView=968,nodeIdx=2,changeCycle=0,myNode=ad4f9855...,timecost=0.193
info|2019-12-13 01:00:52.962027|[g:1][CONSENSUS][PBFT]checkAndChangeView: Reach consensus,org_view=967,org_changeCycle=0,cur_changeCycle=0,to_view=968
info|2019-12-13 01:00:53.964432|[g:1][CONSENSUS]addRawPrepare,height=96,reqIdx=3,hash=a596bd3b...
info|2019-12-13 01:00:53.964691|[g:1][CONSENSUS][PBFT]checkTimeout Succ,view=968,toView=969,nodeIdx=2,changeCycle=0,myNode=ad4f9855...,timecost=0.234
info|2019-12-13 01:00:53.966666|[g:1][CONSENSUS][PBFT]checkAndChangeView: Reach consensus,org_view=968,org_changeCycle=0,cur_changeCycle=0,to_view=969
info|2019-12-13 01:00:54.970618|[g:1][CONSENSUS]addRawPrepare,height=96,reqIdx=0,hash=6c1806a5...
info|2019-12-13 01:00:54.970837|[g:1][CONSENSUS][PBFT]checkTimeout Succ,view=969,toView=970,nodeIdx=2,changeCycle=0,myNode=ad4f9855...,timecost=0.194
info|2019-12-13 01:00:54.977090|[g:1][CONSENSUS][PBFT]checkAndChangeView: Reach consensus,org_view=969,org_changeCycle=0,cur_changeCycle=0,to_view=970
info|2019-12-13 01:00:55.979892|[g:1][CONSENSUS]addRawPrepare,height=96,reqIdx=1,hash=d462ad55...
info|2019-12-13 01:00:55.980153|[g:1][CONSENSUS][PBFT]checkTimeout Succ,view=970,toView=971,nodeIdx=2,changeCycle=0,myNode=ad4f9855...,timecost=0.238
info|2019-12-13 01:00:55.980705|[g:1][CONSENSUS][PBFT]checkAndChangeView: Reach consensus,org_view=970,org_changeCycle=0,cur_changeCycle=0,to_view=971
info|2019-12-13 01:00:56.980248|[g:1][CONSENSUS][SEALER]++++++++++++++++ Generating seal on,blkNum=96,tx=0,nodeIdx=2,hash=1b5eec83...
info|2019-12-13 01:00:56.986594|[g:1][CONSENSUS][PBFT]checkTimeout Succ,view=971,toView=972,nodeIdx=2,changeCycle=0,myNode=ad4f9855...,timecost=0.336
info|2019-12-13 01:00:56.987514|[g:1][CONSENSUS][PBFT]checkAndChangeView: Reach consensus,org_view=971,org_changeCycle=0,cur_changeCycle=0,to_view=972
info|2019-12-13 01:00:57.989688|[g:1][CONSENSUS]addRawPrepare,height=96,reqIdx=3,hash=af68ce87...
info|2019-12-13 01:00:57.989986|[g:1][CONSENSUS][PBFT]checkTimeout Succ,view=972,toView=973,nodeIdx=2,changeCycle=0,myNode=ad4f9855...,timecost=0.255
info|2019-12-13 01:00:57.991297|[g:1][CONSENSUS][PBFT]checkAndChangeView: Reach consensus,org_view=972,org_changeCycle=0,cur_changeCycle=0,to_view=973
info|2019-12-13 01:00:58.996452|[g:1][CONSENSUS]addRawPrepare,height=96,reqIdx=0,hash=adbdce75...
info|2019-12-13 01:00:58.996667|[g:1][CONSENSUS][PBFT]checkTimeout Succ,view=973,toView=974,nodeIdx=2,changeCycle=0,myNode=ad4f9855...,timecost=0.192
info|2019-12-13 01:00:58.996966|[g:1][CONSENSUS][PBFT]checkAndChangeView: Reach consensus,org_view=973,org_changeCycle=0,cur_changeCycle=0,to_view=974
info|2019-12-13 01:00:59.354101|[P2P][Service] heartBeat,connected count=3
info|2019-12-13 01:01:00.009656|[g:1][CONSENSUS]addRawPrepare,height=96,reqIdx=1,hash=6a588155...
info|2019-12-13 01:01:00.010006|[g:1][CONSENSUS][PBFT]checkTimeout Succ,view=974,toView=975,nodeIdx=2,changeCycle=0,myNode=ad4f9855...,timecost=0.328
info|2019-12-13 01:01:00.010698|[g:1][CONSENSUS][PBFT]checkAndChangeView: Reach consensus,org_view=974,org_changeCycle=0,cur_changeCycle=0,to_view=975
info|2019-12-13 01:01:01.013477|[g:1][CONSENSUS][SEALER]++++++++++++++++ Generating seal on,blkNum=96,tx=0,nodeIdx=2,hash=565218b8...
info|2019-12-13 01:01:01.028631|[g:1][CONSENSUS][PBFT]checkTimeout Succ,view=975,toView=976,nodeIdx=2,changeCycle=0,myNode=ad4f9855...,timecost=0.213
info|2019-12-13 01:01:01.029683|[g:1][CONSENSUS][PBFT]checkAndChangeView: Reach consensus,org_view=975,org_changeCycle=0,cur_changeCycle=0,to_view=976
info|2019-12-13 01:01:02.030759|[g:1][CONSENSUS]addRawPrepare,height=96,reqIdx=3,hash=5e59a422...
info|2019-12-13 01:01:02.030973|[g:1][CONSENSUS][PBFT]checkTimeout Succ,view=976,toView=977,nodeIdx=2,changeCycle=0,myNode=ad4f9855...,timecost=0.192
info|2019-12-13 01:01:02.032049|[g:1][CONSENSUS][PBFT]checkAndChangeView: Reach consensus,org_view=976,org_changeCycle=0,cur_changeCycle=0,to_view=977
info|2019-12-13 01:01:03.036853|[g:1][CONSENSUS]addRawPrepare,height=96,reqIdx=0,hash=88e565d2...
info|2019-12-13 01:01:03.037067|[g:1][CONSENSUS][PBFT]checkTimeout Succ,view=977,toView=978,nodeIdx=2,changeCycle=0,myNode=ad4f9855...,timecost=0.192
info|2019-12-13 01:01:03.039229|[g:1][CONSENSUS][PBFT]checkAndChangeView: Reach consensus,org_view=977,org_changeCycle=0,cur_changeCycle=0,to_view=978
info|2019-12-13 01:01:04.041373|[g:1][CONSENSUS]addRawPrepare,height=96,reqIdx=1,hash=554eced1...
info|2019-12-13 01:01:04.041625|[g:1][CONSENSUS][PBFT]checkTimeout Succ,view=978,toView=979,nodeIdx=2,changeCycle=0,myNode=ad4f9855...,timecost=0.225
info|2019-12-13 01:01:04.047994|[g:1][CONSENSUS][PBFT]checkAndChangeView: Reach consensus,org_view=978,org_changeCycle=0,cur_changeCycle=0,to_view=979
info|2019-12-13 01:01:05.051203|[g:1][CONSENSUS][SEALER]++++++++++++++++ Generating seal on,blkNum=96,tx=0,nodeIdx=2,hash=b257d887...
info|2019-12-13 01:01:05.066499|[g:1][CONSENSUS][PBFT]checkTimeout Succ,view=979,toView=980,nodeIdx=2,changeCycle=0,myNode=ad4f9855...,timecost=0.221
info|2019-12-13 01:01:05.067709|[g:1][CONSENSUS][PBFT]checkAndChangeView: Reach consensus,org_view=979,org_changeCycle=0,cur_changeCycle=0,to_view=980
info|2019-12-13 01:01:06.066382|[g:1][CONSENSUS]addRawPrepare,height=96,reqIdx=3,hash=7c726c4c...
info|2019-12-13 01:01:06.068533|[g:1][CONSENSUS][PBFT]checkTimeout Succ,view=980,toView=981,nodeIdx=2,changeCycle=0,myNode=ad4f9855...,timecost=2.045
info|2019-12-13 01:01:06.070997|[g:1][CONSENSUS][PBFT]checkAndChangeView: Reach consensus,org_view=980,org_changeCycle=0,cur_changeCycle=0,to_view=981
info|2019-12-13 01:01:07.074968|[g:1][CONSENSUS]addRawPrepare,height=96,reqIdx=0,hash=32988e30...
info|2019-12-13 01:01:07.075593|[g:1][CONSENSUS][PBFT]checkTimeout Succ,view=981,toView=982,nodeIdx=2,changeCycle=0,myNode=ad4f9855...,timecost=0.603
info|2019-12-13 01:01:07.076208|[g:1][CONSENSUS][PBFT]checkAndChangeView: Reach consensus,org_view=981,org_changeCycle=0,cur_changeCycle=0,to_view=982
info|2019-12-13 01:01:08.084646|[g:1][CONSENSUS]addRawPrepare,height=96,reqIdx=1,hash=65e1153c...
info|2019-12-13 01:01:08.084930|[g:1][CONSENSUS][PBFT]checkTimeout Succ,view=982,toView=983,nodeIdx=2,changeCycle=0,myNode=ad4f9855...,timecost=0.258
info|2019-12-13 01:01:08.087185|[g:1][CONSENSUS][PBFT]checkAndChangeView: Reach consensus,org_view=982,org_changeCycle=0,cur_changeCycle=0,to_view=983
info|2019-12-13 01:01:09.087544|[g:1][CONSENSUS][SEALER]++++++++++++++++ Generating seal on,blkNum=96,tx=0,nodeIdx=2,hash=8a71aff0...
info|2019-12-13 01:01:09.115018|[g:1][CONSENSUS][PBFT]checkTimeout Succ,view=983,toView=984,nodeIdx=2,changeCycle=0,myNode=ad4f9855...,timecost=0.428
info|2019-12-13 01:01:09.118531|[g:1][CONSENSUS][PBFT]checkAndChangeView: Reach consensus,org_view=983,org_changeCycle=0,cur_changeCycle=0,to_view=984
info|2019-12-13 01:01:09.354209|[P2P][Service] heartBeat,connected count=3
info|2019-12-13 01:01:10.116057|[g:1][CONSENSUS]addRawPrepare,height=96,reqIdx=3,hash=3bb5af2f...
info|2019-12-13 01:01:10.116293|[g:1][CONSENSUS][PBFT]checkTimeout Succ,view=984,toView=985,nodeIdx=2,changeCycle=0,myNode=ad4f9855...,timecost=0.204
info|2019-12-13 01:01:10.117723|[g:1][CONSENSUS][PBFT]checkAndChangeView: Reach consensus,org_view=984,org_changeCycle=0,cur_changeCycle=0,to_view=985
info|2019-12-13 01:01:11.129061|[g:1][CONSENSUS]addRawPrepare,height=96,reqIdx=0,hash=12d2376d...
info|2019-12-13 01:01:11.129319|[g:1][CONSENSUS][PBFT]checkTimeout Succ,view=985,toView=986,nodeIdx=2,changeCycle=0,myNode=ad4f9855...,timecost=0.231
info|2019-12-13 01:01:11.142011|[g:1][CONSENSUS][PBFT]checkAndChangeView: Reach consensus,org_view=985,org_changeCycle=0,cur_changeCycle=0,to_view=986
info|2019-12-13 01:01:12.142660|[g:1][CONSENSUS]addRawPrepare,height=96,reqIdx=1,hash=d40edd91...
info|2019-12-13 01:01:12.142861|[g:1][CONSENSUS][PBFT]checkTimeout Succ,view=986,toView=987,nodeIdx=2,changeCycle=0,myNode=ad4f9855...,timecost=0.198
info|2019-12-13 01:01:12.145198|[g:1][CONSENSUS][PBFT]checkAndChangeView: Reach consensus,org_view=986,org_changeCycle=0,cur_changeCycle=0,to_view=987
info|2019-12-13 01:01:13.148460|[g:1][CONSENSUS][SEALER]++++++++++++++++ Generating seal on,blkNum=96,tx=0,nodeIdx=2,hash=844f36ff...
info|2019-12-13 01:01:13.161252|[g:1][CONSENSUS][PBFT]checkTimeout Succ,view=987,toView=988,nodeIdx=2,changeCycle=0,myNode=ad4f9855...,timecost=0.207
info|2019-12-13 01:01:13.162398|[g:1][CONSENSUS][PBFT]checkAndChangeView: Reach consensus,org_view=987,org_changeCycle=0,cur_changeCycle=0,to_view=988
info|2019-12-13 01:01:14.163928|[g:1][CONSENSUS]addRawPrepare,height=96,reqIdx=3,hash=9500bc0c...
info|2019-12-13 01:01:14.164157|[g:1][CONSENSUS][PBFT]checkTimeout Succ,view=988,toView=989,nodeIdx=2,changeCycle=0,myNode=ad4f9855...,timecost=0.202
info|2019-12-13 01:01:14.165223|[g:1][CONSENSUS][PBFT]checkAndChangeView: Reach consensus,org_view=988,org_changeCycle=0,cur_changeCycle=0,to_view=989
info|2019-12-13 01:01:15.167864|[g:1][CONSENSUS]addRawPrepare,height=96,reqIdx=0,hash=e9a8e13d...
info|2019-12-13 01:01:15.168096|[g:1][CONSENSUS][PBFT]checkTimeout Succ,view=989,toView=990,nodeIdx=2,changeCycle=0,myNode=ad4f9855...,timecost=0.206
info|2019-12-13 01:01:15.171332|[g:1][CONSENSUS][PBFT]checkAndChangeView: Reach consensus,org_view=989,org_changeCycle=0,cur_changeCycle=0,to_view=990
info|2019-12-13 01:01:16.174210|[g:1][CONSENSUS]addRawPrepare,height=96,reqIdx=1,hash=8cdb6cb9...
info|2019-12-13 01:01:16.174440|[g:1][CONSENSUS][PBFT]checkTimeout Succ,view=990,toView=991,nodeIdx=2,changeCycle=0,myNode=ad4f9855...,timecost=0.203
info|2019-12-13 01:01:16.176083|[g:1][CONSENSUS][PBFT]checkAndChangeView: Reach consensus,org_view=990,org_changeCycle=0,cur_changeCycle=0,to_view=991
info|2019-12-13 01:01:17.177450|[g:1][CONSENSUS][SEALER]++++++++++++++++ Generating seal on,blkNum=96,tx=0,nodeIdx=2,hash=bfe129eb...
info|2019-12-13 01:01:17.189606|[g:1][CONSENSUS][PBFT]checkTimeout Succ,view=991,toView=992,nodeIdx=2,changeCycle=0,myNode=ad4f9855...,timecost=0.2
info|2019-12-13 01:01:17.190598|[g:1][CONSENSUS][PBFT]checkAndChangeView: Reach consensus,org_view=991,org_changeCycle=0,cur_changeCycle=0,to_view=992
info|2019-12-13 01:01:18.191374|[g:1][CONSENSUS]addRawPrepare,height=96,reqIdx=3,hash=8add0f17...
info|2019-12-13 01:01:18.191607|[g:1][CONSENSUS][PBFT]checkTimeout Succ,view=992,toView=993,nodeIdx=2,changeCycle=0,myNode=ad4f9855...,timecost=0.207
info|2019-12-13 01:01:18.192687|[g:1][CONSENSUS][PBFT]checkAndChangeView: Reach consensus,org_view=992,org_changeCycle=0,cur_changeCycle=0,to_view=993
info|2019-12-13 01:01:19.196686|[g:1][CONSENSUS]addRawPrepare,height=96,reqIdx=0,hash=48d9d4f9...
info|2019-12-13 01:01:19.196908|[g:1][CONSENSUS][PBFT]checkTimeout Succ,view=993,toView=994,nodeIdx=2,changeCycle=0,myNode=ad4f9855...,timecost=0.199
info|2019-12-13 01:01:19.202315|[g:1][CONSENSUS][PBFT]checkAndChangeView: Reach consensus,org_view=993,org_changeCycle=0,cur_changeCycle=0,to_view=994
info|2019-12-13 01:01:19.354676|[P2P][Service] heartBeat,connected count=3
info|2019-12-13 01:01:20.205128|[g:1][CONSENSUS]addRawPrepare,height=96,reqIdx=1,hash=791902db...
info|2019-12-13 01:01:20.205340|[g:1][CONSENSUS][PBFT]checkTimeout Succ,view=994,toView=995,nodeIdx=2,changeCycle=0,myNode=ad4f9855...,timecost=0.19
info|2019-12-13 01:01:20.207186|[g:1][CONSENSUS][PBFT]checkAndChangeView: Reach consensus,org_view=994,org_changeCycle=0,cur_changeCycle=0,to_view=995
info|2019-12-13 01:01:21.207656|[g:1][CONSENSUS][SEALER]++++++++++++++++ Generating seal on,blkNum=96,tx=0,nodeIdx=2,hash=887d3288...
info|2019-12-13 01:01:21.215055|[g:1][CONSENSUS][PBFT]checkTimeout Succ,view=995,toView=996,nodeIdx=2,changeCycle=0,myNode=ad4f9855...,timecost=0.212
info|2019-12-13 01:01:21.215877|[g:1][CONSENSUS][PBFT]checkAndChangeView: Reach consensus,org_view=995,org_changeCycle=0,cur_changeCycle=0,to_view=996
info|2019-12-13 01:01:22.217974|[g:1][CONSENSUS]addRawPrepare,height=96,reqIdx=3,hash=5ad8d455...
info|2019-12-13 01:01:22.218206|[g:1][CONSENSUS][PBFT]checkTimeout Succ,view=996,toView=997,nodeIdx=2,changeCycle=0,myNode=ad4f9855...,timecost=0.205
info|2019-12-13 01:01:22.220703|[g:1][CONSENSUS][PBFT]checkAndChangeView: Reach consensus,org_view=996,org_changeCycle=0,cur_changeCycle=0,to_view=997
info|2019-12-13 01:01:23.221583|[g:1][CONSENSUS]addRawPrepare,height=96,reqIdx=0,hash=23cb8bd0...
info|2019-12-13 01:01:23.221813|[g:1][CONSENSUS][PBFT]checkTimeout Succ,view=997,toView=998,nodeIdx=2,changeCycle=0,myNode=ad4f9855...,timecost=0.205
info|2019-12-13 01:01:23.224574|[g:1][CONSENSUS][PBFT]checkAndChangeView: Reach consensus,org_view=997,org_changeCycle=0,cur_changeCycle=0,to_view=998
info|2019-12-13 01:01:24.228039|[g:1][CONSENSUS]addRawPrepare,height=96,reqIdx=1,hash=e459602f...
info|2019-12-13 01:01:24.228239|[g:1][CONSENSUS][PBFT]checkTimeout Succ,view=998,toView=999,nodeIdx=2,changeCycle=0,myNode=ad4f9855...,timecost=0.18
info|2019-12-13 01:01:24.229981|[g:1][CONSENSUS][PBFT]checkAndChangeView: Reach consensus,org_view=998,org_changeCycle=0,cur_changeCycle=0,to_view=999
info|2019-12-13 01:01:25.229381|[g:1][CONSENSUS][SEALER]++++++++++++++++ Generating seal on,blkNum=96,tx=0,nodeIdx=2,hash=09b44a4e...
info|2019-12-13 01:01:25.237661|[g:1][CONSENSUS][PBFT]checkTimeout Succ,view=999,toView=1000,nodeIdx=2,changeCycle=0,myNode=ad4f9855...,timecost=0.21
info|2019-12-13 01:01:25.238663|[g:1][CONSENSUS][PBFT]checkAndChangeView: Reach consensus,org_view=999,org_changeCycle=0,cur_changeCycle=0,to_view=1000
info|2019-12-13 01:01:26.238809|[g:1][CONSENSUS]addRawPrepare,height=96,reqIdx=3,hash=ed510493...
info|2019-12-13 01:01:26.239105|[g:1][CONSENSUS][PBFT]checkTimeout Succ,view=1000,toView=1001,nodeIdx=2,changeCycle=0,myNode=ad4f9855...,timecost=0.213
info|2019-12-13 01:01:26.240966|[g:1][CONSENSUS][PBFT]checkAndChangeView: Reach consensus,org_view=1000,org_changeCycle=0,cur_changeCycle=0,to_view=1001
info|2019-12-13 01:01:27.242211|[g:1][CONSENSUS]addRawPrepare,height=96,reqIdx=0,hash=9f067ffd...
info|2019-12-13 01:01:27.242462|[g:1][CONSENSUS][PBFT]checkTimeout Succ,view=1001,toView=1002,nodeIdx=2,changeCycle=0,myNode=ad4f9855...,timecost=0.228
info|2019-12-13 01:01:27.248037|[g:1][CONSENSUS][PBFT]checkAndChangeView: Reach consensus,org_view=1001,org_changeCycle=0,cur_changeCycle=0,to_view=1002
info|2019-12-13 01:01:28.250506|[g:1][CONSENSUS]addRawPrepare,height=96,reqIdx=1,hash=5fc54c1b...
info|2019-12-13 01:01:28.250733|[g:1][CONSENSUS][PBFT]checkTimeout Succ,view=1002,toView=1003,nodeIdx=2,changeCycle=0,myNode=ad4f9855...,timecost=0.203
info|2019-12-13 01:01:28.252445|[g:1][CONSENSUS][PBFT]checkAndChangeView: Reach consensus,org_view=1002,org_changeCycle=0,cur_changeCycle=0,to_view=1003
info|2019-12-13 01:01:29.252627|[g:1][CONSENSUS][SEALER]++++++++++++++++ Generating seal on,blkNum=96,tx=0,nodeIdx=2,hash=302bb024...
info|2019-12-13 01:01:29.258741|[g:1][CONSENSUS][PBFT]checkTimeout Succ,view=1003,toView=1004,nodeIdx=2,changeCycle=0,myNode=ad4f9855...,timecost=0.202
info|2019-12-13 01:01:29.259722|[g:1][CONSENSUS][PBFT]checkAndChangeView: Reach consensus,org_view=1003,org_changeCycle=0,cur_changeCycle=0,to_view=1004
info|2019-12-13 01:01:29.355007|[P2P][Service] heartBeat,connected count=3
info|2019-12-13 01:01:30.260723|[g:1][CONSENSUS]addRawPrepare,height=96,reqIdx=3,hash=d7a0f30d...
info|2019-12-13 01:01:30.260935|[g:1][CONSENSUS][PBFT]checkTimeout Succ,view=1004,toView=1005,nodeIdx=2,changeCycle=0,myNode=ad4f9855...,timecost=0.191
info|2019-12-13 01:01:30.262407|[g:1][CONSENSUS][PBFT]checkAndChangeView: Reach consensus,org_view=1004,org_changeCycle=0,cur_changeCycle=0,to_view=1005
info|2019-12-13 01:01:31.269895|[g:1][CONSENSUS]addRawPrepare,height=96,reqIdx=0,hash=618ecd9e...
info|2019-12-13 01:01:31.270161|[g:1][CONSENSUS][PBFT]checkTimeout Succ,view=1005,toView=1006,nodeIdx=2,changeCycle=0,myNode=ad4f9855...,timecost=0.23
info|2019-12-13 01:01:31.278139|[g:1][CONSENSUS][PBFT]checkAndChangeView: Reach consensus,org_view=1005,org_changeCycle=0,cur_changeCycle=0,to_view=1006
info|2019-12-13 01:01:32.281281|[g:1][CONSENSUS]addRawPrepare,height=96,reqIdx=1,hash=b664fd1a...
info|2019-12-13 01:01:32.281525|[g:1][CONSENSUS][PBFT]checkTimeout Succ,view=1006,toView=1007,nodeIdx=2,changeCycle=0,myNode=ad4f9855...,timecost=0.223
info|2019-12-13 01:01:32.288317|[g:1][CONSENSUS][PBFT]checkAndChangeView: Reach consensus,org_view=1006,org_changeCycle=0,cur_changeCycle=0,to_view=1007
info|2019-12-13 01:01:33.289947|[g:1][CONSENSUS][SEALER]++++++++++++++++ Generating seal on,blkNum=96,tx=0,nodeIdx=2,hash=5eb081c5...
info|2019-12-13 01:01:33.305578|[g:1][CONSENSUS][PBFT]checkTimeout Succ,view=1007,toView=1008,nodeIdx=2,changeCycle=0,myNode=ad4f9855...,timecost=4.353
info|2019-12-13 01:01:33.307829|[g:1][CONSENSUS][PBFT]checkAndChangeView: Reach consensus,org_view=1007,org_changeCycle=0,cur_changeCycle=0,to_view=1008
info|2019-12-13 01:01:34.301809|[g:1][CONSENSUS]addRawPrepare,height=96,reqIdx=3,hash=8987c375...
info|2019-12-13 01:01:34.302131|[g:1][CONSENSUS][PBFT]checkTimeout Succ,view=1008,toView=1009,nodeIdx=2,changeCycle=0,myNode=ad4f9855...,timecost=0.298
info|2019-12-13 01:01:34.308158|[g:1][CONSENSUS][PBFT]checkAndChangeView: Reach consensus,org_view=1008,org_changeCycle=0,cur_changeCycle=0,to_view=1009
info|2019-12-13 01:01:35.311510|[g:1][CONSENSUS]addRawPrepare,height=96,reqIdx=0,hash=8564b097...
info|2019-12-13 01:01:35.311744|[g:1][CONSENSUS][PBFT]checkTimeout Succ,view=1009,toView=1010,nodeIdx=2,changeCycle=0,myNode=ad4f9855...,timecost=0.207
info|2019-12-13 01:01:35.318060|[g:1][CONSENSUS][PBFT]checkAndChangeView: Reach consensus,org_view=1009,org_changeCycle=0,cur_changeCycle=0,to_view=1010
info|2019-12-13 01:01:36.324369|[g:1][CONSENSUS]addRawPrepare,height=96,reqIdx=1,hash=46e9a7ad...
info|2019-12-13 01:01:36.324636|[g:1][CONSENSUS][PBFT]checkTimeout Succ,view=1010,toView=1011,nodeIdx=2,changeCycle=0,myNode=ad4f9855...,timecost=0.243
info|2019-12-13 01:01:36.332197|[g:1][CONSENSUS][PBFT]checkAndChangeView: Reach consensus,org_view=1010,org_changeCycle=0,cur_changeCycle=0,to_view=1011
info|2019-12-13 01:01:37.332961|[g:1][CONSENSUS][SEALER]++++++++++++++++ Generating seal on,blkNum=96,tx=0,nodeIdx=2,hash=dcfe9c1b...
info|2019-12-13 01:01:37.342186|[g:1][CONSENSUS][PBFT]checkTimeout Succ,view=1011,toView=1012,nodeIdx=2,changeCycle=0,myNode=ad4f9855...,timecost=0.195
info|2019-12-13 01:01:37.345734|[g:1][CONSENSUS][PBFT]checkAndChangeView: Reach consensus,org_view=1011,org_changeCycle=0,cur_changeCycle=0,to_view=1012
info|2019-12-13 01:01:38.345617|[g:1][CONSENSUS]addRawPrepare,height=96,reqIdx=3,hash=0fcd660a...
info|2019-12-13 01:01:38.348910|[g:1][CONSENSUS][PBFT]checkTimeout Succ,view=1012,toView=1013,nodeIdx=2,changeCycle=0,myNode=ad4f9855...,timecost=3.224
info|2019-12-13 01:01:38.355324|[g:1][CONSENSUS][PBFT]checkAndChangeView: Reach consensus,org_view=1012,org_changeCycle=0,cur_changeCycle=0,to_view=1013
info|2019-12-13 01:01:39.356091|[P2P][Service] heartBeat,connected count=3
info|2019-12-13 01:01:39.358631|[g:1][CONSENSUS]addRawPrepare,height=96,reqIdx=0,hash=77fecba6...
info|2019-12-13 01:01:39.363922|[g:1][CONSENSUS][PBFT]checkTimeout Succ,view=1013,toView=1014,nodeIdx=2,changeCycle=0,myNode=ad4f9855...,timecost=5.268
info|2019-12-13 01:01:39.364529|[g:1][CONSENSUS][PBFT]checkAndChangeView: Reach consensus,org_view=1013,org_changeCycle=0,cur_changeCycle=0,to_view=1014
info|2019-12-13 01:01:40.367788|[g:1][CONSENSUS]addRawPrepare,height=96,reqIdx=1,hash=d2013b4c...
info|2019-12-13 01:01:40.368004|[g:1][CONSENSUS][PBFT]checkTimeout Succ,view=1014,toView=1015,nodeIdx=2,changeCycle=0,myNode=ad4f9855...,timecost=0.193
info|2019-12-13 01:01:40.370191|[g:1][CONSENSUS][PBFT]checkAndChangeView: Reach consensus,org_view=1014,org_changeCycle=0,cur_changeCycle=0,to_view=1015
info|2019-12-13 01:01:41.374135|[g:1][CONSENSUS][SEALER]++++++++++++++++ Generating seal on,blkNum=96,tx=0,nodeIdx=2,hash=1a5f27fc...
info|2019-12-13 01:01:41.384578|[g:1][CONSENSUS][PBFT]checkTimeout Succ,view=1015,toView=1016,nodeIdx=2,changeCycle=0,myNode=ad4f9855...,timecost=0.197
info|2019-12-13 01:01:41.387588|[g:1][CONSENSUS][PBFT]checkAndChangeView: Reach consensus,org_view=1015,org_changeCycle=0,cur_changeCycle=0,to_view=1016
info|2019-12-13 01:01:42.387257|[g:1][CONSENSUS]addRawPrepare,height=96,reqIdx=3,hash=c07d31b5...
info|2019-12-13 01:01:42.391231|[g:1][CONSENSUS][PBFT]checkTimeout Succ,view=1016,toView=1017,nodeIdx=2,changeCycle=0,myNode=ad4f9855...,timecost=3.921
info|2019-12-13 01:01:42.392911|[g:1][CONSENSUS][PBFT]checkAndChangeView: Reach consensus,org_view=1016,org_changeCycle=0,cur_changeCycle=0,to_view=1017
info|2019-12-13 01:01:43.397044|[g:1][CONSENSUS]addRawPrepare,height=96,reqIdx=0,hash=146e986c...
info|2019-12-13 01:01:43.397272|[g:1][CONSENSUS][PBFT]checkTimeout Succ,view=1017,toView=1018,nodeIdx=2,changeCycle=0,myNode=ad4f9855...,timecost=0.205
info|2019-12-13 01:01:43.401195|[g:1][CONSENSUS][PBFT]checkAndChangeView: Reach consensus,org_view=1017,org_changeCycle=0,cur_changeCycle=0,to_view=1018
info|2019-12-13 01:01:44.404599|[g:1][CONSENSUS]addRawPrepare,height=96,reqIdx=1,hash=41e3fcc4...
info|2019-12-13 01:01:44.404884|[g:1][CONSENSUS][PBFT]checkTimeout Succ,view=1018,toView=1019,nodeIdx=2,changeCycle=0,myNode=ad4f9855...,timecost=0.262
info|2019-12-13 01:01:44.411228|[g:1][CONSENSUS][PBFT]checkAndChangeView: Reach consensus,org_view=1018,org_changeCycle=0,cur_changeCycle=0,to_view=1019
info|2019-12-13 01:01:45.411281|[g:1][CONSENSUS][SEALER]++++++++++++++++ Generating seal on,blkNum=96,tx=0,nodeIdx=2,hash=c9025c2a...
info|2019-12-13 01:01:45.423276|[g:1][CONSENSUS][PBFT]checkTimeout Succ,view=1019,toView=1020,nodeIdx=2,changeCycle=0,myNode=ad4f9855...,timecost=0.209
info|2019-12-13 01:01:45.424243|[g:1][CONSENSUS][PBFT]checkAndChangeView: Reach consensus,org_view=1019,org_changeCycle=0,cur_changeCycle=0,to_view=1020
info|2019-12-13 01:01:46.420499|[g:1][CONSENSUS]addRawPrepare,height=96,reqIdx=3,hash=b06094fa...
info|2019-12-13 01:01:46.420715|[g:1][CONSENSUS][PBFT]checkTimeout Succ,view=1020,toView=1021,nodeIdx=2,changeCycle=0,myNode=ad4f9855...,timecost=0.194
info|2019-12-13 01:01:46.421920|[g:1][CONSENSUS][PBFT]checkAndChangeView: Reach consensus,org_view=1020,org_changeCycle=0,cur_changeCycle=0,to_view=1021
info|2019-12-13 01:01:47.431485|[g:1][CONSENSUS]addRawPrepare,height=96,reqIdx=0,hash=0426beff...
info|2019-12-13 01:01:47.431733|[g:1][CONSENSUS][PBFT]checkTimeout Succ,view=1021,toView=1022,nodeIdx=2,changeCycle=0,myNode=ad4f9855...,timecost=0.219
info|2019-12-13 01:01:47.438104|[g:1][CONSENSUS][PBFT]checkAndChangeView: Reach consensus,org_view=1021,org_changeCycle=0,cur_changeCycle=0,to_view=1022
info|2019-12-13 01:01:48.446772|[g:1][CONSENSUS]addRawPrepare,height=96,reqIdx=1,hash=6ea18d45...
info|2019-12-13 01:01:48.451384|[g:1][CONSENSUS][PBFT]checkTimeout Succ,view=1022,toView=1023,nodeIdx=2,changeCycle=0,myNode=ad4f9855...,timecost=4.52
info|2019-12-13 01:01:48.454373|[g:1][CONSENSUS][PBFT]checkAndChangeView: Reach consensus,org_view=1022,org_changeCycle=0,cur_changeCycle=0,to_view=1023
info|2019-12-13 01:01:49.357051|[P2P][Service] heartBeat,connected count=3
info|2019-12-13 01:01:49.455707|[g:1][CONSENSUS][SEALER]++++++++++++++++ Generating seal on,blkNum=96,tx=0,nodeIdx=2,hash=b582c678...
info|2019-12-13 01:01:49.466192|[g:1][CONSENSUS][PBFT]checkTimeout Succ,view=1023,toView=1024,nodeIdx=2,changeCycle=0,myNode=ad4f9855...,timecost=0.204
info|2019-12-13 01:01:49.467216|[g:1][CONSENSUS][PBFT]checkAndChangeView: Reach consensus,org_view=1023,org_changeCycle=0,cur_changeCycle=0,to_view=1024
info|2019-12-13 01:01:50.466683|[g:1][CONSENSUS]addRawPrepare,height=96,reqIdx=3,hash=f4a826b0...
info|2019-12-13 01:01:50.466898|[g:1][CONSENSUS][PBFT]checkTimeout Succ,view=1024,toView=1025,nodeIdx=2,changeCycle=0,myNode=ad4f9855...,timecost=0.193
info|2019-12-13 01:01:50.475600|[g:1][CONSENSUS][PBFT]checkAndChangeView: Reach consensus,org_view=1024,org_changeCycle=0,cur_changeCycle=0,to_view=1025
info|2019-12-13 01:01:51.470999|[g:1][CONSENSUS]addRawPrepare,height=96,reqIdx=0,hash=c951c609...
info|2019-12-13 01:01:51.471216|[g:1][CONSENSUS][PBFT]checkTimeout Succ,view=1025,toView=1026,nodeIdx=2,changeCycle=0,myNode=ad4f9855...,timecost=0.194
info|2019-12-13 01:01:51.472276|[g:1][CONSENSUS][PBFT]checkAndChangeView: Reach consensus,org_view=1025,org_changeCycle=0,cur_changeCycle=0,to_view=1026
info|2019-12-13 01:01:52.480492|[g:1][CONSENSUS]addRawPrepare,height=96,reqIdx=1,hash=5097692f...
info|2019-12-13 01:01:52.480955|[g:1][CONSENSUS][PBFT]checkTimeout Succ,view=1026,toView=1027,nodeIdx=2,changeCycle=0,myNode=ad4f9855...,timecost=0.392
info|2019-12-13 01:01:52.486942|[g:1][CONSENSUS][PBFT]checkAndChangeView: Reach consensus,org_view=1026,org_changeCycle=0,cur_changeCycle=0,to_view=1027
info|2019-12-13 01:01:53.492224|[g:1][CONSENSUS][SEALER]++++++++++++++++ Generating seal on,blkNum=96,tx=0,nodeIdx=2,hash=b757f8b4...
info|2019-12-13 01:01:53.505137|[g:1][CONSENSUS][PBFT]checkTimeout Succ,view=1027,toView=1028,nodeIdx=2,changeCycle=0,myNode=ad4f9855...,timecost=0.25
info|2019-12-13 01:01:53.506224|[g:1][CONSENSUS][PBFT]checkAndChangeView: Reach consensus,org_view=1027,org_changeCycle=0,cur_changeCycle=0,to_view=1028
info|2019-12-13 01:01:54.504388|[g:1][CONSENSUS]addRawPrepare,height=96,reqIdx=3,hash=1d12a2f2...
info|2019-12-13 01:01:54.504616|[g:1][CONSENSUS][PBFT]checkTimeout Succ,view=1028,toView=1029,nodeIdx=2,changeCycle=0,myNode=ad4f9855...,timecost=0.204
info|2019-12-13 01:01:54.505740|[g:1][CONSENSUS][PBFT]checkAndChangeView: Reach consensus,org_view=1028,org_changeCycle=0,cur_changeCycle=0,to_view=1029
info|2019-12-13 01:01:55.514041|[g:1][CONSENSUS]addRawPrepare,height=96,reqIdx=0,hash=3e9d66b6...
info|2019-12-13 01:01:55.515724|[g:1][CONSENSUS][PBFT]checkTimeout Succ,view=1029,toView=1030,nodeIdx=2,changeCycle=0,myNode=ad4f9855...,timecost=1.662
info|2019-12-13 01:01:55.521616|[g:1][CONSENSUS][PBFT]checkAndChangeView: Reach consensus,org_view=1029,org_changeCycle=0,cur_changeCycle=0,to_view=1030
info|2019-12-13 01:01:56.523631|[g:1][CONSENSUS]addRawPrepare,height=96,reqIdx=1,hash=9cc8fea8...
info|2019-12-13 01:01:56.523944|[g:1][CONSENSUS][PBFT]checkTimeout Succ,view=1030,toView=1031,nodeIdx=2,changeCycle=0,myNode=ad4f9855...,timecost=0.28
info|2019-12-13 01:01:56.529270|[g:1][CONSENSUS][PBFT]checkAndChangeView: Reach consensus,org_view=1030,org_changeCycle=0,cur_changeCycle=0,to_view=1031
info|2019-12-13 01:01:57.529886|[g:1][CONSENSUS][SEALER]++++++++++++++++ Generating seal on,blkNum=96,tx=0,nodeIdx=2,hash=28399f6d...
info|2019-12-13 01:01:57.542197|[g:1][CONSENSUS][PBFT]checkTimeout Succ,view=1031,toView=1032,nodeIdx=2,changeCycle=0,myNode=ad4f9855...,timecost=0.194
info|2019-12-13 01:01:57.543521|[g:1][CONSENSUS][PBFT]checkAndChangeView: Reach consensus,org_view=1031,org_changeCycle=0,cur_changeCycle=0,to_view=1032
info|2019-12-13 01:01:58.544569|[g:1][CONSENSUS]addRawPrepare,height=96,reqIdx=3,hash=2e203c13...
info|2019-12-13 01:01:58.546726|[g:1][CONSENSUS][PBFT]checkTimeout Succ,view=1032,toView=1033,nodeIdx=2,changeCycle=0,myNode=ad4f9855...,timecost=2.134
info|2019-12-13 01:01:58.551718|[g:1][CONSENSUS][PBFT]checkAndChangeView: Reach consensus,org_view=1032,org_changeCycle=0,cur_changeCycle=0,to_view=1033
info|2019-12-13 01:01:59.357824|[P2P][Service] heartBeat,connected count=3
info|2019-12-13 01:01:59.554433|[g:1][CONSENSUS]addRawPrepare,height=96,reqIdx=0,hash=85dd6884...
info|2019-12-13 01:01:59.554647|[g:1][CONSENSUS][PBFT]checkTimeout Succ,view=1033,toView=1034,nodeIdx=2,changeCycle=0,myNode=ad4f9855...,timecost=0.193
info|2019-12-13 01:01:59.560280|[g:1][CONSENSUS][PBFT]checkAndChangeView: Reach consensus,org_view=1033,org_changeCycle=0,cur_changeCycle=0,to_view=1034
info|2019-12-13 01:02:00.563038|[g:1][CONSENSUS]addRawPrepare,height=96,reqIdx=1,hash=9526b5e8...
info|2019-12-13 01:02:00.564915|[g:1][CONSENSUS][PBFT]checkTimeout Succ,view=1034,toView=1035,nodeIdx=2,changeCycle=0,myNode=ad4f9855...,timecost=1.854
info|2019-12-13 01:02:00.565642|[g:1][CONSENSUS][PBFT]checkAndChangeView: Reach consensus,org_view=1034,org_changeCycle=0,cur_changeCycle=0,to_view=1035
info|2019-12-13 01:02:01.565666|[g:1][CONSENSUS][SEALER]++++++++++++++++ Generating seal on,blkNum=96,tx=0,nodeIdx=2,hash=2374b33a...
info|2019-12-13 01:02:01.582682|[g:1][CONSENSUS][PBFT]checkTimeout Succ,view=1035,toView=1036,nodeIdx=2,changeCycle=0,myNode=ad4f9855...,timecost=0.267
info|2019-12-13 01:02:01.588821|[g:1][CONSENSUS][PBFT]checkAndChangeView: Reach consensus,org_view=1035,org_changeCycle=0,cur_changeCycle=0,to_view=1036
info|2019-12-13 01:02:02.584954|[g:1][CONSENSUS]addRawPrepare,height=96,reqIdx=3,hash=2707cdc6...
info|2019-12-13 01:02:02.585168|[g:1][CONSENSUS][PBFT]checkTimeout Succ,view=1036,toView=1037,nodeIdx=2,changeCycle=0,myNode=ad4f9855...,timecost=0.192
info|2019-12-13 01:02:02.586254|[g:1][CONSENSUS][PBFT]checkAndChangeView: Reach consensus,org_view=1036,org_changeCycle=0,cur_changeCycle=0,to_view=1037
info|2019-12-13 01:02:03.594859|[g:1][CONSENSUS]addRawPrepare,height=96,reqIdx=0,hash=a617674c...
info|2019-12-13 01:02:03.596123|[g:1][CONSENSUS][PBFT]checkTimeout Succ,view=1037,toView=1038,nodeIdx=2,changeCycle=0,myNode=ad4f9855...,timecost=1.202
info|2019-12-13 01:02:03.605873|[g:1][CONSENSUS][PBFT]checkAndChangeView: Reach consensus,org_view=1037,org_changeCycle=0,cur_changeCycle=0,to_view=1038
info|2019-12-13 01:02:04.612340|[g:1][CONSENSUS]addRawPrepare,height=96,reqIdx=1,hash=f537192e...
info|2019-12-13 01:02:04.612616|[g:1][CONSENSUS][PBFT]checkTimeout Succ,view=1038,toView=1039,nodeIdx=2,changeCycle=0,myNode=ad4f9855...,timecost=0.254
info|2019-12-13 01:02:04.620267|[g:1][CONSENSUS][PBFT]checkAndChangeView: Reach consensus,org_view=1038,org_changeCycle=0,cur_changeCycle=0,to_view=1039
info|2019-12-13 01:02:05.621007|[g:1][CONSENSUS][SEALER]++++++++++++++++ Generating seal on,blkNum=96,tx=0,nodeIdx=2,hash=4335fe2e...
info|2019-12-13 01:02:05.635042|[g:1][CONSENSUS][PBFT]checkTimeout Succ,view=1039,toView=1040,nodeIdx=2,changeCycle=0,myNode=ad4f9855...,timecost=0.207
info|2019-12-13 01:02:05.635920|[g:1][CONSENSUS][PBFT]checkAndChangeView: Reach consensus,org_view=1039,org_changeCycle=0,cur_changeCycle=0,to_view=1040
info|2019-12-13 01:02:06.631281|[g:1][CONSENSUS]addRawPrepare,height=96,reqIdx=3,hash=ca23f0fe...
info|2019-12-13 01:02:06.631538|[g:1][CONSENSUS][PBFT]checkTimeout Succ,view=1040,toView=1041,nodeIdx=2,changeCycle=0,myNode=ad4f9855...,timecost=0.233
info|2019-12-13 01:02:06.636814|[g:1][CONSENSUS][PBFT]checkAndChangeView: Reach consensus,org_view=1040,org_changeCycle=0,cur_changeCycle=0,to_view=1041
info|2019-12-13 01:02:07.635086|[g:1][CONSENSUS]addRawPrepare,height=96,reqIdx=0,hash=ec83ae6a...
info|2019-12-13 01:02:07.635302|[g:1][CONSENSUS][PBFT]checkTimeout Succ,view=1041,toView=1042,nodeIdx=2,changeCycle=0,myNode=ad4f9855...,timecost=0.194
info|2019-12-13 01:02:07.640649|[g:1][CONSENSUS][PBFT]checkAndChangeView: Reach consensus,org_view=1041,org_changeCycle=0,cur_changeCycle=0,to_view=1042
info|2019-12-13 01:02:08.650528|[g:1][CONSENSUS]addRawPrepare,height=96,reqIdx=1,hash=cd76710e...
info|2019-12-13 01:02:08.650835|[g:1][CONSENSUS][PBFT]checkTimeout Succ,view=1042,toView=1043,nodeIdx=2,changeCycle=0,myNode=ad4f9855...,timecost=0.284
info|2019-12-13 01:02:08.660654|[g:1][CONSENSUS][PBFT]checkAndChangeView: Reach consensus,org_view=1042,org_changeCycle=0,cur_changeCycle=0,to_view=1043
info|2019-12-13 01:02:09.358401|[P2P][Service] heartBeat,connected count=3
info|2019-12-13 01:02:09.661616|[g:1][CONSENSUS][SEALER]++++++++++++++++ Generating seal on,blkNum=96,tx=0,nodeIdx=2,hash=c5b3eccc...
info|2019-12-13 01:02:09.677670|[g:1][CONSENSUS][PBFT]checkTimeout Succ,view=1043,toView=1044,nodeIdx=2,changeCycle=0,myNode=ad4f9855...,timecost=0.301
info|2019-12-13 01:02:09.678818|[g:1][CONSENSUS][PBFT]checkAndChangeView: Reach consensus,org_view=1043,org_changeCycle=0,cur_changeCycle=0,to_view=1044
info|2019-12-13 01:02:10.681552|[g:1][CONSENSUS]addRawPrepare,height=96,reqIdx=3,hash=570fc4d5...
info|2019-12-13 01:02:10.681819|[g:1][CONSENSUS][PBFT]checkTimeout Succ,view=1044,toView=1045,nodeIdx=2,changeCycle=0,myNode=ad4f9855...,timecost=0.243
info|2019-12-13 01:02:10.689250|[g:1][CONSENSUS][PBFT]checkAndChangeView: Reach consensus,org_view=1044,org_changeCycle=0,cur_changeCycle=0,to_view=1045
info|2019-12-13 01:02:11.692304|[g:1][CONSENSUS]addRawPrepare,height=96,reqIdx=0,hash=c77aa2af...
info|2019-12-13 01:02:11.692532|[g:1][CONSENSUS][PBFT]checkTimeout Succ,view=1045,toView=1046,nodeIdx=2,changeCycle=0,myNode=ad4f9855...,timecost=0.204
info|2019-12-13 01:02:11.693749|[g:1][CONSENSUS][PBFT]checkAndChangeView: Reach consensus,org_view=1045,org_changeCycle=0,cur_changeCycle=0,to_view=1046
info|2019-12-13 01:02:12.700005|[g:1][CONSENSUS]addRawPrepare,height=96,reqIdx=1,hash=c7085fc2...
info|2019-12-13 01:02:12.700318|[g:1][CONSENSUS][PBFT]checkTimeout Succ,view=1046,toView=1047,nodeIdx=2,changeCycle=0,myNode=ad4f9855...,timecost=0.291
info|2019-12-13 01:02:12.707882|[g:1][CONSENSUS][PBFT]checkAndChangeView: Reach consensus,org_view=1046,org_changeCycle=0,cur_changeCycle=0,to_view=1047
info|2019-12-13 01:02:13.709518|[g:1][CONSENSUS][SEALER]++++++++++++++++ Generating seal on,blkNum=96,tx=0,nodeIdx=2,hash=1e6b4cf4...
info|2019-12-13 01:02:13.723665|[g:1][CONSENSUS][PBFT]checkTimeout Succ,view=1047,toView=1048,nodeIdx=2,changeCycle=0,myNode=ad4f9855...,timecost=0.212
info|2019-12-13 01:02:13.724664|[g:1][CONSENSUS][PBFT]checkAndChangeView: Reach consensus,org_view=1047,org_changeCycle=0,cur_changeCycle=0,to_view=1048
info|2019-12-13 01:02:14.726027|[g:1][CONSENSUS]addRawPrepare,height=96,reqIdx=3,hash=7663256d...
info|2019-12-13 01:02:14.726255|[g:1][CONSENSUS][PBFT]checkTimeout Succ,view=1048,toView=1049,nodeIdx=2,changeCycle=0,myNode=ad4f9855...,timecost=0.205
info|2019-12-13 01:02:14.727836|[g:1][CONSENSUS][PBFT]checkAndChangeView: Reach consensus,org_view=1048,org_changeCycle=0,cur_changeCycle=0,to_view=1049
info|2019-12-13 01:02:15.734428|[g:1][CONSENSUS]addRawPrepare,height=96,reqIdx=0,hash=7b88bcac...
info|2019-12-13 01:02:15.734674|[g:1][CONSENSUS][PBFT]checkTimeout Succ,view=1049,toView=1050,nodeIdx=2,changeCycle=0,myNode=ad4f9855...,timecost=0.221
info|2019-12-13 01:02:15.740312|[g:1][CONSENSUS][PBFT]checkAndChangeView: Reach consensus,org_view=1049,org_changeCycle=0,cur_changeCycle=0,to_view=1050
info|2019-12-13 01:02:16.742611|[g:1][CONSENSUS]addRawPrepare,height=96,reqIdx=1,hash=2e6a3ed6...
info|2019-12-13 01:02:16.742868|[g:1][CONSENSUS][PBFT]checkTimeout Succ,view=1050,toView=1051,nodeIdx=2,changeCycle=0,myNode=ad4f9855...,timecost=0.235
info|2019-12-13 01:02:16.747595|[g:1][CONSENSUS][PBFT]checkAndChangeView: Reach consensus,org_view=1050,org_changeCycle=0,cur_changeCycle=0,to_view=1051
info|2019-12-13 01:02:17.748322|[g:1][CONSENSUS][SEALER]++++++++++++++++ Generating seal on,blkNum=96,tx=0,nodeIdx=2,hash=5abd5353...
info|2019-12-13 01:02:17.760617|[g:1][CONSENSUS][PBFT]checkTimeout Succ,view=1051,toView=1052,nodeIdx=2,changeCycle=0,myNode=ad4f9855...,timecost=0.197
info|2019-12-13 01:02:17.761628|[g:1][CONSENSUS][PBFT]checkAndChangeView: Reach consensus,org_view=1051,org_changeCycle=0,cur_changeCycle=0,to_view=1052
info|2019-12-13 01:02:18.757154|[g:1][CONSENSUS]addRawPrepare,height=96,reqIdx=3,hash=135c600a...
info|2019-12-13 01:02:18.757485|[g:1][CONSENSUS][PBFT]checkTimeout Succ,view=1052,toView=1053,nodeIdx=2,changeCycle=0,myNode=ad4f9855...,timecost=0.302
info|2019-12-13 01:02:18.766014|[g:1][CONSENSUS][PBFT]checkAndChangeView: Reach consensus,org_view=1052,org_changeCycle=0,cur_changeCycle=0,to_view=1053
info|2019-12-13 01:02:19.358644|[P2P][Service] heartBeat,connected count=3
info|2019-12-13 01:02:19.779629|[g:1][CONSENSUS]addRawPrepare,height=96,reqIdx=0,hash=af306739...
info|2019-12-13 01:02:19.779903|[g:1][CONSENSUS][PBFT]checkTimeout Succ,view=1053,toView=1054,nodeIdx=2,changeCycle=0,myNode=ad4f9855...,timecost=0.198
info|2019-12-13 01:02:19.786193|[g:1][CONSENSUS][PBFT]checkAndChangeView: Reach consensus,org_view=1053,org_changeCycle=0,cur_changeCycle=0,to_view=1054
info|2019-12-13 01:02:20.798795|[g:1][CONSENSUS]addRawPrepare,height=96,reqIdx=1,hash=3ca68ea5...
info|2019-12-13 01:02:20.799022|[g:1][CONSENSUS][PBFT]checkTimeout Succ,view=1054,toView=1055,nodeIdx=2,changeCycle=0,myNode=ad4f9855...,timecost=0.204
info|2019-12-13 01:02:20.801409|[g:1][CONSENSUS][PBFT]checkAndChangeView: Reach consensus,org_view=1054,org_changeCycle=0,cur_changeCycle=0,to_view=1055
info|2019-12-13 01:02:21.805445|[g:1][CONSENSUS][SEALER]++++++++++++++++ Generating seal on,blkNum=96,tx=0,nodeIdx=2,hash=ef0d9642...
info|2019-12-13 01:02:21.821881|[g:1][CONSENSUS][PBFT]checkTimeout Succ,view=1055,toView=1056,nodeIdx=2,changeCycle=0,myNode=ad4f9855...,timecost=0.216
info|2019-12-13 01:02:21.825088|[g:1][CONSENSUS][PBFT]checkAndChangeView: Reach consensus,org_view=1055,org_changeCycle=0,cur_changeCycle=0,to_view=1056
info|2019-12-13 01:02:22.823630|[g:1][CONSENSUS]addRawPrepare,height=96,reqIdx=3,hash=4b02adc9...
info|2019-12-13 01:02:22.823845|[g:1][CONSENSUS][PBFT]checkTimeout Succ,view=1056,toView=1057,nodeIdx=2,changeCycle=0,myNode=ad4f9855...,timecost=0.192
info|2019-12-13 01:02:22.828833|[g:1][CONSENSUS][PBFT]checkAndChangeView: Reach consensus,org_view=1056,org_changeCycle=0,cur_changeCycle=0,to_view=1057
info|2019-12-13 01:02:23.830839|[g:1][CONSENSUS]addRawPrepare,height=96,reqIdx=0,hash=367724cd...
info|2019-12-13 01:02:23.831053|[g:1][CONSENSUS][PBFT]checkTimeout Succ,view=1057,toView=1058,nodeIdx=2,changeCycle=0,myNode=ad4f9855...,timecost=0.193
info|2019-12-13 01:02:23.838756|[g:1][CONSENSUS][PBFT]checkAndChangeView: Reach consensus,org_view=1057,org_changeCycle=0,cur_changeCycle=0,to_view=1058
info|2019-12-13 01:02:24.842583|[g:1][CONSENSUS][PBFT]Trigger fast-viewchange,view=1058,toView=1058,minView=1059,INFO=,reqNum=95,curNum=95,GenIdx=3,Cview=1059,view=1058,fromIdx=3,fromNode=f5b74845...,fromIp=127.0.0.1:30303,hash=ef150529...,nodeIdx=2,myNode=ad4f9855...
info|2019-12-13 01:02:24.842890|[g:1][CONSENSUS][PBFT]checkAndChangeView: Reach consensus,org_view=1058,org_changeCycle=0,cur_changeCycle=0,to_view=1059
info|2019-12-13 01:02:24.842897|[g:1][CONSENSUS][PBFT]checkTimeout Succ,view=1059,toView=1059,nodeIdx=2,changeCycle=0,myNode=ad4f9855...,timecost=0.192
info|2019-12-13 01:02:25.843246|[g:1][CONSENSUS][SEALER]++++++++++++++++ Generating seal on,blkNum=96,tx=0,nodeIdx=2,hash=31389829...
info|2019-12-13 01:02:25.856032|[g:1][CONSENSUS][PBFT]checkTimeout Succ,view=1059,toView=1060,nodeIdx=2,changeCycle=0,myNode=ad4f9855...,timecost=0.21
info|2019-12-13 01:02:25.856913|[g:1][CONSENSUS][PBFT]checkAndChangeView: Reach consensus,org_view=1059,org_changeCycle=0,cur_changeCycle=0,to_view=1060
info|2019-12-13 01:02:26.852701|[g:1][CONSENSUS]addRawPrepare,height=96,reqIdx=3,hash=b5c79820...
info|2019-12-13 01:02:26.852914|[g:1][CONSENSUS][PBFT]checkTimeout Succ,view=1060,toView=1061,nodeIdx=2,changeCycle=0,myNode=ad4f9855...,timecost=0.191
info|2019-12-13 01:02:26.855924|[g:1][CONSENSUS][PBFT]checkAndChangeView: Reach consensus,org_view=1060,org_changeCycle=0,cur_changeCycle=0,to_view=1061
info|2019-12-13 01:02:27.859750|[g:1][CONSENSUS]addRawPrepare,height=96,reqIdx=0,hash=4cd345e2...
info|2019-12-13 01:02:27.859977|[g:1][CONSENSUS][PBFT]checkTimeout Succ,view=1061,toView=1062,nodeIdx=2,changeCycle=0,myNode=ad4f9855...,timecost=0.203
info|2019-12-13 01:02:27.865318|[g:1][CONSENSUS][PBFT]checkAndChangeView: Reach consensus,org_view=1061,org_changeCycle=0,cur_changeCycle=0,to_view=1062
info|2019-12-13 01:02:28.868146|[g:1][CONSENSUS]addRawPrepare,height=96,reqIdx=1,hash=2bb2c4aa...
info|2019-12-13 01:02:28.868361|[g:1][CONSENSUS][PBFT]checkTimeout Succ,view=1062,toView=1063,nodeIdx=2,changeCycle=0,myNode=ad4f9855...,timecost=0.192
info|2019-12-13 01:02:28.869331|[g:1][CONSENSUS][PBFT]checkAndChangeView: Reach consensus,org_view=1062,org_changeCycle=0,cur_changeCycle=0,to_view=1063
info|2019-12-13 01:02:29.359729|[P2P][Service] heartBeat,connected count=3
info|2019-12-13 01:02:29.869151|[g:1][CONSENSUS][SEALER]++++++++++++++++ Generating seal on,blkNum=96,tx=0,nodeIdx=2,hash=335193b1...
info|2019-12-13 01:02:29.877542|[g:1][CONSENSUS][PBFT]checkTimeout Succ,view=1063,toView=1064,nodeIdx=2,changeCycle=0,myNode=ad4f9855...,timecost=0.192
info|2019-12-13 01:02:29.881466|[g:1][CONSENSUS][PBFT]checkAndChangeView: Reach consensus,org_view=1063,org_changeCycle=0,cur_changeCycle=0,to_view=1064
info|2019-12-13 01:02:30.879668|[g:1][CONSENSUS]addRawPrepare,height=96,reqIdx=3,hash=7d460a12...
info|2019-12-13 01:02:30.879884|[g:1][CONSENSUS][PBFT]checkTimeout Succ,view=1064,toView=1065,nodeIdx=2,changeCycle=0,myNode=ad4f9855...,timecost=0.193
info|2019-12-13 01:02:30.881119|[g:1][CONSENSUS][PBFT]checkAndChangeView: Reach consensus,org_view=1064,org_changeCycle=0,cur_changeCycle=0,to_view=1065
info|2019-12-13 01:02:31.891066|[g:1][CONSENSUS]addRawPrepare,height=96,reqIdx=0,hash=73dcfe69...
info|2019-12-13 01:02:31.891283|[g:1][CONSENSUS][PBFT]checkTimeout Succ,view=1065,toView=1066,nodeIdx=2,changeCycle=0,myNode=ad4f9855...,timecost=0.194
info|2019-12-13 01:02:31.892464|[g:1][CONSENSUS][PBFT]checkAndChangeView: Reach consensus,org_view=1065,org_changeCycle=0,cur_changeCycle=0,to_view=1066
info|2019-12-13 01:02:32.901873|[g:1][CONSENSUS]addRawPrepare,height=96,reqIdx=1,hash=bee57022...
info|2019-12-13 01:02:32.902091|[g:1][CONSENSUS][PBFT]checkTimeout Succ,view=1066,toView=1067,nodeIdx=2,changeCycle=0,myNode=ad4f9855...,timecost=0.195
info|2019-12-13 01:02:32.906330|[g:1][CONSENSUS][PBFT]checkAndChangeView: Reach consensus,org_view=1066,org_changeCycle=0,cur_changeCycle=0,to_view=1067
info|2019-12-13 01:02:33.906865|[g:1][CONSENSUS][SEALER]++++++++++++++++ Generating seal on,blkNum=96,tx=0,nodeIdx=2,hash=a0b23250...
info|2019-12-13 01:02:33.920058|[g:1][CONSENSUS][PBFT]checkTimeout Succ,view=1067,toView=1068,nodeIdx=2,changeCycle=0,myNode=ad4f9855...,timecost=0.274
info|2019-12-13 01:02:33.921194|[g:1][CONSENSUS][PBFT]checkAndChangeView: Reach consensus,org_view=1067,org_changeCycle=0,cur_changeCycle=0,to_view=1068
info|2019-12-13 01:02:34.917361|[g:1][CONSENSUS]addRawPrepare,height=96,reqIdx=3,hash=fe7d8b99...
info|2019-12-13 01:02:34.917704|[g:1][CONSENSUS][PBFT]checkTimeout Succ,view=1068,toView=1069,nodeIdx=2,changeCycle=0,myNode=ad4f9855...,timecost=0.306
info|2019-12-13 01:02:34.928784|[g:1][CONSENSUS][PBFT]checkAndChangeView: Reach consensus,org_view=1068,org_changeCycle=0,cur_changeCycle=0,to_view=1069
info|2019-12-13 01:02:35.928909|[g:1][CONSENSUS]addRawPrepare,height=96,reqIdx=0,hash=4cfae29c...
info|2019-12-13 01:02:35.930622|[g:1][CONSENSUS][PBFT]checkTimeout Succ,view=1069,toView=1070,nodeIdx=2,changeCycle=0,myNode=ad4f9855...,timecost=1.692
info|2019-12-13 01:02:35.937309|[g:1][CONSENSUS][PBFT]checkAndChangeView: Reach consensus,org_view=1069,org_changeCycle=0,cur_changeCycle=0,to_view=1070
info|2019-12-13 01:02:36.942942|[g:1][CONSENSUS]addRawPrepare,height=96,reqIdx=1,hash=c7847eb5...
info|2019-12-13 01:02:36.944369|[g:1][CONSENSUS][PBFT]checkTimeout Succ,view=1070,toView=1071,nodeIdx=2,changeCycle=0,myNode=ad4f9855...,timecost=1.381
info|2019-12-13 01:02:36.946108|[g:1][CONSENSUS][PBFT]checkAndChangeView: Reach consensus,org_view=1070,org_changeCycle=0,cur_changeCycle=0,to_view=1071
info|2019-12-13 01:02:37.951502|[g:1][CONSENSUS][SEALER]++++++++++++++++ Generating seal on,blkNum=96,tx=0,nodeIdx=2,hash=611d9176...
info|2019-12-13 01:02:37.968685|[g:1][CONSENSUS][PBFT]checkTimeout Succ,view=1071,toView=1072,nodeIdx=2,changeCycle=0,myNode=ad4f9855...,timecost=0.194
info|2019-12-13 01:02:37.974662|[g:1][CONSENSUS][PBFT]checkAndChangeView: Reach consensus,org_view=1071,org_changeCycle=0,cur_changeCycle=0,to_view=1072
info|2019-12-13 01:02:38.976826|[g:1][CONSENSUS]addRawPrepare,height=96,reqIdx=3,hash=6bee2908...
info|2019-12-13 01:02:38.977539|[g:1][CONSENSUS][PBFT]checkTimeout Succ,view=1072,toView=1073,nodeIdx=2,changeCycle=0,myNode=ad4f9855...,timecost=0.684
info|2019-12-13 01:02:38.984462|[g:1][CONSENSUS][PBFT]checkAndChangeView: Reach consensus,org_view=1072,org_changeCycle=0,cur_changeCycle=0,to_view=1073
info|2019-12-13 01:02:39.360708|[P2P][Service] heartBeat,connected count=3
info|2019-12-13 01:02:39.985395|[g:1][CONSENSUS]addRawPrepare,height=96,reqIdx=0,hash=11160ed1...
info|2019-12-13 01:02:39.985685|[g:1][CONSENSUS][PBFT]checkTimeout Succ,view=1073,toView=1074,nodeIdx=2,changeCycle=0,myNode=ad4f9855...,timecost=0.204
info|2019-12-13 01:02:39.991066|[g:1][CONSENSUS][PBFT]checkAndChangeView: Reach consensus,org_view=1073,org_changeCycle=0,cur_changeCycle=0,to_view=1074
info|2019-12-13 01:02:40.998970|[g:1][CONSENSUS]addRawPrepare,height=96,reqIdx=1,hash=ec567f8e...
info|2019-12-13 01:02:40.999183|[g:1][CONSENSUS][PBFT]checkTimeout Succ,view=1074,toView=1075,nodeIdx=2,changeCycle=0,myNode=ad4f9855...,timecost=0.192
info|2019-12-13 01:02:41.000531|[g:1][CONSENSUS][PBFT]checkAndChangeView: Reach consensus,org_view=1074,org_changeCycle=0,cur_changeCycle=0,to_view=1075
info|2019-12-13 01:02:42.008011|[g:1][CONSENSUS][SEALER]++++++++++++++++ Generating seal on,blkNum=96,tx=0,nodeIdx=2,hash=2cf5b023...
info|2019-12-13 01:02:42.020019|[g:1][CONSENSUS][PBFT]checkTimeout Succ,view=1075,toView=1076,nodeIdx=2,changeCycle=0,myNode=ad4f9855...,timecost=0.332
info|2019-12-13 01:02:42.025073|[g:1][CONSENSUS][PBFT]checkAndChangeView: Reach consensus,org_view=1075,org_changeCycle=0,cur_changeCycle=0,to_view=1076
info|2019-12-13 01:02:43.017586|[g:1][CONSENSUS]addRawPrepare,height=96,reqIdx=3,hash=734a558b...
info|2019-12-13 01:02:43.017815|[g:1][CONSENSUS][PBFT]checkTimeout Succ,view=1076,toView=1077,nodeIdx=2,changeCycle=0,myNode=ad4f9855...,timecost=0.204
info|2019-12-13 01:02:43.021121|[g:1][CONSENSUS][PBFT]checkAndChangeView: Reach consensus,org_view=1076,org_changeCycle=0,cur_changeCycle=0,to_view=1077
info|2019-12-13 01:02:44.030524|[g:1][CONSENSUS]addRawPrepare,height=96,reqIdx=0,hash=15ceae3c...
info|2019-12-13 01:02:44.030756|[g:1][CONSENSUS][PBFT]checkTimeout Succ,view=1077,toView=1078,nodeIdx=2,changeCycle=0,myNode=ad4f9855...,timecost=0.205
info|2019-12-13 01:02:44.037019|[g:1][CONSENSUS][PBFT]checkAndChangeView: Reach consensus,org_view=1077,org_changeCycle=0,cur_changeCycle=0,to_view=1078
info|2019-12-13 01:02:45.039126|[g:1][CONSENSUS]addRawPrepare,height=96,reqIdx=1,hash=20894fb4...
info|2019-12-13 01:02:45.039455|[g:1][CONSENSUS][PBFT]checkTimeout Succ,view=1078,toView=1079,nodeIdx=2,changeCycle=0,myNode=ad4f9855...,timecost=0.306
info|2019-12-13 01:02:45.041397|[g:1][CONSENSUS][PBFT]checkAndChangeView: Reach consensus,org_view=1078,org_changeCycle=0,cur_changeCycle=0,to_view=1079
info|2019-12-13 01:02:46.045622|[g:1][CONSENSUS][SEALER]++++++++++++++++ Generating seal on,blkNum=96,tx=0,nodeIdx=2,hash=5fd8ed03...
info|2019-12-13 01:02:46.063558|[g:1][CONSENSUS][PBFT]checkTimeout Succ,view=1079,toView=1080,nodeIdx=2,changeCycle=0,myNode=ad4f9855...,timecost=0.237
info|2019-12-13 01:02:46.064526|[g:1][CONSENSUS][PBFT]checkAndChangeView: Reach consensus,org_view=1079,org_changeCycle=0,cur_changeCycle=0,to_view=1080
info|2019-12-13 01:02:47.062956|[g:1][CONSENSUS]addRawPrepare,height=96,reqIdx=3,hash=649feac6...
info|2019-12-13 01:02:47.063301|[g:1][CONSENSUS][PBFT]checkTimeout Succ,view=1080,toView=1081,nodeIdx=2,changeCycle=0,myNode=ad4f9855...,timecost=0.311
info|2019-12-13 01:02:47.069202|[g:1][CONSENSUS][PBFT]checkAndChangeView: Reach consensus,org_view=1080,org_changeCycle=0,cur_changeCycle=0,to_view=1081
info|2019-12-13 01:02:48.072090|[g:1][CONSENSUS]addRawPrepare,height=96,reqIdx=0,hash=12cd2eb5...
info|2019-12-13 01:02:48.072324|[g:1][CONSENSUS][PBFT]checkTimeout Succ,view=1081,toView=1082,nodeIdx=2,changeCycle=0,myNode=ad4f9855...,timecost=0.21
info|2019-12-13 01:02:48.073514|[g:1][CONSENSUS][PBFT]checkAndChangeView: Reach consensus,org_view=1081,org_changeCycle=0,cur_changeCycle=0,to_view=1082
info|2019-12-13 01:02:49.081626|[g:1][CONSENSUS]addRawPrepare,height=96,reqIdx=1,hash=4a3e9ac5...
info|2019-12-13 01:02:49.081924|[g:1][CONSENSUS][PBFT]checkTimeout Succ,view=1082,toView=1083,nodeIdx=2,changeCycle=0,myNode=ad4f9855...,timecost=0.276
info|2019-12-13 01:02:49.087785|[g:1][CONSENSUS][PBFT]checkAndChangeView: Reach consensus,org_view=1082,org_changeCycle=0,cur_changeCycle=0,to_view=1083
info|2019-12-13 01:02:49.361060|[P2P][Service] heartBeat,connected count=3
info|2019-12-13 01:02:50.088251|[g:1][CONSENSUS][SEALER]++++++++++++++++ Generating seal on,blkNum=96,tx=0,nodeIdx=2,hash=17843a59...
info|2019-12-13 01:02:50.097680|[g:1][CONSENSUS][PBFT]checkTimeout Succ,view=1083,toView=1084,nodeIdx=2,changeCycle=0,myNode=ad4f9855...,timecost=0.198
info|2019-12-13 01:02:50.101972|[g:1][CONSENSUS][PBFT]checkAndChangeView: Reach consensus,org_view=1083,org_changeCycle=0,cur_changeCycle=0,to_view=1084
info|2019-12-13 01:02:51.099547|[g:1][CONSENSUS]addRawPrepare,height=96,reqIdx=3,hash=688753ad...
info|2019-12-13 01:02:51.099764|[g:1][CONSENSUS][PBFT]checkTimeout Succ,view=1084,toView=1085,nodeIdx=2,changeCycle=0,myNode=ad4f9855...,timecost=0.194
info|2019-12-13 01:02:51.103822|[g:1][CONSENSUS][PBFT]checkAndChangeView: Reach consensus,org_view=1084,org_changeCycle=0,cur_changeCycle=0,to_view=1085
info|2019-12-13 01:02:52.110683|[g:1][CONSENSUS]addRawPrepare,height=96,reqIdx=0,hash=7c2a327d...
info|2019-12-13 01:02:52.111026|[g:1][CONSENSUS][PBFT]checkTimeout Succ,view=1085,toView=1086,nodeIdx=2,changeCycle=0,myNode=ad4f9855...,timecost=0.313
info|2019-12-13 01:02:52.119738|[g:1][CONSENSUS][PBFT]checkAndChangeView: Reach consensus,org_view=1085,org_changeCycle=0,cur_changeCycle=0,to_view=1086
info|2019-12-13 01:02:53.121234|[g:1][CONSENSUS]addRawPrepare,height=96,reqIdx=1,hash=e722182c...
info|2019-12-13 01:02:53.121458|[g:1][CONSENSUS][PBFT]checkTimeout Succ,view=1086,toView=1087,nodeIdx=2,changeCycle=0,myNode=ad4f9855...,timecost=0.255
info|2019-12-13 01:02:53.128722|[g:1][CONSENSUS][PBFT]checkAndChangeView: Reach consensus,org_view=1086,org_changeCycle=0,cur_changeCycle=0,to_view=1087
info|2019-12-13 01:02:54.130871|[g:1][CONSENSUS][SEALER]++++++++++++++++ Generating seal on,blkNum=96,tx=0,nodeIdx=2,hash=ac4e6af8...
info|2019-12-13 01:02:54.139900|[g:1][CONSENSUS][PBFT]checkTimeout Succ,view=1087,toView=1088,nodeIdx=2,changeCycle=0,myNode=ad4f9855...,timecost=0.197
info|2019-12-13 01:02:54.149287|[g:1][CONSENSUS][PBFT]checkAndChangeView: Reach consensus,org_view=1087,org_changeCycle=0,cur_changeCycle=0,to_view=1088
info|2019-12-13 01:02:55.140711|[g:1][CONSENSUS]addRawPrepare,height=96,reqIdx=3,hash=388ddc5e...
info|2019-12-13 01:02:55.140988|[g:1][CONSENSUS][PBFT]checkTimeout Succ,view=1088,toView=1089,nodeIdx=2,changeCycle=0,myNode=ad4f9855...,timecost=0.248
info|2019-12-13 01:02:55.145969|[g:1][CONSENSUS][PBFT]checkAndChangeView: Reach consensus,org_view=1088,org_changeCycle=0,cur_changeCycle=0,to_view=1089
info|2019-12-13 01:02:56.150522|[g:1][CONSENSUS]addRawPrepare,height=96,reqIdx=0,hash=adaf0a01...
info|2019-12-13 01:02:56.150731|[g:1][CONSENSUS][PBFT]checkTimeout Succ,view=1089,toView=1090,nodeIdx=2,changeCycle=0,myNode=ad4f9855...,timecost=0.184
info|2019-12-13 01:02:56.154942|[g:1][CONSENSUS][PBFT]checkAndChangeView: Reach consensus,org_view=1089,org_changeCycle=0,cur_changeCycle=0,to_view=1090
info|2019-12-13 01:02:57.158458|[g:1][CONSENSUS]addRawPrepare,height=96,reqIdx=1,hash=518fba05...
info|2019-12-13 01:02:57.158719|[g:1][CONSENSUS][PBFT]checkTimeout Succ,view=1090,toView=1091,nodeIdx=2,changeCycle=0,myNode=ad4f9855...,timecost=0.233
info|2019-12-13 01:02:57.161055|[g:1][CONSENSUS][PBFT]checkAndChangeView: Reach consensus,org_view=1090,org_changeCycle=0,cur_changeCycle=0,to_view=1091
info|2019-12-13 01:02:58.164147|[g:1][CONSENSUS][SEALER]++++++++++++++++ Generating seal on,blkNum=96,tx=0,nodeIdx=2,hash=618bdfa6...
info|2019-12-13 01:02:58.178285|[g:1][CONSENSUS][PBFT]checkTimeout Succ,view=1091,toView=1092,nodeIdx=2,changeCycle=0,myNode=ad4f9855...,timecost=0.268
info|2019-12-13 01:02:58.181852|[g:1][CONSENSUS][PBFT]checkAndChangeView: Reach consensus,org_view=1091,org_changeCycle=0,cur_changeCycle=0,to_view=1092
info|2019-12-13 01:02:59.179675|[g:1][CONSENSUS]addRawPrepare,height=96,reqIdx=3,hash=e065e22c...
info|2019-12-13 01:02:59.179973|[g:1][CONSENSUS][PBFT]checkTimeout Succ,view=1092,toView=1093,nodeIdx=2,changeCycle=0,myNode=ad4f9855...,timecost=0.274
info|2019-12-13 01:02:59.182065|[g:1][CONSENSUS][PBFT]checkAndChangeView: Reach consensus,org_view=1092,org_changeCycle=0,cur_changeCycle=0,to_view=1093
info|2019-12-13 01:02:59.361473|[P2P][Service] heartBeat,connected count=3
info|2019-12-13 01:03:00.188955|[g:1][CONSENSUS]addRawPrepare,height=96,reqIdx=0,hash=138079a1...
info|2019-12-13 01:03:00.189264|[g:1][CONSENSUS][PBFT]checkTimeout Succ,view=1093,toView=1094,nodeIdx=2,changeCycle=0,myNode=ad4f9855...,timecost=0.282
info|2019-12-13 01:03:00.196652|[g:1][CONSENSUS][PBFT]checkAndChangeView: Reach consensus,org_view=1093,org_changeCycle=0,cur_changeCycle=0,to_view=1094
info|2019-12-13 01:03:01.202825|[g:1][CONSENSUS]addRawPrepare,height=96,reqIdx=1,hash=5dcf3a40...
info|2019-12-13 01:03:01.203053|[g:1][CONSENSUS][PBFT]checkTimeout Succ,view=1094,toView=1095,nodeIdx=2,changeCycle=0,myNode=ad4f9855...,timecost=0.204
info|2019-12-13 01:03:01.206469|[g:1][CONSENSUS][PBFT]checkAndChangeView: Reach consensus,org_view=1094,org_changeCycle=0,cur_changeCycle=0,to_view=1095
info|2019-12-13 01:03:02.211987|[g:1][CONSENSUS][SEALER]++++++++++++++++ Generating seal on,blkNum=96,tx=0,nodeIdx=2,hash=bf454f7e...
info|2019-12-13 01:03:02.230021|[g:1][CONSENSUS][PBFT]checkTimeout Succ,view=1095,toView=1096,nodeIdx=2,changeCycle=0,myNode=ad4f9855...,timecost=0.214
info|2019-12-13 01:03:02.230930|[g:1][CONSENSUS][PBFT]checkAndChangeView: Reach consensus,org_view=1095,org_changeCycle=0,cur_changeCycle=0,to_view=1096
info|2019-12-13 01:03:03.236725|[g:1][CONSENSUS]addRawPrepare,height=96,reqIdx=3,hash=c417e0d2...
info|2019-12-13 01:03:03.237086|[g:1][CONSENSUS][PBFT]checkTimeout Succ,view=1096,toView=1097,nodeIdx=2,changeCycle=0,myNode=ad4f9855...,timecost=0.327
info|2019-12-13 01:03:03.243823|[g:1][CONSENSUS][PBFT]checkAndChangeView: Reach consensus,org_view=1096,org_changeCycle=0,cur_changeCycle=0,to_view=1097
info|2019-12-13 01:03:04.246772|[g:1][CONSENSUS]addRawPrepare,height=96,reqIdx=0,hash=6b0fe86c...
info|2019-12-13 01:03:04.247034|[g:1][CONSENSUS][PBFT]checkTimeout Succ,view=1097,toView=1098,nodeIdx=2,changeCycle=0,myNode=ad4f9855...,timecost=0.214
info|2019-12-13 01:03:04.253643|[g:1][CONSENSUS][PBFT]checkAndChangeView: Reach consensus,org_view=1097,org_changeCycle=0,cur_changeCycle=0,to_view=1098
info|2019-12-13 01:03:05.258033|[g:1][CONSENSUS]addRawPrepare,height=96,reqIdx=1,hash=c40f3686...
info|2019-12-13 01:03:05.258248|[g:1][CONSENSUS][PBFT]checkTimeout Succ,view=1098,toView=1099,nodeIdx=2,changeCycle=0,myNode=ad4f9855...,timecost=0.193
info|2019-12-13 01:03:05.264684|[g:1][CONSENSUS][PBFT]checkAndChangeView: Reach consensus,org_view=1098,org_changeCycle=0,cur_changeCycle=0,to_view=1099
info|2019-12-13 01:03:06.265739|[g:1][CONSENSUS][SEALER]++++++++++++++++ Generating seal on,blkNum=96,tx=0,nodeIdx=2,hash=0c9cdde8...
info|2019-12-13 01:03:06.291416|[g:1][CONSENSUS][PBFT]checkTimeout Succ,view=1099,toView=1100,nodeIdx=2,changeCycle=0,myNode=ad4f9855...,timecost=6.477
info|2019-12-13 01:03:06.292495|[g:1][CONSENSUS][PBFT]checkAndChangeView: Reach consensus,org_view=1099,org_changeCycle=0,cur_changeCycle=0,to_view=1100
info|2019-12-13 01:03:07.276125|[g:1][CONSENSUS]addRawPrepare,height=96,reqIdx=3,hash=3242a69c...
info|2019-12-13 01:03:07.276368|[g:1][CONSENSUS][PBFT]checkTimeout Succ,view=1100,toView=1101,nodeIdx=2,changeCycle=0,myNode=ad4f9855...,timecost=0.21
info|2019-12-13 01:03:07.283384|[g:1][CONSENSUS][PBFT]checkAndChangeView: Reach consensus,org_view=1100,org_changeCycle=0,cur_changeCycle=0,to_view=1101
info|2019-12-13 01:03:08.287154|[g:1][CONSENSUS]addRawPrepare,height=96,reqIdx=0,hash=2da33b76...
info|2019-12-13 01:03:08.287951|[g:1][CONSENSUS][PBFT]checkTimeout Succ,view=1101,toView=1102,nodeIdx=2,changeCycle=0,myNode=ad4f9855...,timecost=0.239
info|2019-12-13 01:03:08.288627|[g:1][CONSENSUS][PBFT]checkAndChangeView: Reach consensus,org_view=1101,org_changeCycle=0,cur_changeCycle=0,to_view=1102
info|2019-12-13 01:03:09.298744|[g:1][CONSENSUS]addRawPrepare,height=96,reqIdx=1,hash=0a14917a...
info|2019-12-13 01:03:09.298972|[g:1][CONSENSUS][PBFT]checkTimeout Succ,view=1102,toView=1103,nodeIdx=2,changeCycle=0,myNode=ad4f9855...,timecost=0.205
info|2019-12-13 01:03:09.300713|[g:1][CONSENSUS][PBFT]checkAndChangeView: Reach consensus,org_view=1102,org_changeCycle=0,cur_changeCycle=0,to_view=1103
info|2019-12-13 01:03:09.361987|[P2P][Service] heartBeat,connected count=3
info|2019-12-13 01:03:10.306779|[g:1][CONSENSUS][SEALER]++++++++++++++++ Generating seal on,blkNum=96,tx=0,nodeIdx=2,hash=1f5c934a...
info|2019-12-13 01:03:10.316775|[g:1][CONSENSUS][PBFT]checkTimeout Succ,view=1103,toView=1104,nodeIdx=2,changeCycle=0,myNode=ad4f9855...,timecost=0.219
info|2019-12-13 01:03:10.320135|[g:1][CONSENSUS][PBFT]checkAndChangeView: Reach consensus,org_view=1103,org_changeCycle=0,cur_changeCycle=0,to_view=1104
info|2019-12-13 01:03:11.318580|[g:1][CONSENSUS]addRawPrepare,height=96,reqIdx=3,hash=fd234371...
info|2019-12-13 01:03:11.318983|[g:1][CONSENSUS][PBFT]checkTimeout Succ,view=1104,toView=1105,nodeIdx=2,changeCycle=0,myNode=ad4f9855...,timecost=0.277
info|2019-12-13 01:03:11.326689|[g:1][CONSENSUS][PBFT]checkAndChangeView: Reach consensus,org_view=1104,org_changeCycle=0,cur_changeCycle=0,to_view=1105
info|2019-12-13 01:03:12.333030|[g:1][CONSENSUS]addRawPrepare,height=96,reqIdx=0,hash=82ecb630...
info|2019-12-13 01:03:12.333475|[g:1][CONSENSUS][PBFT]checkTimeout Succ,view=1105,toView=1106,nodeIdx=2,changeCycle=0,myNode=ad4f9855...,timecost=0.383
info|2019-12-13 01:03:12.342619|[g:1][CONSENSUS][PBFT]checkAndChangeView: Reach consensus,org_view=1105,org_changeCycle=0,cur_changeCycle=0,to_view=1106
info|2019-12-13 01:03:13.349354|[g:1][CONSENSUS]addRawPrepare,height=96,reqIdx=1,hash=570e1600...
info|2019-12-13 01:03:13.349755|[g:1][CONSENSUS][PBFT]checkTimeout Succ,view=1106,toView=1107,nodeIdx=2,changeCycle=0,myNode=ad4f9855...,timecost=0.369
info|2019-12-13 01:03:13.354217|[g:1][CONSENSUS][PBFT]checkAndChangeView: Reach consensus,org_view=1106,org_changeCycle=0,cur_changeCycle=0,to_view=1107
info|2019-12-13 01:03:14.354895|[g:1][CONSENSUS][SEALER]++++++++++++++++ Generating seal on,blkNum=96,tx=0,nodeIdx=2,hash=c2bd79cf...
info|2019-12-13 01:03:14.364235|[g:1][CONSENSUS][PBFT]checkTimeout Succ,view=1107,toView=1108,nodeIdx=2,changeCycle=0,myNode=ad4f9855...,timecost=0.197
info|2019-12-13 01:03:14.367412|[g:1][CONSENSUS][PBFT]checkAndChangeView: Reach consensus,org_view=1107,org_changeCycle=0,cur_changeCycle=0,to_view=1108
info|2019-12-13 01:03:15.365222|[g:1][CONSENSUS]addRawPrepare,height=96,reqIdx=3,hash=ee74f44b...
info|2019-12-13 01:03:15.365445|[g:1][CONSENSUS][PBFT]checkTimeout Succ,view=1108,toView=1109,nodeIdx=2,changeCycle=0,myNode=ad4f9855...,timecost=0.199
info|2019-12-13 01:03:15.372357|[g:1][CONSENSUS][PBFT]checkAndChangeView: Reach consensus,org_view=1108,org_changeCycle=0,cur_changeCycle=0,to_view=1109
info|2019-12-13 01:03:16.375416|[g:1][CONSENSUS]addRawPrepare,height=96,reqIdx=0,hash=6be55d04...
info|2019-12-13 01:03:16.375688|[g:1][CONSENSUS][PBFT]checkTimeout Succ,view=1109,toView=1110,nodeIdx=2,changeCycle=0,myNode=ad4f9855...,timecost=0.24
info|2019-12-13 01:03:16.376261|[g:1][CONSENSUS][PBFT]checkAndChangeView: Reach consensus,org_view=1109,org_changeCycle=0,cur_changeCycle=0,to_view=1110
info|2019-12-13 01:03:17.383193|[g:1][CONSENSUS]addRawPrepare,height=96,reqIdx=1,hash=3c35fc43...
info|2019-12-13 01:03:17.383544|[g:1][CONSENSUS][PBFT]checkTimeout Succ,view=1110,toView=1111,nodeIdx=2,changeCycle=0,myNode=ad4f9855...,timecost=0.296
info|2019-12-13 01:03:17.386460|[g:1][CONSENSUS][PBFT]checkAndChangeView: Reach consensus,org_view=1110,org_changeCycle=0,cur_changeCycle=0,to_view=1111
info|2019-12-13 01:03:18.386444|[g:1][CONSENSUS][SEALER]++++++++++++++++ Generating seal on,blkNum=96,tx=0,nodeIdx=2,hash=8b060c47...
info|2019-12-13 01:03:18.392487|[g:1][CONSENSUS][PBFT]checkTimeout Succ,view=1111,toView=1112,nodeIdx=2,changeCycle=0,myNode=ad4f9855...,timecost=0.193
info|2019-12-13 01:03:18.393427|[g:1][CONSENSUS][PBFT]checkAndChangeView: Reach consensus,org_view=1111,org_changeCycle=0,cur_changeCycle=0,to_view=1112
info|2019-12-13 01:03:19.362834|[P2P][Service] heartBeat,connected count=3
info|2019-12-13 01:03:19.394145|[g:1][CONSENSUS]addRawPrepare,height=96,reqIdx=3,hash=61ed9e13...
info|2019-12-13 01:03:19.394411|[g:1][CONSENSUS][PBFT]checkTimeout Succ,view=1112,toView=1113,nodeIdx=2,changeCycle=0,myNode=ad4f9855...,timecost=0.239
info|2019-12-13 01:03:19.400855|[g:1][CONSENSUS][PBFT]checkAndChangeView: Reach consensus,org_view=1112,org_changeCycle=0,cur_changeCycle=0,to_view=1113
info|2019-12-13 01:03:20.403517|[g:1][CONSENSUS]addRawPrepare,height=96,reqIdx=0,hash=5b8cf93d...
info|2019-12-13 01:03:20.403757|[g:1][CONSENSUS][PBFT]checkTimeout Succ,view=1113,toView=1114,nodeIdx=2,changeCycle=0,myNode=ad4f9855...,timecost=0.212
info|2019-12-13 01:03:20.408127|[g:1][CONSENSUS][PBFT]checkAndChangeView: Reach consensus,org_view=1113,org_changeCycle=0,cur_changeCycle=0,to_view=1114
info|2019-12-13 01:03:21.410356|[g:1][CONSENSUS]addRawPrepare,height=96,reqIdx=1,hash=aa9e6222...
info|2019-12-13 01:03:21.410598|[g:1][CONSENSUS][PBFT]checkTimeout Succ,view=1114,toView=1115,nodeIdx=2,changeCycle=0,myNode=ad4f9855...,timecost=0.213
info|2019-12-13 01:03:21.417730|[g:1][CONSENSUS][PBFT]checkAndChangeView: Reach consensus,org_view=1114,org_changeCycle=0,cur_changeCycle=0,to_view=1115
info|2019-12-13 01:03:22.419804|[g:1][CONSENSUS][SEALER]++++++++++++++++ Generating seal on,blkNum=96,tx=0,nodeIdx=2,hash=ec41325b...
info|2019-12-13 01:03:22.435858|[g:1][CONSENSUS][PBFT]checkTimeout Succ,view=1115,toView=1116,nodeIdx=2,changeCycle=0,myNode=ad4f9855...,timecost=0.246
info|2019-12-13 01:03:22.436862|[g:1][CONSENSUS][PBFT]checkAndChangeView: Reach consensus,org_view=1115,org_changeCycle=0,cur_changeCycle=0,to_view=1116
info|2019-12-13 01:03:23.434372|[g:1][CONSENSUS]addRawPrepare,height=96,reqIdx=3,hash=289a07d7...
info|2019-12-13 01:03:23.434619|[g:1][CONSENSUS][PBFT]checkTimeout Succ,view=1116,toView=1117,nodeIdx=2,changeCycle=0,myNode=ad4f9855...,timecost=0.215
info|2019-12-13 01:03:23.456375|[g:1][CONSENSUS][PBFT]checkAndChangeView: Reach consensus,org_view=1116,org_changeCycle=0,cur_changeCycle=0,to_view=1117
                                                                                                                                                                                                                                                                                                                                                                                                                                                                                                                                                                                                                                                                                                                                                                                                                                                                                                                                                                                                                                                                                                                                                                                                                                                                                                                                                                                                                                                                                                                     