info|2019-12-13 13:58:10.332310|[INITIALIZER][initGlobalConfig],enableCompress=true,compatibilityVersion=2.1.0,versionNumber=33619968,chainId=1
info|2019-12-13 13:58:10.572771|[NETWORK][Host]Connecting to node,endpoint=127.0.0.1:30300
info|2019-12-13 13:58:10.572994|[NETWORK][Host]P2P StartAccept,Host=0.0.0.0:30301
info|2019-12-13 13:58:10.589740|[NETWORK][Host]Connecting to node,endpoint=127.0.0.1:30301
info|2019-12-13 13:58:10.589789|[NETWORK][Host]Connecting to node,endpoint=127.0.0.1:30302
info|2019-12-13 13:58:10.589825|[NETWORK][Host]Connecting to node,endpoint=127.0.0.1:30303
info|2019-12-13 13:58:10.589860|[P2P][Service] heartBeat,connected count=0
info|2019-12-13 13:58:10.590196|[NETWORK][ASIO]asyncResolveConnect,endpoint=127.0.0.1:30300
info|2019-12-13 13:58:10.595224|[NETWORK][ASIO]asyncResolveConnect,endpoint=127.0.0.1:30301
info|2019-12-13 13:58:10.595369|[NETWORK][ASIO]asyncResolveConnect,endpoint=127.0.0.1:30302
info|2019-12-13 13:58:10.595539|[NETWORK][ASIO]asyncResolveConnect,endpoint=127.0.0.1:30303
info|2019-12-13 13:58:10.595812|[NETWORK][Host]P2P Recv Connect, From=127.0.0.1:33148
info|2019-12-13 13:58:10.596500|[NETWORK][Host]P2P StartAccept,Host=0.0.0.0:30301
info|2019-12-13 13:58:10.606697|[CHANNEL]ChannelRPCServer started
info|2019-12-13 13:58:10.606720|[INITIALIZER][RPCInitializer]ChannelRPCHttpServer started.
info|2019-12-13 13:58:10.606738|[LedgerInitializer],groupConfigPath=conf/
info|2019-12-13 13:58:10.609593|[NETWORK][Host]P2P Recv Connect, From=127.0.0.1:33150
info|2019-12-13 13:58:10.617001|[INITIALIZER][initSingleLedger] [GroupId]:  1
info|2019-12-13 13:58:10.617025|[g:1][LEDGER]LedgerConstructor,configPath=conf/group.1.genesis,baseDir=data//group1
info|2019-12-13 13:58:10.617039|[g:1][LEDGER][initGenesisConfig]initConsensusConfig/initDBConfig/initTxConfig,configFile=conf/group.1.genesis
info|2019-12-13 13:58:10.617113|[g:1][LEDGER][initConsensusConfig],it.first=32db7d10e2c7fa645891f0943ad88c87f7d0ec66500b45632d53889d72ca80f2077a9280acde028f225f75af346a3fa4f75e37d8b596c2d5eb444c7bc283f925
info|2019-12-13 13:58:10.617141|[g:1][LEDGER][initConsensusConfig],it.first=ad4f985540e2d00110bed5d7a6899358479cb5ebfbb76f922982409b4ae034e1a01cda3dfc6b3ee06ab79ce0872e984ff5f6198fce193ae5d34bf6f296d557c0
info|2019-12-13 13:58:10.617163|[g:1][LEDGER][initConsensusConfig],it.first=0e7418af9a0d8d96383c85f5ee2759c178fe7d45e524080550f4ff007bcc32c69134008f978c786bf0a674e945fdad26a3722c009f92e3a8b60fc8e4e1f191b1
info|2019-12-13 13:58:10.617184|[g:1][LEDGER][initConsensusConfig],it.first=f5b748459b521e61d71a97b70aebee76ef7d18e0f9ef1d603023bcd6e7d6f8c37aaadd04f5c89fc44bef3cb6b220ec05018e2a6f8c2b69fe09026059c8371976
info|2019-12-13 13:58:10.617220|[g:1][LEDGER][initIniConfig]initTxPoolConfig/initSyncConfig/initTxExecuteConfig,configFile=conf/group.1.ini
info|2019-12-13 13:58:10.621860|[NETWORK][Host]P2P StartAccept,Host=0.0.0.0:30301
info|2019-12-13 13:58:10.622073|[NETWORK][Host]P2P Recv Connect, From=127.0.0.1:33152
info|2019-12-13 13:58:10.622113|[NETWORK][Host]P2P StartAccept,Host=0.0.0.0:30301
info|2019-12-13 13:58:10.629960|[g:1][LEDGER][initLedger][DBInitializer]
info|2019-12-13 13:58:10.629971|[g:1][DBINITIALIZER] [initRocksDBStorage]
info|2019-12-13 13:58:10.635937|[NETWORK][Host]P2P Recv Connect, From=127.0.0.1:33154
info|2019-12-13 13:58:10.637989|[NETWORK][Host]P2P StartAccept,Host=0.0.0.0:30301
info|2019-12-13 13:58:10.669720|[g:1][ROCKSDB]open rocksDB handler
info|2019-12-13 13:58:10.743245|[NETWORK][Host]startPeerSession, From=127.0.0.1:33148,nodeID=0e7418af...
info|2019-12-13 13:58:10.743290|[NETWORK][Host]startPeerSession, From=127.0.0.1:33150,nodeID=ad4f9855...
info|2019-12-13 13:58:10.750117|[P2P][Service] Connection established,nodeID=0e7418af...,endpoint=127.0.0.1:33148
info|2019-12-13 13:58:10.759336|[NETWORK][Host]startPeerSession, From=127.0.0.1:30301,nodeID=ad4f9855...
info|2019-12-13 13:58:10.777710|[P2P][Service] Connection established,nodeID=f5b74845...,endpoint=127.0.0.1:33152
info|2019-12-13 13:58:10.777899|[NETWORK][Host]startPeerSession, From=127.0.0.1:33152,nodeID=f5b74845...
info|2019-12-13 13:58:10.777966|[P2P][Service] Connection established,nodeID=32db7d10...,endpoint=127.0.0.1:33154
info|2019-12-13 13:58:10.777993|[NETWORK][Host]startPeerSession, From=127.0.0.1:33154,nodeID=32db7d10...
info|2019-12-13 13:58:10.778107|[NETWORK][Host]startPeerSession, From=127.0.0.1:30303,nodeID=f5b74845...
info|2019-12-13 13:58:10.778406|[NETWORK][Host]startPeerSession, From=127.0.0.1:30300,nodeID=32db7d10...
warning|2019-12-13 13:58:10.778574|[NETWORK][Session]doRead error,endpoint=127.0.0.1:33152,message=stream truncated
info|2019-12-13 13:58:10.778644|[NETWORK][Session]drop, call and erase all callbackFunc in this session!,endpoint=127.0.0.1:33152
warning|2019-12-13 13:58:10.778664|[P2P][Service] disconnect error P2PSession,nodeID=f5b74845...,endpoint=127.0.0.1:33152,errorCode=3,what=Disconnect
warning|2019-12-13 13:58:10.778674|[P2P][Service] onDisconnect,errorCode=3,what=Dynamic exception type: dev::network::NetworkException
std::exception::what: Disconnect

warning|2019-12-13 13:58:10.778699|[NETWORK][Session][drop] closing remote 0.0.0.0:0,reason=Low-level TCP communication error.,endpoint=127.0.0.1:33152
warning|2019-12-13 13:58:10.778735|[NETWORK][Session][drop] shutdown failed ,errorValue=9,message=Bad file descriptor
warning|2019-12-13 13:58:10.781766|[NETWORK][Session]doRead error,endpoint=127.0.0.1:33154,message=stream truncated
info|2019-12-13 13:58:10.781784|[NETWORK][Session]drop, call and erase all callbackFunc in this session!,endpoint=127.0.0.1:33154
warning|2019-12-13 13:58:10.781803|[P2P][Service] disconnect error P2PSession,nodeID=32db7d10...,endpoint=127.0.0.1:33154,errorCode=3,what=Disconnect
warning|2019-12-13 13:58:10.781815|[P2P][Service] onDisconnect,errorCode=3,what=Dynamic exception type: dev::network::NetworkException
std::exception::what: Disconnect

warning|2019-12-13 13:58:10.781839|[NETWORK][Session][drop] closing remote 127.0.0.1:33154,reason=Low-level TCP communication error.,endpoint=127.0.0.1:33154
warning|2019-12-13 13:58:10.781880|[NETWORK][Session][drop] shutdown failed ,errorValue=9,message=Bad file descriptor
info|2019-12-13 13:58:10.788186|[NETWORK][Host]startPeerSession, From=127.0.0.1:30302,nodeID=0e7418af...
info|2019-12-13 13:58:10.960377|[g:1][g:0][STORAGE][CachedStorage]Init flushStorage thread
info|2019-12-13 13:58:10.993920|[g:1][BLOCKCHAIN][#checkAndBuildGenesisBlock]Already have the 0th block, 0th groupMark is equal to file groupMark.
info|2019-12-13 13:58:11.033989|[g:1][CONSENSUS][PBFT]Register handler for PBFTEngine
info|2019-12-13 13:58:11.042023|[g:1][CONSENSUS][PBFT],minBlockGenerationTime=500
info|2019-12-13 13:58:11.042061|[LedgerInitializer init group succ],groupID=1
info|2019-12-13 13:58:11.042380|[INITIALIZER][RPCInitializer]JsonrpcHttpServer started.
info|2019-12-13 13:58:11.042388|[g:1][LEDGER]startAll...
info|2019-12-13 13:58:11.048395|[g:1][CONSENSUS][PBFT]^^^^^^^^Report,num=109,sealerIdx=1,hash=017bec1b...,next=110,tx=1,nodeIdx=2
info|2019-12-13 13:58:11.190380|[g:1][CONSENSUS][PBFT][PBFT init env successfully]
info|2019-12-13 13:58:11.190390|[g:1][CONSENSUS][ConsensusEngine][Start ConsensusEngineBase]
info|2019-12-13 13:58:11.190744|[g:1][CONSENSUS][PBFT][Start PBFTEngine...]
info|2019-12-13 13:58:11.190752|[g:1][CONSENSUS][SEALER][Start sealer module]
info|2019-12-13 13:58:11.191680|[g:1][EVENT][EventLogFilterManager]start,m_maxBlockRange=0,m_maxBlockPerLoopFilter=3
info|2019-12-13 13:58:12.192616|[g:1][CONSENSUS]addRawPrepare,height=110,reqIdx=1,hash=918ff0fd...
info|2019-12-13 13:58:12.192935|[g:1][CONSENSUS][PBFT]checkTimeout Succ,view=0,toView=1,nodeIdx=2,changeCycle=0,myNode=ad4f9855...,timecost=0.226
info|2019-12-13 13:58:12.195157|[g:1][CONSENSUS][PBFT]checkAndChangeView: Reach consensus,org_view=0,org_changeCycle=0,cur_changeCycle=0,to_view=1
info|2019-12-13 13:58:13.195988|[g:1][CONSENSUS][SEALER]++++++++++++++++ Generating seal on,blkNum=110,tx=0,nodeIdx=2,hash=b671c319...
info|2019-12-13 13:58:13.200976|[g:1][CONSENSUS][PBFT]checkTimeout Succ,view=1,toView=2,nodeIdx=2,changeCycle=0,myNode=ad4f9855...,timecost=0.165
info|2019-12-13 13:58:13.201704|[g:1][CONSENSUS][PBFT]checkAndChangeView: Reach consensus,org_view=1,org_changeCycle=0,cur_changeCycle=0,to_view=2
info|2019-12-13 13:58:14.201001|[g:1][CONSENSUS]addRawPrepare,height=110,reqIdx=3,hash=756c49d6...
info|2019-12-13 13:58:14.201188|[g:1][CONSENSUS][PBFT]checkTimeout Succ,view=2,toView=3,nodeIdx=2,changeCycle=0,myNode=ad4f9855...,timecost=0.164
info|2019-12-13 13:58:14.243997|[g:1][CONSENSUS][PBFT]checkAndChangeView: Reach consensus,org_view=2,org_changeCycle=0,cur_changeCycle=0,to_view=3
info|2019-12-13 13:58:15.205192|[g:1][CONSENSUS]addRawPrepare,height=110,reqIdx=0,hash=5af53ff2...
info|2019-12-13 13:58:15.205408|[g:1][CONSENSUS][PBFT]checkTimeout Succ,view=3,toView=4,nodeIdx=2,changeCycle=0,myNode=ad4f9855...,timecost=0.181
info|2019-12-13 13:58:15.247608|[g:1][CONSENSUS][PBFT]checkAndChangeView: Reach consensus,org_view=3,org_changeCycle=0,cur_changeCycle=0,to_view=4
info|2019-12-13 13:58:16.250424|[g:1][CONSENSUS]addRawPrepare,height=110,reqIdx=1,hash=571286eb...
info|2019-12-13 13:58:16.250784|[g:1][CONSENSUS][PBFT]checkTimeout Succ,view=4,toView=5,nodeIdx=2,changeCycle=0,myNode=ad4f9855...,timecost=0.337
info|2019-12-13 13:58:16.292067|[g:1][CONSENSUS][PBFT]checkAndChangeView: Reach consensus,org_view=4,org_changeCycle=0,cur_changeCycle=0,to_view=5
info|2019-12-13 13:58:17.292918|[g:1][CONSENSUS][SEALER]++++++++++++++++ Generating seal on,blkNum=110,tx=0,nodeIdx=2,hash=86add95a...
info|2019-12-13 13:58:17.297604|[g:1][CONSENSUS][PBFT]checkTimeout Succ,view=5,toView=6,nodeIdx=2,changeCycle=0,myNode=ad4f9855...,timecost=0.266
info|2019-12-13 13:58:17.298441|[g:1][CONSENSUS][PBFT]checkAndChangeView: Reach consensus,org_view=5,org_changeCycle=0,cur_changeCycle=0,to_view=6
info|2019-12-13 13:58:18.300543|[g:1][CONSENSUS]addRawPrepare,height=110,reqIdx=3,hash=cb962c26...
info|2019-12-13 13:58:18.300728|[g:1][CONSENSUS][PBFT]checkTimeout Succ,view=6,toView=7,nodeIdx=2,changeCycle=0,myNode=ad4f9855...,timecost=0.165
info|2019-12-13 13:58:18.344215|[g:1][CONSENSUS][PBFT]checkAndChangeView: Reach consensus,org_view=6,org_changeCycle=0,cur_changeCycle=0,to_view=7
info|2019-12-13 13:58:19.305803|[g:1][CONSENSUS]addRawPrepare,height=110,reqIdx=0,hash=99498b53...
info|2019-12-13 13:58:19.306109|[g:1][CONSENSUS][PBFT]checkTimeout Succ,view=7,toView=8,nodeIdx=2,changeCycle=0,myNode=ad4f9855...,timecost=0.268
info|2019-12-13 13:58:19.348506|[g:1][CONSENSUS][PBFT]checkAndChangeView: Reach consensus,org_view=7,org_changeCycle=0,cur_changeCycle=0,to_view=8
info|2019-12-13 13:58:20.350594|[g:1][CONSENSUS]addRawPrepare,height=110,reqIdx=1,hash=e0e996fa...
info|2019-12-13 13:58:20.350775|[g:1][CONSENSUS][PBFT]checkTimeout Succ,view=8,toView=9,nodeIdx=2,changeCycle=0,myNode=ad4f9855...,timecost=0.161
info|2019-12-13 13:58:20.352712|[g:1][CONSENSUS][PBFT]checkAndChangeView: Reach consensus,org_view=8,org_changeCycle=0,cur_changeCycle=0,to_view=9
info|2019-12-13 13:58:20.591942|[NETWORK][Host]P2P Recv Connect, From=127.0.0.1:33174
info|2019-12-13 13:58:20.591974|[NETWORK][Host]P2P StartAccept,Host=0.0.0.0:30301
info|2019-12-13 13:58:20.591999|[NETWORK][Host]Connecting to node,endpoint=127.0.0.1:30300
info|2019-12-13 13:58:20.592028|[NETWORK][Host]Connecting to node,endpoint=127.0.0.1:30303
info|2019-12-13 13:58:20.592058|[P2P][Service] heartBeat,connected count=1
info|2019-12-13 13:58:20.594888|[NETWORK][ASIO]asyncResolveConnect,endpoint=127.0.0.1:30300
info|2019-12-13 13:58:20.594932|[NETWORK][ASIO]asyncResolveConnect,endpoint=127.0.0.1:30303
info|2019-12-13 13:58:20.606888|[NETWORK][Host]P2P Recv Connect, From=127.0.0.1:33180
info|2019-12-13 13:58:20.607554|[NETWORK][Host]P2P StartAccept,Host=0.0.0.0:30301
info|2019-12-13 13:58:20.616646|[P2P][Service] Connection established,nodeID=f5b74845...,endpoint=127.0.0.1:33174
info|2019-12-13 13:58:20.619273|[NETWORK][Host]startPeerSession, From=127.0.0.1:33174,nodeID=f5b74845...
info|2019-12-13 13:58:20.619375|[P2P][Service] Connection established,nodeID=32db7d10...,endpoint=127.0.0.1:30300
info|2019-12-13 13:58:20.619396|[NETWORK][Host]startPeerSession, From=127.0.0.1:30300,nodeID=32db7d10...
info|2019-12-13 13:58:20.636170|[NETWORK][Host]startPeerSession, From=127.0.0.1:30303,nodeID=f5b74845...
info|2019-12-13 13:58:20.636287|[NETWORK][Host]startPeerSession, From=127.0.0.1:33180,nodeID=32db7d10...
info|2019-12-13 13:58:21.352954|[g:1][CONSENSUS][SEALER]++++++++++++++++ Generating seal on,blkNum=110,tx=0,nodeIdx=2,hash=b1a236c9...
info|2019-12-13 13:58:21.359084|[g:1][CONSENSUS][PBFT]checkTimeout Succ,view=9,toView=10,nodeIdx=2,changeCycle=0,myNode=ad4f9855...,timecost=0.22
info|2019-12-13 13:58:21.359820|[g:1][CONSENSUS][PBFT]checkAndChangeView: Reach consensus,org_view=9,org_changeCycle=0,cur_changeCycle=0,to_view=10
info|2019-12-13 13:58:22.359816|[g:1][CONSENSUS]addRawPrepare,height=110,reqIdx=3,hash=c26dc5fd...
info|2019-12-13 13:58:22.363219|[g:1][CONSENSUS][PBFT]checkTimeout Succ,view=10,toView=11,nodeIdx=2,changeCycle=0,myNode=ad4f9855...,timecost=0.188
info|2019-12-13 13:58:22.365189|[g:1][CONSENSUS][PBFT]checkAndChangeView: Reach consensus,org_view=10,org_changeCycle=0,cur_changeCycle=0,to_view=11
info|2019-12-13 13:58:23.368163|[g:1][CONSENSUS]addRawPrepare,height=110,reqIdx=0,hash=82b678bc...
info|2019-12-13 13:58:23.368383|[g:1][CONSENSUS][PBFT]checkTimeout Succ,view=11,toView=12,nodeIdx=2,changeCycle=0,myNode=ad4f9855...,timecost=0.199
info|2019-12-13 13:58:23.370607|[g:1][CONSENSUS][PBFT]checkAndChangeView: Reach consensus,org_view=11,org_changeCycle=0,cur_changeCycle=0,to_view=12
info|2019-12-13 13:58:24.372671|[g:1][CONSENSUS]addRawPrepare,height=110,reqIdx=1,hash=c57b9ce1...
info|2019-12-13 13:58:24.373820|[g:1][CONSENSUS][PBFT]checkTimeout Succ,view=12,toView=13,nodeIdx=2,changeCycle=0,myNode=ad4f9855...,timecost=1.129
info|2019-12-13 13:58:24.376124|[g:1][CONSENSUS][PBFT]checkAndChangeView: Reach consensus,org_view=12,org_changeCycle=0,cur_changeCycle=0,to_view=13
info|2019-12-13 13:58:25.376621|[g:1][CONSENSUS][SEALER]++++++++++++++++ Generating seal on,blkNum=110,tx=0,nodeIdx=2,hash=b5157377...
info|2019-12-13 13:58:25.382481|[g:1][CONSENSUS][PBFT]checkTimeout Succ,view=13,toView=14,nodeIdx=2,changeCycle=0,myNode=ad4f9855...,timecost=0.197
info|2019-12-13 13:58:25.384836|[g:1][CONSENSUS][PBFT]checkAndChangeView: Reach consensus,org_view=13,org_changeCycle=0,cur_changeCycle=0,to_view=14
info|2019-12-13 13:58:26.381701|[g:1][CONSENSUS]addRawPrepare,height=110,reqIdx=3,hash=0b110da7...
info|2019-12-13 13:58:26.381968|[g:1][CONSENSUS][PBFT]checkTimeout Succ,view=14,toView=15,nodeIdx=2,changeCycle=0,myNode=ad4f9855...,timecost=0.247
info|2019-12-13 13:58:26.387201|[g:1][CONSENSUS][PBFT]checkAndChangeView: Reach consensus,org_view=14,org_changeCycle=0,cur_changeCycle=0,to_view=15
info|2019-12-13 13:58:27.389226|[g:1][CONSENSUS]addRawPrepare,height=110,reqIdx=0,hash=9007c45d...
info|2019-12-13 13:58:27.389455|[g:1][CONSENSUS][PBFT]checkTimeout Succ,view=15,toView=16,nodeIdx=2,changeCycle=0,myNode=ad4f9855...,timecost=0.189
info|2019-12-13 13:58:27.392013|[g:1][CONSENSUS][PBFT]checkAndChangeView: Reach consensus,org_view=15,org_changeCycle=0,cur_changeCycle=0,to_view=16
info|2019-12-13 13:58:28.395370|[g:1][CONSENSUS]addRawPrepare,height=110,reqIdx=1,hash=962b1eb6...
info|2019-12-13 13:58:28.395588|[g:1][CONSENSUS][PBFT]checkTimeout Succ,view=16,toView=17,nodeIdx=2,changeCycle=0,myNode=ad4f9855...,timecost=0.195
info|2019-12-13 13:58:28.400178|[g:1][CONSENSUS][PBFT]checkAndChangeView: Reach consensus,org_view=16,org_changeCycle=0,cur_changeCycle=0,to_view=17
info|2019-12-13 13:58:29.401460|[g:1][CONSENSUS][SEALER]++++++++++++++++ Generating seal on,blkNum=110,tx=0,nodeIdx=2,hash=7a0198f6...
info|2019-12-13 13:58:29.414729|[g:1][CONSENSUS][PBFT]checkTimeout Succ,view=17,toView=18,nodeIdx=2,changeCycle=0,myNode=ad4f9855...,timecost=0.2
info|2019-12-13 13:58:29.415606|[g:1][CONSENSUS][PBFT]checkAndChangeView: Reach consensus,org_view=17,org_changeCycle=0,cur_changeCycle=0,to_view=18
info|2019-12-13 13:58:30.414742|[g:1][CONSENSUS]addRawPrepare,height=110,reqIdx=3,hash=660209cd...
info|2019-12-13 13:58:30.414962|[g:1][CONSENSUS][PBFT]checkTimeout Succ,view=18,toView=19,nodeIdx=2,changeCycle=0,myNode=ad4f9855...,timecost=0.2
info|2019-12-13 13:58:30.416572|[g:1][CONSENSUS][PBFT]checkAndChangeView: Reach consensus,org_view=18,org_changeCycle=0,cur_changeCycle=0,to_view=19
info|2019-12-13 13:58:30.592103|[P2P][Service] heartBeat,connected count=3
info|2019-12-13 13:58:31.418852|[g:1][CONSENSUS]addRawPrepare,height=110,reqIdx=0,hash=de51d576...
info|2019-12-13 13:58:31.419061|[g:1][CONSENSUS][PBFT]checkTimeout Succ,view=19,toView=20,nodeIdx=2,changeCycle=0,myNode=ad4f9855...,timecost=0.185
info|2019-12-13 13:58:31.421162|[g:1][CONSENSUS][PBFT]checkAndChangeView: Reach consensus,org_view=19,org_changeCycle=0,cur_changeCycle=0,to_view=20
info|2019-12-13 13:58:32.424897|[g:1][CONSENSUS]addRawPrepare,height=110,reqIdx=1,hash=7563322a...
info|2019-12-13 13:58:32.425101|[g:1][CONSENSUS][PBFT]checkTimeout Succ,view=20,toView=21,nodeIdx=2,changeCycle=0,myNode=ad4f9855...,timecost=0.183
info|2019-12-13 13:58:32.426575|[g:1][CONSENSUS][PBFT]checkAndChangeView: Reach consensus,org_view=20,org_changeCycle=0,cur_changeCycle=0,to_view=21
info|2019-12-13 13:58:33.426560|[g:1][CONSENSUS][SEALER]++++++++++++++++ Generating seal on,blkNum=110,tx=0,nodeIdx=2,hash=db36481e...
info|2019-12-13 13:58:33.432455|[g:1][CONSENSUS][PBFT]checkTimeout Succ,view=21,toView=22,nodeIdx=2,changeCycle=0,myNode=ad4f9855...,timecost=0.184
info|2019-12-13 13:58:33.433333|[g:1][CONSENSUS][PBFT]checkAndChangeView: Reach consensus,org_view=21,org_changeCycle=0,cur_changeCycle=0,to_view=22
info|2019-12-13 13:58:34.432566|[g:1][CONSENSUS]addRawPrepare,height=110,reqIdx=3,hash=868bc4a6...
info|2019-12-13 13:58:34.432769|[g:1][CONSENSUS][PBFT]checkTimeout Succ,view=22,toView=23,nodeIdx=2,changeCycle=0,myNode=ad4f9855...,timecost=0.182
info|2019-12-13 13:58:34.434314|[g:1][CONSENSUS][PBFT]checkAndChangeView: Reach consensus,org_view=22,org_changeCycle=0,cur_changeCycle=0,to_view=23
info|2019-12-13 13:58:35.438429|[g:1][CONSENSUS]addRawPrepare,height=110,reqIdx=0,hash=3ac60e8b...
info|2019-12-13 13:58:35.438634|[g:1][CONSENSUS][PBFT]checkTimeout Succ,view=23,toView=24,nodeIdx=2,changeCycle=0,myNode=ad4f9855...,timecost=0.182
info|2019-12-13 13:58:35.440378|[g:1][CONSENSUS][PBFT]checkAndChangeView: Reach consensus,org_view=23,org_changeCycle=0,cur_changeCycle=0,to_view=24
info|2019-12-13 13:58:36.445062|[g:1][CONSENSUS]addRawPrepare,height=110,reqIdx=1,hash=8723b943...
info|2019-12-13 13:58:36.445279|[g:1][CONSENSUS][PBFT]checkTimeout Succ,view=24,toView=25,nodeIdx=2,changeCycle=0,myNode=ad4f9855...,timecost=0.193
info|2019-12-13 13:58:36.492138|[g:1][CONSENSUS][PBFT]checkAndChangeView: Reach consensus,org_view=24,org_changeCycle=0,cur_changeCycle=0,to_view=25
info|2019-12-13 13:58:37.492285|[g:1][CONSENSUS][SEALER]++++++++++++++++ Generating seal on,blkNum=110,tx=0,nodeIdx=2,hash=225d764d...
info|2019-12-13 13:58:37.506853|[g:1][CONSENSUS][PBFT]checkTimeout Succ,view=25,toView=26,nodeIdx=2,changeCycle=0,myNode=ad4f9855...,timecost=0.238
info|2019-12-13 13:58:37.509311|[g:1][CONSENSUS][PBFT]checkAndChangeView: Reach consensus,org_view=25,org_changeCycle=0,cur_changeCycle=0,to_view=26
info|2019-12-13 13:58:38.507702|[g:1][CONSENSUS]addRawPrepare,height=110,reqIdx=3,hash=2cad2a9d...
info|2019-12-13 13:58:38.508005|[g:1][CONSENSUS][PBFT]checkTimeout Succ,view=26,toView=27,nodeIdx=2,changeCycle=0,myNode=ad4f9855...,timecost=0.282
info|2019-12-13 13:58:38.510181|[g:1][CONSENSUS][PBFT]checkAndChangeView: Reach consensus,org_view=26,org_changeCycle=0,cur_changeCycle=0,to_view=27
info|2019-12-13 13:58:39.520424|[g:1][CONSENSUS]addRawPrepare,height=110,reqIdx=0,hash=f7da1de2...
info|2019-12-13 13:58:39.520617|[g:1][CONSENSUS][PBFT]checkTimeout Succ,view=27,toView=28,nodeIdx=2,changeCycle=0,myNode=ad4f9855...,timecost=0.173
info|2019-12-13 13:58:39.524030|[g:1][CONSENSUS][PBFT]checkAndChangeView: Reach consensus,org_view=27,org_changeCycle=0,cur_changeCycle=0,to_view=28
info|2019-12-13 13:58:40.527301|[g:1][CONSENSUS]addRawPrepare,height=110,reqIdx=1,hash=5cc8a385...
info|2019-12-13 13:58:40.528341|[g:1][CONSENSUS][PBFT]checkTimeout Succ,view=28,toView=29,nodeIdx=2,changeCycle=0,myNode=ad4f9855...,timecost=0.2
info|2019-12-13 13:58:40.533075|[g:1][CONSENSUS][PBFT]checkAndChangeView: Reach consensus,org_view=28,org_changeCycle=0,cur_changeCycle=0,to_view=29
info|2019-12-13 13:58:40.592814|[P2P][Service] heartBeat,connected count=3
info|2019-12-13 13:58:41.533324|[g:1][CONSENSUS][SEALER]++++++++++++++++ Generating seal on,blkNum=110,tx=0,nodeIdx=2,hash=987f3ad5...
info|2019-12-13 13:58:41.544274|[g:1][CONSENSUS][PBFT]checkTimeout Succ,view=29,toView=30,nodeIdx=2,changeCycle=0,myNode=ad4f9855...,timecost=0.2
info|2019-12-13 13:58:41.545141|[g:1][CONSENSUS][PBFT]checkAndChangeView: Reach consensus,org_view=29,org_changeCycle=0,cur_changeCycle=0,to_view=30
info|2019-12-13 13:58:42.543108|[g:1][CONSENSUS]addRawPrepare,height=110,reqIdx=3,hash=beacac9e...
info|2019-12-13 13:58:42.543330|[g:1][CONSENSUS][PBFT]checkTimeout Succ,view=30,toView=31,nodeIdx=2,changeCycle=0,myNode=ad4f9855...,timecost=0.201
info|2019-12-13 13:58:42.548549|[g:1][CONSENSUS][PBFT]checkAndChangeView: Reach consensus,org_view=30,org_changeCycle=0,cur_changeCycle=0,to_view=31
info|2019-12-13 13:58:43.551434|[g:1][CONSENSUS]addRawPrepare,height=110,reqIdx=0,hash=fa77c254...
info|2019-12-13 13:58:43.551638|[g:1][CONSENSUS][PBFT]checkTimeout Succ,view=31,toView=32,nodeIdx=2,changeCycle=0,myNode=ad4f9855...,timecost=0.184
info|2019-12-13 13:58:43.555412|[g:1][CONSENSUS][PBFT]checkAndChangeView: Reach consensus,org_view=31,org_changeCycle=0,cur_changeCycle=0,to_view=32
info|2019-12-13 13:58:44.557773|[g:1][CONSENSUS]addRawPrepare,height=110,reqIdx=1,hash=49470d31...
info|2019-12-13 13:58:44.558057|[g:1][CONSENSUS][PBFT]checkTimeout Succ,view=32,toView=33,nodeIdx=2,changeCycle=0,myNode=ad4f9855...,timecost=0.233
info|2019-12-13 13:58:44.563178|[g:1][CONSENSUS][PBFT]checkAndChangeView: Reach consensus,org_view=32,org_changeCycle=0,cur_changeCycle=0,to_view=33
info|2019-12-13 13:58:45.565060|[g:1][CONSENSUS][SEALER]++++++++++++++++ Generating seal on,blkNum=110,tx=0,nodeIdx=2,hash=c5f4f1cf...
info|2019-12-13 13:58:45.574071|[g:1][CONSENSUS][PBFT]checkTimeout Succ,view=33,toView=34,nodeIdx=2,changeCycle=0,myNode=ad4f9855...,timecost=0.295
info|2019-12-13 13:58:45.577548|[g:1][CONSENSUS][PBFT]checkAndChangeView: Reach consensus,org_view=33,org_changeCycle=0,cur_changeCycle=0,to_view=34
info|2019-12-13 13:58:46.574155|[g:1][CONSENSUS]addRawPrepare,height=110,reqIdx=3,hash=ebeb8519...
info|2019-12-13 13:58:46.574503|[g:1][CONSENSUS][PBFT]checkTimeout Succ,view=34,toView=35,nodeIdx=2,changeCycle=0,myNode=ad4f9855...,timecost=0.323
info|2019-12-13 13:58:46.582279|[g:1][CONSENSUS][PBFT]checkAndChangeView: Reach consensus,org_view=34,org_changeCycle=0,cur_changeCycle=0,to_view=35
info|2019-12-13 13:58:47.583384|[g:1][CONSENSUS]addRawPrepare,height=110,reqIdx=0,hash=b63a8a9b...
info|2019-12-13 13:58:47.583596|[g:1][CONSENSUS][PBFT]checkTimeout Succ,view=35,toView=36,nodeIdx=2,changeCycle=0,myNode=ad4f9855...,timecost=0.19
info|2019-12-13 13:58:47.588485|[g:1][CONSENSUS][PBFT]checkAndChangeView: Reach consensus,org_view=35,org_changeCycle=0,cur_changeCycle=0,to_view=36
info|2019-12-13 13:58:48.590351|[g:1][CONSENSUS]addRawPrepare,height=110,reqIdx=1,hash=7e57af02...
info|2019-12-13 13:58:48.590578|[g:1][CONSENSUS][PBFT]checkTimeout Succ,view=36,toView=37,nodeIdx=2,changeCycle=0,myNode=ad4f9855...,timecost=0.201
info|2019-12-13 13:58:48.597589|[g:1][CONSENSUS][PBFT]checkAndChangeView: Reach consensus,org_view=36,org_changeCycle=0,cur_changeCycle=0,to_view=37
info|2019-12-13 13:58:49.599677|[g:1][CONSENSUS][SEALER]++++++++++++++++ Generating seal on,blkNum=110,tx=0,nodeIdx=2,hash=4824f560...
info|2019-12-13 13:58:49.612869|[g:1][CONSENSUS][PBFT]checkTimeout Succ,view=37,toView=38,nodeIdx=2,changeCycle=0,myNode=ad4f9855...,timecost=0.193
info|2019-12-13 13:58:49.613654|[g:1][CONSENSUS][PBFT]checkAndChangeView: Reach consensus,org_view=37,org_changeCycle=0,cur_changeCycle=0,to_view=38
info|2019-12-13 13:58:50.593701|[P2P][Service] heartBeat,connected count=3
info|2019-12-13 13:58:50.607063|[g:1][CONSENSUS]addRawPrepare,height=110,reqIdx=3,hash=583e413e...
info|2019-12-13 13:58:50.607267|[g:1][CONSENSUS][PBFT]checkTimeout Succ,view=38,toView=39,nodeIdx=2,changeCycle=0,myNode=ad4f9855...,timecost=0.183
info|2019-12-13 13:58:50.608981|[g:1][CONSENSUS][PBFT]checkAndChangeView: Reach consensus,org_view=38,org_changeCycle=0,cur_changeCycle=0,to_view=39
info|2019-12-13 13:58:51.619912|[g:1][CONSENSUS]addRawPrepare,height=110,reqIdx=0,hash=dff4e9ad...
info|2019-12-13 13:58:51.620239|[g:1][CONSENSUS][PBFT]checkTimeout Succ,view=39,toView=40,nodeIdx=2,changeCycle=0,myNode=ad4f9855...,timecost=0.188
info|2019-12-13 13:58:51.620506|[g:1][CONSENSUS][PBFT]checkAndChangeView: Reach consensus,org_view=39,org_changeCycle=0,cur_changeCycle=0,to_view=40
info|2019-12-13 13:58:52.633469|[g:1][CONSENSUS]addRawPrepare,height=110,reqIdx=1,hash=246282fd...
info|2019-12-13 13:58:52.633721|[g:1][CONSENSUS][PBFT]checkTimeout Succ,view=40,toView=41,nodeIdx=2,changeCycle=0,myNode=ad4f9855...,timecost=0.226
info|2019-12-13 13:58:52.642870|[g:1][CONSENSUS][PBFT]checkAndChangeView: Reach consensus,org_view=40,org_changeCycle=0,cur_changeCycle=0,to_view=41
info|2019-12-13 13:58:53.642371|[g:1][CONSENSUS][SEALER]++++++++++++++++ Generating seal on,blkNum=110,tx=0,nodeIdx=2,hash=2b08af45...
info|2019-12-13 13:58:53.656229|[g:1][CONSENSUS][PBFT]checkTimeout Succ,view=41,toView=42,nodeIdx=2,changeCycle=0,myNode=ad4f9855...,timecost=0.204
info|2019-12-13 13:58:53.657072|[g:1][CONSENSUS][PBFT]checkAndChangeView: Reach consensus,org_view=41,org_changeCycle=0,cur_changeCycle=0,to_view=42
info|2019-12-13 13:58:54.653630|[g:1][CONSENSUS]addRawPrepare,height=110,reqIdx=3,hash=08c92dd8...
info|2019-12-13 13:58:54.653850|[g:1][CONSENSUS][PBFT]checkTimeout Succ,view=42,toView=43,nodeIdx=2,changeCycle=0,myNode=ad4f9855...,timecost=0.195
info|2019-12-13 13:58:54.655775|[g:1][CONSENSUS][PBFT]checkAndChangeView: Reach consensus,org_view=42,org_changeCycle=0,cur_changeCycle=0,to_view=43
info|2019-12-13 13:58:55.664221|[g:1][CONSENSUS]addRawPrepare,height=110,reqIdx=0,hash=bc2917cd...
info|2019-12-13 13:58:55.664445|[g:1][CONSENSUS][PBFT]checkTimeout Succ,view=43,toView=44,nodeIdx=2,changeCycle=0,myNode=ad4f9855...,timecost=0.198
info|2019-12-13 13:58:55.666292|[g:1][CONSENSUS][PBFT]checkAndChangeView: Reach consensus,org_view=43,org_changeCycle=0,cur_changeCycle=0,to_view=44
info|2019-12-13 13:58:56.676044|[g:1][CONSENSUS]addRawPrepare,height=110,reqIdx=1,hash=cc454be3...
info|2019-12-13 13:58:56.676248|[g:1][CONSENSUS][PBFT]checkTimeout Succ,view=44,toView=45,nodeIdx=2,changeCycle=0,myNode=ad4f9855...,timecost=0.182
info|2019-12-13 13:58:56.680783|[g:1][CONSENSUS][PBFT]checkAndChangeView: Reach consensus,org_view=44,org_changeCycle=0,cur_changeCycle=0,to_view=45
info|2019-12-13 13:58:57.681949|[g:1][CONSENSUS][SEALER]++++++++++++++++ Generating seal on,blkNum=110,tx=0,nodeIdx=2,hash=ddb8750a...
info|2019-12-13 13:58:57.701041|[g:1][CONSENSUS][PBFT]checkTimeout Succ,view=45,toView=46,nodeIdx=2,changeCycle=0,myNode=ad4f9855...,timecost=0.198
info|2019-12-13 13:58:57.703861|[g:1][CONSENSUS][PBFT]checkAndChangeView: Reach consensus,org_view=45,org_changeCycle=0,cur_changeCycle=0,to_view=46
info|2019-12-13 13:58:58.702464|[g:1][CONSENSUS]addRawPrepare,height=110,reqIdx=3,hash=7c92cc31...
info|2019-12-13 13:58:58.702695|[g:1][CONSENSUS][PBFT]checkTimeout Succ,view=46,toView=47,nodeIdx=2,changeCycle=0,myNode=ad4f9855...,timecost=0.202
info|2019-12-13 13:58:58.707569|[g:1][CONSENSUS][PBFT]checkAndChangeView: Reach consensus,org_view=46,org_changeCycle=0,cur_changeCycle=0,to_view=47
info|2019-12-13 13:58:59.710153|[g:1][CONSENSUS]addRawPrepare,height=110,reqIdx=0,hash=4255d77f...
info|2019-12-13 13:58:59.710359|[g:1][CONSENSUS][PBFT]checkTimeout Succ,view=47,toView=48,nodeIdx=2,changeCycle=0,myNode=ad4f9855...,timecost=0.186
info|2019-12-13 13:58:59.714510|[g:1][CONSENSUS][PBFT]checkAndChangeView: Reach consensus,org_view=47,org_changeCycle=0,cur_changeCycle=0,to_view=48
info|2019-12-13 13:59:00.593941|[P2P][Service] heartBeat,connected count=3
info|2019-12-13 13:59:00.717798|[g:1][CONSENSUS]addRawPrepare,height=110,reqIdx=1,hash=7f189bb1...
info|2019-12-13 13:59:00.718043|[g:1][CONSENSUS][PBFT]checkTimeout Succ,view=48,toView=49,nodeIdx=2,changeCycle=0,myNode=ad4f9855...,timecost=0.224
info|2019-12-13 13:59:00.723724|[g:1][CONSENSUS][PBFT]checkAndChangeView: Reach consensus,org_view=48,org_changeCycle=0,cur_changeCycle=0,to_view=49
info|2019-12-13 13:59:01.723888|[g:1][CONSENSUS][SEALER]++++++++++++++++ Generating seal on,blkNum=110,tx=0,nodeIdx=2,hash=a243fe51...
info|2019-12-13 13:59:01.736807|[g:1][CONSENSUS][PBFT]checkTimeout Succ,view=49,toView=50,nodeIdx=2,changeCycle=0,myNode=ad4f9855...,timecost=0.191
info|2019-12-13 13:59:01.737676|[g:1][CONSENSUS][PBFT]checkAndChangeView: Reach consensus,org_view=49,org_changeCycle=0,cur_changeCycle=0,to_view=50
info|2019-12-13 13:59:02.732952|[g:1][CONSENSUS]addRawPrepare,height=110,reqIdx=3,hash=13054a58...
info|2019-12-13 13:59:02.733198|[g:1][CONSENSUS][PBFT]checkTimeout Succ,view=50,toView=51,nodeIdx=2,changeCycle=0,myNode=ad4f9855...,timecost=0.198
info|2019-12-13 13:59:02.734816|[g:1][CONSENSUS][PBFT]checkAndChangeView: Reach consensus,org_view=50,org_changeCycle=0,cur_changeCycle=0,to_view=51
info|2019-12-13 13:59:03.744040|[g:1][CONSENSUS]addRawPrepare,height=110,reqIdx=0,hash=baeed3db...
info|2019-12-13 13:59:03.744243|[g:1][CONSENSUS][PBFT]checkTimeout Succ,view=51,toView=52,nodeIdx=2,changeCycle=0,myNode=ad4f9855...,timecost=0.183
info|2019-12-13 13:59:03.751726|[g:1][CONSENSUS][PBFT]checkAndChangeView: Reach consensus,org_view=51,org_changeCycle=0,cur_changeCycle=0,to_view=52
info|2019-12-13 13:59:04.747618|[g:1][CONSENSUS]addRawPrepare,height=110,reqIdx=1,hash=12c124a3...
info|2019-12-13 13:59:04.747825|[g:1][CONSENSUS][PBFT]checkTimeout Succ,view=52,toView=53,nodeIdx=2,changeCycle=0,myNode=ad4f9855...,timecost=0.185
info|2019-12-13 13:59:04.749339|[g:1][CONSENSUS][PBFT]checkAndChangeView: Reach consensus,org_view=52,org_changeCycle=0,cur_changeCycle=0,to_view=53
info|2019-12-13 13:59:05.751466|[g:1][CONSENSUS][SEALER]++++++++++++++++ Generating seal on,blkNum=110,tx=0,nodeIdx=2,hash=51aaa33e...
info|2019-12-13 13:59:05.763601|[g:1][CONSENSUS][PBFT]checkTimeout Succ,view=53,toView=54,nodeIdx=2,changeCycle=0,myNode=ad4f9855...,timecost=0.192
info|2019-12-13 13:59:05.771149|[g:1][CONSENSUS][PBFT]checkAndChangeView: Reach consensus,org_view=53,org_changeCycle=0,cur_changeCycle=0,to_view=54
info|2019-12-13 13:59:06.757236|[g:1][CONSENSUS]addRawPrepare,height=110,reqIdx=3,hash=fa21292a...
info|2019-12-13 13:59:06.757482|[g:1][CONSENSUS][PBFT]checkTimeout Succ,view=54,toView=55,nodeIdx=2,changeCycle=0,myNode=ad4f9855...,timecost=0.224
info|2019-12-13 13:59:06.770424|[g:1][CONSENSUS][PBFT]checkAndChangeView: Reach consensus,org_view=54,org_changeCycle=0,cur_changeCycle=0,to_view=55
info|2019-12-13 13:59:07.775302|[g:1][CONSENSUS]addRawPrepare,height=110,reqIdx=0,hash=a970762c...
info|2019-12-13 13:59:07.775644|[g:1][CONSENSUS][PBFT]checkTimeout Succ,view=55,toView=56,nodeIdx=2,changeCycle=0,myNode=ad4f9855...,timecost=0.282
info|2019-12-13 13:59:07.780181|[g:1][CONSENSUS][PBFT]checkAndChangeView: Reach consensus,org_view=55,org_changeCycle=0,cur_changeCycle=0,to_view=56
info|2019-12-13 13:59:08.781914|[g:1][CONSENSUS]addRawPrepare,height=110,reqIdx=1,hash=0a0e14f7...
info|2019-12-13 13:59:08.782132|[g:1][CONSENSUS][PBFT]checkTimeout Succ,view=56,toView=57,nodeIdx=2,changeCycle=0,myNode=ad4f9855...,timecost=0.194
info|2019-12-13 13:59:08.788159|[g:1][CONSENSUS][PBFT]checkAndChangeView: Reach consensus,org_view=56,org_changeCycle=0,cur_changeCycle=0,to_view=57
info|2019-12-13 13:59:09.789530|[g:1][CONSENSUS][SEALER]++++++++++++++++ Generating seal on,blkNum=110,tx=0,nodeIdx=2,hash=566c4c3a...
info|2019-12-13 13:59:09.812189|[g:1][CONSENSUS][PBFT]checkTimeout Succ,view=57,toView=58,nodeIdx=2,changeCycle=0,myNode=ad4f9855...,timecost=0.219
info|2019-12-13 13:59:09.813122|[g:1][CONSENSUS][PBFT]checkAndChangeView: Reach consensus,org_view=57,org_changeCycle=0,cur_changeCycle=0,to_view=58
info|2019-12-13 13:59:10.594126|[P2P][Service] heartBeat,connected count=3
info|2019-12-13 13:59:10.813519|[g:1][CONSENSUS]addRawPrepare,height=110,reqIdx=3,hash=42420ba2...
info|2019-12-13 13:59:10.813736|[g:1][CONSENSUS][PBFT]checkTimeout Succ,view=58,toView=59,nodeIdx=2,changeCycle=0,myNode=ad4f9855...,timecost=0.196
info|2019-12-13 13:59:10.818163|[g:1][CONSENSUS][PBFT]checkAndChangeView: Reach consensus,org_view=58,org_changeCycle=0,cur_changeCycle=0,to_view=59
info|2019-12-13 13:59:11.824431|[g:1][CONSENSUS]addRawPrepare,height=110,reqIdx=0,hash=40d95347...
info|2019-12-13 13:59:11.836202|[g:1][CONSENSUS][PBFT]checkTimeout Succ,view=59,toView=60,nodeIdx=2,changeCycle=0,myNode=ad4f9855...,timecost=4.43
info|2019-12-13 13:59:11.836776|[g:1][CONSENSUS][PBFT]checkAndChangeView: Reach consensus,org_view=59,org_changeCycle=0,cur_changeCycle=0,to_view=60
info|2019-12-13 13:59:12.835831|[g:1][CONSENSUS]addRawPrepare,height=110,reqIdx=1,hash=d85f2620...
info|2019-12-13 13:59:12.836032|[g:1][CONSENSUS][PBFT]checkTimeout Succ,view=60,toView=61,nodeIdx=2,changeCycle=0,myNode=ad4f9855...,timecost=0.181
info|2019-12-13 13:59:12.839478|[g:1][CONSENSUS][PBFT]checkAndChangeView: Reach consensus,org_view=60,org_changeCycle=0,cur_changeCycle=0,to_view=61
info|2019-12-13 13:59:13.839178|[g:1][CONSENSUS][SEALER]++++++++++++++++ Generating seal on,blkNum=110,tx=0,nodeIdx=2,hash=a4d55de5...
info|2019-12-13 13:59:13.851843|[g:1][CONSENSUS][PBFT]checkTimeout Succ,view=61,toView=62,nodeIdx=2,changeCycle=0,myNode=ad4f9855...,timecost=0.345
info|2019-12-13 13:59:13.853070|[g:1][CONSENSUS][PBFT]checkAndChangeView: Reach consensus,org_view=61,org_changeCycle=0,cur_changeCycle=0,to_view=62
info|2019-12-13 13:59:14.850493|[g:1][CONSENSUS]addRawPrepare,height=110,reqIdx=3,hash=fb9edb45...
info|2019-12-13 13:59:14.850799|[g:1][CONSENSUS][PBFT]checkTimeout Succ,view=62,toView=63,nodeIdx=2,changeCycle=0,myNode=ad4f9855...,timecost=0.242
info|2019-12-13 13:59:14.855812|[g:1][CONSENSUS][PBFT]checkAndChangeView: Reach consensus,org_view=62,org_changeCycle=0,cur_changeCycle=0,to_view=63
info|2019-12-13 13:59:15.858025|[g:1][CONSENSUS]addRawPrepare,height=110,reqIdx=0,hash=95ffbd59...
info|2019-12-13 13:59:15.858230|[g:1][CONSENSUS][PBFT]checkTimeout Succ,view=63,toView=64,nodeIdx=2,changeCycle=0,myNode=ad4f9855...,timecost=0.185
info|2019-12-13 13:59:15.860184|[g:1][CONSENSUS][PBFT]checkAndChangeView: Reach consensus,org_view=63,org_changeCycle=0,cur_changeCycle=0,to_view=64
info|2019-12-13 13:59:16.870636|[g:1][CONSENSUS]addRawPrepare,height=110,reqIdx=1,hash=aaf35cc1...
info|2019-12-13 13:59:16.870901|[g:1][CONSENSUS][PBFT]checkTimeout Succ,view=64,toView=65,nodeIdx=2,changeCycle=0,myNode=ad4f9855...,timecost=0.245
info|2019-12-13 13:59:16.875905|[g:1][CONSENSUS][PBFT]checkAndChangeView: Reach consensus,org_view=64,org_changeCycle=0,cur_changeCycle=0,to_view=65
info|2019-12-13 13:59:17.876256|[g:1][CONSENSUS][SEALER]++++++++++++++++ Generating seal on,blkNum=110,tx=0,nodeIdx=2,hash=31da74f9...
info|2019-12-13 13:59:17.888007|[g:1][CONSENSUS][PBFT]checkTimeout Succ,view=65,toView=66,nodeIdx=2,changeCycle=0,myNode=ad4f9855...,timecost=0.208
info|2019-12-13 13:59:17.888987|[g:1][CONSENSUS][PBFT]checkAndChangeView: Reach consensus,org_view=65,org_changeCycle=0,cur_changeCycle=0,to_view=66
info|2019-12-13 13:59:18.884438|[g:1][CONSENSUS]addRawPrepare,height=110,reqIdx=3,hash=ba889a75...
info|2019-12-13 13:59:18.884644|[g:1][CONSENSUS][PBFT]checkTimeout Succ,view=66,toView=67,nodeIdx=2,changeCycle=0,myNode=ad4f9855...,timecost=0.185
info|2019-12-13 13:59:18.890553|[g:1][CONSENSUS][PBFT]checkAndChangeView: Reach consensus,org_view=66,org_changeCycle=0,cur_changeCycle=0,to_view=67
info|2019-12-13 13:59:19.896878|[g:1][CONSENSUS]addRawPrepare,height=110,reqIdx=0,hash=c4b49f73...
info|2019-12-13 13:59:19.897073|[g:1][CONSENSUS][PBFT]checkTimeout Succ,view=67,toView=68,nodeIdx=2,changeCycle=0,myNode=ad4f9855...,timecost=0.174
info|2019-12-13 13:59:19.901730|[g:1][CONSENSUS][PBFT]checkAndChangeView: Reach consensus,org_view=67,org_changeCycle=0,cur_changeCycle=0,to_view=68
info|2019-12-13 13:59:20.594783|[P2P][Service] heartBeat,connected count=3
info|2019-12-13 13:59:20.905930|[g:1][CONSENSUS]addRawPrepare,height=110,reqIdx=1,hash=c3866162...
info|2019-12-13 13:59:20.906147|[g:1][CONSENSUS][PBFT]checkTimeout Succ,view=68,toView=69,nodeIdx=2,changeCycle=0,myNode=ad4f9855...,timecost=0.192
info|2019-12-13 13:59:20.910537|[g:1][CONSENSUS][PBFT]checkAndChangeView: Reach consensus,org_view=68,org_changeCycle=0,cur_changeCycle=0,to_view=69
info|2019-12-13 13:59:21.911141|[g:1][CONSENSUS][SEALER]++++++++++++++++ Generating seal on,blkNum=110,tx=0,nodeIdx=2,hash=6d271617...
info|2019-12-13 13:59:21.921326|[g:1][CONSENSUS][PBFT]checkTimeout Succ,view=69,toView=70,nodeIdx=2,changeCycle=0,myNode=ad4f9855...,timecost=0.19
info|2019-12-13 13:59:21.922113|[g:1][CONSENSUS][PBFT]checkAndChangeView: Reach consensus,org_view=69,org_changeCycle=0,cur_changeCycle=0,to_view=70
info|2019-12-13 13:59:22.922322|[g:1][CONSENSUS]addRawPrepare,height=110,reqIdx=3,hash=ddb1e228...
info|2019-12-13 13:59:22.922527|[g:1][CONSENSUS][PBFT]checkTimeout Succ,view=70,toView=71,nodeIdx=2,changeCycle=0,myNode=ad4f9855...,timecost=0.184
info|2019-12-13 13:59:22.924378|[g:1][CONSENSUS][PBFT]checkAndChangeView: Reach consensus,org_view=70,org_changeCycle=0,cur_changeCycle=0,to_view=71
info|2019-12-13 13:59:23.931688|[g:1][CONSENSUS]addRawPrepare,height=110,reqIdx=0,hash=68e41ae5...
info|2019-12-13 13:59:23.931891|[g:1][CONSENSUS][PBFT]checkTimeout Succ,view=71,toView=72,nodeIdx=2,changeCycle=0,myNode=ad4f9855...,timecost=0.183
info|2019-12-13 13:59:23.935707|[g:1][CONSENSUS][PBFT]checkAndChangeView: Reach consensus,org_view=71,org_changeCycle=0,cur_changeCycle=0,to_view=72
info|2019-12-13 13:59:24.939050|[g:1][CONSENSUS]addRawPrepare,height=110,reqIdx=1,hash=27b503b7...
info|2019-12-13 13:59:24.940152|[g:1][CONSENSUS][PBFT]checkTimeout Succ,view=72,toView=73,nodeIdx=2,changeCycle=0,myNode=ad4f9855...,timecost=1.081
info|2019-12-13 13:59:24.940670|[g:1][CONSENSUS][PBFT]checkAndChangeView: Reach consensus,org_view=72,org_changeCycle=0,cur_changeCycle=0,to_view=73
info|2019-12-13 13:59:25.940422|[g:1][CONSENSUS][SEALER]++++++++++++++++ Generating seal on,blkNum=110,tx=0,nodeIdx=2,hash=6a1e73bb...
info|2019-12-13 13:59:25.948281|[g:1][CONSENSUS][PBFT]checkTimeout Succ,view=73,toView=74,nodeIdx=2,changeCycle=0,myNode=ad4f9855...,timecost=0.19
info|2019-12-13 13:59:25.952723|[g:1][CONSENSUS][PBFT]checkAndChangeView: Reach consensus,org_view=73,org_changeCycle=0,cur_changeCycle=0,to_view=74
info|2019-12-13 13:59:26.951971|[g:1][CONSENSUS]addRawPrepare,height=110,reqIdx=3,hash=9eb1be4c...
info|2019-12-13 13:59:26.952199|[g:1][CONSENSUS][PBFT]checkTimeout Succ,view=74,toView=75,nodeIdx=2,changeCycle=0,myNode=ad4f9855...,timecost=0.204
info|2019-12-13 13:59:26.956957|[g:1][CONSENSUS][PBFT]checkAndChangeView: Reach consensus,org_view=74,org_changeCycle=0,cur_changeCycle=0,to_view=75
info|2019-12-13 13:59:27.960488|[g:1][CONSENSUS]addRawPrepare,height=110,reqIdx=0,hash=0df673de...
info|2019-12-13 13:59:27.960691|[g:1][CONSENSUS][PBFT]checkTimeout Succ,view=75,toView=76,nodeIdx=2,changeCycle=0,myNode=ad4f9855...,timecost=0.183
info|2019-12-13 13:59:27.961760|[g:1][CONSENSUS][PBFT]checkAndChangeView: Reach consensus,org_view=75,org_changeCycle=0,cur_changeCycle=0,to_view=76
info|2019-12-13 13:59:28.970208|[g:1][CONSENSUS]addRawPrepare,height=110,reqIdx=1,hash=cd16bd13...
info|2019-12-13 13:59:28.970427|[g:1][CONSENSUS][PBFT]checkTimeout Succ,view=76,toView=77,nodeIdx=2,changeCycle=0,myNode=ad4f9855...,timecost=0.195
info|2019-12-13 13:59:28.972984|[g:1][CONSENSUS][PBFT]checkAndChangeView: Reach consensus,org_view=76,org_changeCycle=0,cur_changeCycle=0,to_view=77
info|2019-12-13 13:59:29.974857|[g:1][CONSENSUS][SEALER]++++++++++++++++ Generating seal on,blkNum=110,tx=0,nodeIdx=2,hash=74a39ea9...
info|2019-12-13 13:59:29.986453|[g:1][CONSENSUS][PBFT]checkTimeout Succ,view=77,toView=78,nodeIdx=2,changeCycle=0,myNode=ad4f9855...,timecost=0.242
info|2019-12-13 13:59:29.987497|[g:1][CONSENSUS][PBFT]checkAndChangeView: Reach consensus,org_view=77,org_changeCycle=0,cur_changeCycle=0,to_view=78
info|2019-12-13 13:59:30.595795|[P2P][Service] heartBeat,connected count=3
info|2019-12-13 13:59:30.986001|[g:1][CONSENSUS]addRawPrepare,height=110,reqIdx=3,hash=442392f2...
info|2019-12-13 13:59:30.986233|[g:1][CONSENSUS][PBFT]checkTimeout Succ,view=78,toView=79,nodeIdx=2,changeCycle=0,myNode=ad4f9855...,timecost=0.186
info|2019-12-13 13:59:30.999573|[g:1][CONSENSUS][PBFT]checkAndChangeView: Reach consensus,org_view=78,org_changeCycle=0,cur_changeCycle=0,to_view=79
info|2019-12-13 13:59:32.010442|[g:1][CONSENSUS]addRawPrepare,height=110,reqIdx=0,hash=37c3d520...
info|2019-12-13 13:59:32.010724|[g:1][CONSENSUS][PBFT]checkTimeout Succ,view=79,toView=80,nodeIdx=2,changeCycle=0,myNode=ad4f9855...,timecost=0.213
info|2019-12-13 13:59:32.011005|[g:1][CONSENSUS][PBFT]checkAndChangeView: Reach consensus,org_view=79,org_changeCycle=0,cur_changeCycle=0,to_view=80
info|2019-12-13 13:59:33.025152|[g:1][CONSENSUS]addRawPrepare,height=110,reqIdx=1,hash=7245e4de...
info|2019-12-13 13:59:33.025412|[g:1][CONSENSUS][PBFT]checkTimeout Succ,view=80,toView=81,nodeIdx=2,changeCycle=0,myNode=ad4f9855...,timecost=0.213
info|2019-12-13 13:59:33.036404|[g:1][CONSENSUS][PBFT]checkAndChangeView: Reach consensus,org_view=80,org_changeCycle=0,cur_changeCycle=0,to_view=81
info|2019-12-13 13:59:34.036177|[g:1][CONSENSUS][SEALER]++++++++++++++++ Generating seal on,blkNum=110,tx=0,nodeIdx=2,hash=093f76f2...
info|2019-12-13 13:59:34.047056|[g:1][CONSENSUS][PBFT]checkTimeout Succ,view=81,toView=82,nodeIdx=2,changeCycle=0,myNode=ad4f9855...,timecost=0.215
info|2019-12-13 13:59:34.048181|[g:1][CONSENSUS][PBFT]checkAndChangeView: Reach consensus,org_view=81,org_changeCycle=0,cur_changeCycle=0,to_view=82
info|2019-12-13 13:59:35.044795|[g:1][CONSENSUS]addRawPrepare,height=110,reqIdx=3,hash=bc8bacc0...
info|2019-12-13 13:59:35.045116|[g:1][CONSENSUS][PBFT]checkTimeout Succ,view=82,toView=83,nodeIdx=2,changeCycle=0,myNode=ad4f9855...,timecost=0.231
info|2019-12-13 13:59:35.049440|[g:1][CONSENSUS][PBFT]checkAndChangeView: Reach consensus,org_view=82,org_changeCycle=0,cur_changeCycle=0,to_view=83
info|2019-12-13 13:59:36.051569|[g:1][CONSENSUS]addRawPrepare,height=110,reqIdx=0,hash=42c239d1...
info|2019-12-13 13:59:36.051839|[g:1][CONSENSUS][PBFT]checkTimeout Succ,view=83,toView=84,nodeIdx=2,changeCycle=0,myNode=ad4f9855...,timecost=0.25
info|2019-12-13 13:59:36.053417|[g:1][CONSENSUS][PBFT]checkAndChangeView: Reach consensus,org_view=83,org_changeCycle=0,cur_changeCycle=0,to_view=84
info|2019-12-13 13:59:37.060615|[g:1][CONSENSUS]addRawPrepare,height=110,reqIdx=1,hash=a343378f...
info|2019-12-13 13:59:37.060942|[g:1][CONSENSUS][PBFT]checkTimeout Succ,view=84,toView=85,nodeIdx=2,changeCycle=0,myNode=ad4f9855...,timecost=0.285
info|2019-12-13 13:59:37.067083|[g:1][CONSENSUS][PBFT]checkAndChangeView: Reach consensus,org_view=84,org_changeCycle=0,cur_changeCycle=0,to_view=85
info|2019-12-13 13:59:38.068474|[g:1][CONSENSUS][SEALER]++++++++++++++++ Generating seal on,blkNum=110,tx=0,nodeIdx=2,hash=442e3420...
info|2019-12-13 13:59:38.077607|[g:1][CONSENSUS][PBFT]checkTimeout Succ,view=85,toView=86,nodeIdx=2,changeCycle=0,myNode=ad4f9855...,timecost=0.19
info|2019-12-13 13:59:38.078524|[g:1][CONSENSUS][PBFT]checkAndChangeView: Reach consensus,org_view=85,org_changeCycle=0,cur_changeCycle=0,to_view=86
info|2019-12-13 13:59:39.072853|[g:1][CONSENSUS]addRawPrepare,height=110,reqIdx=3,hash=41baadaf...
info|2019-12-13 13:59:39.073056|[g:1][CONSENSUS][PBFT]checkTimeout Succ,view=86,toView=87,nodeIdx=2,changeCycle=0,myNode=ad4f9855...,timecost=0.183
info|2019-12-13 13:59:39.075815|[g:1][CONSENSUS][PBFT]checkAndChangeView: Reach consensus,org_view=86,org_changeCycle=0,cur_changeCycle=0,to_view=87
info|2019-12-13 13:59:40.078711|[g:1][CONSENSUS]addRawPrepare,height=110,reqIdx=0,hash=6415b352...
info|2019-12-13 13:59:40.078975|[g:1][CONSENSUS][PBFT]checkTimeout Succ,view=87,toView=88,nodeIdx=2,changeCycle=0,myNode=ad4f9855...,timecost=0.245
info|2019-12-13 13:59:40.083213|[g:1][CONSENSUS][PBFT]checkAndChangeView: Reach consensus,org_view=87,org_changeCycle=0,cur_changeCycle=0,to_view=88
info|2019-12-13 13:59:40.595999|[P2P][Service] heartBeat,connected count=3
info|2019-12-13 13:59:41.086493|[g:1][CONSENSUS]addRawPrepare,height=110,reqIdx=1,hash=f1ef4566...
info|2019-12-13 13:59:41.086727|[g:1][CONSENSUS][PBFT]checkTimeout Succ,view=88,toView=89,nodeIdx=2,changeCycle=0,myNode=ad4f9855...,timecost=0.207
info|2019-12-13 13:59:41.094878|[g:1][CONSENSUS][PBFT]checkAndChangeView: Reach consensus,org_view=88,org_changeCycle=0,cur_changeCycle=0,to_view=89
info|2019-12-13 13:59:42.095156|[g:1][CONSENSUS][SEALER]++++++++++++++++ Generating seal on,blkNum=110,tx=0,nodeIdx=2,hash=41567efd...
info|2019-12-13 13:59:42.105718|[g:1][CONSENSUS][PBFT]checkTimeout Succ,view=89,toView=90,nodeIdx=2,changeCycle=0,myNode=ad4f9855...,timecost=0.187
info|2019-12-13 13:59:42.106516|[g:1][CONSENSUS][PBFT]checkAndChangeView: Reach consensus,org_view=89,org_changeCycle=0,cur_changeCycle=0,to_view=90
info|2019-12-13 13:59:43.106359|[g:1][CONSENSUS]addRawPrepare,height=110,reqIdx=3,hash=b70bb81d...
info|2019-12-13 13:59:43.106566|[g:1][CONSENSUS][PBFT]checkTimeout Succ,view=90,toView=91,nodeIdx=2,changeCycle=0,myNode=ad4f9855...,timecost=0.186
info|2019-12-13 13:59:43.108247|[g:1][CONSENSUS][PBFT]checkAndChangeView: Reach consensus,org_view=90,org_changeCycle=0,cur_changeCycle=0,to_view=91
info|2019-12-13 13:59:44.113162|[g:1][CONSENSUS]addRawPrepare,height=110,reqIdx=0,hash=7b0492bd...
info|2019-12-13 13:59:44.113368|[g:1][CONSENSUS][PBFT]checkTimeout Succ,view=91,toView=92,nodeIdx=2,changeCycle=0,myNode=ad4f9855...,timecost=0.184
info|2019-12-13 13:59:44.120484|[g:1][CONSENSUS][PBFT]checkAndChangeView: Reach consensus,org_view=91,org_changeCycle=0,cur_changeCycle=0,to_view=92
info|2019-12-13 13:59:45.121836|[g:1][CONSENSUS]addRawPrepare,height=110,reqIdx=1,hash=ee8d6d9d...
info|2019-12-13 13:59:45.122039|[g:1][CONSENSUS][PBFT]checkTimeout Succ,view=92,toView=93,nodeIdx=2,changeCycle=0,myNode=ad4f9855...,timecost=0.182
info|2019-12-13 13:59:45.123741|[g:1][CONSENSUS][PBFT]checkAndChangeView: Reach consensus,org_view=92,org_changeCycle=0,cur_changeCycle=0,to_view=93
info|2019-12-13 13:59:46.124145|[g:1][CONSENSUS][SEALER]++++++++++++++++ Generating seal on,blkNum=110,tx=0,nodeIdx=2,hash=5f5bd483...
info|2019-12-13 13:59:46.129492|[g:1][CONSENSUS][PBFT]checkTimeout Succ,view=93,toView=94,nodeIdx=2,changeCycle=0,myNode=ad4f9855...,timecost=0.194
info|2019-12-13 13:59:46.130447|[g:1][CONSENSUS][PBFT]checkAndChangeView: Reach consensus,org_view=93,org_changeCycle=0,cur_changeCycle=0,to_view=94
info|2019-12-13 13:59:47.134377|[g:1][CONSENSUS]addRawPrepare,height=110,reqIdx=3,hash=c0c53782...
info|2019-12-13 13:59:47.134574|[g:1][CONSENSUS][PBFT]checkTimeout Succ,view=94,toView=95,nodeIdx=2,changeCycle=0,myNode=ad4f9855...,timecost=0.177
info|2019-12-13 13:59:47.134891|[g:1][CONSENSUS][PBFT]checkAndChangeView: Reach consensus,org_view=94,org_changeCycle=0,cur_changeCycle=0,to_view=95
info|2019-12-13 13:59:48.138524|[g:1][CONSENSUS]addRawPrepare,height=110,reqIdx=0,hash=60c85351...
info|2019-12-13 13:59:48.138725|[g:1][CONSENSUS][PBFT]checkTimeout Succ,view=95,toView=96,nodeIdx=2,changeCycle=0,myNode=ad4f9855...,timecost=0.181
info|2019-12-13 13:59:48.139801|[g:1][CONSENSUS][PBFT]checkAndChangeView: Reach consensus,org_view=95,org_changeCycle=0,cur_changeCycle=0,to_view=96
info|2019-12-13 13:59:49.143391|[g:1][CONSENSUS]addRawPrepare,height=110,reqIdx=1,hash=5336e347...
info|2019-12-13 13:59:49.143597|[g:1][CONSENSUS][PBFT]checkTimeout Succ,view=96,toView=97,nodeIdx=2,changeCycle=0,myNode=ad4f9855...,timecost=0.182
info|2019-12-13 13:59:49.146281|[g:1][CONSENSUS][PBFT]checkAndChangeView: Reach consensus,org_view=96,org_changeCycle=0,cur_changeCycle=0,to_view=97
info|2019-12-13 13:59:50.146624|[g:1][CONSENSUS][SEALER]++++++++++++++++ Generating seal on,blkNum=110,tx=0,nodeIdx=2,hash=869c987f...
info|2019-12-13 13:59:50.152363|[g:1][CONSENSUS][PBFT]checkTimeout Succ,view=97,toView=98,nodeIdx=2,changeCycle=0,myNode=ad4f9855...,timecost=0.183
info|2019-12-13 13:59:50.153275|[g:1][CONSENSUS][PBFT]checkAndChangeView: Reach consensus,org_view=97,org_changeCycle=0,cur_changeCycle=0,to_view=98
info|2019-12-13 13:59:50.596217|[P2P][Service] heartBeat,connected count=3
info|2019-12-13 13:59:51.151818|[g:1][CONSENSUS]addRawPrepare,height=110,reqIdx=3,hash=e2342d86...
info|2019-12-13 13:59:51.152083|[g:1][CONSENSUS][PBFT]checkTimeout Succ,view=98,toView=99,nodeIdx=2,changeCycle=0,myNode=ad4f9855...,timecost=0.244
info|2019-12-13 13:59:51.154402|[g:1][CONSENSUS][PBFT]checkAndChangeView: Reach consensus,org_view=98,org_changeCycle=0,cur_changeCycle=0,to_view=99
info|2019-12-13 13:59:52.156931|[g:1][CONSENSUS]addRawPrepare,height=110,reqIdx=0,hash=c18c1664...
info|2019-12-13 13:59:52.157184|[g:1][CONSENSUS][PBFT]checkTimeout Succ,view=99,toView=100,nodeIdx=2,changeCycle=0,myNode=ad4f9855...,timecost=0.23
info|2019-12-13 13:59:52.157498|[g:1][CONSENSUS][PBFT]checkAndChangeView: Reach consensus,org_view=99,org_changeCycle=0,cur_changeCycle=0,to_view=100
info|2019-12-13 13:59:53.163258|[g:1][CONSENSUS]addRawPrepare,height=110,reqIdx=1,hash=e5255207...
info|2019-12-13 13:59:53.163573|[g:1][CONSENSUS][PBFT]checkTimeout Succ,view=100,toView=101,nodeIdx=2,changeCycle=0,myNode=ad4f9855...,timecost=0.286
info|2019-12-13 13:59:53.166296|[g:1][CONSENSUS][PBFT]checkAndChangeView: Reach consensus,org_view=100,org_changeCycle=0,cur_changeCycle=0,to_view=101
info|2019-12-13 13:59:54.167200|[g:1][CONSENSUS][SEALER]++++++++++++++++ Generating seal on,blkNum=110,tx=0,nodeIdx=2,hash=77fda844...
info|2019-12-13 13:59:54.177172|[g:1][CONSENSUS][PBFT]checkTimeout Succ,view=101,toView=102,nodeIdx=2,changeCycle=0,myNode=ad4f9855...,timecost=0.277
info|2019-12-13 13:59:54.183209|[g:1][CONSENSUS][PBFT]checkAndChangeView: Reach consensus,org_view=101,org_changeCycle=0,cur_changeCycle=0,to_view=102
info|2019-12-13 13:59:55.180259|[g:1][CONSENSUS]addRawPrepare,height=110,reqIdx=3,hash=d138feb5...
info|2019-12-13 13:59:55.180547|[g:1][CONSENSUS][PBFT]checkTimeout Succ,view=102,toView=103,nodeIdx=2,changeCycle=0,myNode=ad4f9855...,timecost=0.264
info|2019-12-13 13:59:55.188966|[g:1][CONSENSUS][PBFT]checkAndChangeView: Reach consensus,org_view=102,org_changeCycle=0,cur_changeCycle=0,to_view=103
info|2019-12-13 13:59:56.191958|[g:1][CONSENSUS]addRawPrepare,height=110,reqIdx=0,hash=891f0261...
info|2019-12-13 13:59:56.192213|[g:1][CONSENSUS][PBFT]checkTimeout Succ,view=103,toView=104,nodeIdx=2,changeCycle=0,myNode=ad4f9855...,timecost=0.232
info|2019-12-13 13:59:56.193403|[g:1][CONSENSUS][PBFT]checkAndChangeView: Reach consensus,org_view=103,org_changeCycle=0,cur_changeCycle=0,to_view=104
info|2019-12-13 13:59:57.203360|[g:1][CONSENSUS]addRawPrepare,height=110,reqIdx=1,hash=c79f9325...
info|2019-12-13 13:59:57.203606|[g:1][CONSENSUS][PBFT]checkTimeout Succ,view=104,toView=105,nodeIdx=2,changeCycle=0,myNode=ad4f9855...,timecost=0.217
info|2019-12-13 13:59:57.204221|[g:1][CONSENSUS][PBFT]checkAndChangeView: Reach consensus,org_view=104,org_changeCycle=0,cur_changeCycle=0,to_view=105
info|2019-12-13 13:59:58.204592|[g:1][CONSENSUS][SEALER]++++++++++++++++ Generating seal on,blkNum=110,tx=0,nodeIdx=2,hash=cfe9f993...
info|2019-12-13 13:59:58.210907|[g:1][CONSENSUS][PBFT]checkTimeout Succ,view=105,toView=106,nodeIdx=2,changeCycle=0,myNode=ad4f9855...,timecost=0.199
info|2019-12-13 13:59:58.211859|[g:1][CONSENSUS][PBFT]checkAndChangeView: Reach consensus,org_view=105,org_changeCycle=0,cur_changeCycle=0,to_view=106
info|2019-12-13 13:59:59.211539|[g:1][CONSENSUS]addRawPrepare,height=110,reqIdx=3,hash=2d241865...
info|2019-12-13 13:59:59.211778|[g:1][CONSENSUS][PBFT]checkTimeout Succ,view=106,toView=107,nodeIdx=2,changeCycle=0,myNode=ad4f9855...,timecost=0.198
info|2019-12-13 13:59:59.218951|[g:1][CONSENSUS][PBFT]checkAndChangeView: Reach consensus,org_view=106,org_changeCycle=0,cur_changeCycle=0,to_view=107
