info|2019-11-15 19:56:18.410763|[INITIALIZER][initGlobalConfig],enableCompress=true,compatibilityVersion=2.1.0,versionNumber=33619968,chainId=1
info|2019-11-15 19:56:18.565839|[NETWORK][Host]Connecting to node,endpoint=127.0.0.1:30300
info|2019-11-15 19:56:18.566180|[NETWORK][Host]P2P StartAccept,Host=0.0.0.0:30301
info|2019-11-15 19:56:18.571908|[NETWORK][Host]Connecting to node,endpoint=127.0.0.1:30301
info|2019-11-15 19:56:18.571960|[NETWORK][Host]Connecting to node,endpoint=127.0.0.1:30302
info|2019-11-15 19:56:18.571985|[NETWORK][Host]Connecting to node,endpoint=127.0.0.1:30303
info|2019-11-15 19:56:18.572012|[P2P][Service] heartBeat,connected count=0
info|2019-11-15 19:56:18.582848|[CHANNEL]ChannelRPCServer started
info|2019-11-15 19:56:18.582859|[INITIALIZER][RPCInitializer]ChannelRPCHttpServer started.
info|2019-11-15 19:56:18.582872|[LedgerInitializer],groupConfigPath=conf/
info|2019-11-15 19:56:18.572908|[NETWORK][ASIO]asyncResolveConnect,endpoint=127.0.0.1:30300
info|2019-11-15 19:56:18.589625|[NETWORK][ASIO]asyncResolveConnect,endpoint=127.0.0.1:30301
info|2019-11-15 19:56:18.589654|[NETWORK][ASIO]asyncResolveConnect,endpoint=127.0.0.1:30302
info|2019-11-15 19:56:18.589680|[NETWORK][ASIO]asyncResolveConnect,endpoint=127.0.0.1:30303
info|2019-11-15 19:56:18.589779|[NETWORK][Host]P2P Recv Connect, From=127.0.0.1:54002
info|2019-11-15 19:56:18.589810|[NETWORK][Host]P2P StartAccept,Host=0.0.0.0:30301
info|2019-11-15 19:56:18.597700|[INITIALIZER][initSingleLedger] [GroupId]:  1
info|2019-11-15 19:56:18.597716|[g:1][LEDGER]LedgerConstructor,configPath=conf/group.1.genesis,baseDir=data//group1
info|2019-11-15 19:56:18.597721|[g:1][LEDGER][initGenesisConfig]initConsensusConfig/initDBConfig/initTxConfig,configFile=conf/group.1.genesis
info|2019-11-15 19:56:18.597793|[g:1][LEDGER][initConsensusConfig],it.first=32db7d10e2c7fa645891f0943ad88c87f7d0ec66500b45632d53889d72ca80f2077a9280acde028f225f75af346a3fa4f75e37d8b596c2d5eb444c7bc283f925
info|2019-11-15 19:56:18.597808|[g:1][LEDGER][initConsensusConfig],it.first=ad4f985540e2d00110bed5d7a6899358479cb5ebfbb76f922982409b4ae034e1a01cda3dfc6b3ee06ab79ce0872e984ff5f6198fce193ae5d34bf6f296d557c0
info|2019-11-15 19:56:18.597821|[g:1][LEDGER][initConsensusConfig],it.first=0e7418af9a0d8d96383c85f5ee2759c178fe7d45e524080550f4ff007bcc32c69134008f978c786bf0a674e945fdad26a3722c009f92e3a8b60fc8e4e1f191b1
info|2019-11-15 19:56:18.597837|[g:1][LEDGER][initConsensusConfig],it.first=f5b748459b521e61d71a97b70aebee76ef7d18e0f9ef1d603023bcd6e7d6f8c37aaadd04f5c89fc44bef3cb6b220ec05018e2a6f8c2b69fe09026059c8371976
info|2019-11-15 19:56:18.597866|[g:1][LEDGER][initIniConfig]initTxPoolConfig/initSyncConfig/initTxExecuteConfig,configFile=conf/group.1.ini
info|2019-11-15 19:56:18.601368|[NETWORK][Host]P2P Recv Connect, From=127.0.0.1:54008
info|2019-11-15 19:56:18.605514|[g:1][LEDGER][initLedger][DBInitializer]
info|2019-11-15 19:56:18.606021|[NETWORK][Host]P2P StartAccept,Host=0.0.0.0:30301
info|2019-11-15 19:56:18.612070|[g:1][DBINITIALIZER] [initRocksDBStorage]
info|2019-11-15 19:56:18.616284|[NETWORK][Host]P2P Recv Connect, From=127.0.0.1:54014
info|2019-11-15 19:56:18.616334|[NETWORK][Host]P2P StartAccept,Host=0.0.0.0:30301
info|2019-11-15 19:56:18.618170|[NETWORK][Host]P2P Recv Connect, From=127.0.0.1:54020
info|2019-11-15 19:56:18.623951|[NETWORK][Host]P2P StartAccept,Host=0.0.0.0:30301
info|2019-11-15 19:56:18.627314|[g:1][ROCKSDB]open rocksDB handler
info|2019-11-15 19:56:18.712665|[NETWORK][Host]startPeerSession, From=127.0.0.1:54014,nodeID=f5b74845...
info|2019-11-15 19:56:18.712712|[NETWORK][Host]startPeerSession, From=127.0.0.1:54020,nodeID=ad4f9855...
info|2019-11-15 19:56:18.714720|[P2P][Service] Connection established,nodeID=f5b74845...,endpoint=127.0.0.1:54014
info|2019-11-15 19:56:18.735705|[NETWORK][Host]startPeerSession, From=127.0.0.1:30301,nodeID=ad4f9855...
info|2019-11-15 19:56:18.735845|[P2P][Service] Connection established,nodeID=32db7d10...,endpoint=127.0.0.1:30300
info|2019-11-15 19:56:18.735867|[NETWORK][Host]startPeerSession, From=127.0.0.1:30300,nodeID=32db7d10...
info|2019-11-15 19:56:18.759155|[NETWORK][Host]startPeerSession, From=127.0.0.1:54002,nodeID=32db7d10...
info|2019-11-15 19:56:18.759416|[P2P][Service] Connection established,nodeID=0e7418af...,endpoint=127.0.0.1:54008
info|2019-11-15 19:56:18.759484|[NETWORK][Host]startPeerSession, From=127.0.0.1:54008,nodeID=0e7418af...
info|2019-11-15 19:56:18.759617|[NETWORK][Host]startPeerSession, From=127.0.0.1:30302,nodeID=0e7418af...
warning|2019-11-15 19:56:18.760007|[NETWORK][Session]doRead error,endpoint=127.0.0.1:54008,message=stream truncated
info|2019-11-15 19:56:18.760027|[NETWORK][Session]drop, call and erase all callbackFunc in this session!,endpoint=127.0.0.1:54008
warning|2019-11-15 19:56:18.760045|[P2P][Service] disconnect error P2PSession,nodeID=0e7418af...,endpoint=127.0.0.1:54008,errorCode=3,what=Disconnect
warning|2019-11-15 19:56:18.760054|[P2P][Service] onDisconnect,errorCode=3,what=Dynamic exception type: dev::network::NetworkException
std::exception::what: Disconnect

warning|2019-11-15 19:56:18.760079|[NETWORK][Session][drop] closing remote 0.0.0.0:0,reason=Low-level TCP communication error.,endpoint=127.0.0.1:54008
warning|2019-11-15 19:56:18.760109|[NETWORK][Session][drop] shutdown failed ,errorValue=9,message=Bad file descriptor
info|2019-11-15 19:56:18.762561|[NETWORK][Host]startPeerSession, From=127.0.0.1:30303,nodeID=f5b74845...
info|2019-11-15 19:56:18.855506|[g:1][g:0][STORAGE][CachedStorage]Init flushStorage thread
info|2019-11-15 19:56:18.894772|[g:1][BLOCKCHAIN][#checkAndBuildGenesisBlock]Already have the 0th block, 0th groupMark is equal to file groupMark.
info|2019-11-15 19:56:18.907838|[g:1][CONSENSUS][PBFT]Register handler for PBFTEngine
info|2019-11-15 19:56:18.909139|[g:1][CONSENSUS][PBFT],minBlockGenerationTime=500
info|2019-11-15 19:56:18.909158|[LedgerInitializer init group succ],groupID=1
info|2019-11-15 19:56:18.909325|[INITIALIZER][RPCInitializer]JsonrpcHttpServer started.
info|2019-11-15 19:56:18.909332|[g:1][LEDGER]startAll...
warning|2019-11-15 19:56:18.910808|[SYNC][id:ad4f9855...][Status]Peer data not found,nodeId=f5b74845...
warning|2019-11-15 19:56:18.911828|[SYNC][id:ad4f9855...][Status]Peer data not found,nodeId=32db7d10...
info|2019-11-15 19:56:18.912349|[g:1][CONSENSUS][PBFT]^^^^^^^^Report,num=7,sealerIdx=0,hash=41ea9ad1...,next=8,tx=1,nodeIdx=2
info|2019-11-15 19:56:18.995552|[g:1][CONSENSUS][PBFT][PBFT init env successfully]
info|2019-11-15 19:56:18.995578|[g:1][CONSENSUS][ConsensusEngine][Start ConsensusEngineBase]
info|2019-11-15 19:56:18.996074|[g:1][CONSENSUS][PBFT][Start PBFTEngine...]
info|2019-11-15 19:56:18.996082|[g:1][CONSENSUS][SEALER][Start sealer module]
info|2019-11-15 19:56:18.996387|[g:1][EVENT][EventLogFilterManager]start,m_maxBlockRange=0,m_maxBlockPerLoopFilter=3
info|2019-11-15 19:56:20.036749|[g:1][CONSENSUS]addRawPrepare,height=8,reqIdx=3,hash=a9be0926...
info|2019-11-15 19:56:20.036984|[g:1][CONSENSUS][PBFT]checkTimeout Succ,view=0,toView=1,nodeIdx=2,changeCycle=0,myNode=ad4f9855...,timecost=0.168
info|2019-11-15 19:56:20.037755|[g:1][CONSENSUS][PBFT]checkAndChangeView: Reach consensus,org_view=0,org_changeCycle=0,cur_changeCycle=0,to_view=1
info|2019-11-15 19:56:21.040634|[g:1][CONSENSUS]addRawPrepare,height=8,reqIdx=0,hash=c4dcf055...
info|2019-11-15 19:56:21.040830|[g:1][CONSENSUS][PBFT]checkTimeout Succ,view=1,toView=2,nodeIdx=2,changeCycle=0,myNode=ad4f9855...,timecost=0.174
info|2019-11-15 19:56:21.043400|[g:1][CONSENSUS][PBFT]checkAndChangeView: Reach consensus,org_view=1,org_changeCycle=0,cur_changeCycle=0,to_view=2
info|2019-11-15 19:56:22.044313|[g:1][CONSENSUS]addRawPrepare,height=8,reqIdx=1,hash=c87075e1...
info|2019-11-15 19:56:22.044510|[g:1][CONSENSUS][PBFT]checkTimeout Succ,view=2,toView=3,nodeIdx=2,changeCycle=0,myNode=ad4f9855...,timecost=0.174
info|2019-11-15 19:56:22.047618|[g:1][CONSENSUS][PBFT]checkAndChangeView: Reach consensus,org_view=2,org_changeCycle=0,cur_changeCycle=0,to_view=3
info|2019-11-15 19:56:23.047317|[g:1][CONSENSUS][SEALER]++++++++++++++++ Generating seal on,blkNum=8,tx=0,nodeIdx=2,hash=60dfa2e8...
info|2019-11-15 19:56:23.053007|[g:1][CONSENSUS][PBFT]checkTimeout Succ,view=3,toView=4,nodeIdx=2,changeCycle=0,myNode=ad4f9855...,timecost=0.174
info|2019-11-15 19:56:23.053751|[g:1][CONSENSUS][PBFT]checkAndChangeView: Reach consensus,org_view=3,org_changeCycle=0,cur_changeCycle=0,to_view=4
info|2019-11-15 19:56:24.055993|[g:1][CONSENSUS]addRawPrepare,height=8,reqIdx=3,hash=18ee4784...
info|2019-11-15 19:56:24.057369|[g:1][CONSENSUS][PBFT]checkTimeout Succ,view=4,toView=5,nodeIdx=2,changeCycle=0,myNode=ad4f9855...,timecost=1.329
info|2019-11-15 19:56:24.057709|[g:1][CONSENSUS][PBFT]checkAndChangeView: Reach consensus,org_view=4,org_changeCycle=0,cur_changeCycle=0,to_view=5
info|2019-11-15 19:56:25.063395|[g:1][CONSENSUS]addRawPrepare,height=8,reqIdx=0,hash=a55ce8ad...
info|2019-11-15 19:56:25.063656|[g:1][CONSENSUS][PBFT]checkTimeout Succ,view=5,toView=6,nodeIdx=2,changeCycle=0,myNode=ad4f9855...,timecost=0.24
info|2019-11-15 19:56:25.070823|[g:1][CONSENSUS][PBFT]checkAndChangeView: Reach consensus,org_view=5,org_changeCycle=0,cur_changeCycle=0,to_view=6
info|2019-11-15 19:56:26.067378|[g:1][CONSENSUS]addRawPrepare,height=8,reqIdx=1,hash=049ed919...
info|2019-11-15 19:56:26.067583|[g:1][CONSENSUS][PBFT]checkTimeout Succ,view=6,toView=7,nodeIdx=2,changeCycle=0,myNode=ad4f9855...,timecost=0.183
info|2019-11-15 19:56:26.075443|[g:1][CONSENSUS][PBFT]checkAndChangeView: Reach consensus,org_view=6,org_changeCycle=0,cur_changeCycle=0,to_view=7
info|2019-11-15 19:56:27.076178|[g:1][CONSENSUS][SEALER]++++++++++++++++ Generating seal on,blkNum=8,tx=0,nodeIdx=2,hash=a0c5b69f...
info|2019-11-15 19:56:27.085828|[g:1][CONSENSUS][PBFT]checkTimeout Succ,view=7,toView=8,nodeIdx=2,changeCycle=0,myNode=ad4f9855...,timecost=0.248
info|2019-11-15 19:56:27.086706|[g:1][CONSENSUS][PBFT]checkAndChangeView: Reach consensus,org_view=7,org_changeCycle=0,cur_changeCycle=0,to_view=8
info|2019-11-15 19:56:28.087563|[g:1][CONSENSUS]addRawPrepare,height=8,reqIdx=3,hash=22432fae...
info|2019-11-15 19:56:28.087778|[g:1][CONSENSUS][PBFT]checkTimeout Succ,view=8,toView=9,nodeIdx=2,changeCycle=0,myNode=ad4f9855...,timecost=0.167
info|2019-11-15 19:56:28.091767|[g:1][CONSENSUS][PBFT]checkAndChangeView: Reach consensus,org_view=8,org_changeCycle=0,cur_changeCycle=0,to_view=9
info|2019-11-15 19:56:28.572377|[NETWORK][Host]Connecting to node,endpoint=127.0.0.1:30302
info|2019-11-15 19:56:28.572416|[P2P][Service] heartBeat,connected count=2
info|2019-11-15 19:56:28.572530|[NETWORK][ASIO]asyncResolveConnect,endpoint=127.0.0.1:30302
info|2019-11-15 19:56:28.624144|[NETWORK][Host]P2P Recv Connect, From=127.0.0.1:54030
info|2019-11-15 19:56:28.624211|[NETWORK][Host]P2P StartAccept,Host=0.0.0.0:30301
info|2019-11-15 19:56:28.632080|[NETWORK][Host]startPeerSession, From=127.0.0.1:30302,nodeID=0e7418af...
info|2019-11-15 19:56:28.632140|[P2P][Service] Connection established,nodeID=0e7418af...,endpoint=127.0.0.1:30302
info|2019-11-15 19:56:28.662405|[NETWORK][Host]startPeerSession, From=127.0.0.1:54030,nodeID=0e7418af...
info|2019-11-15 19:56:29.098126|[g:1][CONSENSUS]addRawPrepare,height=8,reqIdx=0,hash=dcffb5d4...
info|2019-11-15 19:56:29.098370|[g:1][CONSENSUS][PBFT]checkTimeout Succ,view=9,toView=10,nodeIdx=2,changeCycle=0,myNode=ad4f9855...,timecost=0.177
info|2019-11-15 19:56:29.108124|[g:1][CONSENSUS][PBFT]checkAndChangeView: Reach consensus,org_view=9,org_changeCycle=0,cur_changeCycle=0,to_view=10
info|2019-11-15 19:56:30.106391|[g:1][CONSENSUS]addRawPrepare,height=8,reqIdx=1,hash=20988210...
info|2019-11-15 19:56:30.106601|[g:1][CONSENSUS][PBFT]checkTimeout Succ,view=10,toView=11,nodeIdx=2,changeCycle=0,myNode=ad4f9855...,timecost=0.187
info|2019-11-15 19:56:30.108199|[g:1][CONSENSUS][PBFT]checkAndChangeView: Reach consensus,org_view=10,org_changeCycle=0,cur_changeCycle=0,to_view=11
info|2019-11-15 19:56:31.108673|[g:1][CONSENSUS][SEALER]++++++++++++++++ Generating seal on,blkNum=8,tx=0,nodeIdx=2,hash=fd1a0575...
info|2019-11-15 19:56:31.117539|[g:1][CONSENSUS][PBFT]checkTimeout Succ,view=11,toView=12,nodeIdx=2,changeCycle=0,myNode=ad4f9855...,timecost=0.221
info|2019-11-15 19:56:31.118412|[g:1][CONSENSUS][PBFT]checkAndChangeView: Reach consensus,org_view=11,org_changeCycle=0,cur_changeCycle=0,to_view=12
info|2019-11-15 19:56:32.118388|[g:1][CONSENSUS]addRawPrepare,height=8,reqIdx=3,hash=6f2d4adc...
info|2019-11-15 19:56:32.118597|[g:1][CONSENSUS][PBFT]checkTimeout Succ,view=12,toView=13,nodeIdx=2,changeCycle=0,myNode=ad4f9855...,timecost=0.187
info|2019-11-15 19:56:32.132162|[g:1][CONSENSUS][PBFT]checkAndChangeView: Reach consensus,org_view=12,org_changeCycle=0,cur_changeCycle=0,to_view=13
info|2019-11-15 19:56:33.135898|[g:1][CONSENSUS]addRawPrepare,height=8,reqIdx=0,hash=2059217f...
info|2019-11-15 19:56:33.136139|[g:1][CONSENSUS][PBFT]checkTimeout Succ,view=13,toView=14,nodeIdx=2,changeCycle=0,myNode=ad4f9855...,timecost=0.177
info|2019-11-15 19:56:33.141570|[g:1][CONSENSUS][PBFT]checkAndChangeView: Reach consensus,org_view=13,org_changeCycle=0,cur_changeCycle=0,to_view=14
info|2019-11-15 19:56:34.144267|[g:1][CONSENSUS]addRawPrepare,height=8,reqIdx=1,hash=46684751...
info|2019-11-15 19:56:34.144517|[g:1][CONSENSUS][PBFT]checkTimeout Succ,view=14,toView=15,nodeIdx=2,changeCycle=0,myNode=ad4f9855...,timecost=0.247
info|2019-11-15 19:56:34.151853|[g:1][CONSENSUS][PBFT]checkAndChangeView: Reach consensus,org_view=14,org_changeCycle=0,cur_changeCycle=0,to_view=15
info|2019-11-15 19:56:35.153698|[g:1][CONSENSUS][SEALER]++++++++++++++++ Generating seal on,blkNum=8,tx=0,nodeIdx=2,hash=dd604d94...
info|2019-11-15 19:56:35.167906|[g:1][CONSENSUS][PBFT]checkTimeout Succ,view=15,toView=16,nodeIdx=2,changeCycle=0,myNode=ad4f9855...,timecost=0.202
info|2019-11-15 19:56:35.168962|[g:1][CONSENSUS][PBFT]checkAndChangeView: Reach consensus,org_view=15,org_changeCycle=0,cur_changeCycle=0,to_view=16
info|2019-11-15 19:56:36.165399|[g:1][CONSENSUS]addRawPrepare,height=8,reqIdx=3,hash=53e7f820...
info|2019-11-15 19:56:36.165607|[g:1][CONSENSUS][PBFT]checkTimeout Succ,view=16,toView=17,nodeIdx=2,changeCycle=0,myNode=ad4f9855...,timecost=0.187
info|2019-11-15 19:56:36.172754|[g:1][CONSENSUS][PBFT]checkAndChangeView: Reach consensus,org_view=16,org_changeCycle=0,cur_changeCycle=0,to_view=17
info|2019-11-15 19:56:37.167687|[g:1][CONSENSUS]addRawPrepare,height=8,reqIdx=0,hash=a00c7106...
info|2019-11-15 19:56:37.168003|[g:1][CONSENSUS][PBFT]checkTimeout Succ,view=17,toView=18,nodeIdx=2,changeCycle=0,myNode=ad4f9855...,timecost=0.254
info|2019-11-15 19:56:37.173489|[g:1][CONSENSUS][PBFT]checkAndChangeView: Reach consensus,org_view=17,org_changeCycle=0,cur_changeCycle=0,to_view=18
info|2019-11-15 19:56:38.175588|[g:1][CONSENSUS]addRawPrepare,height=8,reqIdx=1,hash=b1761027...
info|2019-11-15 19:56:38.175796|[g:1][CONSENSUS][PBFT]checkTimeout Succ,view=18,toView=19,nodeIdx=2,changeCycle=0,myNode=ad4f9855...,timecost=0.185
info|2019-11-15 19:56:38.176906|[g:1][CONSENSUS][PBFT]checkAndChangeView: Reach consensus,org_view=18,org_changeCycle=0,cur_changeCycle=0,to_view=19
info|2019-11-15 19:56:38.573309|[P2P][Service] heartBeat,connected count=3
info|2019-11-15 19:56:39.176315|[g:1][CONSENSUS][SEALER]++++++++++++++++ Generating seal on,blkNum=8,tx=0,nodeIdx=2,hash=17ab02a8...
info|2019-11-15 19:56:39.188160|[g:1][CONSENSUS][PBFT]checkTimeout Succ,view=19,toView=20,nodeIdx=2,changeCycle=0,myNode=ad4f9855...,timecost=0.198
info|2019-11-15 19:56:39.189186|[g:1][CONSENSUS][PBFT]checkAndChangeView: Reach consensus,org_view=19,org_changeCycle=0,cur_changeCycle=0,to_view=20
info|2019-11-15 19:56:40.187240|[g:1][CONSENSUS]addRawPrepare,height=8,reqIdx=3,hash=07efeac9...
info|2019-11-15 19:56:40.187587|[g:1][CONSENSUS][PBFT]checkTimeout Succ,view=20,toView=21,nodeIdx=2,changeCycle=0,myNode=ad4f9855...,timecost=0.308
info|2019-11-15 19:56:40.189549|[g:1][CONSENSUS][PBFT]checkAndChangeView: Reach consensus,org_view=20,org_changeCycle=0,cur_changeCycle=0,to_view=21
info|2019-11-15 19:56:41.191034|[g:1][CONSENSUS]addRawPrepare,height=8,reqIdx=0,hash=c457eb80...
info|2019-11-15 19:56:41.191299|[g:1][CONSENSUS][PBFT]checkTimeout Succ,view=21,toView=22,nodeIdx=2,changeCycle=0,myNode=ad4f9855...,timecost=0.191
info|2019-11-15 19:56:41.195333|[g:1][CONSENSUS][PBFT]checkAndChangeView: Reach consensus,org_view=21,org_changeCycle=0,cur_changeCycle=0,to_view=22
info|2019-11-15 19:56:42.195972|[g:1][CONSENSUS]addRawPrepare,height=8,reqIdx=1,hash=882b7d33...
info|2019-11-15 19:56:42.196179|[g:1][CONSENSUS][PBFT]checkTimeout Succ,view=22,toView=23,nodeIdx=2,changeCycle=0,myNode=ad4f9855...,timecost=0.186
info|2019-11-15 19:56:42.197198|[g:1][CONSENSUS][PBFT]checkAndChangeView: Reach consensus,org_view=22,org_changeCycle=0,cur_changeCycle=0,to_view=23
info|2019-11-15 19:56:43.197914|[g:1][CONSENSUS][SEALER]++++++++++++++++ Generating seal on,blkNum=8,tx=0,nodeIdx=2,hash=fd8cb587...
info|2019-11-15 19:56:43.205041|[g:1][CONSENSUS][PBFT]checkTimeout Succ,view=23,toView=24,nodeIdx=2,changeCycle=0,myNode=ad4f9855...,timecost=0.191
info|2019-11-15 19:56:43.205884|[g:1][CONSENSUS][PBFT]checkAndChangeView: Reach consensus,org_view=23,org_changeCycle=0,cur_changeCycle=0,to_view=24
info|2019-11-15 19:56:44.205650|[g:1][CONSENSUS]addRawPrepare,height=8,reqIdx=3,hash=69c71400...
info|2019-11-15 19:56:44.205856|[g:1][CONSENSUS][PBFT]checkTimeout Succ,view=24,toView=25,nodeIdx=2,changeCycle=0,myNode=ad4f9855...,timecost=0.185
info|2019-11-15 19:56:44.209249|[g:1][CONSENSUS][PBFT]checkAndChangeView: Reach consensus,org_view=24,org_changeCycle=0,cur_changeCycle=0,to_view=25
info|2019-11-15 19:56:45.209949|[g:1][CONSENSUS]addRawPrepare,height=8,reqIdx=0,hash=51090043...
info|2019-11-15 19:56:45.210250|[g:1][CONSENSUS][PBFT]checkTimeout Succ,view=25,toView=26,nodeIdx=2,changeCycle=0,myNode=ad4f9855...,timecost=0.234
info|2019-11-15 19:56:45.214007|[g:1][CONSENSUS][PBFT]checkAndChangeView: Reach consensus,org_view=25,org_changeCycle=0,cur_changeCycle=0,to_view=26
info|2019-11-15 19:56:46.215149|[g:1][CONSENSUS]addRawPrepare,height=8,reqIdx=1,hash=68ea73ed...
info|2019-11-15 19:56:46.215380|[g:1][CONSENSUS][PBFT]checkTimeout Succ,view=26,toView=27,nodeIdx=2,changeCycle=0,myNode=ad4f9855...,timecost=0.184
info|2019-11-15 19:56:46.220833|[g:1][CONSENSUS][PBFT]checkAndChangeView: Reach consensus,org_view=26,org_changeCycle=0,cur_changeCycle=0,to_view=27
info|2019-11-15 19:56:47.221227|[g:1][CONSENSUS][SEALER]++++++++++++++++ Generating seal on,blkNum=8,tx=0,nodeIdx=2,hash=6c1511a1...
info|2019-11-15 19:56:47.227622|[g:1][CONSENSUS][PBFT]checkTimeout Succ,view=27,toView=28,nodeIdx=2,changeCycle=0,myNode=ad4f9855...,timecost=0.185
info|2019-11-15 19:56:47.228423|[g:1][CONSENSUS][PBFT]checkAndChangeView: Reach consensus,org_view=27,org_changeCycle=0,cur_changeCycle=0,to_view=28
info|2019-11-15 19:56:48.229960|[g:1][CONSENSUS]addRawPrepare,height=8,reqIdx=3,hash=957ece48...
info|2019-11-15 19:56:48.230168|[g:1][CONSENSUS][PBFT]checkTimeout Succ,view=28,toView=29,nodeIdx=2,changeCycle=0,myNode=ad4f9855...,timecost=0.186
info|2019-11-15 19:56:48.231334|[g:1][CONSENSUS][PBFT]checkAndChangeView: Reach consensus,org_view=28,org_changeCycle=0,cur_changeCycle=0,to_view=29
info|2019-11-15 19:56:48.573728|[P2P][Service] heartBeat,connected count=3
info|2019-11-15 19:56:49.234140|[g:1][CONSENSUS]addRawPrepare,height=8,reqIdx=0,hash=a7f9fd98...
info|2019-11-15 19:56:49.234449|[g:1][CONSENSUS][PBFT]checkTimeout Succ,view=29,toView=30,nodeIdx=2,changeCycle=0,myNode=ad4f9855...,timecost=0.247
info|2019-11-15 19:56:49.245575|[g:1][CONSENSUS][PBFT]checkAndChangeView: Reach consensus,org_view=29,org_changeCycle=0,cur_changeCycle=0,to_view=30
info|2019-11-15 19:56:50.256207|[g:1][CONSENSUS]addRawPrepare,height=8,reqIdx=1,hash=d6068aec...
info|2019-11-15 19:56:50.260639|[g:1][CONSENSUS][PBFT]checkTimeout Succ,view=30,toView=31,nodeIdx=2,changeCycle=0,myNode=ad4f9855...,timecost=0.185
info|2019-11-15 19:56:50.261338|[g:1][CONSENSUS][PBFT]checkAndChangeView: Reach consensus,org_view=30,org_changeCycle=0,cur_changeCycle=0,to_view=31
info|2019-11-15 19:56:51.269993|[g:1][CONSENSUS][SEALER]++++++++++++++++ Generating seal on,blkNum=8,tx=0,nodeIdx=2,hash=df8c5f2f...
info|2019-11-15 19:56:51.270902|[g:1][CONSENSUS][PBFT]checkTimeout Succ,view=31,toView=32,nodeIdx=2,changeCycle=0,myNode=ad4f9855...,timecost=0.246
info|2019-11-15 19:56:51.276286|[g:1][CONSENSUS][PBFT]checkAndChangeView: Reach consensus,org_view=31,org_changeCycle=0,cur_changeCycle=0,to_view=32
info|2019-11-15 19:56:52.282844|[g:1][CONSENSUS]addRawPrepare,height=8,reqIdx=3,hash=32eb67b2...
info|2019-11-15 19:56:52.283107|[g:1][CONSENSUS][PBFT]checkTimeout Succ,view=32,toView=33,nodeIdx=2,changeCycle=0,myNode=ad4f9855...,timecost=0.194
info|2019-11-15 19:56:52.286980|[g:1][CONSENSUS][PBFT]checkAndChangeView: Reach consensus,org_view=32,org_changeCycle=0,cur_changeCycle=0,to_view=33
info|2019-11-15 19:56:53.289132|[g:1][CONSENSUS]addRawPrepare,height=8,reqIdx=0,hash=8aeb8aaa...
info|2019-11-15 19:56:53.289418|[g:1][CONSENSUS][PBFT]checkTimeout Succ,view=33,toView=34,nodeIdx=2,changeCycle=0,myNode=ad4f9855...,timecost=0.22
info|2019-11-15 19:56:53.292365|[g:1][CONSENSUS][PBFT]checkAndChangeView: Reach consensus,org_view=33,org_changeCycle=0,cur_changeCycle=0,to_view=34
info|2019-11-15 19:56:54.295977|[g:1][CONSENSUS]addRawPrepare,height=8,reqIdx=1,hash=0b043961...
info|2019-11-15 19:56:54.296223|[g:1][CONSENSUS][PBFT]checkTimeout Succ,view=34,toView=35,nodeIdx=2,changeCycle=0,myNode=ad4f9855...,timecost=0.185
info|2019-11-15 19:56:54.303872|[g:1][CONSENSUS][PBFT]checkAndChangeView: Reach consensus,org_view=34,org_changeCycle=0,cur_changeCycle=0,to_view=35
info|2019-11-15 19:56:55.309767|[g:1][CONSENSUS][SEALER]++++++++++++++++ Generating seal on,blkNum=8,tx=0,nodeIdx=2,hash=f2c4e9e3...
info|2019-11-15 19:56:55.311995|[g:1][CONSENSUS][PBFT]checkTimeout Succ,view=35,toView=36,nodeIdx=2,changeCycle=0,myNode=ad4f9855...,timecost=0.193
info|2019-11-15 19:56:55.317509|[g:1][CONSENSUS][PBFT]checkAndChangeView: Reach consensus,org_view=35,org_changeCycle=0,cur_changeCycle=0,to_view=36
info|2019-11-15 19:56:56.330355|[g:1][CONSENSUS]addRawPrepare,height=8,reqIdx=3,hash=e104edad...
info|2019-11-15 19:56:56.331031|[g:1][CONSENSUS][PBFT]checkTimeout Succ,view=36,toView=37,nodeIdx=2,changeCycle=0,myNode=ad4f9855...,timecost=0.27
info|2019-11-15 19:56:56.336520|[g:1][CONSENSUS][PBFT]checkAndChangeView: Reach consensus,org_view=36,org_changeCycle=0,cur_changeCycle=0,to_view=37
info|2019-11-15 19:56:57.344506|[g:1][CONSENSUS]addRawPrepare,height=8,reqIdx=0,hash=4ebba028...
info|2019-11-15 19:56:57.344863|[g:1][CONSENSUS][PBFT]checkTimeout Succ,view=37,toView=38,nodeIdx=2,changeCycle=0,myNode=ad4f9855...,timecost=0.259
info|2019-11-15 19:56:57.345572|[g:1][CONSENSUS][PBFT]checkAndChangeView: Reach consensus,org_view=37,org_changeCycle=0,cur_changeCycle=0,to_view=38
info|2019-11-15 19:56:58.365782|[g:1][CONSENSUS]addRawPrepare,height=8,reqIdx=1,hash=36091c1a...
info|2019-11-15 19:56:58.366134|[g:1][CONSENSUS][PBFT]checkTimeout Succ,view=38,toView=39,nodeIdx=2,changeCycle=0,myNode=ad4f9855...,timecost=0.322
info|2019-11-15 19:56:58.384447|[g:1][CONSENSUS][PBFT]checkAndChangeView: Reach consensus,org_view=38,org_changeCycle=0,cur_changeCycle=0,to_view=39
info|2019-11-15 19:56:58.573868|[P2P][Service] heartBeat,connected count=3
info|2019-11-15 19:56:59.388930|[g:1][CONSENSUS][SEALER]++++++++++++++++ Generating seal on,blkNum=8,tx=0,nodeIdx=2,hash=ec916979...
info|2019-11-15 19:56:59.396914|[g:1][CONSENSUS][PBFT]checkTimeout Succ,view=39,toView=40,nodeIdx=2,changeCycle=0,myNode=ad4f9855...,timecost=0.224
info|2019-11-15 19:56:59.400439|[g:1][CONSENSUS][PBFT]checkAndChangeView: Reach consensus,org_view=39,org_changeCycle=0,cur_changeCycle=0,to_view=40
info|2019-11-15 19:57:00.408404|[g:1][CONSENSUS]addRawPrepare,height=8,reqIdx=3,hash=d0156f83...
info|2019-11-15 19:57:00.408651|[g:1][CONSENSUS][PBFT]checkTimeout Succ,view=40,toView=41,nodeIdx=2,changeCycle=0,myNode=ad4f9855...,timecost=0.183
info|2019-11-15 19:57:00.415992|[g:1][CONSENSUS][PBFT]checkAndChangeView: Reach consensus,org_view=40,org_changeCycle=0,cur_changeCycle=0,to_view=41
info|2019-11-15 19:57:01.421525|[g:1][CONSENSUS]addRawPrepare,height=8,reqIdx=0,hash=94b6e2d7...
info|2019-11-15 19:57:01.421773|[g:1][CONSENSUS][PBFT]checkTimeout Succ,view=41,toView=42,nodeIdx=2,changeCycle=0,myNode=ad4f9855...,timecost=0.179
info|2019-11-15 19:57:01.433513|[g:1][CONSENSUS][PBFT]checkAndChangeView: Reach consensus,org_view=41,org_changeCycle=0,cur_changeCycle=0,to_view=42
info|2019-11-15 19:57:02.442033|[g:1][CONSENSUS]addRawPrepare,height=8,reqIdx=1,hash=0194dffc...
info|2019-11-15 19:57:02.442328|[g:1][CONSENSUS][PBFT]checkTimeout Succ,view=42,toView=43,nodeIdx=2,changeCycle=0,myNode=ad4f9855...,timecost=0.215
info|2019-11-15 19:57:02.451728|[g:1][CONSENSUS][PBFT]checkAndChangeView: Reach consensus,org_view=42,org_changeCycle=0,cur_changeCycle=0,to_view=43
info|2019-11-15 19:57:03.452634|[g:1][CONSENSUS][SEALER]++++++++++++++++ Generating seal on,blkNum=8,tx=0,nodeIdx=2,hash=673bd204...
info|2019-11-15 19:57:03.459829|[g:1][CONSENSUS][PBFT]checkTimeout Succ,view=43,toView=44,nodeIdx=2,changeCycle=0,myNode=ad4f9855...,timecost=0.18
info|2019-11-15 19:57:03.460101|[g:1][CONSENSUS][PBFT]checkAndChangeView: Reach consensus,org_view=43,org_changeCycle=0,cur_changeCycle=0,to_view=44
info|2019-11-15 19:57:04.468667|[g:1][CONSENSUS]addRawPrepare,height=8,reqIdx=3,hash=7276fbce...
info|2019-11-15 19:57:04.468954|[g:1][CONSENSUS][PBFT]checkTimeout Succ,view=44,toView=45,nodeIdx=2,changeCycle=0,myNode=ad4f9855...,timecost=0.223
info|2019-11-15 19:57:04.480186|[g:1][CONSENSUS][PBFT]checkAndChangeView: Reach consensus,org_view=44,org_changeCycle=0,cur_changeCycle=0,to_view=45
info|2019-11-15 19:57:05.481496|[g:1][CONSENSUS]addRawPrepare,height=8,reqIdx=0,hash=65dfa88e...
info|2019-11-15 19:57:05.481776|[g:1][CONSENSUS][PBFT]checkTimeout Succ,view=45,toView=46,nodeIdx=2,changeCycle=0,myNode=ad4f9855...,timecost=0.211
info|2019-11-15 19:57:05.493079|[g:1][CONSENSUS][PBFT]checkAndChangeView: Reach consensus,org_view=45,org_changeCycle=0,cur_changeCycle=0,to_view=46
info|2019-11-15 19:57:06.497825|[g:1][CONSENSUS]addRawPrepare,height=8,reqIdx=1,hash=1d59e32e...
info|2019-11-15 19:57:06.498077|[g:1][CONSENSUS][PBFT]checkTimeout Succ,view=46,toView=47,nodeIdx=2,changeCycle=0,myNode=ad4f9855...,timecost=0.189
info|2019-11-15 19:57:06.512275|[g:1][CONSENSUS][PBFT]checkAndChangeView: Reach consensus,org_view=46,org_changeCycle=0,cur_changeCycle=0,to_view=47
info|2019-11-15 19:57:07.513839|[g:1][CONSENSUS][SEALER]++++++++++++++++ Generating seal on,blkNum=8,tx=0,nodeIdx=2,hash=3f1d4f8b...
info|2019-11-15 19:57:07.517539|[g:1][CONSENSUS][PBFT]checkTimeout Succ,view=47,toView=48,nodeIdx=2,changeCycle=0,myNode=ad4f9855...,timecost=0.202
info|2019-11-15 19:57:07.518218|[g:1][CONSENSUS][PBFT]checkAndChangeView: Reach consensus,org_view=47,org_changeCycle=0,cur_changeCycle=0,to_view=48
info|2019-11-15 19:57:08.538081|[g:1][CONSENSUS]addRawPrepare,height=8,reqIdx=3,hash=0e7bee8e...
info|2019-11-15 19:57:08.538387|[g:1][CONSENSUS][PBFT]checkTimeout Succ,view=48,toView=49,nodeIdx=2,changeCycle=0,myNode=ad4f9855...,timecost=0.236
info|2019-11-15 19:57:08.550037|[g:1][CONSENSUS][PBFT]checkAndChangeView: Reach consensus,org_view=48,org_changeCycle=0,cur_changeCycle=0,to_view=49
info|2019-11-15 19:57:08.574095|[P2P][Service] heartBeat,connected count=3
info|2019-11-15 19:57:09.567765|[g:1][CONSENSUS]addRawPrepare,height=8,reqIdx=0,hash=136adde4...
info|2019-11-15 19:57:09.573547|[g:1][CONSENSUS][PBFT]checkTimeout Succ,view=49,toView=50,nodeIdx=2,changeCycle=0,myNode=ad4f9855...,timecost=1.668
info|2019-11-15 19:57:09.574344|[g:1][CONSENSUS][PBFT]checkAndChangeView: Reach consensus,org_view=49,org_changeCycle=0,cur_changeCycle=0,to_view=50
info|2019-11-15 19:57:10.570108|[g:1][CONSENSUS]addRawPrepare,height=8,reqIdx=1,hash=4397d83c...
info|2019-11-15 19:57:10.570348|[g:1][CONSENSUS][PBFT]checkTimeout Succ,view=50,toView=51,nodeIdx=2,changeCycle=0,myNode=ad4f9855...,timecost=0.175
info|2019-11-15 19:57:10.583537|[g:1][CONSENSUS][PBFT]checkAndChangeView: Reach consensus,org_view=50,org_changeCycle=0,cur_changeCycle=0,to_view=51
info|2019-11-15 19:57:11.587785|[g:1][CONSENSUS][SEALER]++++++++++++++++ Generating seal on,blkNum=8,tx=0,nodeIdx=2,hash=237b4372...
info|2019-11-15 19:57:11.588297|[g:1][CONSENSUS][PBFT]checkTimeout Succ,view=51,toView=52,nodeIdx=2,changeCycle=0,myNode=ad4f9855...,timecost=0.181
info|2019-11-15 19:57:11.594270|[g:1][CONSENSUS][PBFT]checkAndChangeView: Reach consensus,org_view=51,org_changeCycle=0,cur_changeCycle=0,to_view=52
info|2019-11-15 19:57:12.608306|[g:1][CONSENSUS]addRawPrepare,height=8,reqIdx=3,hash=af744cec...
info|2019-11-15 19:57:12.608553|[g:1][CONSENSUS][PBFT]checkTimeout Succ,view=52,toView=53,nodeIdx=2,changeCycle=0,myNode=ad4f9855...,timecost=0.178
info|2019-11-15 19:57:12.616760|[g:1][CONSENSUS][PBFT]checkAndChangeView: Reach consensus,org_view=52,org_changeCycle=0,cur_changeCycle=0,to_view=53
info|2019-11-15 19:57:13.614952|[g:1][CONSENSUS]addRawPrepare,height=8,reqIdx=0,hash=14997788...
info|2019-11-15 19:57:13.615224|[g:1][CONSENSUS][PBFT]checkTimeout Succ,view=53,toView=54,nodeIdx=2,changeCycle=0,myNode=ad4f9855...,timecost=0.179
info|2019-11-15 19:57:13.620444|[g:1][CONSENSUS][PBFT]checkAndChangeView: Reach consensus,org_view=53,org_changeCycle=0,cur_changeCycle=0,to_view=54
info|2019-11-15 19:57:14.621536|[g:1][CONSENSUS]addRawPrepare,height=8,reqIdx=1,hash=8a764729...
info|2019-11-15 19:57:14.621887|[g:1][CONSENSUS][PBFT]checkTimeout Succ,view=54,toView=55,nodeIdx=2,changeCycle=0,myNode=ad4f9855...,timecost=0.24
info|2019-11-15 19:57:14.627104|[g:1][CONSENSUS][PBFT]checkAndChangeView: Reach consensus,org_view=54,org_changeCycle=0,cur_changeCycle=0,to_view=55
info|2019-11-15 19:57:15.627211|[g:1][CONSENSUS][SEALER]++++++++++++++++ Generating seal on,blkNum=8,tx=0,nodeIdx=2,hash=b7140f9b...
info|2019-11-15 19:57:15.627794|[g:1][CONSENSUS][PBFT]checkTimeout Succ,view=55,toView=56,nodeIdx=2,changeCycle=0,myNode=ad4f9855...,timecost=0.19
info|2019-11-15 19:57:15.631795|[g:1][CONSENSUS][PBFT]checkAndChangeView: Reach consensus,org_view=55,org_changeCycle=0,cur_changeCycle=0,to_view=56
info|2019-11-15 19:57:16.638037|[g:1][CONSENSUS]addRawPrepare,height=8,reqIdx=3,hash=d9e856cf...
info|2019-11-15 19:57:16.638291|[g:1][CONSENSUS][PBFT]checkTimeout Succ,view=56,toView=57,nodeIdx=2,changeCycle=0,myNode=ad4f9855...,timecost=0.186
info|2019-11-15 19:57:16.641897|[g:1][CONSENSUS][PBFT]checkAndChangeView: Reach consensus,org_view=56,org_changeCycle=0,cur_changeCycle=0,to_view=57
info|2019-11-15 19:57:17.642197|[g:1][CONSENSUS]addRawPrepare,height=8,reqIdx=0,hash=8d016959...
info|2019-11-15 19:57:17.642441|[g:1][CONSENSUS][PBFT]checkTimeout Succ,view=57,toView=58,nodeIdx=2,changeCycle=0,myNode=ad4f9855...,timecost=0.178
info|2019-11-15 19:57:17.647516|[g:1][CONSENSUS][PBFT]checkAndChangeView: Reach consensus,org_view=57,org_changeCycle=0,cur_changeCycle=0,to_view=58
info|2019-11-15 19:57:18.574946|[P2P][Service] heartBeat,connected count=3
info|2019-11-15 19:57:18.648479|[g:1][CONSENSUS]addRawPrepare,height=8,reqIdx=1,hash=56cb8801...
info|2019-11-15 19:57:18.648727|[g:1][CONSENSUS][PBFT]checkTimeout Succ,view=58,toView=59,nodeIdx=2,changeCycle=0,myNode=ad4f9855...,timecost=0.185
info|2019-11-15 19:57:18.655088|[g:1][CONSENSUS][PBFT]checkAndChangeView: Reach consensus,org_view=58,org_changeCycle=0,cur_changeCycle=0,to_view=59
info|2019-11-15 19:57:19.655422|[g:1][CONSENSUS][SEALER]++++++++++++++++ Generating seal on,blkNum=8,tx=0,nodeIdx=2,hash=80741b7a...
info|2019-11-15 19:57:19.658761|[g:1][CONSENSUS][PBFT]checkTimeout Succ,view=59,toView=60,nodeIdx=2,changeCycle=0,myNode=ad4f9855...,timecost=0.188
info|2019-11-15 19:57:19.659306|[g:1][CONSENSUS][PBFT]checkAndChangeView: Reach consensus,org_view=59,org_changeCycle=0,cur_changeCycle=0,to_view=60
info|2019-11-15 19:57:20.664957|[g:1][CONSENSUS]addRawPrepare,height=8,reqIdx=3,hash=88d661ce...
info|2019-11-15 19:57:20.665222|[g:1][CONSENSUS][PBFT]checkTimeout Succ,view=60,toView=61,nodeIdx=2,changeCycle=0,myNode=ad4f9855...,timecost=0.191
info|2019-11-15 19:57:20.672368|[g:1][CONSENSUS][PBFT]checkAndChangeView: Reach consensus,org_view=60,org_changeCycle=0,cur_changeCycle=0,to_view=61
info|2019-11-15 19:57:21.672714|[g:1][CONSENSUS]addRawPrepare,height=8,reqIdx=0,hash=a169360e...
info|2019-11-15 19:57:21.672957|[g:1][CONSENSUS][PBFT]checkTimeout Succ,view=61,toView=62,nodeIdx=2,changeCycle=0,myNode=ad4f9855...,timecost=0.178
info|2019-11-15 19:57:21.676997|[g:1][CONSENSUS][PBFT]checkAndChangeView: Reach consensus,org_view=61,org_changeCycle=0,cur_changeCycle=0,to_view=62
info|2019-11-15 19:57:22.679505|[g:1][CONSENSUS]addRawPrepare,height=8,reqIdx=1,hash=49c9da53...
info|2019-11-15 19:57:22.679739|[g:1][CONSENSUS][PBFT]checkTimeout Succ,view=62,toView=63,nodeIdx=2,changeCycle=0,myNode=ad4f9855...,timecost=0.174
info|2019-11-15 19:57:22.685889|[g:1][CONSENSUS][PBFT]checkAndChangeView: Reach consensus,org_view=62,org_changeCycle=0,cur_changeCycle=0,to_view=63
info|2019-11-15 19:57:23.687024|[g:1][CONSENSUS][SEALER]++++++++++++++++ Generating seal on,blkNum=8,tx=0,nodeIdx=2,hash=a5ee4fa7...
info|2019-11-15 19:57:23.687598|[g:1][CONSENSUS][PBFT]checkTimeout Succ,view=63,toView=64,nodeIdx=2,changeCycle=0,myNode=ad4f9855...,timecost=0.187
info|2019-11-15 19:57:23.694167|[g:1][CONSENSUS][PBFT]checkAndChangeView: Reach consensus,org_view=63,org_changeCycle=0,cur_changeCycle=0,to_view=64
info|2019-11-15 19:57:24.694523|[g:1][CONSENSUS]addRawPrepare,height=8,reqIdx=3,hash=8c223acb...
info|2019-11-15 19:57:24.694767|[g:1][CONSENSUS][PBFT]checkTimeout Succ,view=64,toView=65,nodeIdx=2,changeCycle=0,myNode=ad4f9855...,timecost=0.175
info|2019-11-15 19:57:24.697767|[g:1][CONSENSUS][PBFT]checkAndChangeView: Reach consensus,org_view=64,org_changeCycle=0,cur_changeCycle=0,to_view=65
info|2019-11-15 19:57:25.701274|[g:1][CONSENSUS]addRawPrepare,height=8,reqIdx=0,hash=e801e8b7...
info|2019-11-15 19:57:25.701919|[g:1][CONSENSUS][PBFT]checkTimeout Succ,view=65,toView=66,nodeIdx=2,changeCycle=0,myNode=ad4f9855...,timecost=0.407
info|2019-11-15 19:57:25.706426|[g:1][CONSENSUS][PBFT]checkAndChangeView: Reach consensus,org_view=65,org_changeCycle=0,cur_changeCycle=0,to_view=66
info|2019-11-15 19:57:26.710769|[g:1][CONSENSUS]addRawPrepare,height=8,reqIdx=1,hash=f29e6fb3...
info|2019-11-15 19:57:26.711017|[g:1][CONSENSUS][PBFT]checkTimeout Succ,view=66,toView=67,nodeIdx=2,changeCycle=0,myNode=ad4f9855...,timecost=0.186
info|2019-11-15 19:57:26.714443|[g:1][CONSENSUS][PBFT]checkAndChangeView: Reach consensus,org_view=66,org_changeCycle=0,cur_changeCycle=0,to_view=67
info|2019-11-15 19:57:27.715275|[g:1][CONSENSUS][SEALER]++++++++++++++++ Generating seal on,blkNum=8,tx=0,nodeIdx=2,hash=a953fc1b...
info|2019-11-15 19:57:27.718735|[g:1][CONSENSUS][PBFT]checkTimeout Succ,view=67,toView=68,nodeIdx=2,changeCycle=0,myNode=ad4f9855...,timecost=0.185
info|2019-11-15 19:57:27.719317|[g:1][CONSENSUS][PBFT]checkAndChangeView: Reach consensus,org_view=67,org_changeCycle=0,cur_changeCycle=0,to_view=68
info|2019-11-15 19:57:28.575552|[P2P][Service] heartBeat,connected count=3
info|2019-11-15 19:57:28.723611|[g:1][CONSENSUS]addRawPrepare,height=8,reqIdx=3,hash=b965393a...
info|2019-11-15 19:57:28.723890|[g:1][CONSENSUS][PBFT]checkTimeout Succ,view=68,toView=69,nodeIdx=2,changeCycle=0,myNode=ad4f9855...,timecost=0.218
info|2019-11-15 19:57:28.728346|[g:1][CONSENSUS][PBFT]checkAndChangeView: Reach consensus,org_view=68,org_changeCycle=0,cur_changeCycle=0,to_view=69
info|2019-11-15 19:57:29.731714|[g:1][CONSENSUS]addRawPrepare,height=8,reqIdx=0,hash=4176a7f0...
info|2019-11-15 19:57:29.731968|[g:1][CONSENSUS][PBFT]checkTimeout Succ,view=69,toView=70,nodeIdx=2,changeCycle=0,myNode=ad4f9855...,timecost=0.188
info|2019-11-15 19:57:29.739696|[g:1][CONSENSUS][PBFT]checkAndChangeView: Reach consensus,org_view=69,org_changeCycle=0,cur_changeCycle=0,to_view=70
info|2019-11-15 19:57:30.742498|[g:1][CONSENSUS]addRawPrepare,height=8,reqIdx=1,hash=bceac63a...
info|2019-11-15 19:57:30.742741|[g:1][CONSENSUS][PBFT]checkTimeout Succ,view=70,toView=71,nodeIdx=2,changeCycle=0,myNode=ad4f9855...,timecost=0.174
info|2019-11-15 19:57:30.746408|[g:1][CONSENSUS][PBFT]checkAndChangeView: Reach consensus,org_view=70,org_changeCycle=0,cur_changeCycle=0,to_view=71
info|2019-11-15 19:57:31.746817|[g:1][CONSENSUS][SEALER]++++++++++++++++ Generating seal on,blkNum=8,tx=0,nodeIdx=2,hash=a2e31a6f...
info|2019-11-15 19:57:31.750560|[g:1][CONSENSUS][PBFT]checkTimeout Succ,view=71,toView=72,nodeIdx=2,changeCycle=0,myNode=ad4f9855...,timecost=0.724
info|2019-11-15 19:57:31.751139|[g:1][CONSENSUS][PBFT]checkAndChangeView: Reach consensus,org_view=71,org_changeCycle=0,cur_changeCycle=0,to_view=72
info|2019-11-15 19:57:32.757728|[g:1][CONSENSUS]addRawPrepare,height=8,reqIdx=3,hash=74e839e5...
info|2019-11-15 19:57:32.757981|[g:1][CONSENSUS][PBFT]checkTimeout Succ,view=72,toView=73,nodeIdx=2,changeCycle=0,myNode=ad4f9855...,timecost=0.191
info|2019-11-15 19:57:32.763056|[g:1][CONSENSUS][PBFT]checkAndChangeView: Reach consensus,org_view=72,org_changeCycle=0,cur_changeCycle=0,to_view=73
info|2019-11-15 19:57:33.744686|[NETWORK][Session]Received topic: [2	_block_notify_1] from 32db7d10e2c7fa645891f0943ad88c87f7d0ec66500b45632d53889d72ca80f2077a9280acde028f225f75af346a3fa4f75e37d8b596c2d5eb444c7bc283f925
info|2019-11-15 19:57:33.771335|[g:1][CONSENSUS]addRawPrepare,height=8,reqIdx=0,hash=ceae1fde...
info|2019-11-15 19:57:33.771675|[g:1][CONSENSUS][PBFT]checkTimeout Succ,view=73,toView=74,nodeIdx=2,changeCycle=0,myNode=ad4f9855...,timecost=0.281
info|2019-11-15 19:57:33.775700|[g:1][CONSENSUS][PBFT]checkAndChangeView: Reach consensus,org_view=73,org_changeCycle=0,cur_changeCycle=0,to_view=74
info|2019-11-15 19:57:34.781666|[g:1][CONSENSUS]addRawPrepare,height=8,reqIdx=1,hash=d042f2f6...
info|2019-11-15 19:57:34.781912|[g:1][CONSENSUS][PBFT]checkTimeout Succ,view=74,toView=75,nodeIdx=2,changeCycle=0,myNode=ad4f9855...,timecost=0.185
info|2019-11-15 19:57:34.782504|[g:1][CONSENSUS][PBFT]checkAndChangeView: Reach consensus,org_view=74,org_changeCycle=0,cur_changeCycle=0,to_view=75
info|2019-11-15 19:57:35.783352|[g:1][CONSENSUS][SEALER]++++++++++++++++ Generating seal on,blkNum=8,tx=0,nodeIdx=2,hash=828318af...
info|2019-11-15 19:57:35.787542|[g:1][CONSENSUS][PBFT]checkTimeout Succ,view=75,toView=76,nodeIdx=2,changeCycle=0,myNode=ad4f9855...,timecost=0.29
info|2019-11-15 19:57:35.796583|[g:1][CONSENSUS][PBFT]checkAndChangeView: Reach consensus,org_view=75,org_changeCycle=0,cur_changeCycle=0,to_view=76
info|2019-11-15 19:57:36.805565|[g:1][CONSENSUS]addRawPrepare,height=8,reqIdx=3,hash=1850639b...
info|2019-11-15 19:57:36.805832|[g:1][CONSENSUS][PBFT]checkTimeout Succ,view=76,toView=77,nodeIdx=2,changeCycle=0,myNode=ad4f9855...,timecost=0.194
info|2019-11-15 19:57:36.806919|[g:1][CONSENSUS][PBFT]checkAndChangeView: Reach consensus,org_view=76,org_changeCycle=0,cur_changeCycle=0,to_view=77
info|2019-11-15 19:57:37.815805|[g:1][CONSENSUS]addRawPrepare,height=8,reqIdx=0,hash=5ee5b3d0...
info|2019-11-15 19:57:37.816266|[g:1][CONSENSUS][PBFT]checkTimeout Succ,view=77,toView=78,nodeIdx=2,changeCycle=0,myNode=ad4f9855...,timecost=0.35
info|2019-11-15 19:57:37.825813|[g:1][CONSENSUS][PBFT]checkAndChangeView: Reach consensus,org_view=77,org_changeCycle=0,cur_changeCycle=0,to_view=78
info|2019-11-15 19:57:38.576289|[P2P][Service] heartBeat,connected count=3
info|2019-11-15 19:57:38.833861|[g:1][CONSENSUS]addRawPrepare,height=8,reqIdx=1,hash=636c207c...
info|2019-11-15 19:57:38.834104|[g:1][CONSENSUS][PBFT]checkTimeout Succ,view=78,toView=79,nodeIdx=2,changeCycle=0,myNode=ad4f9855...,timecost=0.174
info|2019-11-15 19:57:38.845020|[g:1][CONSENSUS][PBFT]checkAndChangeView: Reach consensus,org_view=78,org_changeCycle=0,cur_changeCycle=0,to_view=79
info|2019-11-15 19:57:39.846505|[g:1][CONSENSUS][SEALER]++++++++++++++++ Generating seal on,blkNum=8,tx=0,nodeIdx=2,hash=abe41fc9...
info|2019-11-15 19:57:39.847063|[g:1][CONSENSUS][PBFT]checkTimeout Succ,view=79,toView=80,nodeIdx=2,changeCycle=0,myNode=ad4f9855...,timecost=0.187
info|2019-11-15 19:57:39.857430|[g:1][CONSENSUS][PBFT]checkAndChangeView: Reach consensus,org_view=79,org_changeCycle=0,cur_changeCycle=0,to_view=80
info|2019-11-15 19:57:40.868146|[g:1][CONSENSUS]addRawPrepare,height=8,reqIdx=3,hash=af9ebbec...
info|2019-11-15 19:57:40.868384|[g:1][CONSENSUS][PBFT]checkTimeout Succ,view=80,toView=81,nodeIdx=2,changeCycle=0,myNode=ad4f9855...,timecost=0.177
info|2019-11-15 19:57:40.883932|[g:1][CONSENSUS][PBFT]checkAndChangeView: Reach consensus,org_view=80,org_changeCycle=0,cur_changeCycle=0,to_view=81
info|2019-11-15 19:57:41.882950|[g:1][CONSENSUS]addRawPrepare,height=8,reqIdx=0,hash=adcef895...
info|2019-11-15 19:57:41.883256|[g:1][CONSENSUS][PBFT]checkTimeout Succ,view=81,toView=82,nodeIdx=2,changeCycle=0,myNode=ad4f9855...,timecost=0.2
info|2019-11-15 19:57:41.893432|[g:1][CONSENSUS][PBFT]checkAndChangeView: Reach consensus,org_view=81,org_changeCycle=0,cur_changeCycle=0,to_view=82
info|2019-11-15 19:57:42.904029|[g:1][CONSENSUS]addRawPrepare,height=8,reqIdx=1,hash=20d171d8...
info|2019-11-15 19:57:42.904308|[g:1][CONSENSUS][PBFT]checkTimeout Succ,view=82,toView=83,nodeIdx=2,changeCycle=0,myNode=ad4f9855...,timecost=0.191
info|2019-11-15 19:57:42.914080|[g:1][CONSENSUS][PBFT]checkAndChangeView: Reach consensus,org_view=82,org_changeCycle=0,cur_changeCycle=0,to_view=83
info|2019-11-15 19:57:43.916378|[g:1][CONSENSUS][SEALER]++++++++++++++++ Generating seal on,blkNum=8,tx=0,nodeIdx=2,hash=43534b73...
info|2019-11-15 19:57:43.925959|[g:1][CONSENSUS][PBFT]checkTimeout Succ,view=83,toView=84,nodeIdx=2,changeCycle=0,myNode=ad4f9855...,timecost=0.273
info|2019-11-15 19:57:43.927250|[g:1][CONSENSUS][PBFT]checkAndChangeView: Reach consensus,org_view=83,org_changeCycle=0,cur_changeCycle=0,to_view=84
info|2019-11-15 19:57:44.925753|[g:1][CONSENSUS]addRawPrepare,height=8,reqIdx=3,hash=5cfd3127...
info|2019-11-15 19:57:44.926057|[g:1][CONSENSUS][PBFT]checkTimeout Succ,view=84,toView=85,nodeIdx=2,changeCycle=0,myNode=ad4f9855...,timecost=0.283
info|2019-11-15 19:57:44.929061|[g:1][CONSENSUS][PBFT]checkAndChangeView: Reach consensus,org_view=84,org_changeCycle=0,cur_changeCycle=0,to_view=85
info|2019-11-15 19:57:45.930058|[g:1][CONSENSUS]addRawPrepare,height=8,reqIdx=0,hash=c29973d7...
info|2019-11-15 19:57:45.930317|[g:1][CONSENSUS][PBFT]checkTimeout Succ,view=85,toView=86,nodeIdx=2,changeCycle=0,myNode=ad4f9855...,timecost=0.192
info|2019-11-15 19:57:45.933937|[g:1][CONSENSUS][PBFT]checkAndChangeView: Reach consensus,org_view=85,org_changeCycle=0,cur_changeCycle=0,to_view=86
info|2019-11-15 19:57:46.937537|[g:1][CONSENSUS]addRawPrepare,height=8,reqIdx=1,hash=1bd228aa...
info|2019-11-15 19:57:46.937751|[g:1][CONSENSUS][PBFT]checkTimeout Succ,view=86,toView=87,nodeIdx=2,changeCycle=0,myNode=ad4f9855...,timecost=0.191
info|2019-11-15 19:57:46.942901|[g:1][CONSENSUS][PBFT]checkAndChangeView: Reach consensus,org_view=86,org_changeCycle=0,cur_changeCycle=0,to_view=87
info|2019-11-15 19:57:47.944287|[g:1][CONSENSUS][SEALER]++++++++++++++++ Generating seal on,blkNum=8,tx=0,nodeIdx=2,hash=6734e945...
info|2019-11-15 19:57:47.960123|[g:1][CONSENSUS][PBFT]checkTimeout Succ,view=87,toView=88,nodeIdx=2,changeCycle=0,myNode=ad4f9855...,timecost=0.364
info|2019-11-15 19:57:47.962142|[g:1][CONSENSUS][PBFT]checkAndChangeView: Reach consensus,org_view=87,org_changeCycle=0,cur_changeCycle=0,to_view=88
info|2019-11-15 19:57:48.577073|[P2P][Service] heartBeat,connected count=3
info|2019-11-15 19:57:48.959002|[g:1][CONSENSUS]addRawPrepare,height=8,reqIdx=3,hash=41c30b2a...
info|2019-11-15 19:57:48.959284|[g:1][CONSENSUS][PBFT]checkTimeout Succ,view=88,toView=89,nodeIdx=2,changeCycle=0,myNode=ad4f9855...,timecost=0.257
info|2019-11-15 19:57:48.965231|[g:1][CONSENSUS][PBFT]checkAndChangeView: Reach consensus,org_view=88,org_changeCycle=0,cur_changeCycle=0,to_view=89
info|2019-11-15 19:57:49.974385|[g:1][CONSENSUS]addRawPrepare,height=8,reqIdx=0,hash=48ef3a36...
info|2019-11-15 19:57:49.974644|[g:1][CONSENSUS][PBFT]checkTimeout Succ,view=89,toView=90,nodeIdx=2,changeCycle=0,myNode=ad4f9855...,timecost=0.188
info|2019-11-15 19:57:49.983199|[g:1][CONSENSUS][PBFT]checkAndChangeView: Reach consensus,org_view=89,org_changeCycle=0,cur_changeCycle=0,to_view=90
info|2019-11-15 19:57:50.990747|[g:1][CONSENSUS]addRawPrepare,height=8,reqIdx=1,hash=989eee6c...
info|2019-11-15 19:57:50.990965|[g:1][CONSENSUS][PBFT]checkTimeout Succ,view=90,toView=91,nodeIdx=2,changeCycle=0,myNode=ad4f9855...,timecost=0.193
info|2019-11-15 19:57:50.991565|[g:1][CONSENSUS][PBFT]checkAndChangeView: Reach consensus,org_view=90,org_changeCycle=0,cur_changeCycle=0,to_view=91
info|2019-11-15 19:57:51.991691|[g:1][CONSENSUS][SEALER]++++++++++++++++ Generating seal on,blkNum=8,tx=0,nodeIdx=2,hash=2285d5f6...
info|2019-11-15 19:57:51.999034|[g:1][CONSENSUS][PBFT]checkTimeout Succ,view=91,toView=92,nodeIdx=2,changeCycle=0,myNode=ad4f9855...,timecost=0.206
info|2019-11-15 19:57:52.000000|[g:1][CONSENSUS][PBFT]checkAndChangeView: Reach consensus,org_view=91,org_changeCycle=0,cur_changeCycle=0,to_view=92
info|2019-11-15 19:57:53.000269|[g:1][CONSENSUS]addRawPrepare,height=8,reqIdx=3,hash=60df40bb...
info|2019-11-15 19:57:53.000572|[g:1][CONSENSUS][PBFT]checkTimeout Succ,view=92,toView=93,nodeIdx=2,changeCycle=0,myNode=ad4f9855...,timecost=0.246
info|2019-11-15 19:57:53.004773|[g:1][CONSENSUS][PBFT]checkAndChangeView: Reach consensus,org_view=92,org_changeCycle=0,cur_changeCycle=0,to_view=93
info|2019-11-15 19:57:54.006161|[g:1][CONSENSUS]addRawPrepare,height=8,reqIdx=0,hash=5b21a6b5...
info|2019-11-15 19:57:54.006416|[g:1][CONSENSUS][PBFT]checkTimeout Succ,view=93,toView=94,nodeIdx=2,changeCycle=0,myNode=ad4f9855...,timecost=0.18
info|2019-11-15 19:57:54.011339|[g:1][CONSENSUS][PBFT]checkAndChangeView: Reach consensus,org_view=93,org_changeCycle=0,cur_changeCycle=0,to_view=94
info|2019-11-15 19:57:55.018630|[g:1][CONSENSUS]addRawPrepare,height=8,reqIdx=1,hash=71524e8c...
info|2019-11-15 19:57:55.018906|[g:1][CONSENSUS][PBFT]checkTimeout Succ,view=94,toView=95,nodeIdx=2,changeCycle=0,myNode=ad4f9855...,timecost=0.25
info|2019-11-15 19:57:55.026944|[g:1][CONSENSUS][PBFT]checkAndChangeView: Reach consensus,org_view=94,org_changeCycle=0,cur_changeCycle=0,to_view=95
info|2019-11-15 19:57:56.026342|[g:1][CONSENSUS][SEALER]++++++++++++++++ Generating seal on,blkNum=8,tx=0,nodeIdx=2,hash=7ae5c330...
info|2019-11-15 19:57:56.032499|[g:1][CONSENSUS][PBFT]checkTimeout Succ,view=95,toView=96,nodeIdx=2,changeCycle=0,myNode=ad4f9855...,timecost=0.231
info|2019-11-15 19:57:56.033587|[g:1][CONSENSUS][PBFT]checkAndChangeView: Reach consensus,org_view=95,org_changeCycle=0,cur_changeCycle=0,to_view=96
info|2019-11-15 19:57:57.031797|[g:1][CONSENSUS]addRawPrepare,height=8,reqIdx=3,hash=e987ec4e...
info|2019-11-15 19:57:57.032154|[g:1][CONSENSUS][PBFT]checkTimeout Succ,view=96,toView=97,nodeIdx=2,changeCycle=0,myNode=ad4f9855...,timecost=0.335
info|2019-11-15 19:57:57.036262|[g:1][CONSENSUS][PBFT]checkAndChangeView: Reach consensus,org_view=96,org_changeCycle=0,cur_changeCycle=0,to_view=97
info|2019-11-15 19:57:58.038469|[g:1][CONSENSUS]addRawPrepare,height=8,reqIdx=0,hash=c6c75203...
info|2019-11-15 19:57:58.038802|[g:1][CONSENSUS][PBFT]checkTimeout Succ,view=97,toView=98,nodeIdx=2,changeCycle=0,myNode=ad4f9855...,timecost=0.268
info|2019-11-15 19:57:58.045433|[g:1][CONSENSUS][PBFT]checkAndChangeView: Reach consensus,org_view=97,org_changeCycle=0,cur_changeCycle=0,to_view=98
info|2019-11-15 19:57:58.577435|[P2P][Service] heartBeat,connected count=3
info|2019-11-15 19:57:59.048537|[g:1][CONSENSUS]addRawPrepare,height=8,reqIdx=1,hash=ccd11a7c...
info|2019-11-15 19:57:59.048742|[g:1][CONSENSUS][PBFT]checkTimeout Succ,view=98,toView=99,nodeIdx=2,changeCycle=0,myNode=ad4f9855...,timecost=0.185
info|2019-11-15 19:57:59.050066|[g:1][CONSENSUS][PBFT]checkAndChangeView: Reach consensus,org_view=98,org_changeCycle=0,cur_changeCycle=0,to_view=99
info|2019-11-15 19:58:00.052262|[g:1][CONSENSUS][SEALER]++++++++++++++++ Generating seal on,blkNum=8,tx=0,nodeIdx=2,hash=c23e5a8c...
info|2019-11-15 19:58:00.058840|[g:1][CONSENSUS][PBFT]checkTimeout Succ,view=99,toView=100,nodeIdx=2,changeCycle=0,myNode=ad4f9855...,timecost=0.198
info|2019-11-15 19:58:00.059458|[g:1][CONSENSUS][PBFT]checkAndChangeView: Reach consensus,org_view=99,org_changeCycle=0,cur_changeCycle=0,to_view=100
info|2019-11-15 19:58:01.073511|[g:1][CONSENSUS]addRawPrepare,height=8,reqIdx=3,hash=f70f6923...
info|2019-11-15 19:58:01.073773|[g:1][CONSENSUS][PBFT]checkTimeout Succ,view=100,toView=101,nodeIdx=2,changeCycle=0,myNode=ad4f9855...,timecost=0.189
info|2019-11-15 19:58:01.085445|[g:1][CONSENSUS][PBFT]checkAndChangeView: Reach consensus,org_view=100,org_changeCycle=0,cur_changeCycle=0,to_view=101
info|2019-11-15 19:58:02.083451|[g:1][CONSENSUS]addRawPrepare,height=8,reqIdx=0,hash=680c0da8...
info|2019-11-15 19:58:02.089204|[g:1][CONSENSUS][PBFT]checkTimeout Succ,view=101,toView=102,nodeIdx=2,changeCycle=0,myNode=ad4f9855...,timecost=5.672
info|2019-11-15 19:58:02.089829|[g:1][CONSENSUS][PBFT]checkAndChangeView: Reach consensus,org_view=101,org_changeCycle=0,cur_changeCycle=0,to_view=102
info|2019-11-15 19:58:03.093215|[g:1][CONSENSUS]addRawPrepare,height=8,reqIdx=1,hash=dc2d3b9c...
info|2019-11-15 19:58:03.093421|[g:1][CONSENSUS][PBFT]checkTimeout Succ,view=102,toView=103,nodeIdx=2,changeCycle=0,myNode=ad4f9855...,timecost=0.186
info|2019-11-15 19:58:03.097687|[g:1][CONSENSUS][PBFT]checkAndChangeView: Reach consensus,org_view=102,org_changeCycle=0,cur_changeCycle=0,to_view=103
info|2019-11-15 19:58:04.098239|[g:1][CONSENSUS][SEALER]++++++++++++++++ Generating seal on,blkNum=8,tx=0,nodeIdx=2,hash=74e78abe...
info|2019-11-15 19:58:04.108892|[g:1][CONSENSUS][PBFT]checkTimeout Succ,view=103,toView=104,nodeIdx=2,changeCycle=0,myNode=ad4f9855...,timecost=0.253
info|2019-11-15 19:58:04.110063|[g:1][CONSENSUS][PBFT]checkAndChangeView: Reach consensus,org_view=103,org_changeCycle=0,cur_changeCycle=0,to_view=104
info|2019-11-15 19:58:05.110661|[g:1][CONSENSUS]addRawPrepare,height=8,reqIdx=3,hash=f3f5aa98...
info|2019-11-15 19:58:05.110887|[g:1][CONSENSUS][PBFT]checkTimeout Succ,view=104,toView=105,nodeIdx=2,changeCycle=0,myNode=ad4f9855...,timecost=0.202
info|2019-11-15 19:58:05.113109|[g:1][CONSENSUS][PBFT]checkAndChangeView: Reach consensus,org_view=104,org_changeCycle=0,cur_changeCycle=0,to_view=105
info|2019-11-15 19:58:06.116160|[g:1][CONSENSUS]addRawPrepare,height=8,reqIdx=0,hash=33c80b01...
info|2019-11-15 19:58:06.116480|[g:1][CONSENSUS][PBFT]checkTimeout Succ,view=105,toView=106,nodeIdx=2,changeCycle=0,myNode=ad4f9855...,timecost=0.251
info|2019-11-15 19:58:06.120508|[g:1][CONSENSUS][PBFT]checkAndChangeView: Reach consensus,org_view=105,org_changeCycle=0,cur_changeCycle=0,to_view=106
info|2019-11-15 19:58:07.121103|[g:1][CONSENSUS]addRawPrepare,height=8,reqIdx=1,hash=887cc97f...
info|2019-11-15 19:58:07.121306|[g:1][CONSENSUS][PBFT]checkTimeout Succ,view=106,toView=107,nodeIdx=2,changeCycle=0,myNode=ad4f9855...,timecost=0.183
info|2019-11-15 19:58:07.122332|[g:1][CONSENSUS][PBFT]checkAndChangeView: Reach consensus,org_view=106,org_changeCycle=0,cur_changeCycle=0,to_view=107
info|2019-11-15 19:58:08.122722|[g:1][CONSENSUS][SEALER]++++++++++++++++ Generating seal on,blkNum=8,tx=0,nodeIdx=2,hash=afc7f8a5...
info|2019-11-15 19:58:08.130975|[g:1][CONSENSUS][PBFT]checkTimeout Succ,view=107,toView=108,nodeIdx=2,changeCycle=0,myNode=ad4f9855...,timecost=0.198
info|2019-11-15 19:58:08.132356|[g:1][CONSENSUS][PBFT]checkAndChangeView: Reach consensus,org_view=107,org_changeCycle=0,cur_changeCycle=0,to_view=108
info|2019-11-15 19:58:08.577793|[P2P][Service] heartBeat,connected count=3
info|2019-11-15 19:58:09.130209|[g:1][CONSENSUS]addRawPrepare,height=8,reqIdx=3,hash=ee2cd8d0...
info|2019-11-15 19:58:09.130431|[g:1][CONSENSUS][PBFT]checkTimeout Succ,view=108,toView=109,nodeIdx=2,changeCycle=0,myNode=ad4f9855...,timecost=0.198
info|2019-11-15 19:58:09.134082|[g:1][CONSENSUS][PBFT]checkAndChangeView: Reach consensus,org_view=108,org_changeCycle=0,cur_changeCycle=0,to_view=109
info|2019-11-15 19:58:10.140290|[g:1][CONSENSUS]addRawPrepare,height=8,reqIdx=0,hash=a485322b...
info|2019-11-15 19:58:10.140547|[g:1][CONSENSUS][PBFT]checkTimeout Succ,view=109,toView=110,nodeIdx=2,changeCycle=0,myNode=ad4f9855...,timecost=0.18
info|2019-11-15 19:58:10.143344|[g:1][CONSENSUS][PBFT]checkAndChangeView: Reach consensus,org_view=109,org_changeCycle=0,cur_changeCycle=0,to_view=110
info|2019-11-15 19:58:11.186281|[g:1][CONSENSUS]addRawPrepare,height=8,reqIdx=1,hash=84e7534f...
info|2019-11-15 19:58:11.186558|[g:1][CONSENSUS][PBFT]checkTimeout Succ,view=110,toView=111,nodeIdx=2,changeCycle=0,myNode=ad4f9855...,timecost=0.257
info|2019-11-15 19:58:11.188660|[g:1][CONSENSUS][PBFT]checkAndChangeView: Reach consensus,org_view=110,org_changeCycle=0,cur_changeCycle=0,to_view=111
info|2019-11-15 19:58:12.188786|[g:1][CONSENSUS][SEALER]++++++++++++++++ Generating seal on,blkNum=8,tx=0,nodeIdx=2,hash=30d60d93...
info|2019-11-15 19:58:12.196002|[g:1][CONSENSUS][PBFT]checkTimeout Succ,view=111,toView=112,nodeIdx=2,changeCycle=0,myNode=ad4f9855...,timecost=0.248
info|2019-11-15 19:58:12.197332|[g:1][CONSENSUS][PBFT]checkAndChangeView: Reach consensus,org_view=111,org_changeCycle=0,cur_changeCycle=0,to_view=112
info|2019-11-15 19:58:13.197826|[g:1][CONSENSUS]addRawPrepare,height=8,reqIdx=3,hash=57038b07...
info|2019-11-15 19:58:13.198033|[g:1][CONSENSUS][PBFT]checkTimeout Succ,view=112,toView=113,nodeIdx=2,changeCycle=0,myNode=ad4f9855...,timecost=0.185
info|2019-11-15 19:58:13.199010|[g:1][CONSENSUS][PBFT]checkAndChangeView: Reach consensus,org_view=112,org_changeCycle=0,cur_changeCycle=0,to_view=113
info|2019-11-15 19:58:14.201049|[g:1][CONSENSUS]addRawPrepare,height=8,reqIdx=0,hash=2271bebd...
info|2019-11-15 19:58:14.201303|[g:1][CONSENSUS][PBFT]checkTimeout Succ,view=113,toView=114,nodeIdx=2,changeCycle=0,myNode=ad4f9855...,timecost=0.177
info|2019-11-15 19:58:14.204822|[g:1][CONSENSUS][PBFT]checkAndChangeView: Reach consensus,org_view=113,org_changeCycle=0,cur_changeCycle=0,to_view=114
info|2019-11-15 19:58:15.206605|[g:1][CONSENSUS]addRawPrepare,height=8,reqIdx=1,hash=4316065b...
info|2019-11-15 19:58:15.206811|[g:1][CONSENSUS][PBFT]checkTimeout Succ,view=114,toView=115,nodeIdx=2,changeCycle=0,myNode=ad4f9855...,timecost=0.184
info|2019-11-15 19:58:15.209030|[g:1][CONSENSUS][PBFT]checkAndChangeView: Reach consensus,org_view=114,org_changeCycle=0,cur_changeCycle=0,to_view=115
info|2019-11-15 19:58:16.209515|[g:1][CONSENSUS][SEALER]++++++++++++++++ Generating seal on,blkNum=8,tx=0,nodeIdx=2,hash=f0f8eab9...
info|2019-11-15 19:58:16.215496|[g:1][CONSENSUS][PBFT]checkTimeout Succ,view=115,toView=116,nodeIdx=2,changeCycle=0,myNode=ad4f9855...,timecost=0.213
info|2019-11-15 19:58:16.216453|[g:1][CONSENSUS][PBFT]checkAndChangeView: Reach consensus,org_view=115,org_changeCycle=0,cur_changeCycle=0,to_view=116
info|2019-11-15 19:58:17.217600|[g:1][CONSENSUS]addRawPrepare,height=8,reqIdx=3,hash=5fe9c384...
info|2019-11-15 19:58:17.217795|[g:1][CONSENSUS][PBFT]checkTimeout Succ,view=116,toView=117,nodeIdx=2,changeCycle=0,myNode=ad4f9855...,timecost=0.175
info|2019-11-15 19:58:17.219146|[g:1][CONSENSUS][PBFT]checkAndChangeView: Reach consensus,org_view=116,org_changeCycle=0,cur_changeCycle=0,to_view=117
info|2019-11-15 19:58:18.220955|[g:1][CONSENSUS]addRawPrepare,height=8,reqIdx=0,hash=3a72fb2b...
info|2019-11-15 19:58:18.221283|[g:1][CONSENSUS][PBFT]checkTimeout Succ,view=117,toView=118,nodeIdx=2,changeCycle=0,myNode=ad4f9855...,timecost=0.184
info|2019-11-15 19:58:18.225724|[g:1][CONSENSUS][PBFT]checkAndChangeView: Reach consensus,org_view=117,org_changeCycle=0,cur_changeCycle=0,to_view=118
info|2019-11-15 19:58:18.577992|[P2P][Service] heartBeat,connected count=3
info|2019-11-15 19:58:19.228214|[g:1][CONSENSUS]addRawPrepare,height=8,reqIdx=1,hash=1abb1886...
info|2019-11-15 19:58:19.228422|[g:1][CONSENSUS][PBFT]checkTimeout Succ,view=118,toView=119,nodeIdx=2,changeCycle=0,myNode=ad4f9855...,timecost=0.186
info|2019-11-15 19:58:19.229810|[g:1][CONSENSUS][PBFT]checkAndChangeView: Reach consensus,org_view=118,org_changeCycle=0,cur_changeCycle=0,to_view=119
info|2019-11-15 19:58:20.230876|[g:1][CONSENSUS][SEALER]++++++++++++++++ Generating seal on,blkNum=8,tx=0,nodeIdx=2,hash=afc0c05f...
info|2019-11-15 19:58:20.236296|[g:1][CONSENSUS][PBFT]checkTimeout Succ,view=119,toView=120,nodeIdx=2,changeCycle=0,myNode=ad4f9855...,timecost=0.176
info|2019-11-15 19:58:20.236867|[g:1][CONSENSUS][PBFT]checkAndChangeView: Reach consensus,org_view=119,org_changeCycle=0,cur_changeCycle=0,to_view=120
info|2019-11-15 19:58:21.280093|[g:1][CONSENSUS]addRawPrepare,height=8,reqIdx=3,hash=0ddaacce...
info|2019-11-15 19:58:21.280321|[g:1][CONSENSUS][PBFT]checkTimeout Succ,view=120,toView=121,nodeIdx=2,changeCycle=0,myNode=ad4f9855...,timecost=0.19
info|2019-11-15 19:58:21.282596|[g:1][CONSENSUS][PBFT]checkAndChangeView: Reach consensus,org_view=120,org_changeCycle=0,cur_changeCycle=0,to_view=121
info|2019-11-15 19:58:22.284251|[g:1][CONSENSUS]addRawPrepare,height=8,reqIdx=0,hash=8b778931...
info|2019-11-15 19:58:22.284555|[g:1][CONSENSUS][PBFT]checkTimeout Succ,view=121,toView=122,nodeIdx=2,changeCycle=0,myNode=ad4f9855...,timecost=0.237
info|2019-11-15 19:58:22.287941|[g:1][CONSENSUS][PBFT]checkAndChangeView: Reach consensus,org_view=121,org_changeCycle=0,cur_changeCycle=0,to_view=122
info|2019-11-15 19:58:23.293763|[g:1][CONSENSUS]addRawPrepare,height=8,reqIdx=1,hash=df7942e2...
info|2019-11-15 19:58:23.293985|[g:1][CONSENSUS][PBFT]checkTimeout Succ,view=122,toView=123,nodeIdx=2,changeCycle=0,myNode=ad4f9855...,timecost=0.201
info|2019-11-15 19:58:23.295075|[g:1][CONSENSUS][PBFT]checkAndChangeView: Reach consensus,org_view=122,org_changeCycle=0,cur_changeCycle=0,to_view=123
info|2019-11-15 19:58:24.297400|[g:1][CONSENSUS][SEALER]++++++++++++++++ Generating seal on,blkNum=8,tx=0,nodeIdx=2,hash=3f04b59e...
info|2019-11-15 19:58:24.304307|[g:1][CONSENSUS][PBFT]checkTimeout Succ,view=123,toView=124,nodeIdx=2,changeCycle=0,myNode=ad4f9855...,timecost=0.192
info|2019-11-15 19:58:24.305486|[g:1][CONSENSUS][PBFT]checkAndChangeView: Reach consensus,org_view=123,org_changeCycle=0,cur_changeCycle=0,to_view=124
info|2019-11-15 19:58:25.304524|[g:1][CONSENSUS]addRawPrepare,height=8,reqIdx=3,hash=fd9e0a19...
info|2019-11-15 19:58:25.304746|[g:1][CONSENSUS][PBFT]checkTimeout Succ,view=124,toView=125,nodeIdx=2,changeCycle=0,myNode=ad4f9855...,timecost=0.198
info|2019-11-15 19:58:25.305836|[g:1][CONSENSUS][PBFT]checkAndChangeView: Reach consensus,org_view=124,org_changeCycle=0,cur_changeCycle=0,to_view=125
info|2019-11-15 19:58:26.307923|[g:1][CONSENSUS]addRawPrepare,height=8,reqIdx=0,hash=0ba4e930...
info|2019-11-15 19:58:26.311337|[g:1][CONSENSUS][PBFT]checkTimeout Succ,view=125,toView=126,nodeIdx=2,changeCycle=0,myNode=ad4f9855...,timecost=3.345
info|2019-11-15 19:58:26.313116|[g:1][CONSENSUS][PBFT]checkAndChangeView: Reach consensus,org_view=125,org_changeCycle=0,cur_changeCycle=0,to_view=126
info|2019-11-15 19:58:27.314180|[g:1][CONSENSUS]addRawPrepare,height=8,reqIdx=1,hash=b3a98285...
info|2019-11-15 19:58:27.314385|[g:1][CONSENSUS][PBFT]checkTimeout Succ,view=126,toView=127,nodeIdx=2,changeCycle=0,myNode=ad4f9855...,timecost=0.184
info|2019-11-15 19:58:27.315394|[g:1][CONSENSUS][PBFT]checkAndChangeView: Reach consensus,org_view=126,org_changeCycle=0,cur_changeCycle=0,to_view=127
info|2019-11-15 19:58:28.316000|[g:1][CONSENSUS][SEALER]++++++++++++++++ Generating seal on,blkNum=8,tx=0,nodeIdx=2,hash=aee317b4...
info|2019-11-15 19:58:28.321746|[g:1][CONSENSUS][PBFT]checkTimeout Succ,view=127,toView=128,nodeIdx=2,changeCycle=0,myNode=ad4f9855...,timecost=0.186
info|2019-11-15 19:58:28.322577|[g:1][CONSENSUS][PBFT]checkAndChangeView: Reach consensus,org_view=127,org_changeCycle=0,cur_changeCycle=0,to_view=128
info|2019-11-15 19:58:28.578865|[P2P][Service] heartBeat,connected count=3
info|2019-11-15 19:58:29.322342|[g:1][CONSENSUS]addRawPrepare,height=8,reqIdx=3,hash=1820dad7...
info|2019-11-15 19:58:29.322578|[g:1][CONSENSUS][PBFT]checkTimeout Succ,view=128,toView=129,nodeIdx=2,changeCycle=0,myNode=ad4f9855...,timecost=0.211
info|2019-11-15 19:58:29.324729|[g:1][CONSENSUS][PBFT]checkAndChangeView: Reach consensus,org_view=128,org_changeCycle=0,cur_changeCycle=0,to_view=129
info|2019-11-15 19:58:30.325619|[g:1][CONSENSUS]addRawPrepare,height=8,reqIdx=0,hash=0b346280...
info|2019-11-15 19:58:30.325875|[g:1][CONSENSUS][PBFT]checkTimeout Succ,view=129,toView=130,nodeIdx=2,changeCycle=0,myNode=ad4f9855...,timecost=0.181
info|2019-11-15 19:58:30.329640|[g:1][CONSENSUS][PBFT]checkAndChangeView: Reach consensus,org_view=129,org_changeCycle=0,cur_changeCycle=0,to_view=130
info|2019-11-15 19:58:31.333423|[g:1][CONSENSUS]addRawPrepare,height=8,reqIdx=1,hash=f157f831...
info|2019-11-15 19:58:31.333628|[g:1][CONSENSUS][PBFT]checkTimeout Succ,view=130,toView=131,nodeIdx=2,changeCycle=0,myNode=ad4f9855...,timecost=0.185
info|2019-11-15 19:58:31.334778|[g:1][CONSENSUS][PBFT]checkAndChangeView: Reach consensus,org_view=130,org_changeCycle=0,cur_changeCycle=0,to_view=131
info|2019-11-15 19:58:32.336828|[g:1][CONSENSUS][SEALER]++++++++++++++++ Generating seal on,blkNum=8,tx=0,nodeIdx=2,hash=35c261f4...
info|2019-11-15 19:58:32.343247|[g:1][CONSENSUS][PBFT]checkTimeout Succ,view=131,toView=132,nodeIdx=2,changeCycle=0,myNode=ad4f9855...,timecost=0.216
info|2019-11-15 19:58:32.344192|[g:1][CONSENSUS][PBFT]checkAndChangeView: Reach consensus,org_view=131,org_changeCycle=0,cur_changeCycle=0,to_view=132
info|2019-11-15 19:58:33.343739|[g:1][CONSENSUS]addRawPrepare,height=8,reqIdx=3,hash=0b2ecb56...
info|2019-11-15 19:58:33.343960|[g:1][CONSENSUS][PBFT]checkTimeout Succ,view=132,toView=133,nodeIdx=2,changeCycle=0,myNode=ad4f9855...,timecost=0.198
info|2019-11-15 19:58:33.346199|[g:1][CONSENSUS][PBFT]checkAndChangeView: Reach consensus,org_view=132,org_changeCycle=0,cur_changeCycle=0,to_view=133
info|2019-11-15 19:58:34.347799|[g:1][CONSENSUS]addRawPrepare,height=8,reqIdx=0,hash=7886e48b...
info|2019-11-15 19:58:34.348059|[g:1][CONSENSUS][PBFT]checkTimeout Succ,view=133,toView=134,nodeIdx=2,changeCycle=0,myNode=ad4f9855...,timecost=0.184
info|2019-11-15 19:58:34.351460|[g:1][CONSENSUS][PBFT]checkAndChangeView: Reach consensus,org_view=133,org_changeCycle=0,cur_changeCycle=0,to_view=134
info|2019-11-15 19:58:35.355752|[g:1][CONSENSUS]addRawPrepare,height=8,reqIdx=1,hash=05cc0efc...
info|2019-11-15 19:58:35.355961|[g:1][CONSENSUS][PBFT]checkTimeout Succ,view=134,toView=135,nodeIdx=2,changeCycle=0,myNode=ad4f9855...,timecost=0.186
info|2019-11-15 19:58:35.358680|[g:1][CONSENSUS][PBFT]checkAndChangeView: Reach consensus,org_view=134,org_changeCycle=0,cur_changeCycle=0,to_view=135
info|2019-11-15 19:58:36.359752|[g:1][CONSENSUS][SEALER]++++++++++++++++ Generating seal on,blkNum=8,tx=0,nodeIdx=2,hash=2cb8ebed...
info|2019-11-15 19:58:36.373141|[g:1][CONSENSUS][PBFT]checkTimeout Succ,view=135,toView=136,nodeIdx=2,changeCycle=0,myNode=ad4f9855...,timecost=0.228
info|2019-11-15 19:58:36.374267|[g:1][CONSENSUS][PBFT]checkAndChangeView: Reach consensus,org_view=135,org_changeCycle=0,cur_changeCycle=0,to_view=136
info|2019-11-15 19:58:37.372933|[g:1][CONSENSUS]addRawPrepare,height=8,reqIdx=3,hash=fe51e885...
info|2019-11-15 19:58:37.373144|[g:1][CONSENSUS][PBFT]checkTimeout Succ,view=136,toView=137,nodeIdx=2,changeCycle=0,myNode=ad4f9855...,timecost=0.187
info|2019-11-15 19:58:37.374932|[g:1][CONSENSUS][PBFT]checkAndChangeView: Reach consensus,org_view=136,org_changeCycle=0,cur_changeCycle=0,to_view=137
info|2019-11-15 19:58:38.377695|[g:1][CONSENSUS]addRawPrepare,height=8,reqIdx=0,hash=0be6fcaa...
info|2019-11-15 19:58:38.377940|[g:1][CONSENSUS][PBFT]checkTimeout Succ,view=137,toView=138,nodeIdx=2,changeCycle=0,myNode=ad4f9855...,timecost=0.179
info|2019-11-15 19:58:38.382124|[g:1][CONSENSUS][PBFT]checkAndChangeView: Reach consensus,org_view=137,org_changeCycle=0,cur_changeCycle=0,to_view=138
info|2019-11-15 19:58:38.579069|[P2P][Service] heartBeat,connected count=3
info|2019-11-15 19:58:39.384914|[g:1][CONSENSUS]addRawPrepare,height=8,reqIdx=1,hash=851f5d4f...
info|2019-11-15 19:58:39.385123|[g:1][CONSENSUS][PBFT]checkTimeout Succ,view=138,toView=139,nodeIdx=2,changeCycle=0,myNode=ad4f9855...,timecost=0.187
info|2019-11-15 19:58:39.387343|[g:1][CONSENSUS][PBFT]checkAndChangeView: Reach consensus,org_view=138,org_changeCycle=0,cur_changeCycle=0,to_view=139
info|2019-11-15 19:58:40.387739|[g:1][CONSENSUS][SEALER]++++++++++++++++ Generating seal on,blkNum=8,tx=0,nodeIdx=2,hash=ac72ccdc...
info|2019-11-15 19:58:40.393626|[g:1][CONSENSUS][PBFT]checkTimeout Succ,view=139,toView=140,nodeIdx=2,changeCycle=0,myNode=ad4f9855...,timecost=0.198
info|2019-11-15 19:58:40.394358|[g:1][CONSENSUS][PBFT]checkAndChangeView: Reach consensus,org_view=139,org_changeCycle=0,cur_changeCycle=0,to_view=140
info|2019-11-15 19:58:41.395471|[g:1][CONSENSUS]addRawPrepare,height=8,reqIdx=3,hash=d46ac5ca...
info|2019-11-15 19:58:41.395767|[g:1][CONSENSUS][PBFT]checkTimeout Succ,view=140,toView=141,nodeIdx=2,changeCycle=0,myNode=ad4f9855...,timecost=0.331
info|2019-11-15 19:58:41.397767|[g:1][CONSENSUS][PBFT]checkAndChangeView: Reach consensus,org_view=140,org_changeCycle=0,cur_changeCycle=0,to_view=141
info|2019-11-15 19:58:42.399971|[g:1][CONSENSUS]addRawPrepare,height=8,reqIdx=0,hash=69a9f413...
info|2019-11-15 19:58:42.400235|[g:1][CONSENSUS][PBFT]checkTimeout Succ,view=141,toView=142,nodeIdx=2,changeCycle=0,myNode=ad4f9855...,timecost=0.181
info|2019-11-15 19:58:42.404135|[g:1][CONSENSUS][PBFT]checkAndChangeView: Reach consensus,org_view=141,org_changeCycle=0,cur_changeCycle=0,to_view=142
info|2019-11-15 19:58:43.404947|[g:1][CONSENSUS]addRawPrepare,height=8,reqIdx=1,hash=bdc9ab30...
info|2019-11-15 19:58:43.405152|[g:1][CONSENSUS][PBFT]checkTimeout Succ,view=142,toView=143,nodeIdx=2,changeCycle=0,myNode=ad4f9855...,timecost=0.185
info|2019-11-15 19:58:43.412247|[g:1][CONSENSUS][PBFT]checkAndChangeView: Reach consensus,org_view=142,org_changeCycle=0,cur_changeCycle=0,to_view=143
info|2019-11-15 19:58:44.428198|[g:1][CONSENSUS][SEALER]++++++++++++++++ Generating seal on,blkNum=8,tx=0,nodeIdx=2,hash=4e258ef6...
info|2019-11-15 19:58:44.439862|[g:1][CONSENSUS][PBFT]checkTimeout Succ,view=143,toView=144,nodeIdx=2,changeCycle=0,myNode=ad4f9855...,timecost=0.186
info|2019-11-15 19:58:44.441644|[g:1][CONSENSUS][PBFT]checkAndChangeView: Reach consensus,org_view=143,org_changeCycle=0,cur_changeCycle=0,to_view=144
info|2019-11-15 19:58:45.448050|[g:1][CONSENSUS]addRawPrepare,height=8,reqIdx=3,hash=5e3ae96c...
info|2019-11-15 19:58:45.448322|[g:1][CONSENSUS][PBFT]checkTimeout Succ,view=144,toView=145,nodeIdx=2,changeCycle=0,myNode=ad4f9855...,timecost=0.212
info|2019-11-15 19:58:45.450718|[g:1][CONSENSUS][PBFT]checkAndChangeView: Reach consensus,org_view=144,org_changeCycle=0,cur_changeCycle=0,to_view=145
info|2019-11-15 19:58:46.452548|[g:1][CONSENSUS]addRawPrepare,height=8,reqIdx=0,hash=cb3c7c85...
info|2019-11-15 19:58:46.452939|[g:1][CONSENSUS][PBFT]checkTimeout Succ,view=145,toView=146,nodeIdx=2,changeCycle=0,myNode=ad4f9855...,timecost=0.272
info|2019-11-15 19:58:46.456141|[g:1][CONSENSUS][PBFT]checkAndChangeView: Reach consensus,org_view=145,org_changeCycle=0,cur_changeCycle=0,to_view=146
info|2019-11-15 19:58:47.458893|[g:1][CONSENSUS]addRawPrepare,height=8,reqIdx=1,hash=2120edce...
info|2019-11-15 19:58:47.459097|[g:1][CONSENSUS][PBFT]checkTimeout Succ,view=146,toView=147,nodeIdx=2,changeCycle=0,myNode=ad4f9855...,timecost=0.184
info|2019-11-15 19:58:47.460154|[g:1][CONSENSUS][PBFT]checkAndChangeView: Reach consensus,org_view=146,org_changeCycle=0,cur_changeCycle=0,to_view=147
info|2019-11-15 19:58:48.460185|[g:1][CONSENSUS][SEALER]++++++++++++++++ Generating seal on,blkNum=8,tx=0,nodeIdx=2,hash=f5cb76fc...
info|2019-11-15 19:58:48.466239|[g:1][CONSENSUS][PBFT]checkTimeout Succ,view=147,toView=148,nodeIdx=2,changeCycle=0,myNode=ad4f9855...,timecost=0.184
info|2019-11-15 19:58:48.467092|[g:1][CONSENSUS][PBFT]checkAndChangeView: Reach consensus,org_view=147,org_changeCycle=0,cur_changeCycle=0,to_view=148
info|2019-11-15 19:58:48.579125|[P2P][Service] heartBeat,connected count=3
info|2019-11-15 19:58:49.467365|[g:1][CONSENSUS]addRawPrepare,height=8,reqIdx=3,hash=47123966...
info|2019-11-15 19:58:49.467590|[g:1][CONSENSUS][PBFT]checkTimeout Succ,view=148,toView=149,nodeIdx=2,changeCycle=0,myNode=ad4f9855...,timecost=0.201
info|2019-11-15 19:58:49.469273|[g:1][CONSENSUS][PBFT]checkAndChangeView: Reach consensus,org_view=148,org_changeCycle=0,cur_changeCycle=0,to_view=149
info|2019-11-15 19:58:50.472288|[g:1][CONSENSUS]addRawPrepare,height=8,reqIdx=0,hash=d5f5f685...
info|2019-11-15 19:58:50.472560|[g:1][CONSENSUS][PBFT]checkTimeout Succ,view=149,toView=150,nodeIdx=2,changeCycle=0,myNode=ad4f9855...,timecost=0.196
info|2019-11-15 19:58:50.476537|[g:1][CONSENSUS][PBFT]checkAndChangeView: Reach consensus,org_view=149,org_changeCycle=0,cur_changeCycle=0,to_view=150
info|2019-11-15 19:58:51.479603|[g:1][CONSENSUS]addRawPrepare,height=8,reqIdx=1,hash=cff26591...
info|2019-11-15 19:58:51.479804|[g:1][CONSENSUS][PBFT]checkTimeout Succ,view=150,toView=151,nodeIdx=2,changeCycle=0,myNode=ad4f9855...,timecost=0.177
info|2019-11-15 19:58:51.480899|[g:1][CONSENSUS][PBFT]checkAndChangeView: Reach consensus,org_view=150,org_changeCycle=0,cur_changeCycle=0,to_view=151
info|2019-11-15 19:58:52.481859|[g:1][CONSENSUS][SEALER]++++++++++++++++ Generating seal on,blkNum=8,tx=0,nodeIdx=2,hash=dacee9ea...
info|2019-11-15 19:58:52.487839|[g:1][CONSENSUS][PBFT]checkTimeout Succ,view=151,toView=152,nodeIdx=2,changeCycle=0,myNode=ad4f9855...,timecost=0.191
info|2019-11-15 19:58:52.488780|[g:1][CONSENSUS][PBFT]checkAndChangeView: Reach consensus,org_view=151,org_changeCycle=0,cur_changeCycle=0,to_view=152
info|2019-11-15 19:58:53.489782|[g:1][CONSENSUS]addRawPrepare,height=8,reqIdx=3,hash=57fa1d11...
info|2019-11-15 19:58:53.490037|[g:1][CONSENSUS][PBFT]checkTimeout Succ,view=152,toView=153,nodeIdx=2,changeCycle=0,myNode=ad4f9855...,timecost=0.215
info|2019-11-15 19:58:53.492128|[g:1][CONSENSUS][PBFT]checkAndChangeView: Reach consensus,org_view=152,org_changeCycle=0,cur_changeCycle=0,to_view=153
info|2019-11-15 19:58:54.493127|[g:1][CONSENSUS]addRawPrepare,height=8,reqIdx=0,hash=894712cd...
info|2019-11-15 19:58:54.493471|[g:1][CONSENSUS][PBFT]checkTimeout Succ,view=153,toView=154,nodeIdx=2,changeCycle=0,myNode=ad4f9855...,timecost=0.281
info|2019-11-15 19:58:54.498927|[g:1][CONSENSUS][PBFT]checkAndChangeView: Reach consensus,org_view=153,org_changeCycle=0,cur_changeCycle=0,to_view=154
info|2019-11-15 19:58:55.502379|[g:1][CONSENSUS]addRawPrepare,height=8,reqIdx=1,hash=be7f8839...
info|2019-11-15 19:58:55.502608|[g:1][CONSENSUS][PBFT]checkTimeout Succ,view=154,toView=155,nodeIdx=2,changeCycle=0,myNode=ad4f9855...,timecost=0.228
info|2019-11-15 19:58:55.505524|[g:1][CONSENSUS][PBFT]checkAndChangeView: Reach consensus,org_view=154,org_changeCycle=0,cur_changeCycle=0,to_view=155
info|2019-11-15 19:58:56.505207|[g:1][CONSENSUS][SEALER]++++++++++++++++ Generating seal on,blkNum=8,tx=0,nodeIdx=2,hash=d4ef02d8...
info|2019-11-15 19:58:56.526106|[g:1][CONSENSUS][PBFT]checkTimeout Succ,view=155,toView=156,nodeIdx=2,changeCycle=0,myNode=ad4f9855...,timecost=0.212
info|2019-11-15 19:58:56.527064|[g:1][CONSENSUS][PBFT]checkAndChangeView: Reach consensus,org_view=155,org_changeCycle=0,cur_changeCycle=0,to_view=156
info|2019-11-15 19:58:57.526960|[g:1][CONSENSUS]addRawPrepare,height=8,reqIdx=3,hash=c4a8aa29...
info|2019-11-15 19:58:57.527195|[g:1][CONSENSUS][PBFT]checkTimeout Succ,view=156,toView=157,nodeIdx=2,changeCycle=0,myNode=ad4f9855...,timecost=0.26
info|2019-11-15 19:58:57.527884|[g:1][CONSENSUS][PBFT]checkAndChangeView: Reach consensus,org_view=156,org_changeCycle=0,cur_changeCycle=0,to_view=157
info|2019-11-15 19:58:58.530747|[g:1][CONSENSUS]addRawPrepare,height=8,reqIdx=0,hash=2493a57b...
info|2019-11-15 19:58:58.531157|[g:1][CONSENSUS][PBFT]checkTimeout Succ,view=157,toView=158,nodeIdx=2,changeCycle=0,myNode=ad4f9855...,timecost=0.307
info|2019-11-15 19:58:58.535104|[g:1][CONSENSUS][PBFT]checkAndChangeView: Reach consensus,org_view=157,org_changeCycle=0,cur_changeCycle=0,to_view=158
info|2019-11-15 19:58:58.579176|[P2P][Service] heartBeat,connected count=3
info|2019-11-15 19:58:59.535984|[g:1][CONSENSUS]addRawPrepare,height=8,reqIdx=1,hash=21784fe7...
info|2019-11-15 19:58:59.536232|[g:1][CONSENSUS][PBFT]checkTimeout Succ,view=158,toView=159,nodeIdx=2,changeCycle=0,myNode=ad4f9855...,timecost=0.227
info|2019-11-15 19:58:59.539081|[g:1][CONSENSUS][PBFT]checkAndChangeView: Reach consensus,org_view=158,org_changeCycle=0,cur_changeCycle=0,to_view=159
info|2019-11-15 19:59:00.540491|[g:1][CONSENSUS][SEALER]++++++++++++++++ Generating seal on,blkNum=8,tx=0,nodeIdx=2,hash=2ca93248...
info|2019-11-15 19:59:00.543076|[g:1][CONSENSUS][PBFT]checkTimeout Succ,view=159,toView=160,nodeIdx=2,changeCycle=0,myNode=ad4f9855...,timecost=0.203
info|2019-11-15 19:59:00.545694|[g:1][CONSENSUS][PBFT]checkAndChangeView: Reach consensus,org_view=159,org_changeCycle=0,cur_changeCycle=0,to_view=160
info|2019-11-15 19:59:01.551316|[g:1][CONSENSUS]addRawPrepare,height=8,reqIdx=3,hash=290b2375...
info|2019-11-15 19:59:01.554620|[g:1][CONSENSUS][PBFT]checkTimeout Succ,view=160,toView=161,nodeIdx=2,changeCycle=0,myNode=ad4f9855...,timecost=3.242
info|2019-11-15 19:59:01.557150|[g:1][CONSENSUS][PBFT]checkAndChangeView: Reach consensus,org_view=160,org_changeCycle=0,cur_changeCycle=0,to_view=161
info|2019-11-15 19:59:02.561412|[g:1][CONSENSUS]addRawPrepare,height=8,reqIdx=0,hash=95c0deb4...
info|2019-11-15 19:59:02.561787|[g:1][CONSENSUS][PBFT]checkTimeout Succ,view=161,toView=162,nodeIdx=2,changeCycle=0,myNode=ad4f9855...,timecost=0.312
info|2019-11-15 19:59:02.571212|[g:1][CONSENSUS][PBFT]checkAndChangeView: Reach consensus,org_view=161,org_changeCycle=0,cur_changeCycle=0,to_view=162
info|2019-11-15 19:59:03.573536|[g:1][CONSENSUS]addRawPrepare,height=8,reqIdx=1,hash=e3cafbf0...
info|2019-11-15 19:59:03.576723|[g:1][CONSENSUS][PBFT]checkTimeout Succ,view=162,toView=163,nodeIdx=2,changeCycle=0,myNode=ad4f9855...,timecost=3.125
info|2019-11-15 19:59:03.577297|[g:1][CONSENSUS][PBFT]checkAndChangeView: Reach consensus,org_view=162,org_changeCycle=0,cur_changeCycle=0,to_view=163
info|2019-11-15 19:59:04.578039|[g:1][CONSENSUS][SEALER]++++++++++++++++ Generating seal on,blkNum=8,tx=0,nodeIdx=2,hash=157bfb46...
info|2019-11-15 19:59:04.581398|[g:1][CONSENSUS][PBFT]checkTimeout Succ,view=163,toView=164,nodeIdx=2,changeCycle=0,myNode=ad4f9855...,timecost=0.187
info|2019-11-15 19:59:04.584328|[g:1][CONSENSUS][PBFT]checkAndChangeView: Reach consensus,org_view=163,org_changeCycle=0,cur_changeCycle=0,to_view=164
info|2019-11-15 19:59:05.585306|[g:1][CONSENSUS]addRawPrepare,height=8,reqIdx=3,hash=0fe96970...
info|2019-11-15 19:59:05.585516|[g:1][CONSENSUS][PBFT]checkTimeout Succ,view=164,toView=165,nodeIdx=2,changeCycle=0,myNode=ad4f9855...,timecost=0.186
info|2019-11-15 19:59:05.591632|[g:1][CONSENSUS][PBFT]checkAndChangeView: Reach consensus,org_view=164,org_changeCycle=0,cur_changeCycle=0,to_view=165
info|2019-11-15 19:59:06.591592|[g:1][CONSENSUS]addRawPrepare,height=8,reqIdx=0,hash=05fd9bef...
info|2019-11-15 19:59:06.595004|[g:1][CONSENSUS][PBFT]checkTimeout Succ,view=165,toView=166,nodeIdx=2,changeCycle=0,myNode=ad4f9855...,timecost=3.346
info|2019-11-15 19:59:06.596349|[g:1][CONSENSUS][PBFT]checkAndChangeView: Reach consensus,org_view=165,org_changeCycle=0,cur_changeCycle=0,to_view=166
info|2019-11-15 19:59:07.599576|[g:1][CONSENSUS]addRawPrepare,height=8,reqIdx=1,hash=b1373850...
info|2019-11-15 19:59:07.599781|[g:1][CONSENSUS][PBFT]checkTimeout Succ,view=166,toView=167,nodeIdx=2,changeCycle=0,myNode=ad4f9855...,timecost=0.185
info|2019-11-15 19:59:07.600895|[g:1][CONSENSUS][PBFT]checkAndChangeView: Reach consensus,org_view=166,org_changeCycle=0,cur_changeCycle=0,to_view=167
info|2019-11-15 19:59:08.579227|[P2P][Service] heartBeat,connected count=3
info|2019-11-15 19:59:08.600173|[g:1][CONSENSUS][SEALER]++++++++++++++++ Generating seal on,blkNum=8,tx=0,nodeIdx=2,hash=36110918...
info|2019-11-15 19:59:08.608935|[g:1][CONSENSUS][PBFT]checkTimeout Succ,view=167,toView=168,nodeIdx=2,changeCycle=0,myNode=ad4f9855...,timecost=0.306
info|2019-11-15 19:59:08.610017|[g:1][CONSENSUS][PBFT]checkAndChangeView: Reach consensus,org_view=167,org_changeCycle=0,cur_changeCycle=0,to_view=168
info|2019-11-15 19:59:09.609269|[g:1][CONSENSUS]addRawPrepare,height=8,reqIdx=3,hash=02145459...
info|2019-11-15 19:59:09.609479|[g:1][CONSENSUS][PBFT]checkTimeout Succ,view=168,toView=169,nodeIdx=2,changeCycle=0,myNode=ad4f9855...,timecost=0.186
info|2019-11-15 19:59:09.611724|[g:1][CONSENSUS][PBFT]checkAndChangeView: Reach consensus,org_view=168,org_changeCycle=0,cur_changeCycle=0,to_view=169
info|2019-11-15 19:59:10.613484|[g:1][CONSENSUS]addRawPrepare,height=8,reqIdx=0,hash=b89e6def...
info|2019-11-15 19:59:10.613739|[g:1][CONSENSUS][PBFT]checkTimeout Succ,view=169,toView=170,nodeIdx=2,changeCycle=0,myNode=ad4f9855...,timecost=0.182
info|2019-11-15 19:59:10.616823|[g:1][CONSENSUS][PBFT]checkAndChangeView: Reach consensus,org_view=169,org_changeCycle=0,cur_changeCycle=0,to_view=170
info|2019-11-15 19:59:11.620908|[g:1][CONSENSUS]addRawPrepare,height=8,reqIdx=1,hash=9c413c76...
info|2019-11-15 19:59:11.621222|[g:1][CONSENSUS][PBFT]checkTimeout Succ,view=170,toView=171,nodeIdx=2,changeCycle=0,myNode=ad4f9855...,timecost=0.21
info|2019-11-15 19:59:11.624707|[g:1][CONSENSUS][PBFT]checkAndChangeView: Reach consensus,org_view=170,org_changeCycle=0,cur_changeCycle=0,to_view=171
info|2019-11-15 19:59:12.631665|[g:1][CONSENSUS][SEALER]++++++++++++++++ Generating seal on,blkNum=8,tx=0,nodeIdx=2,hash=7c1744aa...
info|2019-11-15 19:59:12.639762|[g:1][CONSENSUS][PBFT]checkTimeout Succ,view=171,toView=172,nodeIdx=2,changeCycle=0,myNode=ad4f9855...,timecost=0.189
info|2019-11-15 19:59:12.640613|[g:1][CONSENSUS][PBFT]checkAndChangeView: Reach consensus,org_view=171,org_changeCycle=0,cur_changeCycle=0,to_view=172
info|2019-11-15 19:59:13.638765|[g:1][CONSENSUS]addRawPrepare,height=8,reqIdx=3,hash=d757a9b9...
info|2019-11-15 19:59:13.638975|[g:1][CONSENSUS][PBFT]checkTimeout Succ,view=172,toView=173,nodeIdx=2,changeCycle=0,myNode=ad4f9855...,timecost=0.186
info|2019-11-15 19:59:13.640783|[g:1][CONSENSUS][PBFT]checkAndChangeView: Reach consensus,org_view=172,org_changeCycle=0,cur_changeCycle=0,to_view=173
info|2019-11-15 19:59:14.643423|[g:1][CONSENSUS]addRawPrepare,height=8,reqIdx=0,hash=25a081c8...
info|2019-11-15 19:59:14.643672|[g:1][CONSENSUS][PBFT]checkTimeout Succ,view=173,toView=174,nodeIdx=2,changeCycle=0,myNode=ad4f9855...,timecost=0.182
info|2019-11-15 19:59:14.647443|[g:1][CONSENSUS][PBFT]checkAndChangeView: Reach consensus,org_view=173,org_changeCycle=0,cur_changeCycle=0,to_view=174
info|2019-11-15 19:59:15.649176|[g:1][CONSENSUS]addRawPrepare,height=8,reqIdx=1,hash=1d442ee4...
info|2019-11-15 19:59:15.649401|[g:1][CONSENSUS][PBFT]checkTimeout Succ,view=174,toView=175,nodeIdx=2,changeCycle=0,myNode=ad4f9855...,timecost=0.198
info|2019-11-15 19:59:15.655054|[g:1][CONSENSUS][PBFT]checkAndChangeView: Reach consensus,org_view=174,org_changeCycle=0,cur_changeCycle=0,to_view=175
info|2019-11-15 19:59:16.655271|[g:1][CONSENSUS][SEALER]++++++++++++++++ Generating seal on,blkNum=8,tx=0,nodeIdx=2,hash=9257af34...
info|2019-11-15 19:59:16.662960|[g:1][CONSENSUS][PBFT]checkTimeout Succ,view=175,toView=176,nodeIdx=2,changeCycle=0,myNode=ad4f9855...,timecost=0.189
info|2019-11-15 19:59:16.663912|[g:1][CONSENSUS][PBFT]checkAndChangeView: Reach consensus,org_view=175,org_changeCycle=0,cur_changeCycle=0,to_view=176
info|2019-11-15 19:59:17.662862|[g:1][CONSENSUS]addRawPrepare,height=8,reqIdx=3,hash=c0b808f7...
info|2019-11-15 19:59:17.663200|[g:1][CONSENSUS][PBFT]checkTimeout Succ,view=176,toView=177,nodeIdx=2,changeCycle=0,myNode=ad4f9855...,timecost=0.205
info|2019-11-15 19:59:17.666454|[g:1][CONSENSUS][PBFT]checkAndChangeView: Reach consensus,org_view=176,org_changeCycle=0,cur_changeCycle=0,to_view=177
info|2019-11-15 19:59:18.579675|[P2P][Service] heartBeat,connected count=3
info|2019-11-15 19:59:18.668425|[g:1][CONSENSUS]addRawPrepare,height=8,reqIdx=0,hash=71ca7474...
info|2019-11-15 19:59:18.668675|[g:1][CONSENSUS][PBFT]checkTimeout Succ,view=177,toView=178,nodeIdx=2,changeCycle=0,myNode=ad4f9855...,timecost=0.181
info|2019-11-15 19:59:18.671176|[g:1][CONSENSUS][PBFT]checkAndChangeView: Reach consensus,org_view=177,org_changeCycle=0,cur_changeCycle=0,to_view=178
info|2019-11-15 19:59:19.675937|[g:1][CONSENSUS]addRawPrepare,height=8,reqIdx=1,hash=a8d1c470...
info|2019-11-15 19:59:19.676365|[g:1][CONSENSUS][PBFT]checkTimeout Succ,view=178,toView=179,nodeIdx=2,changeCycle=0,myNode=ad4f9855...,timecost=0.206
info|2019-11-15 19:59:19.678144|[g:1][CONSENSUS][PBFT]checkAndChangeView: Reach consensus,org_view=178,org_changeCycle=0,cur_changeCycle=0,to_view=179
info|2019-11-15 19:59:20.678781|[g:1][CONSENSUS][SEALER]++++++++++++++++ Generating seal on,blkNum=8,tx=0,nodeIdx=2,hash=58a5546f...
info|2019-11-15 19:59:20.685610|[g:1][CONSENSUS][PBFT]checkTimeout Succ,view=179,toView=180,nodeIdx=2,changeCycle=0,myNode=ad4f9855...,timecost=0.197
info|2019-11-15 19:59:20.687449|[g:1][CONSENSUS][PBFT]checkAndChangeView: Reach consensus,org_view=179,org_changeCycle=0,cur_changeCycle=0,to_view=180
info|2019-11-15 19:59:21.686024|[g:1][CONSENSUS]addRawPrepare,height=8,reqIdx=3,hash=143ff9e3...
info|2019-11-15 19:59:21.686248|[g:1][CONSENSUS][PBFT]checkTimeout Succ,view=180,toView=181,nodeIdx=2,changeCycle=0,myNode=ad4f9855...,timecost=0.186
info|2019-11-15 19:59:21.689579|[g:1][CONSENSUS][PBFT]checkAndChangeView: Reach consensus,org_view=180,org_changeCycle=0,cur_changeCycle=0,to_view=181
info|2019-11-15 19:59:22.693112|[g:1][CONSENSUS]addRawPrepare,height=8,reqIdx=0,hash=aa2d1ad4...
info|2019-11-15 19:59:22.693464|[g:1][CONSENSUS][PBFT]checkTimeout Succ,view=181,toView=182,nodeIdx=2,changeCycle=0,myNode=ad4f9855...,timecost=0.288
info|2019-11-15 19:59:22.699900|[g:1][CONSENSUS][PBFT]checkAndChangeView: Reach consensus,org_view=181,org_changeCycle=0,cur_changeCycle=0,to_view=182
info|2019-11-15 19:59:23.701971|[g:1][CONSENSUS]addRawPrepare,height=8,reqIdx=1,hash=5d0c50c6...
info|2019-11-15 19:59:23.702180|[g:1][CONSENSUS][PBFT]checkTimeout Succ,view=182,toView=183,nodeIdx=2,changeCycle=0,myNode=ad4f9855...,timecost=0.185
info|2019-11-15 19:59:23.703667|[g:1][CONSENSUS][PBFT]checkAndChangeView: Reach consensus,org_view=182,org_changeCycle=0,cur_changeCycle=0,to_view=183
info|2019-11-15 19:59:24.703941|[g:1][CONSENSUS][SEALER]++++++++++++++++ Generating seal on,blkNum=8,tx=0,nodeIdx=2,hash=f798c247...
info|2019-11-15 19:59:24.713825|[g:1][CONSENSUS][PBFT]checkTimeout Succ,view=183,toView=184,nodeIdx=2,changeCycle=0,myNode=ad4f9855...,timecost=0.202
info|2019-11-15 19:59:24.714676|[g:1][CONSENSUS][PBFT]checkAndChangeView: Reach consensus,org_view=183,org_changeCycle=0,cur_changeCycle=0,to_view=184
info|2019-11-15 19:59:25.709444|[g:1][CONSENSUS]addRawPrepare,height=8,reqIdx=3,hash=83724316...
info|2019-11-15 19:59:25.709673|[g:1][CONSENSUS][PBFT]checkTimeout Succ,view=184,toView=185,nodeIdx=2,changeCycle=0,myNode=ad4f9855...,timecost=0.208
info|2019-11-15 19:59:25.712195|[g:1][CONSENSUS][PBFT]checkAndChangeView: Reach consensus,org_view=184,org_changeCycle=0,cur_changeCycle=0,to_view=185
info|2019-11-15 19:59:26.717472|[g:1][CONSENSUS]addRawPrepare,height=8,reqIdx=0,hash=d03ddc29...
info|2019-11-15 19:59:26.717735|[g:1][CONSENSUS][PBFT]checkTimeout Succ,view=185,toView=186,nodeIdx=2,changeCycle=0,myNode=ad4f9855...,timecost=0.182
info|2019-11-15 19:59:26.722089|[g:1][CONSENSUS][PBFT]checkAndChangeView: Reach consensus,org_view=185,org_changeCycle=0,cur_changeCycle=0,to_view=186
info|2019-11-15 19:59:27.723514|[g:1][CONSENSUS]addRawPrepare,height=8,reqIdx=1,hash=cff65b60...
info|2019-11-15 19:59:27.723722|[g:1][CONSENSUS][PBFT]checkTimeout Succ,view=186,toView=187,nodeIdx=2,changeCycle=0,myNode=ad4f9855...,timecost=0.185
info|2019-11-15 19:59:27.724762|[g:1][CONSENSUS][PBFT]checkAndChangeView: Reach consensus,org_view=186,org_changeCycle=0,cur_changeCycle=0,to_view=187
info|2019-11-15 19:59:28.579913|[P2P][Service] heartBeat,connected count=3
info|2019-11-15 19:59:28.724474|[g:1][CONSENSUS][SEALER]++++++++++++++++ Generating seal on,blkNum=8,tx=0,nodeIdx=2,hash=7524eeeb...
info|2019-11-15 19:59:28.731196|[g:1][CONSENSUS][PBFT]checkTimeout Succ,view=187,toView=188,nodeIdx=2,changeCycle=0,myNode=ad4f9855...,timecost=0.186
info|2019-11-15 19:59:28.732100|[g:1][CONSENSUS][PBFT]checkAndChangeView: Reach consensus,org_view=187,org_changeCycle=0,cur_changeCycle=0,to_view=188
info|2019-11-15 19:59:29.732307|[g:1][CONSENSUS]addRawPrepare,height=8,reqIdx=3,hash=50e8f22e...
info|2019-11-15 19:59:29.732586|[g:1][CONSENSUS][PBFT]checkTimeout Succ,view=188,toView=189,nodeIdx=2,changeCycle=0,myNode=ad4f9855...,timecost=0.239
info|2019-11-15 19:59:29.735268|[g:1][CONSENSUS][PBFT]checkAndChangeView: Reach consensus,org_view=188,org_changeCycle=0,cur_changeCycle=0,to_view=189
info|2019-11-15 19:59:30.737129|[g:1][CONSENSUS]addRawPrepare,height=8,reqIdx=0,hash=106b966c...
info|2019-11-15 19:59:30.737516|[g:1][CONSENSUS][PBFT]checkTimeout Succ,view=189,toView=190,nodeIdx=2,changeCycle=0,myNode=ad4f9855...,timecost=0.325
info|2019-11-15 19:59:30.741069|[g:1][CONSENSUS][PBFT]checkAndChangeView: Reach consensus,org_view=189,org_changeCycle=0,cur_changeCycle=0,to_view=190
info|2019-11-15 19:59:31.743199|[g:1][CONSENSUS]addRawPrepare,height=8,reqIdx=1,hash=6666a765...
info|2019-11-15 19:59:31.743774|[g:1][CONSENSUS][PBFT]checkTimeout Succ,view=190,toView=191,nodeIdx=2,changeCycle=0,myNode=ad4f9855...,timecost=0.555
info|2019-11-15 19:59:31.746038|[g:1][CONSENSUS][PBFT]checkAndChangeView: Reach consensus,org_view=190,org_changeCycle=0,cur_changeCycle=0,to_view=191
info|2019-11-15 19:59:32.746249|[g:1][CONSENSUS][SEALER]++++++++++++++++ Generating seal on,blkNum=8,tx=0,nodeIdx=2,hash=e2085074...
info|2019-11-15 19:59:32.753654|[g:1][CONSENSUS][PBFT]checkTimeout Succ,view=191,toView=192,nodeIdx=2,changeCycle=0,myNode=ad4f9855...,timecost=0.251
info|2019-11-15 19:59:32.754618|[g:1][CONSENSUS][PBFT]checkAndChangeView: Reach consensus,org_view=191,org_changeCycle=0,cur_changeCycle=0,to_view=192
info|2019-11-15 19:59:33.753457|[g:1][CONSENSUS]addRawPrepare,height=8,reqIdx=3,hash=4b9351f7...
info|2019-11-15 19:59:33.753668|[g:1][CONSENSUS][PBFT]checkTimeout Succ,view=192,toView=193,nodeIdx=2,changeCycle=0,myNode=ad4f9855...,timecost=0.187
info|2019-11-15 19:59:33.757523|[g:1][CONSENSUS][PBFT]checkAndChangeView: Reach consensus,org_view=192,org_changeCycle=0,cur_changeCycle=0,to_view=193
info|2019-11-15 19:59:34.758899|[g:1][CONSENSUS]addRawPrepare,height=8,reqIdx=0,hash=d993cada...
info|2019-11-15 19:59:34.759158|[g:1][CONSENSUS][PBFT]checkTimeout Succ,view=193,toView=194,nodeIdx=2,changeCycle=0,myNode=ad4f9855...,timecost=0.181
info|2019-11-15 19:59:34.763201|[g:1][CONSENSUS][PBFT]checkAndChangeView: Reach consensus,org_view=193,org_changeCycle=0,cur_changeCycle=0,to_view=194
info|2019-11-15 19:59:35.765776|[g:1][CONSENSUS]addRawPrepare,height=8,reqIdx=1,hash=fbbb030c...
info|2019-11-15 19:59:35.765981|[g:1][CONSENSUS][PBFT]checkTimeout Succ,view=194,toView=195,nodeIdx=2,changeCycle=0,myNode=ad4f9855...,timecost=0.183
info|2019-11-15 19:59:35.766515|[g:1][CONSENSUS][PBFT]checkAndChangeView: Reach consensus,org_view=194,org_changeCycle=0,cur_changeCycle=0,to_view=195
info|2019-11-15 19:59:36.766881|[g:1][CONSENSUS][SEALER]++++++++++++++++ Generating seal on,blkNum=8,tx=0,nodeIdx=2,hash=2b778cf6...
info|2019-11-15 19:59:36.773418|[g:1][CONSENSUS][PBFT]checkTimeout Succ,view=195,toView=196,nodeIdx=2,changeCycle=0,myNode=ad4f9855...,timecost=0.189
info|2019-11-15 19:59:36.774349|[g:1][CONSENSUS][PBFT]checkAndChangeView: Reach consensus,org_view=195,org_changeCycle=0,cur_changeCycle=0,to_view=196
info|2019-11-15 19:59:37.773110|[g:1][CONSENSUS]addRawPrepare,height=8,reqIdx=3,hash=ac281919...
info|2019-11-15 19:59:37.774978|[g:1][CONSENSUS][PBFT]checkTimeout Succ,view=196,toView=197,nodeIdx=2,changeCycle=0,myNode=ad4f9855...,timecost=1.781
info|2019-11-15 19:59:37.776560|[g:1][CONSENSUS][PBFT]checkAndChangeView: Reach consensus,org_view=196,org_changeCycle=0,cur_changeCycle=0,to_view=197
info|2019-11-15 19:59:38.580000|[P2P][Service] heartBeat,connected count=3
info|2019-11-15 19:59:38.777546|[g:1][CONSENSUS]addRawPrepare,height=8,reqIdx=0,hash=2a3ac373...
info|2019-11-15 19:59:38.777791|[g:1][CONSENSUS][PBFT]checkTimeout Succ,view=197,toView=198,nodeIdx=2,changeCycle=0,myNode=ad4f9855...,timecost=0.179
info|2019-11-15 19:59:38.781179|[g:1][CONSENSUS][PBFT]checkAndChangeView: Reach consensus,org_view=197,org_changeCycle=0,cur_changeCycle=0,to_view=198
info|2019-11-15 19:59:39.783724|[g:1][CONSENSUS]addRawPrepare,height=8,reqIdx=1,hash=65787fda...
info|2019-11-15 19:59:39.783971|[g:1][CONSENSUS][PBFT]checkTimeout Succ,view=198,toView=199,nodeIdx=2,changeCycle=0,myNode=ad4f9855...,timecost=0.227
info|2019-11-15 19:59:39.785638|[g:1][CONSENSUS][PBFT]checkAndChangeView: Reach consensus,org_view=198,org_changeCycle=0,cur_changeCycle=0,to_view=199
info|2019-11-15 19:59:40.787340|[g:1][CONSENSUS][SEALER]++++++++++++++++ Generating seal on,blkNum=8,tx=0,nodeIdx=2,hash=d7bed02e...
info|2019-11-15 19:59:40.795652|[g:1][CONSENSUS][PBFT]checkTimeout Succ,view=199,toView=200,nodeIdx=2,changeCycle=0,myNode=ad4f9855...,timecost=0.225
info|2019-11-15 19:59:40.796503|[g:1][CONSENSUS][PBFT]checkAndChangeView: Reach consensus,org_view=199,org_changeCycle=0,cur_changeCycle=0,to_view=200
info|2019-11-15 19:59:41.794363|[g:1][CONSENSUS]addRawPrepare,height=8,reqIdx=3,hash=5d8f5ad9...
info|2019-11-15 19:59:41.794605|[g:1][CONSENSUS][PBFT]checkTimeout Succ,view=200,toView=201,nodeIdx=2,changeCycle=0,myNode=ad4f9855...,timecost=0.221
info|2019-11-15 19:59:41.796244|[g:1][CONSENSUS][PBFT]checkAndChangeView: Reach consensus,org_view=200,org_changeCycle=0,cur_changeCycle=0,to_view=201
info|2019-11-15 19:59:42.798601|[g:1][CONSENSUS]addRawPrepare,height=8,reqIdx=0,hash=5d54b43d...
info|2019-11-15 19:59:42.798888|[g:1][CONSENSUS][PBFT]checkTimeout Succ,view=201,toView=202,nodeIdx=2,changeCycle=0,myNode=ad4f9855...,timecost=0.221
info|2019-11-15 19:59:42.804004|[g:1][CONSENSUS][PBFT]checkAndChangeView: Reach consensus,org_view=201,org_changeCycle=0,cur_changeCycle=0,to_view=202
info|2019-11-15 19:59:43.807657|[g:1][CONSENSUS]addRawPrepare,height=8,reqIdx=1,hash=06920acf...
info|2019-11-15 19:59:43.807877|[g:1][CONSENSUS][PBFT]checkTimeout Succ,view=202,toView=203,nodeIdx=2,changeCycle=0,myNode=ad4f9855...,timecost=0.197
info|2019-11-15 19:59:43.809355|[g:1][CONSENSUS][PBFT]checkAndChangeView: Reach consensus,org_view=202,org_changeCycle=0,cur_changeCycle=0,to_view=203
info|2019-11-15 19:59:44.809785|[g:1][CONSENSUS][SEALER]++++++++++++++++ Generating seal on,blkNum=8,tx=0,nodeIdx=2,hash=2da691d3...
info|2019-11-15 19:59:44.815751|[g:1][CONSENSUS][PBFT]checkTimeout Succ,view=203,toView=204,nodeIdx=2,changeCycle=0,myNode=ad4f9855...,timecost=0.188
info|2019-11-15 19:59:44.816623|[g:1][CONSENSUS][PBFT]checkAndChangeView: Reach consensus,org_view=203,org_changeCycle=0,cur_changeCycle=0,to_view=204
info|2019-11-15 19:59:45.820656|[g:1][CONSENSUS]addRawPrepare,height=8,reqIdx=3,hash=3bd6e745...
info|2019-11-15 19:59:45.820894|[g:1][CONSENSUS][PBFT]checkTimeout Succ,view=204,toView=205,nodeIdx=2,changeCycle=0,myNode=ad4f9855...,timecost=0.178
info|2019-11-15 19:59:45.821446|[g:1][CONSENSUS][PBFT]checkAndChangeView: Reach consensus,org_view=204,org_changeCycle=0,cur_changeCycle=0,to_view=205
info|2019-11-15 19:59:46.862057|[g:1][CONSENSUS]addRawPrepare,height=8,reqIdx=0,hash=8f4b07ae...
info|2019-11-15 19:59:46.862404|[g:1][CONSENSUS][PBFT]checkTimeout Succ,view=205,toView=206,nodeIdx=2,changeCycle=0,myNode=ad4f9855...,timecost=0.281
info|2019-11-15 19:59:46.866429|[g:1][CONSENSUS][PBFT]checkAndChangeView: Reach consensus,org_view=205,org_changeCycle=0,cur_changeCycle=0,to_view=206
info|2019-11-15 19:59:47.869187|[g:1][CONSENSUS]addRawPrepare,height=8,reqIdx=1,hash=f27a3f84...
info|2019-11-15 19:59:47.869410|[g:1][CONSENSUS][PBFT]checkTimeout Succ,view=206,toView=207,nodeIdx=2,changeCycle=0,myNode=ad4f9855...,timecost=0.2
info|2019-11-15 19:59:47.872170|[g:1][CONSENSUS][PBFT]checkAndChangeView: Reach consensus,org_view=206,org_changeCycle=0,cur_changeCycle=0,to_view=207
info|2019-11-15 19:59:48.580053|[P2P][Service] heartBeat,connected count=3
info|2019-11-15 19:59:48.872992|[g:1][CONSENSUS][SEALER]++++++++++++++++ Generating seal on,blkNum=8,tx=0,nodeIdx=2,hash=86dce708...
info|2019-11-15 19:59:48.879182|[g:1][CONSENSUS][PBFT]checkTimeout Succ,view=207,toView=208,nodeIdx=2,changeCycle=0,myNode=ad4f9855...,timecost=0.177
info|2019-11-15 19:59:48.879831|[g:1][CONSENSUS][PBFT]checkAndChangeView: Reach consensus,org_view=207,org_changeCycle=0,cur_changeCycle=0,to_view=208
info|2019-11-15 19:59:49.880342|[g:1][CONSENSUS]addRawPrepare,height=8,reqIdx=3,hash=bcf543ba...
info|2019-11-15 19:59:49.880540|[g:1][CONSENSUS][PBFT]checkTimeout Succ,view=208,toView=209,nodeIdx=2,changeCycle=0,myNode=ad4f9855...,timecost=0.178
info|2019-11-15 19:59:49.881865|[g:1][CONSENSUS][PBFT]checkAndChangeView: Reach consensus,org_view=208,org_changeCycle=0,cur_changeCycle=0,to_view=209
info|2019-11-15 19:59:50.884500|[g:1][CONSENSUS]addRawPrepare,height=8,reqIdx=0,hash=e7ba370d...
info|2019-11-15 19:59:50.884742|[g:1][CONSENSUS][PBFT]checkTimeout Succ,view=209,toView=210,nodeIdx=2,changeCycle=0,myNode=ad4f9855...,timecost=0.18
info|2019-11-15 19:59:50.890286|[g:1][CONSENSUS][PBFT]checkAndChangeView: Reach consensus,org_view=209,org_changeCycle=0,cur_changeCycle=0,to_view=210
info|2019-11-15 19:59:51.893021|[g:1][CONSENSUS]addRawPrepare,height=8,reqIdx=1,hash=abb87852...
info|2019-11-15 19:59:51.893226|[g:1][CONSENSUS][PBFT]checkTimeout Succ,view=210,toView=211,nodeIdx=2,changeCycle=0,myNode=ad4f9855...,timecost=0.185
info|2019-11-15 19:59:51.895490|[g:1][CONSENSUS][PBFT]checkAndChangeView: Reach consensus,org_view=210,org_changeCycle=0,cur_changeCycle=0,to_view=211
info|2019-11-15 19:59:52.895821|[g:1][CONSENSUS][SEALER]++++++++++++++++ Generating seal on,blkNum=8,tx=0,nodeIdx=2,hash=a5cc403b...
info|2019-11-15 19:59:52.904325|[g:1][CONSENSUS][PBFT]checkTimeout Succ,view=211,toView=212,nodeIdx=2,changeCycle=0,myNode=ad4f9855...,timecost=0.191
info|2019-11-15 19:59:52.905386|[g:1][CONSENSUS][PBFT]checkAndChangeView: Reach consensus,org_view=211,org_changeCycle=0,cur_changeCycle=0,to_view=212
info|2019-11-15 19:59:53.905719|[g:1][CONSENSUS]addRawPrepare,height=8,reqIdx=3,hash=4e3fd760...
info|2019-11-15 19:59:53.906007|[g:1][CONSENSUS][PBFT]checkTimeout Succ,view=212,toView=213,nodeIdx=2,changeCycle=0,myNode=ad4f9855...,timecost=0.269
info|2019-11-15 19:59:53.908064|[g:1][CONSENSUS][PBFT]checkAndChangeView: Reach consensus,org_view=212,org_changeCycle=0,cur_changeCycle=0,to_view=213
info|2019-11-15 19:59:54.908816|[g:1][CONSENSUS]addRawPrepare,height=8,reqIdx=0,hash=156e0a46...
info|2019-11-15 19:59:54.909086|[g:1][CONSENSUS][PBFT]checkTimeout Succ,view=213,toView=214,nodeIdx=2,changeCycle=0,myNode=ad4f9855...,timecost=0.195
info|2019-11-15 19:59:54.912875|[g:1][CONSENSUS][PBFT]checkAndChangeView: Reach consensus,org_view=213,org_changeCycle=0,cur_changeCycle=0,to_view=214
info|2019-11-15 19:59:55.913603|[g:1][CONSENSUS]addRawPrepare,height=8,reqIdx=1,hash=0e052c6a...
info|2019-11-15 19:59:55.913952|[g:1][CONSENSUS][PBFT]checkTimeout Succ,view=214,toView=215,nodeIdx=2,changeCycle=0,myNode=ad4f9855...,timecost=0.328
info|2019-11-15 19:59:55.916656|[g:1][CONSENSUS][PBFT]checkAndChangeView: Reach consensus,org_view=214,org_changeCycle=0,cur_changeCycle=0,to_view=215
info|2019-11-15 19:59:56.919748|[g:1][CONSENSUS][SEALER]++++++++++++++++ Generating seal on,blkNum=8,tx=0,nodeIdx=2,hash=93e48f93...
info|2019-11-15 19:59:56.925426|[g:1][CONSENSUS][PBFT]checkTimeout Succ,view=215,toView=216,nodeIdx=2,changeCycle=0,myNode=ad4f9855...,timecost=0.24
info|2019-11-15 19:59:56.926272|[g:1][CONSENSUS][PBFT]checkAndChangeView: Reach consensus,org_view=215,org_changeCycle=0,cur_changeCycle=0,to_view=216
info|2019-11-15 19:59:57.928800|[g:1][CONSENSUS]addRawPrepare,height=8,reqIdx=3,hash=90e03476...
info|2019-11-15 19:59:57.929024|[g:1][CONSENSUS][PBFT]checkTimeout Succ,view=216,toView=217,nodeIdx=2,changeCycle=0,myNode=ad4f9855...,timecost=0.197
info|2019-11-15 19:59:57.931219|[g:1][CONSENSUS][PBFT]checkAndChangeView: Reach consensus,org_view=216,org_changeCycle=0,cur_changeCycle=0,to_view=217
info|2019-11-15 19:59:58.580119|[P2P][Service] heartBeat,connected count=3
info|2019-11-15 19:59:58.933241|[g:1][CONSENSUS]addRawPrepare,height=8,reqIdx=0,hash=51cc2d31...
info|2019-11-15 19:59:58.933487|[g:1][CONSENSUS][PBFT]checkTimeout Succ,view=217,toView=218,nodeIdx=2,changeCycle=0,myNode=ad4f9855...,timecost=0.181
info|2019-11-15 19:59:58.938409|[g:1][CONSENSUS][PBFT]checkAndChangeView: Reach consensus,org_view=217,org_changeCycle=0,cur_changeCycle=0,to_view=218
info|2019-11-15 19:59:59.941524|[g:1][CONSENSUS]addRawPrepare,height=8,reqIdx=1,hash=5f5ada6c...
info|2019-11-15 19:59:59.941719|[g:1][CONSENSUS][PBFT]checkTimeout Succ,view=218,toView=219,nodeIdx=2,changeCycle=0,myNode=ad4f9855...,timecost=0.175
info|2019-11-15 19:59:59.943461|[g:1][CONSENSUS][PBFT]checkAndChangeView: Reach consensus,org_view=218,org_changeCycle=0,cur_changeCycle=0,to_view=219
