info|2019-12-13 01:23:02.718264|[INITIALIZER][initGlobalConfig],enableCompress=true,compatibilityVersion=2.1.0,versionNumber=33619968,chainId=1
info|2019-12-13 01:23:02.974845|[NETWORK][Host]Connecting to node,endpoint=127.0.0.1:30300
info|2019-12-13 01:23:02.976171|[NETWORK][Host]P2P StartAccept,Host=0.0.0.0:30301
info|2019-12-13 01:23:02.992912|[NETWORK][Host]Connecting to node,endpoint=127.0.0.1:30301
info|2019-12-13 01:23:02.992962|[NETWORK][Host]Connecting to node,endpoint=127.0.0.1:30302
info|2019-12-13 01:23:02.992990|[NETWORK][Host]Connecting to node,endpoint=127.0.0.1:30303
info|2019-12-13 01:23:02.993020|[P2P][Service] heartBeat,connected count=0
info|2019-12-13 01:23:02.993849|[NETWORK][ASIO]asyncResolveConnect,endpoint=127.0.0.1:30300
info|2019-12-13 01:23:02.997687|[NETWORK][ASIO]asyncResolveConnect,endpoint=127.0.0.1:30301
info|2019-12-13 01:23:02.997735|[NETWORK][ASIO]asyncResolveConnect,endpoint=127.0.0.1:30302
info|2019-12-13 01:23:02.997789|[NETWORK][ASIO]asyncResolveConnect,endpoint=127.0.0.1:30303
info|2019-12-13 01:23:02.998070|[NETWORK][Host]P2P Recv Connect, From=127.0.0.1:38336
info|2019-12-13 01:23:02.998099|[NETWORK][Host]P2P StartAccept,Host=0.0.0.0:30301
warning|2019-12-13 01:23:02.998219|[NETWORK][Host]TCP Connection refused by node,endpoint=127.0.0.1:30303,message=Connection refused
warning|2019-12-13 01:23:02.998866|[P2P][Service] onConnect,errorCode=5,what=Connect failed
info|2019-12-13 01:23:03.010876|[CHANNEL]ChannelRPCServer started
info|2019-12-13 01:23:03.011617|[INITIALIZER][RPCInitializer]ChannelRPCHttpServer started.
info|2019-12-13 01:23:03.011629|[LedgerInitializer],groupConfigPath=conf/
info|2019-12-13 01:23:03.012762|[INITIALIZER][initSingleLedger] [GroupId]:  1
info|2019-12-13 01:23:03.012812|[g:1][LEDGER]LedgerConstructor,configPath=conf/group.1.genesis,baseDir=data//group1
info|2019-12-13 01:23:03.012818|[g:1][LEDGER][initGenesisConfig]initConsensusConfig/initDBConfig/initTxConfig,configFile=conf/group.1.genesis
info|2019-12-13 01:23:03.012911|[g:1][LEDGER][initConsensusConfig],it.first=32db7d10e2c7fa645891f0943ad88c87f7d0ec66500b45632d53889d72ca80f2077a9280acde028f225f75af346a3fa4f75e37d8b596c2d5eb444c7bc283f925
info|2019-12-13 01:23:03.012928|[g:1][LEDGER][initConsensusConfig],it.first=ad4f985540e2d00110bed5d7a6899358479cb5ebfbb76f922982409b4ae034e1a01cda3dfc6b3ee06ab79ce0872e984ff5f6198fce193ae5d34bf6f296d557c0
info|2019-12-13 01:23:03.012942|[g:1][LEDGER][initConsensusConfig],it.first=0e7418af9a0d8d96383c85f5ee2759c178fe7d45e524080550f4ff007bcc32c69134008f978c786bf0a674e945fdad26a3722c009f92e3a8b60fc8e4e1f191b1
info|2019-12-13 01:23:03.012960|[g:1][LEDGER][initConsensusConfig],it.first=f5b748459b521e61d71a97b70aebee76ef7d18e0f9ef1d603023bcd6e7d6f8c37aaadd04f5c89fc44bef3cb6b220ec05018e2a6f8c2b69fe09026059c8371976
info|2019-12-13 01:23:03.012991|[g:1][LEDGER][initIniConfig]initTxPoolConfig/initSyncConfig/initTxExecuteConfig,configFile=conf/group.1.ini
info|2019-12-13 01:23:03.022760|[g:1][LEDGER][initLedger][DBInitializer]
info|2019-12-13 01:23:03.024485|[NETWORK][Host]P2P Recv Connect, From=127.0.0.1:38342
info|2019-12-13 01:23:03.024539|[NETWORK][Host]P2P StartAccept,Host=0.0.0.0:30301
info|2019-12-13 01:23:03.032250|[g:1][DBINITIALIZER] [initRocksDBStorage]
info|2019-12-13 01:23:03.038952|[NETWORK][Host]P2P Recv Connect, From=127.0.0.1:38348
info|2019-12-13 01:23:03.053980|[NETWORK][Host]P2P StartAccept,Host=0.0.0.0:30301
info|2019-12-13 01:23:03.072381|[g:1][ROCKSDB]open rocksDB handler
info|2019-12-13 01:23:03.086151|[NETWORK][Host]P2P Recv Connect, From=127.0.0.1:38356
info|2019-12-13 01:23:03.091425|[NETWORK][Host]P2P StartAccept,Host=0.0.0.0:30301
info|2019-12-13 01:23:03.134251|[NETWORK][Host]startPeerSession, From=127.0.0.1:38336,nodeID=ad4f9855...
info|2019-12-13 01:23:03.180870|[NETWORK][Host]startPeerSession, From=127.0.0.1:30301,nodeID=ad4f9855...
info|2019-12-13 01:23:03.193103|[P2P][Service] Connection established,nodeID=32db7d10...,endpoint=127.0.0.1:30300
info|2019-12-13 01:23:03.193138|[NETWORK][Host]startPeerSession, From=127.0.0.1:30300,nodeID=32db7d10...
info|2019-12-13 01:23:03.193354|[P2P][Service] Connection established,nodeID=0e7418af...,endpoint=127.0.0.1:30302
info|2019-12-13 01:23:03.193377|[NETWORK][Host]startPeerSession, From=127.0.0.1:30302,nodeID=0e7418af...
info|2019-12-13 01:23:03.207798|[NETWORK][Host]startPeerSession, From=127.0.0.1:38348,nodeID=32db7d10...
info|2019-12-13 01:23:03.219640|[NETWORK][Host]startPeerSession, From=127.0.0.1:38342,nodeID=0e7418af...
info|2019-12-13 01:23:03.223697|[P2P][Service] Connection established,nodeID=f5b74845...,endpoint=127.0.0.1:38356
info|2019-12-13 01:23:03.223723|[NETWORK][Host]startPeerSession, From=127.0.0.1:38356,nodeID=f5b74845...
info|2019-12-13 01:23:03.417121|[g:1][g:0][STORAGE][CachedStorage]Init flushStorage thread
info|2019-12-13 01:23:03.546277|[g:1][BLOCKCHAIN][#checkAndBuildGenesisBlock]Already have the 0th block, 0th groupMark is equal to file groupMark.
info|2019-12-13 01:23:03.579596|[g:1][CONSENSUS][PBFT]Register handler for PBFTEngine
info|2019-12-13 01:23:03.581405|[g:1][CONSENSUS][PBFT],minBlockGenerationTime=500
info|2019-12-13 01:23:03.581428|[LedgerInitializer init group succ],groupID=1
info|2019-12-13 01:23:03.581823|[INITIALIZER][RPCInitializer]JsonrpcHttpServer started.
info|2019-12-13 01:23:03.581844|[g:1][LEDGER]startAll...
warning|2019-12-13 01:23:03.583305|[SYNC][id:ad4f9855...][Status]Peer data not found,nodeId=0e7418af...
info|2019-12-13 01:23:03.584137|[g:1][CONSENSUS][PBFT]^^^^^^^^Report,num=98,sealerIdx=1,hash=f5afbec7...,next=99,tx=1,nodeIdx=2
info|2019-12-13 01:23:03.843424|[g:1][CONSENSUS][PBFT][PBFT init env successfully]
info|2019-12-13 01:23:03.843444|[g:1][CONSENSUS][ConsensusEngine][Start ConsensusEngineBase]
info|2019-12-13 01:23:03.843754|[g:1][CONSENSUS][PBFT][Start PBFTEngine...]
info|2019-12-13 01:23:03.843779|[g:1][CONSENSUS][SEALER][Start sealer module]
info|2019-12-13 01:23:03.853143|[g:1][EVENT][EventLogFilterManager]start,m_maxBlockRange=0,m_maxBlockPerLoopFilter=3
info|2019-12-13 01:23:04.844459|[g:1][CONSENSUS][SEALER]++++++++++++++++ Generating seal on,blkNum=99,tx=0,nodeIdx=2,hash=90f7b593...
info|2019-12-13 01:23:04.853313|[g:1][CONSENSUS][PBFT]checkTimeout Succ,view=0,toView=1,nodeIdx=2,changeCycle=0,myNode=ad4f9855...,timecost=0.213
info|2019-12-13 01:23:04.854245|[g:1][CONSENSUS][PBFT]checkAndChangeView: Reach consensus,org_view=0,org_changeCycle=0,cur_changeCycle=0,to_view=1
info|2019-12-13 01:23:05.853988|[g:1][CONSENSUS]addRawPrepare,height=99,reqIdx=3,hash=205be0ae...
info|2019-12-13 01:23:05.854277|[g:1][CONSENSUS][PBFT]checkTimeout Succ,view=1,toView=2,nodeIdx=2,changeCycle=0,myNode=ad4f9855...,timecost=0.21
info|2019-12-13 01:23:05.856670|[g:1][CONSENSUS][PBFT]checkAndChangeView: Reach consensus,org_view=1,org_changeCycle=0,cur_changeCycle=0,to_view=2
info|2019-12-13 01:23:06.859799|[g:1][CONSENSUS]addRawPrepare,height=99,reqIdx=0,hash=5700d5f7...
info|2019-12-13 01:23:06.860015|[g:1][CONSENSUS][PBFT]checkTimeout Succ,view=2,toView=3,nodeIdx=2,changeCycle=0,myNode=ad4f9855...,timecost=0.197
info|2019-12-13 01:23:06.865508|[g:1][CONSENSUS][PBFT]checkAndChangeView: Reach consensus,org_view=2,org_changeCycle=0,cur_changeCycle=0,to_view=3
info|2019-12-13 01:23:07.872418|[g:1][CONSENSUS]addRawPrepare,height=99,reqIdx=1,hash=c8698fad...
info|2019-12-13 01:23:07.872644|[g:1][CONSENSUS][PBFT]checkTimeout Succ,view=3,toView=4,nodeIdx=2,changeCycle=0,myNode=ad4f9855...,timecost=0.206
info|2019-12-13 01:23:07.874947|[g:1][CONSENSUS][PBFT]checkAndChangeView: Reach consensus,org_view=3,org_changeCycle=0,cur_changeCycle=0,to_view=4
info|2019-12-13 01:23:08.878145|[g:1][CONSENSUS][SEALER]++++++++++++++++ Generating seal on,blkNum=99,tx=0,nodeIdx=2,hash=8642441c...
info|2019-12-13 01:23:08.887222|[g:1][CONSENSUS][PBFT]checkTimeout Succ,view=4,toView=5,nodeIdx=2,changeCycle=0,myNode=ad4f9855...,timecost=0.339
info|2019-12-13 01:23:08.888249|[g:1][CONSENSUS][PBFT]checkAndChangeView: Reach consensus,org_view=4,org_changeCycle=0,cur_changeCycle=0,to_view=5
info|2019-12-13 01:23:09.889755|[g:1][CONSENSUS]addRawPrepare,height=99,reqIdx=3,hash=d482552d...
info|2019-12-13 01:23:09.889975|[g:1][CONSENSUS][PBFT]checkTimeout Succ,view=5,toView=6,nodeIdx=2,changeCycle=0,myNode=ad4f9855...,timecost=0.195
info|2019-12-13 01:23:09.891639|[g:1][CONSENSUS][PBFT]checkAndChangeView: Reach consensus,org_view=5,org_changeCycle=0,cur_changeCycle=0,to_view=6
info|2019-12-13 01:23:10.902532|[g:1][CONSENSUS]addRawPrepare,height=99,reqIdx=0,hash=d2a6af8b...
info|2019-12-13 01:23:10.903734|[g:1][CONSENSUS][PBFT]checkTimeout Succ,view=6,toView=7,nodeIdx=2,changeCycle=0,myNode=ad4f9855...,timecost=0.978
info|2019-12-13 01:23:10.904201|[g:1][CONSENSUS][PBFT]checkAndChangeView: Reach consensus,org_view=6,org_changeCycle=0,cur_changeCycle=0,to_view=7
info|2019-12-13 01:23:11.906618|[g:1][CONSENSUS]addRawPrepare,height=99,reqIdx=1,hash=72bfbc48...
info|2019-12-13 01:23:11.906820|[g:1][CONSENSUS][PBFT]checkTimeout Succ,view=7,toView=8,nodeIdx=2,changeCycle=0,myNode=ad4f9855...,timecost=0.18
info|2019-12-13 01:23:11.908068|[g:1][CONSENSUS][PBFT]checkAndChangeView: Reach consensus,org_view=7,org_changeCycle=0,cur_changeCycle=0,to_view=8
info|2019-12-13 01:23:12.908316|[g:1][CONSENSUS][SEALER]++++++++++++++++ Generating seal on,blkNum=99,tx=0,nodeIdx=2,hash=a598f914...
info|2019-12-13 01:23:12.914844|[g:1][CONSENSUS][PBFT]checkTimeout Succ,view=8,toView=9,nodeIdx=2,changeCycle=0,myNode=ad4f9855...,timecost=0.601
info|2019-12-13 01:23:12.921009|[g:1][CONSENSUS][PBFT]checkAndChangeView: Reach consensus,org_view=8,org_changeCycle=0,cur_changeCycle=0,to_view=9
info|2019-12-13 01:23:12.993335|[NETWORK][Host]Connecting to node,endpoint=127.0.0.1:30303
info|2019-12-13 01:23:12.993373|[P2P][Service] heartBeat,connected count=3
info|2019-12-13 01:23:12.993437|[NETWORK][ASIO]asyncResolveConnect,endpoint=127.0.0.1:30303
info|2019-12-13 01:23:13.038843|[NETWORK][Host]startPeerSession, From=127.0.0.1:30303,nodeID=f5b74845...
info|2019-12-13 01:23:13.916384|[g:1][CONSENSUS]addRawPrepare,height=99,reqIdx=3,hash=1a45f5d5...
info|2019-12-13 01:23:13.916850|[g:1][CONSENSUS][PBFT]checkTimeout Succ,view=9,toView=10,nodeIdx=2,changeCycle=0,myNode=ad4f9855...,timecost=0.389
info|2019-12-13 01:23:13.924471|[g:1][CONSENSUS][PBFT]checkAndChangeView: Reach consensus,org_view=9,org_changeCycle=0,cur_changeCycle=0,to_view=10
info|2019-12-13 01:23:14.924282|[g:1][CONSENSUS]addRawPrepare,height=99,reqIdx=0,hash=a42313f1...
info|2019-12-13 01:23:14.924495|[g:1][CONSENSUS][PBFT]checkTimeout Succ,view=10,toView=11,nodeIdx=2,changeCycle=0,myNode=ad4f9855...,timecost=0.192
info|2019-12-13 01:23:14.932644|[g:1][CONSENSUS][PBFT]checkAndChangeView: Reach consensus,org_view=10,org_changeCycle=0,cur_changeCycle=0,to_view=11
info|2019-12-13 01:23:15.935109|[g:1][CONSENSUS]addRawPrepare,height=99,reqIdx=1,hash=7ebc9a0f...
info|2019-12-13 01:23:15.935376|[g:1][CONSENSUS][PBFT]checkTimeout Succ,view=11,toView=12,nodeIdx=2,changeCycle=0,myNode=ad4f9855...,timecost=0.247
info|2019-12-13 01:23:15.937048|[g:1][CONSENSUS][PBFT]checkAndChangeView: Reach consensus,org_view=11,org_changeCycle=0,cur_changeCycle=0,to_view=12
info|2019-12-13 01:23:16.944548|[g:1][CONSENSUS][SEALER]++++++++++++++++ Generating seal on,blkNum=99,tx=0,nodeIdx=2,hash=e00d113d...
info|2019-12-13 01:23:16.953542|[g:1][CONSENSUS][PBFT]checkTimeout Succ,view=12,toView=13,nodeIdx=2,changeCycle=0,myNode=ad4f9855...,timecost=0.188
info|2019-12-13 01:23:16.954565|[g:1][CONSENSUS][PBFT]checkAndChangeView: Reach consensus,org_view=12,org_changeCycle=0,cur_changeCycle=0,to_view=13
info|2019-12-13 01:23:17.955376|[g:1][CONSENSUS]addRawPrepare,height=99,reqIdx=3,hash=bb422588...
info|2019-12-13 01:23:17.955665|[g:1][CONSENSUS][PBFT]checkTimeout Succ,view=13,toView=14,nodeIdx=2,changeCycle=0,myNode=ad4f9855...,timecost=0.27
info|2019-12-13 01:23:17.960934|[g:1][CONSENSUS][PBFT]checkAndChangeView: Reach consensus,org_view=13,org_changeCycle=0,cur_changeCycle=0,to_view=14
info|2019-12-13 01:23:18.963528|[g:1][CONSENSUS]addRawPrepare,height=99,reqIdx=0,hash=c3d43f13...
info|2019-12-13 01:23:18.963741|[g:1][CONSENSUS][PBFT]checkTimeout Succ,view=14,toView=15,nodeIdx=2,changeCycle=0,myNode=ad4f9855...,timecost=0.188
info|2019-12-13 01:23:18.972256|[g:1][CONSENSUS][PBFT]checkAndChangeView: Reach consensus,org_view=14,org_changeCycle=0,cur_changeCycle=0,to_view=15
info|2019-12-13 01:23:19.975294|[g:1][CONSENSUS]addRawPrepare,height=99,reqIdx=1,hash=700ab40c...
info|2019-12-13 01:23:19.975511|[g:1][CONSENSUS][PBFT]checkTimeout Succ,view=15,toView=16,nodeIdx=2,changeCycle=0,myNode=ad4f9855...,timecost=0.195
info|2019-12-13 01:23:19.976619|[g:1][CONSENSUS][PBFT]checkAndChangeView: Reach consensus,org_view=15,org_changeCycle=0,cur_changeCycle=0,to_view=16
info|2019-12-13 01:23:20.980683|[g:1][CONSENSUS][SEALER]++++++++++++++++ Generating seal on,blkNum=99,tx=0,nodeIdx=2,hash=175034e2...
info|2019-12-13 01:23:20.990944|[g:1][CONSENSUS][PBFT]checkTimeout Succ,view=16,toView=17,nodeIdx=2,changeCycle=0,myNode=ad4f9855...,timecost=0.21
info|2019-12-13 01:23:20.991867|[g:1][CONSENSUS][PBFT]checkAndChangeView: Reach consensus,org_view=16,org_changeCycle=0,cur_changeCycle=0,to_view=17
info|2019-12-13 01:23:21.990543|[g:1][CONSENSUS]addRawPrepare,height=99,reqIdx=3,hash=666e40a5...
info|2019-12-13 01:23:21.990769|[g:1][CONSENSUS][PBFT]checkTimeout Succ,view=17,toView=18,nodeIdx=2,changeCycle=0,myNode=ad4f9855...,timecost=0.202
info|2019-12-13 01:23:21.993327|[g:1][CONSENSUS][PBFT]checkAndChangeView: Reach consensus,org_view=17,org_changeCycle=0,cur_changeCycle=0,to_view=18
info|2019-12-13 01:23:22.993476|[P2P][Service] heartBeat,connected count=3
info|2019-12-13 01:23:23.001998|[g:1][CONSENSUS]addRawPrepare,height=99,reqIdx=0,hash=0f0c0227...
info|2019-12-13 01:23:23.002239|[g:1][CONSENSUS][PBFT]checkTimeout Succ,view=18,toView=19,nodeIdx=2,changeCycle=0,myNode=ad4f9855...,timecost=0.22
info|2019-12-13 01:23:23.006400|[g:1][CONSENSUS][PBFT]checkAndChangeView: Reach consensus,org_view=18,org_changeCycle=0,cur_changeCycle=0,to_view=19
info|2019-12-13 01:23:24.010248|[g:1][CONSENSUS]addRawPrepare,height=99,reqIdx=1,hash=5e14b24e...
info|2019-12-13 01:23:24.010462|[g:1][CONSENSUS][PBFT]checkTimeout Succ,view=19,toView=20,nodeIdx=2,changeCycle=0,myNode=ad4f9855...,timecost=0.192
info|2019-12-13 01:23:24.013062|[g:1][CONSENSUS][PBFT]checkAndChangeView: Reach consensus,org_view=19,org_changeCycle=0,cur_changeCycle=0,to_view=20
info|2019-12-13 01:23:25.013152|[g:1][CONSENSUS][SEALER]++++++++++++++++ Generating seal on,blkNum=99,tx=0,nodeIdx=2,hash=a8142a6e...
info|2019-12-13 01:23:25.021530|[g:1][CONSENSUS][PBFT]checkTimeout Succ,view=20,toView=21,nodeIdx=2,changeCycle=0,myNode=ad4f9855...,timecost=0.199
info|2019-12-13 01:23:25.022430|[g:1][CONSENSUS][PBFT]checkAndChangeView: Reach consensus,org_view=20,org_changeCycle=0,cur_changeCycle=0,to_view=21
info|2019-12-13 01:23:26.019892|[g:1][CONSENSUS]addRawPrepare,height=99,reqIdx=3,hash=5dba66c2...
info|2019-12-13 01:23:26.020140|[g:1][CONSENSUS][PBFT]checkTimeout Succ,view=21,toView=22,nodeIdx=2,changeCycle=0,myNode=ad4f9855...,timecost=0.225
info|2019-12-13 01:23:26.025270|[g:1][CONSENSUS][PBFT]checkAndChangeView: Reach consensus,org_view=21,org_changeCycle=0,cur_changeCycle=0,to_view=22
info|2019-12-13 01:23:27.028494|[g:1][CONSENSUS]addRawPrepare,height=99,reqIdx=0,hash=8b74f768...
info|2019-12-13 01:23:27.028698|[g:1][CONSENSUS][PBFT]checkTimeout Succ,view=22,toView=23,nodeIdx=2,changeCycle=0,myNode=ad4f9855...,timecost=0.183
info|2019-12-13 01:23:27.031134|[g:1][CONSENSUS][PBFT]checkAndChangeView: Reach consensus,org_view=22,org_changeCycle=0,cur_changeCycle=0,to_view=23
info|2019-12-13 01:23:28.033770|[g:1][CONSENSUS]addRawPrepare,height=99,reqIdx=1,hash=002345a7...
info|2019-12-13 01:23:28.034143|[g:1][CONSENSUS][PBFT]checkTimeout Succ,view=23,toView=24,nodeIdx=2,changeCycle=0,myNode=ad4f9855...,timecost=0.337
info|2019-12-13 01:23:28.044615|[g:1][CONSENSUS][PBFT]checkAndChangeView: Reach consensus,org_view=23,org_changeCycle=0,cur_changeCycle=0,to_view=24
info|2019-12-13 01:23:29.045092|[g:1][CONSENSUS][SEALER]++++++++++++++++ Generating seal on,blkNum=99,tx=0,nodeIdx=2,hash=8c44c9e6...
info|2019-12-13 01:23:29.056270|[g:1][CONSENSUS][PBFT]checkTimeout Succ,view=24,toView=25,nodeIdx=2,changeCycle=0,myNode=ad4f9855...,timecost=0.199
info|2019-12-13 01:23:29.059227|[g:1][CONSENSUS][PBFT]checkAndChangeView: Reach consensus,org_view=24,org_changeCycle=0,cur_changeCycle=0,to_view=25
info|2019-12-13 01:23:30.056869|[g:1][CONSENSUS]addRawPrepare,height=99,reqIdx=3,hash=f564d40b...
info|2019-12-13 01:23:30.057076|[g:1][CONSENSUS][PBFT]checkTimeout Succ,view=25,toView=26,nodeIdx=2,changeCycle=0,myNode=ad4f9855...,timecost=0.185
info|2019-12-13 01:23:30.059310|[g:1][CONSENSUS][PBFT]checkAndChangeView: Reach consensus,org_view=25,org_changeCycle=0,cur_changeCycle=0,to_view=26
info|2019-12-13 01:23:31.063822|[g:1][CONSENSUS]addRawPrepare,height=99,reqIdx=0,hash=8d45753f...
info|2019-12-13 01:23:31.064050|[g:1][CONSENSUS][PBFT]checkTimeout Succ,view=26,toView=27,nodeIdx=2,changeCycle=0,myNode=ad4f9855...,timecost=0.201
info|2019-12-13 01:23:31.064383|[g:1][CONSENSUS][PBFT]checkAndChangeView: Reach consensus,org_view=26,org_changeCycle=0,cur_changeCycle=0,to_view=27
info|2019-12-13 01:23:32.069994|[g:1][CONSENSUS]addRawPrepare,height=99,reqIdx=1,hash=dd94bc0e...
info|2019-12-13 01:23:32.070227|[g:1][CONSENSUS][PBFT]checkTimeout Succ,view=27,toView=28,nodeIdx=2,changeCycle=0,myNode=ad4f9855...,timecost=0.213
info|2019-12-13 01:23:32.071702|[g:1][CONSENSUS][PBFT]checkAndChangeView: Reach consensus,org_view=27,org_changeCycle=0,cur_changeCycle=0,to_view=28
info|2019-12-13 01:23:32.993608|[P2P][Service] heartBeat,connected count=3
info|2019-12-13 01:23:33.071585|[g:1][CONSENSUS][SEALER]++++++++++++++++ Generating seal on,blkNum=99,tx=0,nodeIdx=2,hash=fb5ada09...
info|2019-12-13 01:23:33.077425|[g:1][CONSENSUS][PBFT]checkTimeout Succ,view=28,toView=29,nodeIdx=2,changeCycle=0,myNode=ad4f9855...,timecost=0.378
info|2019-12-13 01:23:33.078349|[g:1][CONSENSUS][PBFT]checkAndChangeView: Reach consensus,org_view=28,org_changeCycle=0,cur_changeCycle=0,to_view=29
info|2019-12-13 01:23:34.078021|[g:1][CONSENSUS]addRawPrepare,height=99,reqIdx=3,hash=226bfd70...
info|2019-12-13 01:23:34.078238|[g:1][CONSENSUS][PBFT]checkTimeout Succ,view=29,toView=30,nodeIdx=2,changeCycle=0,myNode=ad4f9855...,timecost=0.195
info|2019-12-13 01:23:34.080906|[g:1][CONSENSUS][PBFT]checkAndChangeView: Reach consensus,org_view=29,org_changeCycle=0,cur_changeCycle=0,to_view=30
info|2019-12-13 01:23:35.089325|[g:1][CONSENSUS]addRawPrepare,height=99,reqIdx=0,hash=5b2048d8...
info|2019-12-13 01:23:35.089602|[g:1][CONSENSUS][PBFT]checkTimeout Succ,view=30,toView=31,nodeIdx=2,changeCycle=0,myNode=ad4f9855...,timecost=0.256
info|2019-12-13 01:23:35.095000|[g:1][CONSENSUS][PBFT]checkAndChangeView: Reach consensus,org_view=30,org_changeCycle=0,cur_changeCycle=0,to_view=31
info|2019-12-13 01:23:36.097973|[g:1][CONSENSUS]addRawPrepare,height=99,reqIdx=1,hash=10c0edd8...
info|2019-12-13 01:23:36.098188|[g:1][CONSENSUS][PBFT]checkTimeout Succ,view=31,toView=32,nodeIdx=2,changeCycle=0,myNode=ad4f9855...,timecost=0.193
info|2019-12-13 01:23:36.103320|[g:1][CONSENSUS][PBFT]checkAndChangeView: Reach consensus,org_view=31,org_changeCycle=0,cur_changeCycle=0,to_view=32
info|2019-12-13 01:23:37.104480|[g:1][CONSENSUS][SEALER]++++++++++++++++ Generating seal on,blkNum=99,tx=0,nodeIdx=2,hash=a278d2ab...
info|2019-12-13 01:23:37.114163|[g:1][CONSENSUS][PBFT]checkTimeout Succ,view=32,toView=33,nodeIdx=2,changeCycle=0,myNode=ad4f9855...,timecost=0.232
info|2019-12-13 01:23:37.115146|[g:1][CONSENSUS][PBFT]checkAndChangeView: Reach consensus,org_view=32,org_changeCycle=0,cur_changeCycle=0,to_view=33
info|2019-12-13 01:23:38.119656|[g:1][CONSENSUS]addRawPrepare,height=99,reqIdx=3,hash=75065213...
info|2019-12-13 01:23:38.120037|[g:1][CONSENSUS][PBFT]checkTimeout Succ,view=33,toView=34,nodeIdx=2,changeCycle=0,myNode=ad4f9855...,timecost=0.328
info|2019-12-13 01:23:38.123718|[g:1][CONSENSUS][PBFT]checkAndChangeView: Reach consensus,org_view=33,org_changeCycle=0,cur_changeCycle=0,to_view=34
info|2019-12-13 01:23:39.128295|[g:1][CONSENSUS]addRawPrepare,height=99,reqIdx=0,hash=eb4ef279...
info|2019-12-13 01:23:39.128519|[g:1][CONSENSUS][PBFT]checkTimeout Succ,view=34,toView=35,nodeIdx=2,changeCycle=0,myNode=ad4f9855...,timecost=0.199
info|2019-12-13 01:23:39.136817|[g:1][CONSENSUS][PBFT]checkAndChangeView: Reach consensus,org_view=34,org_changeCycle=0,cur_changeCycle=0,to_view=35
info|2019-12-13 01:23:40.138387|[g:1][CONSENSUS]addRawPrepare,height=99,reqIdx=1,hash=832c4d63...
info|2019-12-13 01:23:40.138603|[g:1][CONSENSUS][PBFT]checkTimeout Succ,view=35,toView=36,nodeIdx=2,changeCycle=0,myNode=ad4f9855...,timecost=0.194
info|2019-12-13 01:23:40.143034|[g:1][CONSENSUS][PBFT]checkAndChangeView: Reach consensus,org_view=35,org_changeCycle=0,cur_changeCycle=0,to_view=36
info|2019-12-13 01:23:41.143260|[g:1][CONSENSUS][SEALER]++++++++++++++++ Generating seal on,blkNum=99,tx=0,nodeIdx=2,hash=45505a73...
info|2019-12-13 01:23:41.155668|[g:1][CONSENSUS][PBFT]checkTimeout Succ,view=36,toView=37,nodeIdx=2,changeCycle=0,myNode=ad4f9855...,timecost=0.197
info|2019-12-13 01:23:41.156686|[g:1][CONSENSUS][PBFT]checkAndChangeView: Reach consensus,org_view=36,org_changeCycle=0,cur_changeCycle=0,to_view=37
info|2019-12-13 01:23:42.161027|[g:1][CONSENSUS]addRawPrepare,height=99,reqIdx=3,hash=8786886d...
info|2019-12-13 01:23:42.161250|[g:1][CONSENSUS][PBFT]checkTimeout Succ,view=37,toView=38,nodeIdx=2,changeCycle=0,myNode=ad4f9855...,timecost=0.199
info|2019-12-13 01:23:42.171084|[g:1][CONSENSUS][PBFT]checkAndChangeView: Reach consensus,org_view=37,org_changeCycle=0,cur_changeCycle=0,to_view=38
info|2019-12-13 01:23:42.993861|[P2P][Service] heartBeat,connected count=3
info|2019-12-13 01:23:43.177238|[g:1][CONSENSUS]addRawPrepare,height=99,reqIdx=0,hash=3626c095...
info|2019-12-13 01:23:43.177468|[g:1][CONSENSUS][PBFT]checkTimeout Succ,view=38,toView=39,nodeIdx=2,changeCycle=0,myNode=ad4f9855...,timecost=0.21
info|2019-12-13 01:23:43.191412|[g:1][CONSENSUS][PBFT]checkAndChangeView: Reach consensus,org_view=38,org_changeCycle=0,cur_changeCycle=0,to_view=39
info|2019-12-13 01:23:44.196499|[g:1][CONSENSUS]addRawPrepare,height=99,reqIdx=1,hash=8deca62a...
info|2019-12-13 01:23:44.196722|[g:1][CONSENSUS][PBFT]checkTimeout Succ,view=39,toView=40,nodeIdx=2,changeCycle=0,myNode=ad4f9855...,timecost=0.199
info|2019-12-13 01:23:44.198631|[g:1][CONSENSUS][PBFT]checkAndChangeView: Reach consensus,org_view=39,org_changeCycle=0,cur_changeCycle=0,to_view=40
info|2019-12-13 01:23:45.205615|[g:1][CONSENSUS][SEALER]++++++++++++++++ Generating seal on,blkNum=99,tx=0,nodeIdx=2,hash=5abecb68...
info|2019-12-13 01:23:45.229897|[g:1][CONSENSUS][PBFT]checkTimeout Succ,view=40,toView=41,nodeIdx=2,changeCycle=0,myNode=ad4f9855...,timecost=0.222
info|2019-12-13 01:23:45.230872|[g:1][CONSENSUS][PBFT]checkAndChangeView: Reach consensus,org_view=40,org_changeCycle=0,cur_changeCycle=0,to_view=41
info|2019-12-13 01:23:46.225177|[g:1][CONSENSUS]addRawPrepare,height=99,reqIdx=3,hash=b04efe19...
info|2019-12-13 01:23:46.225396|[g:1][CONSENSUS][PBFT]checkTimeout Succ,view=41,toView=42,nodeIdx=2,changeCycle=0,myNode=ad4f9855...,timecost=0.195
info|2019-12-13 01:23:46.238299|[g:1][CONSENSUS][PBFT]checkAndChangeView: Reach consensus,org_view=41,org_changeCycle=0,cur_changeCycle=0,to_view=42
info|2019-12-13 01:23:47.240475|[g:1][CONSENSUS]addRawPrepare,height=99,reqIdx=0,hash=b02804d6...
info|2019-12-13 01:23:47.240760|[g:1][CONSENSUS][PBFT]checkTimeout Succ,view=42,toView=43,nodeIdx=2,changeCycle=0,myNode=ad4f9855...,timecost=0.241
info|2019-12-13 01:23:47.244557|[g:1][CONSENSUS][PBFT]checkAndChangeView: Reach consensus,org_view=42,org_changeCycle=0,cur_changeCycle=0,to_view=43
info|2019-12-13 01:23:48.243437|[g:1][CONSENSUS]addRawPrepare,height=99,reqIdx=1,hash=d335789a...
info|2019-12-13 01:23:48.245457|[g:1][CONSENSUS][PBFT]checkTimeout Succ,view=43,toView=44,nodeIdx=2,changeCycle=0,myNode=ad4f9855...,timecost=1.944
info|2019-12-13 01:23:48.246049|[g:1][CONSENSUS][PBFT]checkAndChangeView: Reach consensus,org_view=43,org_changeCycle=0,cur_changeCycle=0,to_view=44
info|2019-12-13 01:23:49.247904|[g:1][CONSENSUS][SEALER]++++++++++++++++ Generating seal on,blkNum=99,tx=0,nodeIdx=2,hash=2ca2d62d...
info|2019-12-13 01:23:49.288374|[g:1][CONSENSUS][PBFT]checkTimeout Succ,view=44,toView=45,nodeIdx=2,changeCycle=0,myNode=ad4f9855...,timecost=0.196
info|2019-12-13 01:23:49.289318|[g:1][CONSENSUS][PBFT]checkAndChangeView: Reach consensus,org_view=44,org_changeCycle=0,cur_changeCycle=0,to_view=45
info|2019-12-13 01:23:50.269343|[g:1][CONSENSUS]addRawPrepare,height=99,reqIdx=3,hash=64a571fe...
info|2019-12-13 01:23:50.269672|[g:1][CONSENSUS][PBFT]checkTimeout Succ,view=45,toView=46,nodeIdx=2,changeCycle=0,myNode=ad4f9855...,timecost=0.296
info|2019-12-13 01:23:50.279012|[g:1][CONSENSUS][PBFT]checkAndChangeView: Reach consensus,org_view=45,org_changeCycle=0,cur_changeCycle=0,to_view=46
info|2019-12-13 01:23:51.290633|[g:1][CONSENSUS]addRawPrepare,height=99,reqIdx=0,hash=1abfa7bf...
info|2019-12-13 01:23:51.290875|[g:1][CONSENSUS][PBFT]checkTimeout Succ,view=46,toView=47,nodeIdx=2,changeCycle=0,myNode=ad4f9855...,timecost=0.221
info|2019-12-13 01:23:51.294822|[g:1][CONSENSUS][PBFT]checkAndChangeView: Reach consensus,org_view=46,org_changeCycle=0,cur_changeCycle=0,to_view=47
info|2019-12-13 01:23:52.297794|[g:1][CONSENSUS]addRawPrepare,height=99,reqIdx=1,hash=0e1f0174...
info|2019-12-13 01:23:52.298077|[g:1][CONSENSUS][PBFT]checkTimeout Succ,view=47,toView=48,nodeIdx=2,changeCycle=0,myNode=ad4f9855...,timecost=0.187
info|2019-12-13 01:23:52.306137|[g:1][CONSENSUS][PBFT]checkAndChangeView: Reach consensus,org_view=47,org_changeCycle=0,cur_changeCycle=0,to_view=48
info|2019-12-13 01:23:52.994153|[P2P][Service] heartBeat,connected count=3
info|2019-12-13 01:23:53.319923|[g:1][CONSENSUS][SEALER]++++++++++++++++ Generating seal on,blkNum=99,tx=0,nodeIdx=2,hash=4b3b30a6...
info|2019-12-13 01:23:53.332126|[g:1][CONSENSUS][PBFT]checkTimeout Succ,view=48,toView=49,nodeIdx=2,changeCycle=0,myNode=ad4f9855...,timecost=0.274
info|2019-12-13 01:23:53.333355|[g:1][CONSENSUS][PBFT]checkAndChangeView: Reach consensus,org_view=48,org_changeCycle=0,cur_changeCycle=0,to_view=49
info|2019-12-13 01:23:54.330995|[g:1][CONSENSUS]addRawPrepare,height=99,reqIdx=3,hash=97060770...
info|2019-12-13 01:23:54.332345|[g:1][CONSENSUS][PBFT]checkTimeout Succ,view=49,toView=50,nodeIdx=2,changeCycle=0,myNode=ad4f9855...,timecost=1.314
info|2019-12-13 01:23:54.340892|[g:1][CONSENSUS][PBFT]checkAndChangeView: Reach consensus,org_view=49,org_changeCycle=0,cur_changeCycle=0,to_view=50
info|2019-12-13 01:23:55.346162|[g:1][CONSENSUS]addRawPrepare,height=99,reqIdx=0,hash=8705d88d...
info|2019-12-13 01:23:55.346421|[g:1][CONSENSUS][PBFT]checkTimeout Succ,view=50,toView=51,nodeIdx=2,changeCycle=0,myNode=ad4f9855...,timecost=0.235
info|2019-12-13 01:23:55.360569|[g:1][CONSENSUS][PBFT]checkAndChangeView: Reach consensus,org_view=50,org_changeCycle=0,cur_changeCycle=0,to_view=51
info|2019-12-13 01:23:56.363543|[g:1][CONSENSUS]addRawPrepare,height=99,reqIdx=1,hash=54516a03...
info|2019-12-13 01:23:56.364034|[g:1][CONSENSUS][PBFT]checkTimeout Succ,view=51,toView=52,nodeIdx=2,changeCycle=0,myNode=ad4f9855...,timecost=0.429
info|2019-12-13 01:23:56.392929|[g:1][CONSENSUS][PBFT]checkAndChangeView: Reach consensus,org_view=51,org_changeCycle=0,cur_changeCycle=0,to_view=52
info|2019-12-13 01:23:57.397342|[g:1][CONSENSUS][SEALER]++++++++++++++++ Generating seal on,blkNum=99,tx=0,nodeIdx=2,hash=33714680...
info|2019-12-13 01:23:57.397996|[g:1][CONSENSUS][PBFT]checkTimeout Succ,view=52,toView=53,nodeIdx=2,changeCycle=0,myNode=ad4f9855...,timecost=0.224
info|2019-12-13 01:23:57.422898|[g:1][CONSENSUS][PBFT]checkAndChangeView: Reach consensus,org_view=52,org_changeCycle=0,cur_changeCycle=0,to_view=53
info|2019-12-13 01:23:58.422747|[g:1][CONSENSUS]addRawPrepare,height=99,reqIdx=3,hash=b284f393...
info|2019-12-13 01:23:58.422981|[g:1][CONSENSUS][PBFT]checkTimeout Succ,view=53,toView=54,nodeIdx=2,changeCycle=0,myNode=ad4f9855...,timecost=0.212
info|2019-12-13 01:23:58.426008|[g:1][CONSENSUS][PBFT]checkAndChangeView: Reach consensus,org_view=53,org_changeCycle=0,cur_changeCycle=0,to_view=54
info|2019-12-13 01:23:59.426808|[g:1][CONSENSUS]addRawPrepare,height=99,reqIdx=0,hash=75d76f7b...
info|2019-12-13 01:23:59.427016|[g:1][CONSENSUS][PBFT]checkTimeout Succ,view=54,toView=55,nodeIdx=2,changeCycle=0,myNode=ad4f9855...,timecost=0.187
info|2019-12-13 01:23:59.430871|[g:1][CONSENSUS][PBFT]checkAndChangeView: Reach consensus,org_view=54,org_changeCycle=0,cur_changeCycle=0,to_view=55
info|2019-12-13 01:24:00.457578|[g:1][CONSENSUS]addRawPrepare,height=99,reqIdx=1,hash=d4181ade...
info|2019-12-13 01:24:00.457841|[g:1][CONSENSUS][PBFT]checkTimeout Succ,view=55,toView=56,nodeIdx=2,changeCycle=0,myNode=ad4f9855...,timecost=0.193
info|2019-12-13 01:24:00.472618|[g:1][CONSENSUS][PBFT]checkAndChangeView: Reach consensus,org_view=55,org_changeCycle=0,cur_changeCycle=0,to_view=56
info|2019-12-13 01:24:01.496750|[g:1][CONSENSUS][SEALER]++++++++++++++++ Generating seal on,blkNum=99,tx=0,nodeIdx=2,hash=74189318...
info|2019-12-13 01:24:01.502096|[g:1][CONSENSUS][PBFT]checkTimeout Succ,view=56,toView=57,nodeIdx=2,changeCycle=0,myNode=ad4f9855...,timecost=0.412
info|2019-12-13 01:24:01.510960|[g:1][CONSENSUS][PBFT]checkAndChangeView: Reach consensus,org_view=56,org_changeCycle=0,cur_changeCycle=0,to_view=57
info|2019-12-13 01:24:02.521048|[g:1][CONSENSUS]addRawPrepare,height=99,reqIdx=3,hash=42510ec4...
info|2019-12-13 01:24:02.521255|[g:1][CONSENSUS][PBFT]checkTimeout Succ,view=57,toView=58,nodeIdx=2,changeCycle=0,myNode=ad4f9855...,timecost=0.186
info|2019-12-13 01:24:02.522994|[g:1][CONSENSUS][PBFT]checkAndChangeView: Reach consensus,org_view=57,org_changeCycle=0,cur_changeCycle=0,to_view=58
info|2019-12-13 01:24:02.994504|[P2P][Service] heartBeat,connected count=3
info|2019-12-13 01:24:03.551675|[g:1][CONSENSUS]addRawPrepare,height=99,reqIdx=0,hash=fe2348f1...
info|2019-12-13 01:24:03.551953|[g:1][CONSENSUS][PBFT]checkTimeout Succ,view=58,toView=59,nodeIdx=2,changeCycle=0,myNode=ad4f9855...,timecost=0.204
info|2019-12-13 01:24:03.557571|[g:1][CONSENSUS][PBFT]checkAndChangeView: Reach consensus,org_view=58,org_changeCycle=0,cur_changeCycle=0,to_view=59
info|2019-12-13 01:24:04.565000|[g:1][CONSENSUS]addRawPrepare,height=99,reqIdx=1,hash=3b7457f5...
info|2019-12-13 01:24:04.565271|[g:1][CONSENSUS][PBFT]checkTimeout Succ,view=59,toView=60,nodeIdx=2,changeCycle=0,myNode=ad4f9855...,timecost=0.251
info|2019-12-13 01:24:04.567470|[g:1][CONSENSUS][PBFT]checkAndChangeView: Reach consensus,org_view=59,org_changeCycle=0,cur_changeCycle=0,to_view=60
info|2019-12-13 01:24:05.576460|[g:1][CONSENSUS][SEALER]++++++++++++++++ Generating seal on,blkNum=99,tx=0,nodeIdx=2,hash=fc0c9793...
info|2019-12-13 01:24:05.590659|[g:1][CONSENSUS][PBFT]checkTimeout Succ,view=60,toView=61,nodeIdx=2,changeCycle=0,myNode=ad4f9855...,timecost=0.237
info|2019-12-13 01:24:05.594724|[g:1][CONSENSUS][PBFT]checkAndChangeView: Reach consensus,org_view=60,org_changeCycle=0,cur_changeCycle=0,to_view=61
info|2019-12-13 01:24:06.589994|[g:1][CONSENSUS]addRawPrepare,height=99,reqIdx=3,hash=9d0a96b6...
info|2019-12-13 01:24:06.590197|[g:1][CONSENSUS][PBFT]checkTimeout Succ,view=61,toView=62,nodeIdx=2,changeCycle=0,myNode=ad4f9855...,timecost=0.183
info|2019-12-13 01:24:06.595659|[g:1][CONSENSUS][PBFT]checkAndChangeView: Reach consensus,org_view=61,org_changeCycle=0,cur_changeCycle=0,to_view=62
info|2019-12-13 01:24:07.597294|[g:1][CONSENSUS]addRawPrepare,height=99,reqIdx=0,hash=6f53dadb...
info|2019-12-13 01:24:07.597533|[g:1][CONSENSUS][PBFT]checkTimeout Succ,view=62,toView=63,nodeIdx=2,changeCycle=0,myNode=ad4f9855...,timecost=0.194
info|2019-12-13 01:24:07.599549|[g:1][CONSENSUS][PBFT]checkAndChangeView: Reach consensus,org_view=62,org_changeCycle=0,cur_changeCycle=0,to_view=63
info|2019-12-13 01:24:08.604643|[g:1][CONSENSUS]addRawPrepare,height=99,reqIdx=1,hash=6a8034e0...
info|2019-12-13 01:24:08.604893|[g:1][CONSENSUS][PBFT]checkTimeout Succ,view=63,toView=64,nodeIdx=2,changeCycle=0,myNode=ad4f9855...,timecost=0.231
info|2019-12-13 01:24:08.612200|[g:1][CONSENSUS][PBFT]checkAndChangeView: Reach consensus,org_view=63,org_changeCycle=0,cur_changeCycle=0,to_view=64
info|2019-12-13 01:24:09.612435|[g:1][CONSENSUS][SEALER]++++++++++++++++ Generating seal on,blkNum=99,tx=0,nodeIdx=2,hash=ba512f3d...
info|2019-12-13 01:24:09.623466|[g:1][CONSENSUS][PBFT]checkTimeout Succ,view=64,toView=65,nodeIdx=2,changeCycle=0,myNode=ad4f9855...,timecost=0.223
info|2019-12-13 01:24:09.626097|[g:1][CONSENSUS][PBFT]checkAndChangeView: Reach consensus,org_view=64,org_changeCycle=0,cur_changeCycle=0,to_view=65
info|2019-12-13 01:24:10.625770|[g:1][CONSENSUS]addRawPrepare,height=99,reqIdx=3,hash=743cc60c...
info|2019-12-13 01:24:10.626074|[g:1][CONSENSUS][PBFT]checkTimeout Succ,view=65,toView=66,nodeIdx=2,changeCycle=0,myNode=ad4f9855...,timecost=0.283
info|2019-12-13 01:24:10.628190|[g:1][CONSENSUS][PBFT]checkAndChangeView: Reach consensus,org_view=65,org_changeCycle=0,cur_changeCycle=0,to_view=66
info|2019-12-13 01:24:11.632125|[g:1][CONSENSUS]addRawPrepare,height=99,reqIdx=0,hash=7fae9ba1...
info|2019-12-13 01:24:11.633108|[g:1][CONSENSUS][PBFT]checkTimeout Succ,view=66,toView=67,nodeIdx=2,changeCycle=0,myNode=ad4f9855...,timecost=0.197
info|2019-12-13 01:24:11.633640|[g:1][CONSENSUS][PBFT]checkAndChangeView: Reach consensus,org_view=66,org_changeCycle=0,cur_changeCycle=0,to_view=67
info|2019-12-13 01:24:12.638460|[g:1][CONSENSUS]addRawPrepare,height=99,reqIdx=1,hash=8878d040...
info|2019-12-13 01:24:12.638660|[g:1][CONSENSUS][PBFT]checkTimeout Succ,view=67,toView=68,nodeIdx=2,changeCycle=0,myNode=ad4f9855...,timecost=0.181
info|2019-12-13 01:24:12.640903|[g:1][CONSENSUS][PBFT]checkAndChangeView: Reach consensus,org_view=67,org_changeCycle=0,cur_changeCycle=0,to_view=68
info|2019-12-13 01:24:12.994656|[P2P][Service] heartBeat,connected count=3
info|2019-12-13 01:24:13.640998|[g:1][CONSENSUS][SEALER]++++++++++++++++ Generating seal on,blkNum=99,tx=0,nodeIdx=2,hash=cd0cbb48...
info|2019-12-13 01:24:13.646269|[g:1][CONSENSUS][PBFT]checkTimeout Succ,view=68,toView=69,nodeIdx=2,changeCycle=0,myNode=ad4f9855...,timecost=0.219
info|2019-12-13 01:24:13.647147|[g:1][CONSENSUS][PBFT]checkAndChangeView: Reach consensus,org_view=68,org_changeCycle=0,cur_changeCycle=0,to_view=69
info|2019-12-13 01:24:14.647663|[g:1][CONSENSUS]addRawPrepare,height=99,reqIdx=3,hash=ff22e8c3...
info|2019-12-13 01:24:14.647888|[g:1][CONSENSUS][PBFT]checkTimeout Succ,view=69,toView=70,nodeIdx=2,changeCycle=0,myNode=ad4f9855...,timecost=0.189
info|2019-12-13 01:24:14.650076|[g:1][CONSENSUS][PBFT]checkAndChangeView: Reach consensus,org_view=69,org_changeCycle=0,cur_changeCycle=0,to_view=70
info|2019-12-13 01:24:15.654549|[g:1][CONSENSUS]addRawPrepare,height=99,reqIdx=0,hash=654857eb...
info|2019-12-13 01:24:15.654773|[g:1][CONSENSUS][PBFT]checkTimeout Succ,view=70,toView=71,nodeIdx=2,changeCycle=0,myNode=ad4f9855...,timecost=0.26
info|2019-12-13 01:24:15.657552|[g:1][CONSENSUS][PBFT]checkAndChangeView: Reach consensus,org_view=70,org_changeCycle=0,cur_changeCycle=0,to_view=71
info|2019-12-13 01:24:16.661516|[g:1][CONSENSUS]addRawPrepare,height=99,reqIdx=1,hash=8ca3822f...
info|2019-12-13 01:24:16.661728|[g:1][CONSENSUS][PBFT]checkTimeout Succ,view=71,toView=72,nodeIdx=2,changeCycle=0,myNode=ad4f9855...,timecost=0.19
info|2019-12-13 01:24:16.663477|[g:1][CONSENSUS][PBFT]checkAndChangeView: Reach consensus,org_view=71,org_changeCycle=0,cur_changeCycle=0,to_view=72
info|2019-12-13 01:24:17.669153|[g:1][CONSENSUS][SEALER]++++++++++++++++ Generating seal on,blkNum=99,tx=0,nodeIdx=2,hash=450e95bb...
info|2019-12-13 01:24:17.675253|[g:1][CONSENSUS][PBFT]checkTimeout Succ,view=72,toView=73,nodeIdx=2,changeCycle=0,myNode=ad4f9855...,timecost=0.194
info|2019-12-13 01:24:17.677085|[g:1][CONSENSUS][PBFT]checkAndChangeView: Reach consensus,org_view=72,org_changeCycle=0,cur_changeCycle=0,to_view=73
info|2019-12-13 01:24:18.687582|[g:1][CONSENSUS]addRawPrepare,height=99,reqIdx=3,hash=29655cb2...
info|2019-12-13 01:24:18.687813|[g:1][CONSENSUS][PBFT]checkTimeout Succ,view=73,toView=74,nodeIdx=2,changeCycle=0,myNode=ad4f9855...,timecost=0.203
info|2019-12-13 01:24:18.688100|[g:1][CONSENSUS][PBFT]checkAndChangeView: Reach consensus,org_view=73,org_changeCycle=0,cur_changeCycle=0,to_view=74
info|2019-12-13 01:24:19.692688|[g:1][CONSENSUS]addRawPrepare,height=99,reqIdx=0,hash=04458712...
info|2019-12-13 01:24:19.692893|[g:1][CONSENSUS][PBFT]checkTimeout Succ,view=74,toView=75,nodeIdx=2,changeCycle=0,myNode=ad4f9855...,timecost=0.184
info|2019-12-13 01:24:19.696370|[g:1][CONSENSUS][PBFT]checkAndChangeView: Reach consensus,org_view=74,org_changeCycle=0,cur_changeCycle=0,to_view=75
info|2019-12-13 01:24:20.699340|[g:1][CONSENSUS]addRawPrepare,height=99,reqIdx=1,hash=68d03402...
info|2019-12-13 01:24:20.699553|[g:1][CONSENSUS][PBFT]checkTimeout Succ,view=75,toView=76,nodeIdx=2,changeCycle=0,myNode=ad4f9855...,timecost=0.192
info|2019-12-13 01:24:20.700635|[g:1][CONSENSUS][PBFT]checkAndChangeView: Reach consensus,org_view=75,org_changeCycle=0,cur_changeCycle=0,to_view=76
info|2019-12-13 01:24:21.700420|[g:1][CONSENSUS][SEALER]++++++++++++++++ Generating seal on,blkNum=99,tx=0,nodeIdx=2,hash=18abf21c...
info|2019-12-13 01:24:21.707776|[g:1][CONSENSUS][PBFT]checkTimeout Succ,view=76,toView=77,nodeIdx=2,changeCycle=0,myNode=ad4f9855...,timecost=0.231
info|2019-12-13 01:24:21.708529|[g:1][CONSENSUS][PBFT]checkAndChangeView: Reach consensus,org_view=76,org_changeCycle=0,cur_changeCycle=0,to_view=77
info|2019-12-13 01:24:22.710896|[g:1][CONSENSUS]addRawPrepare,height=99,reqIdx=3,hash=45748215...
info|2019-12-13 01:24:22.711102|[g:1][CONSENSUS][PBFT]checkTimeout Succ,view=77,toView=78,nodeIdx=2,changeCycle=0,myNode=ad4f9855...,timecost=0.183
info|2019-12-13 01:24:22.716264|[g:1][CONSENSUS][PBFT]checkAndChangeView: Reach consensus,org_view=77,org_changeCycle=0,cur_changeCycle=0,to_view=78
info|2019-12-13 01:24:22.994798|[P2P][Service] heartBeat,connected count=3
info|2019-12-13 01:24:23.718859|[g:1][CONSENSUS]addRawPrepare,height=99,reqIdx=0,hash=d659af47...
info|2019-12-13 01:24:23.719161|[g:1][CONSENSUS][PBFT]checkTimeout Succ,view=78,toView=79,nodeIdx=2,changeCycle=0,myNode=ad4f9855...,timecost=0.231
info|2019-12-13 01:24:23.724649|[g:1][CONSENSUS][PBFT]checkAndChangeView: Reach consensus,org_view=78,org_changeCycle=0,cur_changeCycle=0,to_view=79
info|2019-12-13 01:24:24.730306|[g:1][CONSENSUS]addRawPrepare,height=99,reqIdx=1,hash=2b80b4f7...
info|2019-12-13 01:24:24.730535|[g:1][CONSENSUS][PBFT]checkTimeout Succ,view=79,toView=80,nodeIdx=2,changeCycle=0,myNode=ad4f9855...,timecost=0.208
info|2019-12-13 01:24:24.733113|[g:1][CONSENSUS][PBFT]checkAndChangeView: Reach consensus,org_view=79,org_changeCycle=0,cur_changeCycle=0,to_view=80
info|2019-12-13 01:24:25.739758|[g:1][CONSENSUS][SEALER]++++++++++++++++ Generating seal on,blkNum=99,tx=0,nodeIdx=2,hash=3d3b09b8...
info|2019-12-13 01:24:25.750153|[g:1][CONSENSUS][PBFT]checkTimeout Succ,view=80,toView=81,nodeIdx=2,changeCycle=0,myNode=ad4f9855...,timecost=0.19
info|2019-12-13 01:24:25.760122|[g:1][CONSENSUS][PBFT]checkAndChangeView: Reach consensus,org_view=80,org_changeCycle=0,cur_changeCycle=0,to_view=81
info|2019-12-13 01:24:26.751498|[g:1][CONSENSUS]addRawPrepare,height=99,reqIdx=3,hash=074b3d36...
info|2019-12-13 01:24:26.755842|[g:1][CONSENSUS][PBFT]checkTimeout Succ,view=81,toView=82,nodeIdx=2,changeCycle=0,myNode=ad4f9855...,timecost=4.322
info|2019-12-13 01:24:26.759836|[g:1][CONSENSUS][PBFT]checkAndChangeView: Reach consensus,org_view=81,org_changeCycle=0,cur_changeCycle=0,to_view=82
info|2019-12-13 01:24:27.764592|[g:1][CONSENSUS][PBFT]Trigger fast-viewchange,view=82,toView=82,minView=83,INFO=,reqNum=98,curNum=98,GenIdx=1,Cview=83,view=82,fromIdx=1,fromNode=32db7d10...,fromIp=127.0.0.1:30300,hash=f5afbec7...,nodeIdx=2,myNode=ad4f9855...
info|2019-12-13 01:24:27.764813|[g:1][CONSENSUS][PBFT]checkAndChangeView: Reach consensus,org_view=82,org_changeCycle=0,cur_changeCycle=0,to_view=83
info|2019-12-13 01:24:27.764820|[g:1][CONSENSUS][PBFT]checkTimeout Succ,view=83,toView=83,nodeIdx=2,changeCycle=0,myNode=ad4f9855...,timecost=0.211
info|2019-12-13 01:24:28.771205|[g:1][CONSENSUS]addRawPrepare,height=99,reqIdx=1,hash=56dbfaa4...
info|2019-12-13 01:24:28.771610|[g:1][CONSENSUS][PBFT]checkTimeout Succ,view=83,toView=84,nodeIdx=2,changeCycle=0,myNode=ad4f9855...,timecost=0.385
info|2019-12-13 01:24:28.776520|[g:1][CONSENSUS][PBFT]checkAndChangeView: Reach consensus,org_view=83,org_changeCycle=0,cur_changeCycle=0,to_view=84
info|2019-12-13 01:24:29.777914|[g:1][CONSENSUS][SEALER]++++++++++++++++ Generating seal on,blkNum=99,tx=0,nodeIdx=2,hash=58adfaa3...
info|2019-12-13 01:24:29.787128|[g:1][CONSENSUS][PBFT]checkTimeout Succ,view=84,toView=85,nodeIdx=2,changeCycle=0,myNode=ad4f9855...,timecost=0.212
info|2019-12-13 01:24:29.788027|[g:1][CONSENSUS][PBFT]checkAndChangeView: Reach consensus,org_view=84,org_changeCycle=0,cur_changeCycle=0,to_view=85
info|2019-12-13 01:24:30.789883|[g:1][CONSENSUS]addRawPrepare,height=99,reqIdx=3,hash=8ce9cfac...
info|2019-12-13 01:24:30.790453|[g:1][CONSENSUS][PBFT]checkTimeout Succ,view=85,toView=86,nodeIdx=2,changeCycle=0,myNode=ad4f9855...,timecost=0.531
info|2019-12-13 01:24:30.799939|[g:1][CONSENSUS][PBFT]checkAndChangeView: Reach consensus,org_view=85,org_changeCycle=0,cur_changeCycle=0,to_view=86
info|2019-12-13 01:24:31.801520|[g:1][CONSENSUS]addRawPrepare,height=99,reqIdx=0,hash=68e3b3ec...
info|2019-12-13 01:24:31.801798|[g:1][CONSENSUS][PBFT]checkTimeout Succ,view=86,toView=87,nodeIdx=2,changeCycle=0,myNode=ad4f9855...,timecost=0.227
info|2019-12-13 01:24:31.808699|[g:1][CONSENSUS][PBFT]checkAndChangeView: Reach consensus,org_view=86,org_changeCycle=0,cur_changeCycle=0,to_view=87
info|2019-12-13 01:24:32.814777|[g:1][CONSENSUS]addRawPrepare,height=99,reqIdx=1,hash=78bd7100...
info|2019-12-13 01:24:32.814997|[g:1][CONSENSUS][PBFT]checkTimeout Succ,view=87,toView=88,nodeIdx=2,changeCycle=0,myNode=ad4f9855...,timecost=0.197
info|2019-12-13 01:24:32.824152|[g:1][CONSENSUS][PBFT]checkAndChangeView: Reach consensus,org_view=87,org_changeCycle=0,cur_changeCycle=0,to_view=88
info|2019-12-13 01:24:32.995246|[P2P][Service] heartBeat,connected count=3
info|2019-12-13 01:24:33.824508|[g:1][CONSENSUS][SEALER]++++++++++++++++ Generating seal on,blkNum=99,tx=0,nodeIdx=2,hash=96e5d36e...
info|2019-12-13 01:24:33.833335|[g:1][CONSENSUS][PBFT]checkTimeout Succ,view=88,toView=89,nodeIdx=2,changeCycle=0,myNode=ad4f9855...,timecost=0.192
info|2019-12-13 01:24:33.834444|[g:1][CONSENSUS][PBFT]checkAndChangeView: Reach consensus,org_view=88,org_changeCycle=0,cur_changeCycle=0,to_view=89
info|2019-12-13 01:24:34.834686|[g:1][CONSENSUS]addRawPrepare,height=99,reqIdx=3,hash=afcac046...
info|2019-12-13 01:24:34.836543|[g:1][CONSENSUS][PBFT]checkTimeout Succ,view=89,toView=90,nodeIdx=2,changeCycle=0,myNode=ad4f9855...,timecost=1.837
info|2019-12-13 01:24:34.845628|[g:1][CONSENSUS][PBFT]checkAndChangeView: Reach consensus,org_view=89,org_changeCycle=0,cur_changeCycle=0,to_view=90
info|2019-12-13 01:24:35.850343|[g:1][CONSENSUS]addRawPrepare,height=99,reqIdx=0,hash=55607279...
info|2019-12-13 01:24:35.850565|[g:1][CONSENSUS][PBFT]checkTimeout Succ,view=90,toView=91,nodeIdx=2,changeCycle=0,myNode=ad4f9855...,timecost=0.196
info|2019-12-13 01:24:35.857718|[g:1][CONSENSUS][PBFT]checkAndChangeView: Reach consensus,org_view=90,org_changeCycle=0,cur_changeCycle=0,to_view=91
info|2019-12-13 01:24:36.860504|[g:1][CONSENSUS]addRawPrepare,height=99,reqIdx=1,hash=94be68e1...
info|2019-12-13 01:24:36.860759|[g:1][CONSENSUS][PBFT]checkTimeout Succ,view=91,toView=92,nodeIdx=2,changeCycle=0,myNode=ad4f9855...,timecost=0.234
info|2019-12-13 01:24:36.862451|[g:1][CONSENSUS][PBFT]checkAndChangeView: Reach consensus,org_view=91,org_changeCycle=0,cur_changeCycle=0,to_view=92
info|2019-12-13 01:24:37.885778|[g:1][CONSENSUS][SEALER]++++++++++++++++ Generating seal on,blkNum=99,tx=0,nodeIdx=2,hash=07d3f70b...
info|2019-12-13 01:24:37.928286|[g:1][CONSENSUS][PBFT]checkTimeout Succ,view=92,toView=93,nodeIdx=2,changeCycle=0,myNode=ad4f9855...,timecost=0.216
info|2019-12-13 01:24:37.929322|[g:1][CONSENSUS][PBFT]checkAndChangeView: Reach consensus,org_view=92,org_changeCycle=0,cur_changeCycle=0,to_view=93
info|2019-12-13 01:24:38.928258|[g:1][CONSENSUS][PBFT]Trigger fast-viewchange,view=93,toView=93,minView=94,INFO=,reqNum=98,curNum=98,GenIdx=0,Cview=94,view=93,fromIdx=0,fromNode=0e7418af...,fromIp=127.0.0.1:30302,hash=f5afbec7...,nodeIdx=2,myNode=ad4f9855...
info|2019-12-13 01:24:38.928520|[g:1][CONSENSUS][PBFT]checkAndChangeView: Reach consensus,org_view=93,org_changeCycle=0,cur_changeCycle=0,to_view=94
info|2019-12-13 01:24:38.928529|[g:1][CONSENSUS][PBFT]checkTimeout Succ,view=94,toView=94,nodeIdx=2,changeCycle=0,myNode=ad4f9855...,timecost=0.231
info|2019-12-13 01:24:39.933136|[g:1][CONSENSUS]addRawPrepare,height=99,reqIdx=0,hash=f59caf81...
info|2019-12-13 01:24:39.933358|[g:1][CONSENSUS][PBFT]checkTimeout Succ,view=94,toView=95,nodeIdx=2,changeCycle=0,myNode=ad4f9855...,timecost=0.202
info|2019-12-13 01:24:39.939567|[g:1][CONSENSUS][PBFT]checkAndChangeView: Reach consensus,org_view=94,org_changeCycle=0,cur_changeCycle=0,to_view=95
info|2019-12-13 01:24:40.942048|[g:1][CONSENSUS]addRawPrepare,height=99,reqIdx=1,hash=2b6c72d4...
info|2019-12-13 01:24:40.942329|[g:1][CONSENSUS][PBFT]checkTimeout Succ,view=95,toView=96,nodeIdx=2,changeCycle=0,myNode=ad4f9855...,timecost=0.226
info|2019-12-13 01:24:40.947848|[g:1][CONSENSUS][PBFT]checkAndChangeView: Reach consensus,org_view=95,org_changeCycle=0,cur_changeCycle=0,to_view=96
info|2019-12-13 01:24:41.949364|[g:1][CONSENSUS][SEALER]++++++++++++++++ Generating seal on,blkNum=99,tx=0,nodeIdx=2,hash=d682bf61...
info|2019-12-13 01:24:41.958662|[g:1][CONSENSUS][PBFT]checkTimeout Succ,view=96,toView=97,nodeIdx=2,changeCycle=0,myNode=ad4f9855...,timecost=0.199
info|2019-12-13 01:24:41.959877|[g:1][CONSENSUS][PBFT]checkAndChangeView: Reach consensus,org_view=96,org_changeCycle=0,cur_changeCycle=0,to_view=97
info|2019-12-13 01:24:42.958966|[g:1][CONSENSUS]addRawPrepare,height=99,reqIdx=3,hash=f74b52e4...
info|2019-12-13 01:24:42.959186|[g:1][CONSENSUS][PBFT]checkTimeout Succ,view=97,toView=98,nodeIdx=2,changeCycle=0,myNode=ad4f9855...,timecost=0.199
info|2019-12-13 01:24:42.960783|[g:1][CONSENSUS][PBFT]checkAndChangeView: Reach consensus,org_view=97,org_changeCycle=0,cur_changeCycle=0,to_view=98
info|2019-12-13 01:24:42.995512|[P2P][Service] heartBeat,connected count=3
info|2019-12-13 01:24:43.973694|[g:1][CONSENSUS]addRawPrepare,height=99,reqIdx=0,hash=72a0b271...
info|2019-12-13 01:24:43.973918|[g:1][CONSENSUS][PBFT]checkTimeout Succ,view=98,toView=99,nodeIdx=2,changeCycle=0,myNode=ad4f9855...,timecost=0.199
info|2019-12-13 01:24:43.974214|[g:1][CONSENSUS][PBFT]checkAndChangeView: Reach consensus,org_view=98,org_changeCycle=0,cur_changeCycle=0,to_view=99
info|2019-12-13 01:24:44.982483|[g:1][CONSENSUS]addRawPrepare,height=99,reqIdx=1,hash=6a00d07c...
info|2019-12-13 01:24:44.982695|[g:1][CONSENSUS][PBFT]checkTimeout Succ,view=99,toView=100,nodeIdx=2,changeCycle=0,myNode=ad4f9855...,timecost=0.192
info|2019-12-13 01:24:44.988654|[g:1][CONSENSUS][PBFT]checkAndChangeView: Reach consensus,org_view=99,org_changeCycle=0,cur_changeCycle=0,to_view=100
info|2019-12-13 01:24:45.989145|[g:1][CONSENSUS][SEALER]++++++++++++++++ Generating seal on,blkNum=99,tx=0,nodeIdx=2,hash=a2edc990...
info|2019-12-13 01:24:45.998548|[g:1][CONSENSUS][PBFT]checkTimeout Succ,view=100,toView=101,nodeIdx=2,changeCycle=0,myNode=ad4f9855...,timecost=0.224
info|2019-12-13 01:24:45.999908|[g:1][CONSENSUS][PBFT]checkAndChangeView: Reach consensus,org_view=100,org_changeCycle=0,cur_changeCycle=0,to_view=101
info|2019-12-13 01:24:47.027638|[g:1][CONSENSUS]addRawPrepare,height=99,reqIdx=3,hash=f3e2f162...
info|2019-12-13 01:24:47.027859|[g:1][CONSENSUS][PBFT]checkTimeout Succ,view=101,toView=102,nodeIdx=2,changeCycle=0,myNode=ad4f9855...,timecost=0.199
info|2019-12-13 01:24:47.029526|[g:1][CONSENSUS][PBFT]checkAndChangeView: Reach consensus,org_view=101,org_changeCycle=0,cur_changeCycle=0,to_view=102
info|2019-12-13 01:24:48.042772|[g:1][CONSENSUS]addRawPrepare,height=99,reqIdx=0,hash=b66e3bf9...
info|2019-12-13 01:24:48.042984|[g:1][CONSENSUS][PBFT]checkTimeout Succ,view=102,toView=103,nodeIdx=2,changeCycle=0,myNode=ad4f9855...,timecost=0.188
info|2019-12-13 01:24:48.043268|[g:1][CONSENSUS][PBFT]checkAndChangeView: Reach consensus,org_view=102,org_changeCycle=0,cur_changeCycle=0,to_view=103
info|2019-12-13 01:24:49.050073|[g:1][CONSENSUS]addRawPrepare,height=99,reqIdx=1,hash=fe34e367...
info|2019-12-13 01:24:49.050291|[g:1][CONSENSUS][PBFT]checkTimeout Succ,view=103,toView=104,nodeIdx=2,changeCycle=0,myNode=ad4f9855...,timecost=0.195
info|2019-12-13 01:24:49.051286|[g:1][CONSENSUS][PBFT]checkAndChangeView: Reach consensus,org_view=103,org_changeCycle=0,cur_changeCycle=0,to_view=104
info|2019-12-13 01:24:50.058219|[g:1][CONSENSUS][SEALER]++++++++++++++++ Generating seal on,blkNum=99,tx=0,nodeIdx=2,hash=54d1cb3f...
info|2019-12-13 01:24:50.070084|[g:1][CONSENSUS][PBFT]checkTimeout Succ,view=104,toView=105,nodeIdx=2,changeCycle=0,myNode=ad4f9855...,timecost=0.25
info|2019-12-13 01:24:50.075798|[g:1][CONSENSUS][PBFT]checkAndChangeView: Reach consensus,org_view=104,org_changeCycle=0,cur_changeCycle=0,to_view=105
info|2019-12-13 01:24:51.069984|[g:1][CONSENSUS]addRawPrepare,height=99,reqIdx=3,hash=1adf5a17...
info|2019-12-13 01:24:51.070231|[g:1][CONSENSUS][PBFT]checkTimeout Succ,view=105,toView=106,nodeIdx=2,changeCycle=0,myNode=ad4f9855...,timecost=0.196
info|2019-12-13 01:24:51.071197|[g:1][CONSENSUS][PBFT]checkAndChangeView: Reach consensus,org_view=105,org_changeCycle=0,cur_changeCycle=0,to_view=106
info|2019-12-13 01:24:52.079982|[g:1][CONSENSUS]addRawPrepare,height=99,reqIdx=0,hash=7b617402...
info|2019-12-13 01:24:52.080239|[g:1][CONSENSUS][PBFT]checkTimeout Succ,view=106,toView=107,nodeIdx=2,changeCycle=0,myNode=ad4f9855...,timecost=0.234
info|2019-12-13 01:24:52.088610|[g:1][CONSENSUS][PBFT]checkAndChangeView: Reach consensus,org_view=106,org_changeCycle=0,cur_changeCycle=0,to_view=107
info|2019-12-13 01:24:52.995600|[P2P][Service] heartBeat,connected count=3
info|2019-12-13 01:24:53.104359|[g:1][CONSENSUS]addRawPrepare,height=99,reqIdx=1,hash=106b5952...
info|2019-12-13 01:24:53.104686|[g:1][CONSENSUS][PBFT]checkTimeout Succ,view=107,toView=108,nodeIdx=2,changeCycle=0,myNode=ad4f9855...,timecost=0.258
info|2019-12-13 01:24:53.109405|[g:1][CONSENSUS][PBFT]checkAndChangeView: Reach consensus,org_view=107,org_changeCycle=0,cur_changeCycle=0,to_view=108
info|2019-12-13 01:24:54.150046|[g:1][CONSENSUS][SEALER]++++++++++++++++ Generating seal on,blkNum=99,tx=0,nodeIdx=2,hash=23eae81c...
info|2019-12-13 01:24:54.163562|[g:1][CONSENSUS][PBFT]checkTimeout Succ,view=108,toView=109,nodeIdx=2,changeCycle=0,myNode=ad4f9855...,timecost=0.44
info|2019-12-13 01:24:54.164643|[g:1][CONSENSUS][PBFT]checkAndChangeView: Reach consensus,org_view=108,org_changeCycle=0,cur_changeCycle=0,to_view=109
info|2019-12-13 01:24:55.163837|[g:1][CONSENSUS]addRawPrepare,height=99,reqIdx=3,hash=a3fec76f...
info|2019-12-13 01:24:55.164039|[g:1][CONSENSUS][PBFT]checkTimeout Succ,view=109,toView=110,nodeIdx=2,changeCycle=0,myNode=ad4f9855...,timecost=0.181
info|2019-12-13 01:24:55.165618|[g:1][CONSENSUS][PBFT]checkAndChangeView: Reach consensus,org_view=109,org_changeCycle=0,cur_changeCycle=0,to_view=110
info|2019-12-13 01:24:56.195166|[g:1][CONSENSUS]addRawPrepare,height=99,reqIdx=0,hash=f1b99472...
info|2019-12-13 01:24:56.195787|[g:1][CONSENSUS][PBFT]checkTimeout Succ,view=110,toView=111,nodeIdx=2,changeCycle=0,myNode=ad4f9855...,timecost=0.612
info|2019-12-13 01:24:56.196400|[g:1][CONSENSUS][PBFT]checkAndChangeView: Reach consensus,org_view=110,org_changeCycle=0,cur_changeCycle=0,to_view=111
info|2019-12-13 01:24:57.235983|[g:1][CONSENSUS]addRawPrepare,height=99,reqIdx=1,hash=87d2f2a8...
info|2019-12-13 01:24:57.236326|[g:1][CONSENSUS][PBFT]checkTimeout Succ,view=111,toView=112,nodeIdx=2,changeCycle=0,myNode=ad4f9855...,timecost=0.309
info|2019-12-13 01:24:57.242645|[g:1][CONSENSUS][PBFT]checkAndChangeView: Reach consensus,org_view=111,org_changeCycle=0,cur_changeCycle=0,to_view=112
info|2019-12-13 01:24:58.295555|[g:1][CONSENSUS][SEALER]++++++++++++++++ Generating seal on,blkNum=99,tx=0,nodeIdx=2,hash=9e34f37e...
info|2019-12-13 01:24:58.304993|[g:1][CONSENSUS][PBFT]checkTimeout Succ,view=112,toView=113,nodeIdx=2,changeCycle=0,myNode=ad4f9855...,timecost=0.204
info|2019-12-13 01:24:58.305811|[g:1][CONSENSUS][PBFT]checkAndChangeView: Reach consensus,org_view=112,org_changeCycle=0,cur_changeCycle=0,to_view=113
info|2019-12-13 01:24:59.307207|[g:1][CONSENSUS]addRawPrepare,height=99,reqIdx=3,hash=7fc7a43c...
info|2019-12-13 01:24:59.376185|[g:1][CONSENSUS][PBFT]checkTimeout Succ,view=113,toView=114,nodeIdx=2,changeCycle=0,myNode=ad4f9855...,timecost=68.949
info|2019-12-13 01:24:59.378004|[g:1][CONSENSUS][PBFT]checkAndChangeView: Reach consensus,org_view=113,org_changeCycle=0,cur_changeCycle=0,to_view=114
info|2019-12-13 01:25:00.381455|[g:1][CONSENSUS]addRawPrepare,height=99,reqIdx=0,hash=9147e751...
info|2019-12-13 01:25:00.381669|[g:1][CONSENSUS][PBFT]checkTimeout Succ,view=114,toView=115,nodeIdx=2,changeCycle=0,myNode=ad4f9855...,timecost=0.192
info|2019-12-13 01:25:00.388188|[g:1][CONSENSUS][PBFT]checkAndChangeView: Reach consensus,org_view=114,org_changeCycle=0,cur_changeCycle=0,to_view=115
info|2019-12-13 01:25:01.391039|[g:1][CONSENSUS]addRawPrepare,height=99,reqIdx=1,hash=8b89f2bc...
info|2019-12-13 01:25:01.391265|[g:1][CONSENSUS][PBFT]checkTimeout Succ,view=115,toView=116,nodeIdx=2,changeCycle=0,myNode=ad4f9855...,timecost=0.206
info|2019-12-13 01:25:01.392304|[g:1][CONSENSUS][PBFT]checkAndChangeView: Reach consensus,org_view=115,org_changeCycle=0,cur_changeCycle=0,to_view=116
info|2019-12-13 01:25:02.409589|[g:1][CONSENSUS][SEALER]++++++++++++++++ Generating seal on,blkNum=99,tx=0,nodeIdx=2,hash=0635ecc7...
info|2019-12-13 01:25:02.422360|[g:1][CONSENSUS][PBFT]checkTimeout Succ,view=116,toView=117,nodeIdx=2,changeCycle=0,myNode=ad4f9855...,timecost=0.202
info|2019-12-13 01:25:02.423361|[g:1][CONSENSUS][PBFT]checkAndChangeView: Reach consensus,org_view=116,org_changeCycle=0,cur_changeCycle=0,to_view=117
info|2019-12-13 01:25:03.052166|[P2P][Service] heartBeat,connected count=3
info|2019-12-13 01:25:03.424021|[g:1][CONSENSUS]addRawPrepare,height=99,reqIdx=3,hash=f6d786e6...
info|2019-12-13 01:25:03.424260|[g:1][CONSENSUS][PBFT]checkTimeout Succ,view=117,toView=118,nodeIdx=2,changeCycle=0,myNode=ad4f9855...,timecost=0.215
info|2019-12-13 01:25:03.431470|[g:1][CONSENSUS][PBFT]checkAndChangeView: Reach consensus,org_view=117,org_changeCycle=0,cur_changeCycle=0,to_view=118
info|2019-12-13 01:25:04.464888|[g:1][CONSENSUS]addRawPrepare,height=99,reqIdx=0,hash=e4b8ce2b...
info|2019-12-13 01:25:04.465216|[g:1][CONSENSUS][PBFT]checkTimeout Succ,view=118,toView=119,nodeIdx=2,changeCycle=0,myNode=ad4f9855...,timecost=0.285
info|2019-12-13 01:25:04.473510|[g:1][CONSENSUS][PBFT]checkAndChangeView: Reach consensus,org_view=118,org_changeCycle=0,cur_changeCycle=0,to_view=119
info|2019-12-13 01:25:05.471116|[g:1][CONSENSUS]addRawPrepare,height=99,reqIdx=1,hash=8c7255f6...
info|2019-12-13 01:25:05.471484|[g:1][CONSENSUS][PBFT]checkTimeout Succ,view=119,toView=120,nodeIdx=2,changeCycle=0,myNode=ad4f9855...,timecost=0.313
info|2019-12-13 01:25:05.481337|[g:1][CONSENSUS][PBFT]checkAndChangeView: Reach consensus,org_view=119,org_changeCycle=0,cur_changeCycle=0,to_view=120
info|2019-12-13 01:25:06.481678|[g:1][CONSENSUS][SEALER]++++++++++++++++ Generating seal on,blkNum=99,tx=0,nodeIdx=2,hash=047b8d09...
info|2019-12-13 01:25:06.499719|[g:1][CONSENSUS][PBFT]checkTimeout Succ,view=120,toView=121,nodeIdx=2,changeCycle=0,myNode=ad4f9855...,timecost=0.206
info|2019-12-13 01:25:06.500650|[g:1][CONSENSUS][PBFT]checkAndChangeView: Reach consensus,org_view=120,org_changeCycle=0,cur_changeCycle=0,to_view=121
info|2019-12-13 01:25:07.510051|[g:1][CONSENSUS]addRawPrepare,height=99,reqIdx=3,hash=a90f30dd...
info|2019-12-13 01:25:07.511395|[g:1][CONSENSUS][PBFT]checkTimeout Succ,view=121,toView=122,nodeIdx=2,changeCycle=0,myNode=ad4f9855...,timecost=1.322
info|2019-12-13 01:25:07.516717|[g:1][CONSENSUS][PBFT]checkAndChangeView: Reach consensus,org_view=121,org_changeCycle=0,cur_changeCycle=0,to_view=122
info|2019-12-13 01:25:08.547357|[g:1][CONSENSUS]addRawPrepare,height=99,reqIdx=0,hash=d933c071...
info|2019-12-13 01:25:08.547602|[g:1][CONSENSUS][PBFT]checkTimeout Succ,view=122,toView=123,nodeIdx=2,changeCycle=0,myNode=ad4f9855...,timecost=0.215
info|2019-12-13 01:25:08.551431|[g:1][CONSENSUS][PBFT]checkAndChangeView: Reach consensus,org_view=122,org_changeCycle=0,cur_changeCycle=0,to_view=123
info|2019-12-13 01:25:09.595939|[g:1][CONSENSUS]addRawPrepare,height=99,reqIdx=1,hash=e59393a7...
info|2019-12-13 01:25:09.596524|[g:1][CONSENSUS][PBFT]checkTimeout Succ,view=123,toView=124,nodeIdx=2,changeCycle=0,myNode=ad4f9855...,timecost=0.564
info|2019-12-13 01:25:09.597158|[g:1][CONSENSUS][PBFT]checkAndChangeView: Reach consensus,org_view=123,org_changeCycle=0,cur_changeCycle=0,to_view=124
info|2019-12-13 01:25:10.598880|[g:1][CONSENSUS][SEALER]++++++++++++++++ Generating seal on,blkNum=99,tx=0,nodeIdx=2,hash=dc333729...
info|2019-12-13 01:25:10.610932|[g:1][CONSENSUS][PBFT]checkTimeout Succ,view=124,toView=125,nodeIdx=2,changeCycle=0,myNode=ad4f9855...,timecost=0.253
info|2019-12-13 01:25:10.611796|[g:1][CONSENSUS][PBFT]checkAndChangeView: Reach consensus,org_view=124,org_changeCycle=0,cur_changeCycle=0,to_view=125
info|2019-12-13 01:25:11.610452|[g:1][CONSENSUS]addRawPrepare,height=99,reqIdx=3,hash=77465ebe...
info|2019-12-13 01:25:11.610666|[g:1][CONSENSUS][PBFT]checkTimeout Succ,view=125,toView=126,nodeIdx=2,changeCycle=0,myNode=ad4f9855...,timecost=0.193
info|2019-12-13 01:25:11.613004|[g:1][CONSENSUS][PBFT]checkAndChangeView: Reach consensus,org_view=125,org_changeCycle=0,cur_changeCycle=0,to_view=126
info|2019-12-13 01:25:12.616189|[g:1][CONSENSUS]addRawPrepare,height=99,reqIdx=0,hash=084d0376...
info|2019-12-13 01:25:12.616390|[g:1][CONSENSUS][PBFT]checkTimeout Succ,view=126,toView=127,nodeIdx=2,changeCycle=0,myNode=ad4f9855...,timecost=0.179
info|2019-12-13 01:25:12.622131|[g:1][CONSENSUS][PBFT]checkAndChangeView: Reach consensus,org_view=126,org_changeCycle=0,cur_changeCycle=0,to_view=127
info|2019-12-13 01:25:13.052351|[P2P][Service] heartBeat,connected count=3
info|2019-12-13 01:25:13.619723|[g:1][CONSENSUS]addRawPrepare,height=99,reqIdx=1,hash=295826f6...
info|2019-12-13 01:25:13.620011|[g:1][CONSENSUS][PBFT]checkTimeout Succ,view=127,toView=128,nodeIdx=2,changeCycle=0,myNode=ad4f9855...,timecost=0.296
info|2019-12-13 01:25:13.627876|[g:1][CONSENSUS][PBFT]checkAndChangeView: Reach consensus,org_view=127,org_changeCycle=0,cur_changeCycle=0,to_view=128
info|2019-12-13 01:25:14.629513|[g:1][CONSENSUS][SEALER]++++++++++++++++ Generating seal on,blkNum=99,tx=0,nodeIdx=2,hash=736b92a7...
info|2019-12-13 01:25:14.642871|[g:1][CONSENSUS][PBFT]checkTimeout Succ,view=128,toView=129,nodeIdx=2,changeCycle=0,myNode=ad4f9855...,timecost=0.2
info|2019-12-13 01:25:14.643777|[g:1][CONSENSUS][PBFT]checkAndChangeView: Reach consensus,org_view=128,org_changeCycle=0,cur_changeCycle=0,to_view=129
info|2019-12-13 01:25:15.643933|[g:1][CONSENSUS]addRawPrepare,height=99,reqIdx=3,hash=71c15e17...
info|2019-12-13 01:25:15.644144|[g:1][CONSENSUS][PBFT]checkTimeout Succ,view=129,toView=130,nodeIdx=2,changeCycle=0,myNode=ad4f9855...,timecost=0.19
info|2019-12-13 01:25:15.651507|[g:1][CONSENSUS][PBFT]checkAndChangeView: Reach consensus,org_view=129,org_changeCycle=0,cur_changeCycle=0,to_view=130
info|2019-12-13 01:25:16.655559|[g:1][CONSENSUS]addRawPrepare,height=99,reqIdx=0,hash=81ce3752...
info|2019-12-13 01:25:16.658141|[g:1][CONSENSUS][PBFT]checkTimeout Succ,view=130,toView=131,nodeIdx=2,changeCycle=0,myNode=ad4f9855...,timecost=2.511
info|2019-12-13 01:25:16.664493|[g:1][CONSENSUS][PBFT]checkAndChangeView: Reach consensus,org_view=130,org_changeCycle=0,cur_changeCycle=0,to_view=131
info|2019-12-13 01:25:17.668544|[g:1][CONSENSUS]addRawPrepare,height=99,reqIdx=1,hash=44ee93b9...
info|2019-12-13 01:25:17.668910|[g:1][CONSENSUS][PBFT]checkTimeout Succ,view=131,toView=132,nodeIdx=2,changeCycle=0,myNode=ad4f9855...,timecost=0.344
info|2019-12-13 01:25:17.677127|[g:1][CONSENSUS][PBFT]checkAndChangeView: Reach consensus,org_view=131,org_changeCycle=0,cur_changeCycle=0,to_view=132
                                                                                                                                                                                                                                                                                                                                                                                                        